[0.016s] Invoking command in '/home/aksel/Documents/GitHub/Mobile_robotter/ros2_ws/build/lidar_reading': CMAKE_PREFIX_PATH=${CMAKE_PREFIX_PATH}:/home/aksel/turtlebot3_ws/install/turtlebot3_teleop:/home/aksel/turtlebot3_ws/install/turtlebot3_example:/opt/ros/humble /usr/bin/cmake /home/aksel/Documents/GitHub/Mobile_robotter/ros2_ws/src/lidar_reading -DCMAKE_INSTALL_PREFIX=/home/aksel/Documents/GitHub/Mobile_robotter/ros2_ws/install/lidar_reading
[0.076s] -- The CXX compiler identification is GNU 11.4.0
[0.082s] -- Detecting CXX compiler ABI info
[0.161s] -- Detecting CXX compiler ABI info - done
[0.166s] -- Check for working CXX compiler: /usr/bin/c++ - skipped
[0.166s] -- Detecting CXX compile features
[0.166s] -- Detecting CXX compile features - done
[0.181s] [31mCMake Error at CMakeLists.txt:8 (find_package):
[0.181s]   By not providing "FindQt6.cmake" in CMAKE_MODULE_PATH this project has
[0.181s]   asked CMake to find a package configuration file provided by "Qt6", but
[0.182s]   CMake did not find one.
[0.182s] 
[0.182s]   Could not find a package configuration file provided by "Qt6" with any of
[0.182s]   the following names:
[0.182s] 
[0.182s]     Qt6Config.cmake
[0.182s]     qt6-config.cmake
[0.182s] 
[0.182s]   Add the installation prefix of "Qt6" to CMAKE_PREFIX_PATH or set "Qt6_DIR"
[0.182s]   to a directory containing one of the above files.  If "Qt6" provides a
[0.182s]   separate development package or SDK, be sure it has been installed.
[0.182s] 
[0.182s] [0m
[0.182s] -- Configuring incomplete, errors occurred!
[0.182s] See also "/home/aksel/Documents/GitHub/Mobile_robotter/ros2_ws/build/lidar_reading/CMakeFiles/CMakeOutput.log".
[0.188s] Invoked command in '/home/aksel/Documents/GitHub/Mobile_robotter/ros2_ws/build/lidar_reading' returned '1': CMAKE_PREFIX_PATH=${CMAKE_PREFIX_PATH}:/home/aksel/turtlebot3_ws/install/turtlebot3_teleop:/home/aksel/turtlebot3_ws/install/turtlebot3_example:/opt/ros/humble /usr/bin/cmake /home/aksel/Documents/GitHub/Mobile_robotter/ros2_ws/src/lidar_reading -DCMAKE_INSTALL_PREFIX=/home/aksel/Documents/GitHub/Mobile_robotter/ros2_ws/install/lidar_reading
