[0.021s] Invoking command in '/home/aksel/Documents/GitHub/Mobile_robotter/ros2_ws/build/controller_input': CMAKE_PREFIX_PATH=${CMAKE_PREFIX_PATH}:/home/aksel/turtlebot3_ws/install/turtlebot3_teleop:/home/aksel/turtlebot3_ws/install/turtlebot3_example:/opt/ros/humble /usr/bin/cmake /home/aksel/Documents/GitHub/Mobile_robotter/ros2_ws/src/controller_input -DCMAKE_INSTALL_PREFIX=/home/aksel/Documents/GitHub/Mobile_robotter/ros2_ws/install/controller_input
[0.031s] -- Found ament_cmake: 1.3.10 (/opt/ros/humble/share/ament_cmake/cmake)
[0.129s] -- Found rclcpp: 16.0.10 (/opt/ros/humble/share/rclcpp/cmake)
[0.153s] -- Found rosidl_generator_c: 3.1.5 (/opt/ros/humble/share/rosidl_generator_c/cmake)
[0.155s] -- Found rosidl_adapter: 3.1.5 (/opt/ros/humble/share/rosidl_adapter/cmake)
[0.159s] -- Found rosidl_generator_cpp: 3.1.5 (/opt/ros/humble/share/rosidl_generator_cpp/cmake)
[0.166s] -- Using all available rosidl_typesupport_c: rosidl_typesupport_fastrtps_c;rosidl_typesupport_introspection_c
[0.175s] -- Using all available rosidl_typesupport_cpp: rosidl_typesupport_fastrtps_cpp;rosidl_typesupport_introspection_cpp
[0.198s] -- Found rmw_implementation_cmake: 6.1.2 (/opt/ros/humble/share/rmw_implementation_cmake/cmake)
[0.199s] -- Found rmw_fastrtps_cpp: 6.2.7 (/opt/ros/humble/share/rmw_fastrtps_cpp/cmake)
[0.302s] -- Using RMW implementation 'rmw_fastrtps_cpp' as default
[0.337s] -- Found geometry_msgs: 4.2.4 (/opt/ros/humble/share/geometry_msgs/cmake)
[0.345s] -- Found sensor_msgs: 4.2.4 (/opt/ros/humble/share/sensor_msgs/cmake)
[0.356s] -- Found teleop_twist_joy: 2.4.7 (/opt/ros/humble/share/teleop_twist_joy/cmake)
[0.358s] -- Found rclcpp_components: 16.0.10 (/opt/ros/humble/share/rclcpp_components/cmake)
[0.371s] -- Found SFML 2.5.1 in /usr/lib/x86_64-linux-gnu/cmake/SFML
[0.425s] -- Configuring done
[0.435s] -- Generating done
[0.436s] -- Build files have been written to: /home/aksel/Documents/GitHub/Mobile_robotter/ros2_ws/build/controller_input
[0.445s] Invoked command in '/home/aksel/Documents/GitHub/Mobile_robotter/ros2_ws/build/controller_input' returned '0': CMAKE_PREFIX_PATH=${CMAKE_PREFIX_PATH}:/home/aksel/turtlebot3_ws/install/turtlebot3_teleop:/home/aksel/turtlebot3_ws/install/turtlebot3_example:/opt/ros/humble /usr/bin/cmake /home/aksel/Documents/GitHub/Mobile_robotter/ros2_ws/src/controller_input -DCMAKE_INSTALL_PREFIX=/home/aksel/Documents/GitHub/Mobile_robotter/ros2_ws/install/controller_input
[0.448s] Invoking command in '/home/aksel/Documents/GitHub/Mobile_robotter/ros2_ws/build/controller_input': CMAKE_PREFIX_PATH=${CMAKE_PREFIX_PATH}:/home/aksel/turtlebot3_ws/install/turtlebot3_teleop:/home/aksel/turtlebot3_ws/install/turtlebot3_example:/opt/ros/humble /usr/bin/cmake --build /home/aksel/Documents/GitHub/Mobile_robotter/ros2_ws/build/controller_input -- -j16 -l16
[0.487s] [35m[1mConsolidate compiler generated dependencies of target controller_input[0m
[0.507s] [ 33%] [32mBuilding CXX object CMakeFiles/controller_input.dir/src/controllerinput.cpp.o[0m
[8.943s] [ 66%] [32m[1mLinking CXX executable controller_input[0m
[10.108s] /usr/bin/ld: CMakeFiles/controller_input.dir/src/controllerinput.cpp.o: in function `controllerInput::joy_callback(std::shared_ptr<sensor_msgs::msg::Joy_<std::allocator<void> > >)':
[10.108s] /home/aksel/Documents/GitHub/Mobile_robotter/ros2_ws/src/controller_input/src/controllerinput.cpp:18: undefined reference to `controllerInput::mapAxisToByte(float)'
[10.109s] /usr/bin/ld: /home/aksel/Documents/GitHub/Mobile_robotter/ros2_ws/src/controller_input/src/controllerinput.cpp:19: undefined reference to `controllerInput::mapAxisToByte(float)'
[10.187s] collect2: error: ld returned 1 exit status
[10.189s] gmake[2]: *** [CMakeFiles/controller_input.dir/build.make:208: controller_input] Error 1
[10.189s] gmake[1]: *** [CMakeFiles/Makefile2:137: CMakeFiles/controller_input.dir/all] Error 2
[10.189s] gmake: *** [Makefile:146: all] Error 2
[10.191s] Invoked command in '/home/aksel/Documents/GitHub/Mobile_robotter/ros2_ws/build/controller_input' returned '2': CMAKE_PREFIX_PATH=${CMAKE_PREFIX_PATH}:/home/aksel/turtlebot3_ws/install/turtlebot3_teleop:/home/aksel/turtlebot3_ws/install/turtlebot3_example:/opt/ros/humble /usr/bin/cmake --build /home/aksel/Documents/GitHub/Mobile_robotter/ros2_ws/build/controller_input -- -j16 -l16
