[0.016s] Invoking command in '/home/aksel/Documents/GitHub/Mobile_robotter/ros2_ws/build/lidar_gui': CMAKE_PREFIX_PATH=${CMAKE_PREFIX_PATH}:/home/aksel/turtlebot3_ws/install/turtlebot3_teleop:/home/aksel/turtlebot3_ws/install/turtlebot3_example:/opt/ros/humble /usr/bin/cmake --build /home/aksel/Documents/GitHub/Mobile_robotter/ros2_ws/build/lidar_gui -- -j16 -l16
[0.066s] [100%] Built target lidar_gui
[0.077s] Invoked command in '/home/aksel/Documents/GitHub/Mobile_robotter/ros2_ws/build/lidar_gui' returned '0': CMAKE_PREFIX_PATH=${CMAKE_PREFIX_PATH}:/home/aksel/turtlebot3_ws/install/turtlebot3_teleop:/home/aksel/turtlebot3_ws/install/turtlebot3_example:/opt/ros/humble /usr/bin/cmake --build /home/aksel/Documents/GitHub/Mobile_robotter/ros2_ws/build/lidar_gui -- -j16 -l16
[0.112s] Invoking command in '/home/aksel/Documents/GitHub/Mobile_robotter/ros2_ws/build/lidar_gui': CMAKE_PREFIX_PATH=${CMAKE_PREFIX_PATH}:/home/aksel/turtlebot3_ws/install/turtlebot3_teleop:/home/aksel/turtlebot3_ws/install/turtlebot3_example:/opt/ros/humble /usr/bin/cmake --install /home/aksel/Documents/GitHub/Mobile_robotter/ros2_ws/build/lidar_gui
[0.118s] -- Install configuration: ""
[0.119s] -- Up-to-date: /home/aksel/Documents/GitHub/Mobile_robotter/ros2_ws/install/lidar_gui/lib/lidar_gui/lidar_gui
[0.119s] -- Up-to-date: /home/aksel/Documents/GitHub/Mobile_robotter/ros2_ws/install/lidar_gui/share/lidar_gui//launch
[0.119s] -- Up-to-date: /home/aksel/Documents/GitHub/Mobile_robotter/ros2_ws/install/lidar_gui/share/ament_index/resource_index/package_run_dependencies/lidar_gui
[0.119s] -- Up-to-date: /home/aksel/Documents/GitHub/Mobile_robotter/ros2_ws/install/lidar_gui/share/ament_index/resource_index/parent_prefix_path/lidar_gui
[0.119s] -- Up-to-date: /home/aksel/Documents/GitHub/Mobile_robotter/ros2_ws/install/lidar_gui/share/lidar_gui/environment/ament_prefix_path.sh
[0.119s] -- Up-to-date: /home/aksel/Documents/GitHub/Mobile_robotter/ros2_ws/install/lidar_gui/share/lidar_gui/environment/ament_prefix_path.dsv
[0.119s] -- Up-to-date: /home/aksel/Documents/GitHub/Mobile_robotter/ros2_ws/install/lidar_gui/share/lidar_gui/environment/path.sh
[0.119s] -- Up-to-date: /home/aksel/Documents/GitHub/Mobile_robotter/ros2_ws/install/lidar_gui/share/lidar_gui/environment/path.dsv
[0.119s] -- Up-to-date: /home/aksel/Documents/GitHub/Mobile_robotter/ros2_ws/install/lidar_gui/share/lidar_gui/local_setup.bash
[0.119s] -- Up-to-date: /home/aksel/Documents/GitHub/Mobile_robotter/ros2_ws/install/lidar_gui/share/lidar_gui/local_setup.sh
[0.119s] -- Up-to-date: /home/aksel/Documents/GitHub/Mobile_robotter/ros2_ws/install/lidar_gui/share/lidar_gui/local_setup.zsh
[0.119s] -- Up-to-date: /home/aksel/Documents/GitHub/Mobile_robotter/ros2_ws/install/lidar_gui/share/lidar_gui/local_setup.dsv
[0.119s] -- Installing: /home/aksel/Documents/GitHub/Mobile_robotter/ros2_ws/install/lidar_gui/share/lidar_gui/package.dsv
[0.120s] -- Up-to-date: /home/aksel/Documents/GitHub/Mobile_robotter/ros2_ws/install/lidar_gui/share/ament_index/resource_index/packages/lidar_gui
[0.120s] -- Up-to-date: /home/aksel/Documents/GitHub/Mobile_robotter/ros2_ws/install/lidar_gui/share/lidar_gui/cmake/lidar_guiConfig.cmake
[0.120s] -- Up-to-date: /home/aksel/Documents/GitHub/Mobile_robotter/ros2_ws/install/lidar_gui/share/lidar_gui/cmake/lidar_guiConfig-version.cmake
[0.120s] -- Up-to-date: /home/aksel/Documents/GitHub/Mobile_robotter/ros2_ws/install/lidar_gui/share/lidar_gui/package.xml
[0.134s] Invoked command in '/home/aksel/Documents/GitHub/Mobile_robotter/ros2_ws/build/lidar_gui' returned '0': CMAKE_PREFIX_PATH=${CMAKE_PREFIX_PATH}:/home/aksel/turtlebot3_ws/install/turtlebot3_teleop:/home/aksel/turtlebot3_ws/install/turtlebot3_example:/opt/ros/humble /usr/bin/cmake --install /home/aksel/Documents/GitHub/Mobile_robotter/ros2_ws/build/lidar_gui
