[01m[K/home/aksel/Documents/GitHub/Mobile_robotter/ros2_ws/src/lidar_data/src/lidarnode.cpp:[m[K In constructor ‘[01m[KMappingNode::MappingNode()[m[K’:
[01m[K/home/aksel/Documents/GitHub/Mobile_robotter/ros2_ws/src/lidar_data/src/lidarnode.cpp:28:28:[m[K [01;31m[Kerror: [m[Kexpected ‘[01m[K;[m[K’ before ‘[01m[K{[m[K’ token
   28 | MappingNode::~MappingNode()[01;31m[K [m[K[32m[K{[m[K
      |                            [01;31m[K^[m[K[32m[K~[m[K
      |                            [32m[K;[m[K
[01m[K/home/aksel/Documents/GitHub/Mobile_robotter/ros2_ws/src/lidar_data/src/lidarnode.cpp:33:31:[m[K [01;31m[Kerror: [m[Kqualified-id in declaration before ‘[01m[K([m[K’ token
   33 | void MappingNode::scanCallback[01;31m[K([m[Kconst sensor_msgs::msg::LaserScan::SharedPtr msg) {
      |                               [01;31m[K^[m[K
[01m[K/home/aksel/Documents/GitHub/Mobile_robotter/ros2_ws/src/lidar_data/src/lidarnode.cpp:64:31:[m[K [01;31m[Kerror: [m[Kqualified-id in declaration before ‘[01m[K([m[K’ token
   64 | void MappingNode::odomCallback[01;31m[K([m[Kconst nav_msgs::msg::Odometry::SharedPtr msg) {
      |                               [01;31m[K^[m[K
[01m[K/home/aksel/Documents/GitHub/Mobile_robotter/ros2_ws/src/lidar_data/src/lidarnode.cpp:77:35:[m[K [01;31m[Kerror: [m[Kqualified-id in declaration before ‘[01m[K([m[K’ token
   77 | void MappingNode::sendMapDataToGUI[01;31m[K([m[Kconst std::vector<double>& x_points, const std::vector<double>& y_points,
      |                                   [01;31m[K^[m[K
[01m[K/home/aksel/Documents/GitHub/Mobile_robotter/ros2_ws/src/lidar_data/src/lidarnode.cpp:105:2:[m[K [01;31m[Kerror: [m[Kexpected ‘[01m[K}[m[K’ at end of input
  105 | }
      |  [01;31m[K^[m[K
[01m[K/home/aksel/Documents/GitHub/Mobile_robotter/ros2_ws/src/lidar_data/src/lidarnode.cpp:6:1:[m[K [01;36m[Knote: [m[Kto match this ‘[01m[K{[m[K’
    6 | [01;36m[K{[m[K {
      | [01;36m[K^[m[K
gmake[2]: *** [CMakeFiles/lidar_data.dir/build.make:90: CMakeFiles/lidar_data.dir/src/lidarnode.cpp.o] Error 1
gmake[1]: *** [CMakeFiles/Makefile2:137: CMakeFiles/lidar_data.dir/all] Error 2
gmake: *** [Makefile:146: all] Error 2
