[01m[K/home/aksel/Documents/GitHub/Mobile_robotter/ros2_ws/src/lidar_gui/src/lidarnode.cpp:[m[K In member function ‘[01m[Kvoid MappingNode::scanCallback(sensor_msgs::msg::LaserScan_<std::allocator<void> >::SharedPtr)[m[K’:
[01m[K/home/aksel/Documents/GitHub/Mobile_robotter/ros2_ws/src/lidar_gui/src/lidarnode.cpp:27:13:[m[K [01;31m[Kerror: [m[K‘[01m[KupdateGUI[m[K’ was not declared in this scope; did you mean ‘[01m[Kupdate[m[K’?
   27 |             [01;31m[KupdateGUI[m[K();
      |             [01;31m[K^~~~~~~~~[m[K
      |             [32m[Kupdate[m[K
[01m[K/home/aksel/Documents/GitHub/Mobile_robotter/ros2_ws/src/lidar_gui/src/lidarnode.cpp:20:11:[m[K [01;35m[Kwarning: [m[Kunused variable ‘[01m[Knoise_threshold[m[K’ [[01;35m[K]8;;https://gcc.gnu.org/onlinedocs/gcc/Warning-Options.html#index-Wunused-variable-Wunused-variable]8;;[m[K]
   20 |     float [01;35m[Knoise_threshold[m[K = 0.1;
      |           [01;35m[K^~~~~~~~~~~~~~~[m[K
[01m[K/home/aksel/Documents/GitHub/Mobile_robotter/ros2_ws/src/lidar_gui/src/lidarnode.cpp:[m[K In member function ‘[01m[Kvoid MappingNode::odomCallback(nav_msgs::msg::Odometry_<std::allocator<void> >::SharedPtr)[m[K’:
[01m[K/home/aksel/Documents/GitHub/Mobile_robotter/ros2_ws/src/lidar_gui/src/lidarnode.cpp:61:5:[m[K [01;31m[Kerror: [m[K‘[01m[KupdateGUI[m[K’ was not declared in this scope; did you mean ‘[01m[Kupdate[m[K’?
   61 |     [01;31m[KupdateGUI[m[K();
      |     [01;31m[K^~~~~~~~~[m[K
      |     [32m[Kupdate[m[K
[01m[K/home/aksel/Documents/GitHub/Mobile_robotter/ros2_ws/src/lidar_gui/src/lidarnode.cpp:[m[K At global scope:
[01m[K/home/aksel/Documents/GitHub/Mobile_robotter/ros2_ws/src/lidar_gui/src/lidarnode.cpp:64:6:[m[K [01;31m[Kerror: [m[Kno declaration matches ‘[01m[Kvoid MappingNode::updateGUI()[m[K’
   64 | void [01;31m[KMappingNode[m[K::updateGUI() {
      |      [01;31m[K^~~~~~~~~~~[m[K
[01m[K/home/aksel/Documents/GitHub/Mobile_robotter/ros2_ws/src/lidar_gui/src/lidarnode.cpp:64:6:[m[K [01;36m[Knote: [m[Kno functions named ‘[01m[Kvoid MappingNode::updateGUI()[m[K’
In file included from [01m[K/home/aksel/Documents/GitHub/Mobile_robotter/ros2_ws/src/lidar_gui/src/lidarnode.cpp:1[m[K:
[01m[K/home/aksel/Documents/GitHub/Mobile_robotter/ros2_ws/src/lidar_gui/include/lidarnode.h:11:7:[m[K [01;36m[Knote: [m[K‘[01m[Kclass MappingNode[m[K’ defined here
   11 | class [01;36m[KMappingNode[m[K : public rclcpp::Node {
      |       [01;36m[K^~~~~~~~~~~[m[K
gmake[2]: *** [CMakeFiles/lidar_gui.dir/build.make:90: CMakeFiles/lidar_gui.dir/src/lidarnode.cpp.o] Error 1
gmake[1]: *** [CMakeFiles/Makefile2:137: CMakeFiles/lidar_gui.dir/all] Error 2
gmake: *** [Makefile:146: all] Error 2
