[0.008s] Invoking command in '/home/aksel/Documents/GitHub/Mobile_robotter/ros2_ws/build/dtmf_to_cmd_vel': CMAKE_PREFIX_PATH=${CMAKE_PREFIX_PATH}:/opt/ros/humble /usr/bin/cmake --build /home/aksel/Documents/GitHub/Mobile_robotter/ros2_ws/build/dtmf_to_cmd_vel -- -j16 -l16
[0.041s] [35m[1mConsolidate compiler generated dependencies of target dtmf_to_cmd_vel[0m
[0.057s] [ 25%] [32mBuilding CXX object CMakeFiles/dtmf_to_cmd_vel.dir/src/dtmf_to_cmd_vel_node.cpp.o[0m
[1.886s] [01m[K/home/aksel/Documents/GitHub/Mobile_robotter/ros2_ws/src/dtmf_to_cmd_vel/src/dtmf_to_cmd_vel_node.cpp:[m[K In constructor ‘[01m[KDtmfToCmdVelNode::DtmfToCmdVelNode()[m[K’:
[1.886s] [01m[K/home/aksel/Documents/GitHub/Mobile_robotter/ros2_ws/src/dtmf_to_cmd_vel/src/dtmf_to_cmd_vel_node.cpp:7:22:[m[K [01;31m[Kerror: [m[Kcould not convert ‘[01m[K((DtmfToCmdVelNode*)this)->DtmfToCmdVelNode::_audio.std::unique_ptr<Audio>::operator->()->Audio::Init()[m[K’ from ‘[01m[Kvoid[m[K’ to ‘[01m[Kbool[m[K’
[1.887s]     7 |     if (![01;31m[K_audio->Init()[m[K) {  // Use -> to call Init method
[1.887s]       |          [01;31m[K~~~~~~~~~~~~^~[m[K
[1.887s]       |                      [01;31m[K|[m[K
[1.887s]       |                      [01;31m[Kvoid[m[K
[1.887s] [01m[K/home/aksel/Documents/GitHub/Mobile_robotter/ros2_ws/src/dtmf_to_cmd_vel/src/dtmf_to_cmd_vel_node.cpp:7:22:[m[K [01;31m[Kerror: [m[Kin argument to unary !
[1.888s] [01m[K/home/aksel/Documents/GitHub/Mobile_robotter/ros2_ws/src/dtmf_to_cmd_vel/src/dtmf_to_cmd_vel_node.cpp:[m[K At global scope:
[1.888s] [01m[K/home/aksel/Documents/GitHub/Mobile_robotter/ros2_ws/src/dtmf_to_cmd_vel/src/dtmf_to_cmd_vel_node.cpp:16:37:[m[K [01;31m[Kerror: [m[Kdefinition of implicitly-declared ‘[01m[Kvirtual DtmfToCmdVelNode::~DtmfToCmdVelNode()[m[K’
[1.888s]    16 | DtmfToCmdVelNode::~DtmfToCmdVelNode([01;31m[K)[m[K {
[1.888s]       |                                     [01;31m[K^[m[K
[2.462s] In file included from [01m[K/home/aksel/Documents/GitHub/Mobile_robotter/ros2_ws/src/dtmf_to_cmd_vel/src/dtmf_to_cmd_vel_node.cpp:2[m[K:
[2.462s] [01m[K/home/aksel/Documents/GitHub/Mobile_robotter/ros2_ws/src/dtmf_to_cmd_vel/include/audio.h:37:28:[m[K [01;35m[Kwarning: [m[K‘[01m[KspectroData[m[K’ defined but not used [[01;35m[K]8;;https://gcc.gnu.org/onlinedocs/gcc/Warning-Options.html#index-Wunused-variable-Wunused-variable]8;;[m[K]
[2.462s]    37 | static streamCallbackData* [01;35m[KspectroData[m[K;
[2.462s]       |                            [01;35m[K^~~~~~~~~~~[m[K
[2.501s] gmake[2]: *** [CMakeFiles/dtmf_to_cmd_vel.dir/build.make:104: CMakeFiles/dtmf_to_cmd_vel.dir/src/dtmf_to_cmd_vel_node.cpp.o] Error 1
[2.502s] gmake[1]: *** [CMakeFiles/Makefile2:137: CMakeFiles/dtmf_to_cmd_vel.dir/all] Error 2
[2.502s] gmake: *** [Makefile:146: all] Error 2
[2.504s] Invoked command in '/home/aksel/Documents/GitHub/Mobile_robotter/ros2_ws/build/dtmf_to_cmd_vel' returned '2': CMAKE_PREFIX_PATH=${CMAKE_PREFIX_PATH}:/opt/ros/humble /usr/bin/cmake --build /home/aksel/Documents/GitHub/Mobile_robotter/ros2_ws/build/dtmf_to_cmd_vel -- -j16 -l16
