[01m[K/home/aksel/Documents/GitHub/Mobile_robotter/ros2_ws/src/lidar_gui/src/GUIWindow.cpp:135:6:[m[K [01;31m[Kerror: [m[Kno declaration matches ‘[01m[Kvoid GUI::paintRobot(float)[m[K’
  135 | void [01;31m[KGUI[m[K::paintRobot(float yaw) {
      |      [01;31m[K^~~[m[K
In file included from [01m[K/home/aksel/Documents/GitHub/Mobile_robotter/ros2_ws/src/lidar_gui/src/GUIWindow.cpp:1[m[K:
[01m[K/home/aksel/Documents/GitHub/Mobile_robotter/ros2_ws/src/lidar_gui/include/GUIWindow.h:44:10:[m[K [01;36m[Knote: [m[Kcandidate is: ‘[01m[Kvoid GUI::paintRobot()[m[K’
   44 |     void [01;36m[KpaintRobot[m[K();
      |          [01;36m[K^~~~~~~~~~[m[K
[01m[K/home/aksel/Documents/GitHub/Mobile_robotter/ros2_ws/src/lidar_gui/include/GUIWindow.h:11:7:[m[K [01;36m[Knote: [m[K‘[01m[Kclass GUI[m[K’ defined here
   11 | class [01;36m[KGUI[m[K{
      |       [01;36m[K^~~[m[K
[01m[K/home/aksel/Documents/GitHub/Mobile_robotter/ros2_ws/src/lidar_gui/src/GUIWindow.cpp:[m[K In member function ‘[01m[Kvoid GUI::update(bool&, float, float, float, float, float)[m[K’:
[01m[K/home/aksel/Documents/GitHub/Mobile_robotter/ros2_ws/src/lidar_gui/src/GUIWindow.cpp:184:15:[m[K [01;31m[Kerror: [m[Kno matching function for call to ‘[01m[KGUI::paintRobot(float&)[m[K’
  184 |     [01;31m[KpaintRobot(robot_yaw)[m[K;
      |     [01;31m[K~~~~~~~~~~^~~~~~~~~~~[m[K
In file included from [01m[K/home/aksel/Documents/GitHub/Mobile_robotter/ros2_ws/src/lidar_gui/src/GUIWindow.cpp:1[m[K:
[01m[K/home/aksel/Documents/GitHub/Mobile_robotter/ros2_ws/src/lidar_gui/include/GUIWindow.h:44:10:[m[K [01;36m[Knote: [m[Kcandidate: ‘[01m[Kvoid GUI::paintRobot()[m[K’
   44 |     void [01;36m[KpaintRobot[m[K();
      |          [01;36m[K^~~~~~~~~~[m[K
[01m[K/home/aksel/Documents/GitHub/Mobile_robotter/ros2_ws/src/lidar_gui/include/GUIWindow.h:44:10:[m[K [01;36m[Knote: [m[K  candidate expects 0 arguments, 1 provided
gmake[2]: *** [CMakeFiles/lidar_gui.dir/build.make:118: CMakeFiles/lidar_gui.dir/src/GUIWindow.cpp.o] Error 1
gmake[1]: *** [CMakeFiles/Makefile2:137: CMakeFiles/lidar_gui.dir/all] Error 2
gmake: *** [Makefile:146: all] Error 2
