[0.019s] Invoking command in '/home/aksel/Documents/GitHub/Mobile_robotter/ros2_ws/build/lidar_gui': CMAKE_PREFIX_PATH=${CMAKE_PREFIX_PATH}:/home/aksel/turtlebot3_ws/install/turtlebot3_teleop:/home/aksel/turtlebot3_ws/install/turtlebot3_example:/opt/ros/humble /usr/bin/cmake --build /home/aksel/Documents/GitHub/Mobile_robotter/ros2_ws/build/lidar_gui -- -j16 -l16
[0.063s] [35m[1mConsolidate compiler generated dependencies of target lidar_gui[0m
[0.084s] [ 20%] [32mBuilding CXX object CMakeFiles/lidar_gui.dir/src/lidarnode.cpp.o[0m
[2.881s] [01m[K/home/aksel/Documents/GitHub/Mobile_robotter/ros2_ws/src/lidar_gui/src/lidarnode.cpp:[m[K In lambda function:
[2.881s] [01m[K/home/aksel/Documents/GitHub/Mobile_robotter/ros2_ws/src/lidar_gui/src/lidarnode.cpp:43:26:[m[K [01;35m[Kwarning: [m[Kcomparison of unsigned expression in ‘[01m[K>= 0[m[K’ is always true [[01;35m[K]8;;https://gcc.gnu.org/onlinedocs/gcc/Warning-Options.html#index-Wtype-limits-Wtype-limits]8;;[m[K]
[2.881s]    43 |         if ([01;35m[Kneighbor_idx >= 0[m[K && neighbor_idx < data.size() &&
[2.881s]       |             [01;35m[K~~~~~~~~~~~~~^~~~[m[K
[2.884s] [01m[K/home/aksel/Documents/GitHub/Mobile_robotter/ros2_ws/src/lidar_gui/src/lidarnode.cpp:[m[K In member function ‘[01m[Kvoid MappingNode::scanCallback(sensor_msgs::msg::LaserScan_<std::allocator<void> >::SharedPtr)[m[K’:
[2.884s] [01m[K/home/aksel/Documents/GitHub/Mobile_robotter/ros2_ws/src/lidar_gui/src/lidarnode.cpp:57:39:[m[K [01;31m[Kerror: [m[Kno match for call to ‘[01m[K(<lambda(const std::vector<double, std::allocator<double> >&, int, int)>) (sensor_msgs::msg::LaserScan_<std::allocator<void> >::_ranges_type&, size_t&, int&)[m[K’
[2.884s]    57 |         double distance = [01;31m[KmedianFilter(msg->ranges, i, window_size)[m[K;
[2.884s]       |                           [01;31m[K~~~~~~~~~~~~^~~~~~~~~~~~~~~~~~~~~~~~~~~~~[m[K
[2.884s] [01m[K/home/aksel/Documents/GitHub/Mobile_robotter/ros2_ws/src/lidar_gui/src/lidarnode.cpp:57:39:[m[K [01;36m[Knote: [m[Kcandidate: ‘[01m[Kdouble (*)(const std::vector<double, std::allocator<double> >&, int, int)[m[K’ (conversion)
[2.884s] [01m[K/home/aksel/Documents/GitHub/Mobile_robotter/ros2_ws/src/lidar_gui/src/lidarnode.cpp:57:39:[m[K [01;36m[Knote: [m[K  candidate expects 4 arguments, 4 provided
[2.884s] [01m[K/home/aksel/Documents/GitHub/Mobile_robotter/ros2_ws/src/lidar_gui/src/lidarnode.cpp:39:21:[m[K [01;36m[Knote: [m[Kcandidate: ‘[01m[K<lambda(const std::vector<double, std::allocator<double> >&, int, int)>[m[K’
[2.884s]    39 | auto medianFilter = [01;36m[K[[m[K](const std::vector<double>& data, int idx, int window_size) {
[2.884s]       |                     [01;36m[K^[m[K
[2.884s] [01m[K/home/aksel/Documents/GitHub/Mobile_robotter/ros2_ws/src/lidar_gui/src/lidarnode.cpp:39:21:[m[K [01;36m[Knote: [m[K  no known conversion for argument 1 from ‘[01m[Ksensor_msgs::msg::LaserScan_<std::allocator<void> >::_ranges_type[m[K’ {aka ‘[01m[Kstd::vector<float>[m[K’} to ‘[01m[Kconst std::vector<double, std::allocator<double> >&[m[K’
[5.547s] gmake[2]: *** [CMakeFiles/lidar_gui.dir/build.make:90: CMakeFiles/lidar_gui.dir/src/lidarnode.cpp.o] Error 1
[5.547s] gmake[1]: *** [CMakeFiles/Makefile2:137: CMakeFiles/lidar_gui.dir/all] Error 2
[5.547s] gmake: *** [Makefile:146: all] Error 2
[5.550s] Invoked command in '/home/aksel/Documents/GitHub/Mobile_robotter/ros2_ws/build/lidar_gui' returned '2': CMAKE_PREFIX_PATH=${CMAKE_PREFIX_PATH}:/home/aksel/turtlebot3_ws/install/turtlebot3_teleop:/home/aksel/turtlebot3_ws/install/turtlebot3_example:/opt/ros/humble /usr/bin/cmake --build /home/aksel/Documents/GitHub/Mobile_robotter/ros2_ws/build/lidar_gui -- -j16 -l16
