[0.036s] Invoking command in '/home/aksel/Documents/GitHub/Mobile_robotter/ros2_ws/build/lidar_gui': CMAKE_PREFIX_PATH=${CMAKE_PREFIX_PATH}:/home/aksel/turtlebot3_ws/install/turtlebot3_teleop:/home/aksel/turtlebot3_ws/install/turtlebot3_example:/opt/ros/humble /usr/bin/cmake --build /home/aksel/Documents/GitHub/Mobile_robotter/ros2_ws/build/lidar_gui -- -j16 -l16
[0.076s] [35m[1mConsolidate compiler generated dependencies of target lidar_gui[0m
[0.096s] [ 40%] [32mBuilding CXX object CMakeFiles/lidar_gui.dir/src/lidarnode.cpp.o[0m
[0.096s] [ 40%] [32mBuilding CXX object CMakeFiles/lidar_gui.dir/src/main.cpp.o[0m
[12.852s] [ 60%] [32m[1mLinking CXX executable lidar_gui[0m
[13.560s] [100%] Built target lidar_gui
[13.574s] Invoked command in '/home/aksel/Documents/GitHub/Mobile_robotter/ros2_ws/build/lidar_gui' returned '0': CMAKE_PREFIX_PATH=${CMAKE_PREFIX_PATH}:/home/aksel/turtlebot3_ws/install/turtlebot3_teleop:/home/aksel/turtlebot3_ws/install/turtlebot3_example:/opt/ros/humble /usr/bin/cmake --build /home/aksel/Documents/GitHub/Mobile_robotter/ros2_ws/build/lidar_gui -- -j16 -l16
[13.575s] Invoking command in '/home/aksel/Documents/GitHub/Mobile_robotter/ros2_ws/build/lidar_gui': CMAKE_PREFIX_PATH=${CMAKE_PREFIX_PATH}:/home/aksel/turtlebot3_ws/install/turtlebot3_teleop:/home/aksel/turtlebot3_ws/install/turtlebot3_example:/opt/ros/humble /usr/bin/cmake --install /home/aksel/Documents/GitHub/Mobile_robotter/ros2_ws/build/lidar_gui
[13.582s] -- Install configuration: "Debug"
[13.582s] -- Installing: /home/aksel/Documents/GitHub/Mobile_robotter/ros2_ws/install/lidar_gui/lib/lidar_gui/lidar_gui
[13.610s] -- Set runtime path of "/home/aksel/Documents/GitHub/Mobile_robotter/ros2_ws/install/lidar_gui/lib/lidar_gui/lidar_gui" to ""
[13.610s] -- Up-to-date: /home/aksel/Documents/GitHub/Mobile_robotter/ros2_ws/install/lidar_gui/share/lidar_gui//launch
[13.610s] -- Up-to-date: /home/aksel/Documents/GitHub/Mobile_robotter/ros2_ws/install/lidar_gui/share/ament_index/resource_index/package_run_dependencies/lidar_gui
[13.611s] -- Up-to-date: /home/aksel/Documents/GitHub/Mobile_robotter/ros2_ws/install/lidar_gui/share/ament_index/resource_index/parent_prefix_path/lidar_gui
[13.611s] -- Up-to-date: /home/aksel/Documents/GitHub/Mobile_robotter/ros2_ws/install/lidar_gui/share/lidar_gui/environment/ament_prefix_path.sh
[13.611s] -- Up-to-date: /home/aksel/Documents/GitHub/Mobile_robotter/ros2_ws/install/lidar_gui/share/lidar_gui/environment/ament_prefix_path.dsv
[13.611s] -- Up-to-date: /home/aksel/Documents/GitHub/Mobile_robotter/ros2_ws/install/lidar_gui/share/lidar_gui/environment/path.sh
[13.611s] -- Up-to-date: /home/aksel/Documents/GitHub/Mobile_robotter/ros2_ws/install/lidar_gui/share/lidar_gui/environment/path.dsv
[13.611s] -- Up-to-date: /home/aksel/Documents/GitHub/Mobile_robotter/ros2_ws/install/lidar_gui/share/lidar_gui/local_setup.bash
[13.611s] -- Up-to-date: /home/aksel/Documents/GitHub/Mobile_robotter/ros2_ws/install/lidar_gui/share/lidar_gui/local_setup.sh
[13.611s] -- Up-to-date: /home/aksel/Documents/GitHub/Mobile_robotter/ros2_ws/install/lidar_gui/share/lidar_gui/local_setup.zsh
[13.611s] -- Up-to-date: /home/aksel/Documents/GitHub/Mobile_robotter/ros2_ws/install/lidar_gui/share/lidar_gui/local_setup.dsv
[13.611s] -- Installing: /home/aksel/Documents/GitHub/Mobile_robotter/ros2_ws/install/lidar_gui/share/lidar_gui/package.dsv
[13.611s] -- Up-to-date: /home/aksel/Documents/GitHub/Mobile_robotter/ros2_ws/install/lidar_gui/share/ament_index/resource_index/packages/lidar_gui
[13.611s] -- Up-to-date: /home/aksel/Documents/GitHub/Mobile_robotter/ros2_ws/install/lidar_gui/share/lidar_gui/cmake/lidar_guiConfig.cmake
[13.611s] -- Up-to-date: /home/aksel/Documents/GitHub/Mobile_robotter/ros2_ws/install/lidar_gui/share/lidar_gui/cmake/lidar_guiConfig-version.cmake
[13.611s] -- Up-to-date: /home/aksel/Documents/GitHub/Mobile_robotter/ros2_ws/install/lidar_gui/share/lidar_gui/package.xml
[13.613s] Invoked command in '/home/aksel/Documents/GitHub/Mobile_robotter/ros2_ws/build/lidar_gui' returned '0': CMAKE_PREFIX_PATH=${CMAKE_PREFIX_PATH}:/home/aksel/turtlebot3_ws/install/turtlebot3_teleop:/home/aksel/turtlebot3_ws/install/turtlebot3_example:/opt/ros/humble /usr/bin/cmake --install /home/aksel/Documents/GitHub/Mobile_robotter/ros2_ws/build/lidar_gui
