[35m[1mConsolidate compiler generated dependencies of target lidar_gui[0m
[ 60%] [32mBuilding CXX object CMakeFiles/lidar_gui.dir/src/main.cpp.o[0m
[ 60%] [32mBuilding CXX object CMakeFiles/lidar_gui.dir/src/lidarnode.cpp.o[0m
[ 60%] [32mBuilding CXX object CMakeFiles/lidar_gui.dir/src/GUIWindow.cpp.o[0m
[01m[K/home/aksel/Documents/GitHub/Mobile_robotter/ros2_ws/src/lidar_gui/src/GUIWindow.cpp:[m[K In member function ‘[01m[Kvoid GUI::paintRobot(float)[m[K’:
[01m[K/home/aksel/Documents/GitHub/Mobile_robotter/ros2_ws/src/lidar_gui/src/GUIWindow.cpp:135:28:[m[K [01;35m[Kwarning: [m[Kunused parameter ‘[01m[Kyaw[m[K’ [[01;35m[K]8;;https://gcc.gnu.org/onlinedocs/gcc/Warning-Options.html#index-Wunused-parameter-Wunused-parameter]8;;[m[K]
  135 | void GUI::paintRobot([01;35m[Kfloat yaw[m[K) {
      |                      [01;35m[K~~~~~~^~~[m[K
[ 80%] [32m[1mLinking CXX executable lidar_gui[0m
[100%] Built target lidar_gui
-- Install configuration: ""
-- Installing: /home/aksel/Documents/GitHub/Mobile_robotter/ros2_ws/install/lidar_gui/lib/lidar_gui/lidar_gui
-- Set runtime path of "/home/aksel/Documents/GitHub/Mobile_robotter/ros2_ws/install/lidar_gui/lib/lidar_gui/lidar_gui" to ""
-- Up-to-date: /home/aksel/Documents/GitHub/Mobile_robotter/ros2_ws/install/lidar_gui/share/lidar_gui//launch
-- Up-to-date: /home/aksel/Documents/GitHub/Mobile_robotter/ros2_ws/install/lidar_gui/share/ament_index/resource_index/package_run_dependencies/lidar_gui
-- Up-to-date: /home/aksel/Documents/GitHub/Mobile_robotter/ros2_ws/install/lidar_gui/share/ament_index/resource_index/parent_prefix_path/lidar_gui
-- Up-to-date: /home/aksel/Documents/GitHub/Mobile_robotter/ros2_ws/install/lidar_gui/share/lidar_gui/environment/ament_prefix_path.sh
-- Up-to-date: /home/aksel/Documents/GitHub/Mobile_robotter/ros2_ws/install/lidar_gui/share/lidar_gui/environment/ament_prefix_path.dsv
-- Up-to-date: /home/aksel/Documents/GitHub/Mobile_robotter/ros2_ws/install/lidar_gui/share/lidar_gui/environment/path.sh
-- Up-to-date: /home/aksel/Documents/GitHub/Mobile_robotter/ros2_ws/install/lidar_gui/share/lidar_gui/environment/path.dsv
-- Up-to-date: /home/aksel/Documents/GitHub/Mobile_robotter/ros2_ws/install/lidar_gui/share/lidar_gui/local_setup.bash
-- Up-to-date: /home/aksel/Documents/GitHub/Mobile_robotter/ros2_ws/install/lidar_gui/share/lidar_gui/local_setup.sh
-- Up-to-date: /home/aksel/Documents/GitHub/Mobile_robotter/ros2_ws/install/lidar_gui/share/lidar_gui/local_setup.zsh
-- Up-to-date: /home/aksel/Documents/GitHub/Mobile_robotter/ros2_ws/install/lidar_gui/share/lidar_gui/local_setup.dsv
-- Installing: /home/aksel/Documents/GitHub/Mobile_robotter/ros2_ws/install/lidar_gui/share/lidar_gui/package.dsv
-- Up-to-date: /home/aksel/Documents/GitHub/Mobile_robotter/ros2_ws/install/lidar_gui/share/ament_index/resource_index/packages/lidar_gui
-- Up-to-date: /home/aksel/Documents/GitHub/Mobile_robotter/ros2_ws/install/lidar_gui/share/lidar_gui/cmake/lidar_guiConfig.cmake
-- Up-to-date: /home/aksel/Documents/GitHub/Mobile_robotter/ros2_ws/install/lidar_gui/share/lidar_gui/cmake/lidar_guiConfig-version.cmake
-- Up-to-date: /home/aksel/Documents/GitHub/Mobile_robotter/ros2_ws/install/lidar_gui/share/lidar_gui/package.xml
