[0.022s] Invoking command in '/home/aksel/Documents/GitHub/Mobile_robotter/ros2_ws/build/controller_input': CMAKE_PREFIX_PATH=${CMAKE_PREFIX_PATH}:/home/aksel/turtlebot3_ws/install/turtlebot3_teleop:/home/aksel/turtlebot3_ws/install/turtlebot3_example:/opt/ros/humble /usr/bin/cmake /home/aksel/Documents/GitHub/Mobile_robotter/ros2_ws/src/controller_input -DCMAKE_INSTALL_PREFIX=/home/aksel/Documents/GitHub/Mobile_robotter/ros2_ws/install/controller_input
[0.120s] -- The CXX compiler identification is GNU 11.4.0
[0.128s] -- Detecting CXX compiler ABI info
[0.208s] -- Detecting CXX compiler ABI info - done
[0.213s] -- Check for working CXX compiler: /usr/bin/c++ - skipped
[0.213s] -- Detecting CXX compile features
[0.214s] -- Detecting CXX compile features - done
[0.219s] -- Found ament_cmake: 1.3.11 (/opt/ros/humble/share/ament_cmake/cmake)
[0.359s] -- Found Python3: /usr/bin/python3 (found version "3.10.12") found components: Interpreter 
[0.474s] -- Found rclcpp: 16.0.11 (/opt/ros/humble/share/rclcpp/cmake)
[0.535s] -- Found rosidl_generator_c: 3.1.6 (/opt/ros/humble/share/rosidl_generator_c/cmake)
[0.542s] -- Found rosidl_adapter: 3.1.6 (/opt/ros/humble/share/rosidl_adapter/cmake)
[0.554s] -- Found rosidl_generator_cpp: 3.1.6 (/opt/ros/humble/share/rosidl_generator_cpp/cmake)
[0.570s] -- Using all available rosidl_typesupport_c: rosidl_typesupport_fastrtps_c;rosidl_typesupport_introspection_c
[0.590s] -- Using all available rosidl_typesupport_cpp: rosidl_typesupport_fastrtps_cpp;rosidl_typesupport_introspection_cpp
[0.647s] -- Found rmw_implementation_cmake: 6.1.2 (/opt/ros/humble/share/rmw_implementation_cmake/cmake)
[0.652s] -- Found rmw_fastrtps_cpp: 6.2.7 (/opt/ros/humble/share/rmw_fastrtps_cpp/cmake)
[0.751s] -- Found OpenSSL: /usr/lib/x86_64-linux-gnu/libcrypto.so (found version "3.0.2")  
[0.781s] -- Found FastRTPS: /opt/ros/humble/include  
[0.826s] -- Using RMW implementation 'rmw_fastrtps_cpp' as default
[0.840s] -- Looking for C++ include pthread.h
[0.923s] -- Looking for C++ include pthread.h - found
[0.923s] -- Performing Test CMAKE_HAVE_LIBC_PTHREAD
[1.008s] -- Performing Test CMAKE_HAVE_LIBC_PTHREAD - Success
[1.009s] -- Found Threads: TRUE  
[1.067s] -- Found geometry_msgs: 4.2.4 (/opt/ros/humble/share/geometry_msgs/cmake)
[1.081s] -- Found sensor_msgs: 4.2.4 (/opt/ros/humble/share/sensor_msgs/cmake)
[1.099s] -- Found teleop_twist_joy: 2.4.7 (/opt/ros/humble/share/teleop_twist_joy/cmake)
[1.103s] -- Found rclcpp_components: 16.0.11 (/opt/ros/humble/share/rclcpp_components/cmake)
[1.133s] -- Found nav_msgs: 4.2.4 (/opt/ros/humble/share/nav_msgs/cmake)
[1.151s] -- Found SFML 2.5.1 in /usr/lib/x86_64-linux-gnu/cmake/SFML
[1.171s] -- Performing Test HAVE_STDATOMIC
[1.286s] -- Performing Test HAVE_STDATOMIC - Success
[1.287s] -- Found WrapAtomic: TRUE  
[1.315s] -- Found OpenGL: /usr/lib/x86_64-linux-gnu/libOpenGL.so   
[1.316s] -- Found WrapOpenGL: TRUE  
[1.374s] -- Found XKB: /usr/lib/x86_64-linux-gnu/libxkbcommon.so (found suitable version "1.4.0", minimum required is "0.5.0") 
[1.379s] -- Found WrapVulkanHeaders: /usr/include  
[1.487s] -- Configuring done
[1.501s] -- Generating done
[1.506s] -- Build files have been written to: /home/aksel/Documents/GitHub/Mobile_robotter/ros2_ws/build/controller_input
[1.532s] Invoked command in '/home/aksel/Documents/GitHub/Mobile_robotter/ros2_ws/build/controller_input' returned '0': CMAKE_PREFIX_PATH=${CMAKE_PREFIX_PATH}:/home/aksel/turtlebot3_ws/install/turtlebot3_teleop:/home/aksel/turtlebot3_ws/install/turtlebot3_example:/opt/ros/humble /usr/bin/cmake /home/aksel/Documents/GitHub/Mobile_robotter/ros2_ws/src/controller_input -DCMAKE_INSTALL_PREFIX=/home/aksel/Documents/GitHub/Mobile_robotter/ros2_ws/install/controller_input
[1.535s] Invoking command in '/home/aksel/Documents/GitHub/Mobile_robotter/ros2_ws/build/controller_input': CMAKE_PREFIX_PATH=${CMAKE_PREFIX_PATH}:/home/aksel/turtlebot3_ws/install/turtlebot3_teleop:/home/aksel/turtlebot3_ws/install/turtlebot3_example:/opt/ros/humble /usr/bin/cmake --build /home/aksel/Documents/GitHub/Mobile_robotter/ros2_ws/build/controller_input -- -j16 -l16
[1.594s] [ 66%] [32mBuilding CXX object CMakeFiles/controller_input.dir/src/controllerinput.cpp.o[0m
[1.594s] [ 66%] [32mBuilding CXX object CMakeFiles/controller_input.dir/src/main.cpp.o[0m
[13.693s] [100%] [32m[1mLinking CXX executable controller_input[0m
[14.440s] [100%] Built target controller_input
[14.454s] Invoked command in '/home/aksel/Documents/GitHub/Mobile_robotter/ros2_ws/build/controller_input' returned '0': CMAKE_PREFIX_PATH=${CMAKE_PREFIX_PATH}:/home/aksel/turtlebot3_ws/install/turtlebot3_teleop:/home/aksel/turtlebot3_ws/install/turtlebot3_example:/opt/ros/humble /usr/bin/cmake --build /home/aksel/Documents/GitHub/Mobile_robotter/ros2_ws/build/controller_input -- -j16 -l16
[14.455s] Invoking command in '/home/aksel/Documents/GitHub/Mobile_robotter/ros2_ws/build/controller_input': CMAKE_PREFIX_PATH=${CMAKE_PREFIX_PATH}:/home/aksel/turtlebot3_ws/install/turtlebot3_teleop:/home/aksel/turtlebot3_ws/install/turtlebot3_example:/opt/ros/humble /usr/bin/cmake --install /home/aksel/Documents/GitHub/Mobile_robotter/ros2_ws/build/controller_input
[14.461s] -- Install configuration: ""
[14.462s] -- Installing: /home/aksel/Documents/GitHub/Mobile_robotter/ros2_ws/install/controller_input/lib/controller_input/controller_input
[14.468s] -- Set runtime path of "/home/aksel/Documents/GitHub/Mobile_robotter/ros2_ws/install/controller_input/lib/controller_input/controller_input" to ""
[14.468s] -- Installing: /home/aksel/Documents/GitHub/Mobile_robotter/ros2_ws/install/controller_input/share/controller_input//launch
[14.468s] -- Installing: /home/aksel/Documents/GitHub/Mobile_robotter/ros2_ws/install/controller_input/share/controller_input//launch/controller_launch.py
[14.468s] -- Installing: /home/aksel/Documents/GitHub/Mobile_robotter/ros2_ws/install/controller_input/share/ament_index/resource_index/package_run_dependencies/controller_input
[14.468s] -- Installing: /home/aksel/Documents/GitHub/Mobile_robotter/ros2_ws/install/controller_input/share/ament_index/resource_index/parent_prefix_path/controller_input
[14.469s] -- Installing: /home/aksel/Documents/GitHub/Mobile_robotter/ros2_ws/install/controller_input/share/controller_input/environment/ament_prefix_path.sh
[14.469s] -- Installing: /home/aksel/Documents/GitHub/Mobile_robotter/ros2_ws/install/controller_input/share/controller_input/environment/ament_prefix_path.dsv
[14.469s] -- Installing: /home/aksel/Documents/GitHub/Mobile_robotter/ros2_ws/install/controller_input/share/controller_input/environment/path.sh
[14.469s] -- Installing: /home/aksel/Documents/GitHub/Mobile_robotter/ros2_ws/install/controller_input/share/controller_input/environment/path.dsv
[14.469s] -- Installing: /home/aksel/Documents/GitHub/Mobile_robotter/ros2_ws/install/controller_input/share/controller_input/local_setup.bash
[14.469s] -- Installing: /home/aksel/Documents/GitHub/Mobile_robotter/ros2_ws/install/controller_input/share/controller_input/local_setup.sh
[14.469s] -- Installing: /home/aksel/Documents/GitHub/Mobile_robotter/ros2_ws/install/controller_input/share/controller_input/local_setup.zsh
[14.470s] -- Installing: /home/aksel/Documents/GitHub/Mobile_robotter/ros2_ws/install/controller_input/share/controller_input/local_setup.dsv
[14.470s] -- Installing: /home/aksel/Documents/GitHub/Mobile_robotter/ros2_ws/install/controller_input/share/controller_input/package.dsv
[14.470s] -- Installing: /home/aksel/Documents/GitHub/Mobile_robotter/ros2_ws/install/controller_input/share/ament_index/resource_index/packages/controller_input
[14.470s] -- Installing: /home/aksel/Documents/GitHub/Mobile_robotter/ros2_ws/install/controller_input/share/controller_input/cmake/controller_inputConfig.cmake
[14.470s] -- Installing: /home/aksel/Documents/GitHub/Mobile_robotter/ros2_ws/install/controller_input/share/controller_input/cmake/controller_inputConfig-version.cmake
[14.470s] -- Installing: /home/aksel/Documents/GitHub/Mobile_robotter/ros2_ws/install/controller_input/share/controller_input/package.xml
[14.472s] Invoked command in '/home/aksel/Documents/GitHub/Mobile_robotter/ros2_ws/build/controller_input' returned '0': CMAKE_PREFIX_PATH=${CMAKE_PREFIX_PATH}:/home/aksel/turtlebot3_ws/install/turtlebot3_teleop:/home/aksel/turtlebot3_ws/install/turtlebot3_example:/opt/ros/humble /usr/bin/cmake --install /home/aksel/Documents/GitHub/Mobile_robotter/ros2_ws/build/controller_input
