[35m[1mConsolidate compiler generated dependencies of target controller_input[0m
[ 33%] [32mBuilding CXX object CMakeFiles/controller_input.dir/src/controllerinput.cpp.o[0m
[01m[K/home/aksel/Documents/GitHub/Mobile_robotter/ros2_ws/src/controller_input/src/controllerinput.cpp:[m[K In member function ‘[01m[Kvoid controllerInput::play_dtmf_if_active()[m[K’:
[01m[K/home/aksel/Documents/GitHub/Mobile_robotter/ros2_ws/src/controller_input/src/controllerinput.cpp:158:21:[m[K [01;31m[Kerror: [m[Kno matching function for call to ‘[01m[KcontrollerInput::playDTMFSequence(uint8_t&, uint8_t&)[m[K’
  158 |     [01;31m[KplayDTMFSequence(_latestLinearValue, _latestAngularValue)[m[K;
      |     [01;31m[K~~~~~~~~~~~~~~~~^~~~~~~~~~~~~~~~~~~~~~~~~~~~~~~~~~~~~~~~~[m[K
In file included from [01m[K/home/aksel/Documents/GitHub/Mobile_robotter/ros2_ws/src/controller_input/src/controllerinput.cpp:1[m[K:
[01m[K/home/aksel/Documents/GitHub/Mobile_robotter/ros2_ws/src/controller_input/include/controllerinput.h:90:10:[m[K [01;36m[Knote: [m[Kcandidate: ‘[01m[Kvoid controllerInput::playDTMFSequence(uint8_t, uint8_t, bool)[m[K’
   90 |     void [01;36m[KplayDTMFSequence[m[K(uint8_t linear_value, uint8_t angular_value, bool lastTone);
      |          [01;36m[K^~~~~~~~~~~~~~~~[m[K
[01m[K/home/aksel/Documents/GitHub/Mobile_robotter/ros2_ws/src/controller_input/include/controllerinput.h:90:10:[m[K [01;36m[Knote: [m[K  candidate expects 3 arguments, 2 provided
[01m[K/home/aksel/Documents/GitHub/Mobile_robotter/ros2_ws/src/controller_input/src/controllerinput.cpp:[m[K At global scope:
[01m[K/home/aksel/Documents/GitHub/Mobile_robotter/ros2_ws/src/controller_input/src/controllerinput.cpp:185:6:[m[K [01;31m[Kerror: [m[Kno declaration matches ‘[01m[Kvoid controllerInput::playTone(double, double, bool)[m[K’
  185 | void [01;31m[KcontrollerInput[m[K::playTone(double freq1, double freq2, bool lastTone){
      |      [01;31m[K^~~~~~~~~~~~~~~[m[K
In file included from [01m[K/home/aksel/Documents/GitHub/Mobile_robotter/ros2_ws/src/controller_input/src/controllerinput.cpp:1[m[K:
[01m[K/home/aksel/Documents/GitHub/Mobile_robotter/ros2_ws/src/controller_input/include/controllerinput.h:84:10:[m[K [01;36m[Knote: [m[Kcandidate is: ‘[01m[Kvoid controllerInput::playTone(double, double)[m[K’
   84 |     void [01;36m[KplayTone[m[K(double freq1, double freq2);
      |          [01;36m[K^~~~~~~~[m[K
In file included from [01m[K/home/aksel/Documents/GitHub/Mobile_robotter/ros2_ws/src/controller_input/src/controllerinput.cpp:1[m[K:
[01m[K/home/aksel/Documents/GitHub/Mobile_robotter/ros2_ws/src/controller_input/include/controllerinput.h:20:7:[m[K [01;36m[Knote: [m[K‘[01m[Kclass controllerInput[m[K’ defined here
   20 | class [01;36m[KcontrollerInput[m[K : public rclcpp::Node
      |       [01;36m[K^~~~~~~~~~~~~~~[m[K
[01m[K/home/aksel/Documents/GitHub/Mobile_robotter/ros2_ws/src/controller_input/src/controllerinput.cpp:217:6:[m[K [01;31m[Kerror: [m[Kno declaration matches ‘[01m[Kvoid controllerInput::playDTMFSequence(uint8_t, uint8_t)[m[K’
  217 | void [01;31m[KcontrollerInput[m[K::playDTMFSequence(uint8_t linear_value, uint8_t angular_value) {
      |      [01;31m[K^~~~~~~~~~~~~~~[m[K
In file included from [01m[K/home/aksel/Documents/GitHub/Mobile_robotter/ros2_ws/src/controller_input/src/controllerinput.cpp:1[m[K:
[01m[K/home/aksel/Documents/GitHub/Mobile_robotter/ros2_ws/src/controller_input/include/controllerinput.h:90:10:[m[K [01;36m[Knote: [m[Kcandidate is: ‘[01m[Kvoid controllerInput::playDTMFSequence(uint8_t, uint8_t, bool)[m[K’
   90 |     void [01;36m[KplayDTMFSequence[m[K(uint8_t linear_value, uint8_t angular_value, bool lastTone);
      |          [01;36m[K^~~~~~~~~~~~~~~~[m[K
In file included from [01m[K/home/aksel/Documents/GitHub/Mobile_robotter/ros2_ws/src/controller_input/src/controllerinput.cpp:1[m[K:
[01m[K/home/aksel/Documents/GitHub/Mobile_robotter/ros2_ws/src/controller_input/include/controllerinput.h:20:7:[m[K [01;36m[Knote: [m[K‘[01m[Kclass controllerInput[m[K’ defined here
   20 | class [01;36m[KcontrollerInput[m[K : public rclcpp::Node
      |       [01;36m[K^~~~~~~~~~~~~~~[m[K
gmake[2]: *** [CMakeFiles/controller_input.dir/build.make:90: CMakeFiles/controller_input.dir/src/controllerinput.cpp.o] Error 1
gmake[1]: *** [CMakeFiles/Makefile2:137: CMakeFiles/controller_input.dir/all] Error 2
gmake: *** [Makefile:146: all] Error 2
