[0.035s] Invoking command in '/home/aksel/Documents/GitHub/Mobile_robotter/ros2_ws/build/lidar_gui': CMAKE_PREFIX_PATH=${CMAKE_PREFIX_PATH}:/home/aksel/turtlebot3_ws/install/turtlebot3_teleop:/home/aksel/turtlebot3_ws/install/turtlebot3_example:/opt/ros/humble /usr/bin/cmake --build /home/aksel/Documents/GitHub/Mobile_robotter/ros2_ws/build/lidar_gui -- -j16 -l16
[0.071s] [35m[1mConsolidate compiler generated dependencies of target lidar_gui[0m
[0.090s] [ 20%] [32mBuilding CXX object CMakeFiles/lidar_gui.dir/src/main.cpp.o[0m
[2.336s] [ 40%] [32m[1mLinking CXX executable lidar_gui[0m
[2.749s] [100%] Built target lidar_gui
[2.762s] Invoked command in '/home/aksel/Documents/GitHub/Mobile_robotter/ros2_ws/build/lidar_gui' returned '0': CMAKE_PREFIX_PATH=${CMAKE_PREFIX_PATH}:/home/aksel/turtlebot3_ws/install/turtlebot3_teleop:/home/aksel/turtlebot3_ws/install/turtlebot3_example:/opt/ros/humble /usr/bin/cmake --build /home/aksel/Documents/GitHub/Mobile_robotter/ros2_ws/build/lidar_gui -- -j16 -l16
[2.793s] Invoking command in '/home/aksel/Documents/GitHub/Mobile_robotter/ros2_ws/build/lidar_gui': CMAKE_PREFIX_PATH=${CMAKE_PREFIX_PATH}:/home/aksel/turtlebot3_ws/install/turtlebot3_teleop:/home/aksel/turtlebot3_ws/install/turtlebot3_example:/opt/ros/humble /usr/bin/cmake --install /home/aksel/Documents/GitHub/Mobile_robotter/ros2_ws/build/lidar_gui
[2.799s] -- Install configuration: ""
[2.800s] -- Installing: /home/aksel/Documents/GitHub/Mobile_robotter/ros2_ws/install/lidar_gui/lib/lidar_gui/lidar_gui
[2.807s] -- Set runtime path of "/home/aksel/Documents/GitHub/Mobile_robotter/ros2_ws/install/lidar_gui/lib/lidar_gui/lidar_gui" to ""
[2.808s] -- Up-to-date: /home/aksel/Documents/GitHub/Mobile_robotter/ros2_ws/install/lidar_gui/share/lidar_gui//launch
[2.808s] -- Up-to-date: /home/aksel/Documents/GitHub/Mobile_robotter/ros2_ws/install/lidar_gui/share/ament_index/resource_index/package_run_dependencies/lidar_gui
[2.808s] -- Up-to-date: /home/aksel/Documents/GitHub/Mobile_robotter/ros2_ws/install/lidar_gui/share/ament_index/resource_index/parent_prefix_path/lidar_gui
[2.808s] -- Up-to-date: /home/aksel/Documents/GitHub/Mobile_robotter/ros2_ws/install/lidar_gui/share/lidar_gui/environment/ament_prefix_path.sh
[2.808s] -- Up-to-date: /home/aksel/Documents/GitHub/Mobile_robotter/ros2_ws/install/lidar_gui/share/lidar_gui/environment/ament_prefix_path.dsv
[2.808s] -- Up-to-date: /home/aksel/Documents/GitHub/Mobile_robotter/ros2_ws/install/lidar_gui/share/lidar_gui/environment/path.sh
[2.808s] -- Up-to-date: /home/aksel/Documents/GitHub/Mobile_robotter/ros2_ws/install/lidar_gui/share/lidar_gui/environment/path.dsv
[2.808s] -- Up-to-date: /home/aksel/Documents/GitHub/Mobile_robotter/ros2_ws/install/lidar_gui/share/lidar_gui/local_setup.bash
[2.808s] -- Up-to-date: /home/aksel/Documents/GitHub/Mobile_robotter/ros2_ws/install/lidar_gui/share/lidar_gui/local_setup.sh
[2.808s] -- Up-to-date: /home/aksel/Documents/GitHub/Mobile_robotter/ros2_ws/install/lidar_gui/share/lidar_gui/local_setup.zsh
[2.808s] -- Up-to-date: /home/aksel/Documents/GitHub/Mobile_robotter/ros2_ws/install/lidar_gui/share/lidar_gui/local_setup.dsv
[2.808s] -- Installing: /home/aksel/Documents/GitHub/Mobile_robotter/ros2_ws/install/lidar_gui/share/lidar_gui/package.dsv
[2.808s] -- Up-to-date: /home/aksel/Documents/GitHub/Mobile_robotter/ros2_ws/install/lidar_gui/share/ament_index/resource_index/packages/lidar_gui
[2.808s] -- Up-to-date: /home/aksel/Documents/GitHub/Mobile_robotter/ros2_ws/install/lidar_gui/share/lidar_gui/cmake/lidar_guiConfig.cmake
[2.808s] -- Up-to-date: /home/aksel/Documents/GitHub/Mobile_robotter/ros2_ws/install/lidar_gui/share/lidar_gui/cmake/lidar_guiConfig-version.cmake
[2.809s] -- Up-to-date: /home/aksel/Documents/GitHub/Mobile_robotter/ros2_ws/install/lidar_gui/share/lidar_gui/package.xml
[2.810s] Invoked command in '/home/aksel/Documents/GitHub/Mobile_robotter/ros2_ws/build/lidar_gui' returned '0': CMAKE_PREFIX_PATH=${CMAKE_PREFIX_PATH}:/home/aksel/turtlebot3_ws/install/turtlebot3_teleop:/home/aksel/turtlebot3_ws/install/turtlebot3_example:/opt/ros/humble /usr/bin/cmake --install /home/aksel/Documents/GitHub/Mobile_robotter/ros2_ws/build/lidar_gui
