[0.035s] Invoking command in '/home/aksel/Documents/GitHub/Mobile_robotter/ros2_ws/build/lidar_gui': CMAKE_PREFIX_PATH=${CMAKE_PREFIX_PATH}:/home/aksel/turtlebot3_ws/install/turtlebot3_teleop:/home/aksel/turtlebot3_ws/install/turtlebot3_example:/opt/ros/humble /bin/cmake --build /home/aksel/Documents/GitHub/Mobile_robotter/ros2_ws/build/lidar_gui -- -j16 -l16
[0.068s] [35m[1mConsolidate compiler generated dependencies of target lidar_gui[0m
[0.084s] [ 25%] [32mBuilding CXX object CMakeFiles/lidar_gui.dir/src/main.cpp.o[0m
[0.084s] [ 75%] [32mBuilding CXX object CMakeFiles/lidar_gui.dir/src/GUIWindow.cpp.o[0m
[0.085s] [ 75%] [32mBuilding CXX object CMakeFiles/lidar_gui.dir/src/lidarnode.cpp.o[0m
[0.173s] [01m[K/home/aksel/Documents/GitHub/Mobile_robotter/ros2_ws/src/lidar_gui/src/GUIWindow.cpp:3:10:[m[K [01;31m[Kfatal error: [m[Ksrc/dataTypes.h: No such file or directory
[0.173s]     3 | #include [01;31m[K"src/dataTypes.h"[m[K
[0.173s]       |          [01;31m[K^~~~~~~~~~~~~~~~~[m[K
[0.173s] compilation terminated.
[0.175s] gmake[2]: *** [CMakeFiles/lidar_gui.dir/build.make:104: CMakeFiles/lidar_gui.dir/src/GUIWindow.cpp.o] Error 1
[0.175s] gmake[2]: *** Waiting for unfinished jobs....
[0.284s] In file included from [01m[K/home/aksel/Documents/GitHub/Mobile_robotter/ros2_ws/src/lidar_gui/include/lidarnode.h:8[m[K,
[0.284s]                  from [01m[K/home/aksel/Documents/GitHub/Mobile_robotter/ros2_ws/src/lidar_gui/src/lidarnode.cpp:1[m[K:
[0.284s] [01m[K/home/aksel/Documents/GitHub/Mobile_robotter/ros2_ws/src/lidar_gui/include/GUIWindow.h:9:10:[m[K [01;31m[Kfatal error: [m[KdataTypes.h: No such file or directory
[0.284s]     9 | #include [01;31m[K"dataTypes.h"[m[K
[0.284s]       |          [01;31m[K^~~~~~~~~~~~~[m[K
[0.284s] compilation terminated.
[0.286s] In file included from [01m[K/home/aksel/Documents/GitHub/Mobile_robotter/ros2_ws/src/lidar_gui/include/lidarnode.h:8[m[K,
[0.286s]                  from [01m[K/home/aksel/Documents/GitHub/Mobile_robotter/ros2_ws/src/lidar_gui/src/main.cpp:5[m[K:
[0.286s] [01m[K/home/aksel/Documents/GitHub/Mobile_robotter/ros2_ws/src/lidar_gui/include/GUIWindow.h:9:10:[m[K [01;31m[Kfatal error: [m[KdataTypes.h: No such file or directory
[0.286s]     9 | #include [01;31m[K"dataTypes.h"[m[K
[0.286s]       |          [01;31m[K^~~~~~~~~~~~~[m[K
[0.286s] compilation terminated.
[0.286s] gmake[2]: *** [CMakeFiles/lidar_gui.dir/build.make:90: CMakeFiles/lidar_gui.dir/src/lidarnode.cpp.o] Error 1
[0.289s] gmake[2]: *** [CMakeFiles/lidar_gui.dir/build.make:76: CMakeFiles/lidar_gui.dir/src/main.cpp.o] Error 1
[0.289s] gmake[1]: *** [CMakeFiles/Makefile2:137: CMakeFiles/lidar_gui.dir/all] Error 2
[0.289s] gmake: *** [Makefile:146: all] Error 2
[0.292s] Invoked command in '/home/aksel/Documents/GitHub/Mobile_robotter/ros2_ws/build/lidar_gui' returned '2': CMAKE_PREFIX_PATH=${CMAKE_PREFIX_PATH}:/home/aksel/turtlebot3_ws/install/turtlebot3_teleop:/home/aksel/turtlebot3_ws/install/turtlebot3_example:/opt/ros/humble /bin/cmake --build /home/aksel/Documents/GitHub/Mobile_robotter/ros2_ws/build/lidar_gui -- -j16 -l16
