[0.017s] Invoking command in '/home/aksel/Documents/GitHub/Mobile_robotter/ros2_ws/build/lidar_gui': CMAKE_PREFIX_PATH=${CMAKE_PREFIX_PATH}:/home/aksel/turtlebot3_ws/install/turtlebot3_teleop:/home/aksel/turtlebot3_ws/install/turtlebot3_example:/opt/ros/humble /usr/bin/cmake --build /home/aksel/Documents/GitHub/Mobile_robotter/ros2_ws/build/lidar_gui -- -j16 -l16
[0.055s] [35m[1mConsolidate compiler generated dependencies of target lidar_gui[0m
[0.073s] [ 20%] [32mBuilding CXX object CMakeFiles/lidar_gui.dir/src/main.cpp.o[0m
[0.074s] [ 40%] [32mBuilding CXX object CMakeFiles/lidar_gui.dir/src/lidarnode.cpp.o[0m
[0.074s] [ 60%] [32mBuilding CXX object CMakeFiles/lidar_gui.dir/src/GUIWindow.cpp.o[0m
[0.387s] [01m[K/home/aksel/Documents/GitHub/Mobile_robotter/ros2_ws/src/lidar_gui/src/GUIWindow.cpp:[m[K In member function ‘[01m[Kvoid GUI::paintMap()[m[K’:
[0.387s] [01m[K/home/aksel/Documents/GitHub/Mobile_robotter/ros2_ws/src/lidar_gui/src/GUIWindow.cpp:128:94:[m[K [01;31m[Kerror: [m[K‘[01m[KgcEmpty[m[K’ was not declared in this scope
[0.387s]   128 |         XFillRectangle(display, window, (wallFrags[i].getType() == Wall::typeWall ? gcWall : [01;31m[KgcEmpty[m[K), wallFrags[i].x - wallFrags[i].size.width/2, wallFrags[i].y - wallFrags[i].size.height/2, wallFrags[i].size.width, wallFrags[i].size.height);
[0.387s]       |                                                                                              [01;31m[K^~~~~~~[m[K
[0.443s] [01m[K/home/aksel/Documents/GitHub/Mobile_robotter/ros2_ws/src/lidar_gui/src/GUIWindow.cpp:[m[K In member function ‘[01m[Kint GUI::squareOccupy(int, int)[m[K’:
[0.443s] [01m[K/home/aksel/Documents/GitHub/Mobile_robotter/ros2_ws/src/lidar_gui/src/GUIWindow.cpp:70:1:[m[K [01;35m[Kwarning: [m[Kcontrol reaches end of non-void function [[01;35m[K]8;;https://gcc.gnu.org/onlinedocs/gcc/Warning-Options.html#index-Wreturn-type-Wreturn-type]8;;[m[K]
[0.443s]    70 | [01;35m[K}[m[K
[0.443s]       | [01;35m[K^[m[K
[0.454s] gmake[2]: *** [CMakeFiles/lidar_gui.dir/build.make:118: CMakeFiles/lidar_gui.dir/src/GUIWindow.cpp.o] Error 1
[0.454s] gmake[2]: *** Waiting for unfinished jobs....
[4.832s] [01m[K/home/aksel/Documents/GitHub/Mobile_robotter/ros2_ws/src/lidar_gui/src/lidarnode.cpp:[m[K In member function ‘[01m[Kvoid MappingNode::scanCallback(sensor_msgs::msg::LaserScan_<std::allocator<void> >::SharedPtr)[m[K’:
[4.833s] [01m[K/home/aksel/Documents/GitHub/Mobile_robotter/ros2_ws/src/lidar_gui/src/lidarnode.cpp:30:28:[m[K [01;31m[Kerror: [m[K‘[01m[Kupdate[m[K’ was not declared in this scope
[4.833s]    30 |                 gui.update([01;31m[Kupdate[m[K, _latest_angle, _latest_distance, _robot_x, _robot_y, _robot_yaw);
[4.834s]       |                            [01;31m[K^~~~~~[m[K
[4.834s] [01m[K/home/aksel/Documents/GitHub/Mobile_robotter/ros2_ws/src/lidar_gui/src/lidarnode.cpp:22:11:[m[K [01;35m[Kwarning: [m[Kunused variable ‘[01m[Knoise_threshold[m[K’ [[01;35m[K]8;;https://gcc.gnu.org/onlinedocs/gcc/Warning-Options.html#index-Wunused-variable-Wunused-variable]8;;[m[K]
[4.834s]    22 |     float [01;35m[Knoise_threshold[m[K = 0.1;
[4.834s]       |           [01;35m[K^~~~~~~~~~~~~~~[m[K
[4.883s] [01m[K/home/aksel/Documents/GitHub/Mobile_robotter/ros2_ws/src/lidar_gui/src/lidarnode.cpp:[m[K In member function ‘[01m[Kvoid MappingNode::odomCallback(nav_msgs::msg::Odometry_<std::allocator<void> >::SharedPtr)[m[K’:
[4.885s] [01m[K/home/aksel/Documents/GitHub/Mobile_robotter/ros2_ws/src/lidar_gui/src/lidarnode.cpp:65:16:[m[K [01;31m[Kerror: [m[K‘[01m[Kupdate[m[K’ was not declared in this scope
[4.885s]    65 |     gui.update([01;31m[Kupdate[m[K, _latest_angle, _latest_distance, _robot_x, _robot_y, _robot_yaw);
[4.885s]       |                [01;31m[K^~~~~~[m[K
[4.885s] [01m[K/home/aksel/Documents/GitHub/Mobile_robotter/ros2_ws/src/lidar_gui/src/lidarnode.cpp:[m[K At global scope:
[4.885s] [01m[K/home/aksel/Documents/GitHub/Mobile_robotter/ros2_ws/src/lidar_gui/src/lidarnode.cpp:68:6:[m[K [01;31m[Kerror: [m[Kno declaration matches ‘[01m[Kvoid MappingNode::updateGUI()[m[K’
[4.886s]    68 | void [01;31m[KMappingNode[m[K::updateGUI() {
[4.887s]       |      [01;31m[K^~~~~~~~~~~[m[K
[4.888s] [01m[K/home/aksel/Documents/GitHub/Mobile_robotter/ros2_ws/src/lidar_gui/src/lidarnode.cpp:68:6:[m[K [01;36m[Knote: [m[Kno functions named ‘[01m[Kvoid MappingNode::updateGUI()[m[K’
[4.889s] In file included from [01m[K/home/aksel/Documents/GitHub/Mobile_robotter/ros2_ws/src/lidar_gui/src/lidarnode.cpp:1[m[K:
[4.891s] [01m[K/home/aksel/Documents/GitHub/Mobile_robotter/ros2_ws/src/lidar_gui/include/lidarnode.h:11:7:[m[K [01;36m[Knote: [m[K‘[01m[Kclass MappingNode[m[K’ defined here
[4.892s]    11 | class [01;36m[KMappingNode[m[K : public rclcpp::Node {
[4.892s]       |       [01;36m[K^~~~~~~~~~~[m[K
[5.277s] [01m[K/home/aksel/Documents/GitHub/Mobile_robotter/ros2_ws/src/lidar_gui/src/main.cpp:[m[K In function ‘[01m[Kint main(int, char**)[m[K’:
[5.278s] [01m[K/home/aksel/Documents/GitHub/Mobile_robotter/ros2_ws/src/lidar_gui/src/main.cpp:19:15:[m[K [01;31m[Kerror: [m[K‘[01m[KGUI MappingNode::gui[m[K’ is private within this context
[5.279s]    19 |         node->[01;31m[Kgui[m[K.update(node->_latest_angle, node->_latest_distance, node->_robot_x, node->_robot_y, node->_robot_yaw);
[5.279s]       |               [01;31m[K^~~[m[K
[5.279s] In file included from [01m[K/home/aksel/Documents/GitHub/Mobile_robotter/ros2_ws/src/lidar_gui/src/main.cpp:5[m[K:
[5.279s] [01m[K/home/aksel/Documents/GitHub/Mobile_robotter/ros2_ws/src/lidar_gui/include/lidarnode.h:18:9:[m[K [01;36m[Knote: [m[Kdeclared private here
[5.279s]    18 |     GUI [01;36m[Kgui[m[K;
[5.279s]       |         [01;36m[K^~~[m[K
[5.280s] [01m[K/home/aksel/Documents/GitHub/Mobile_robotter/ros2_ws/src/lidar_gui/src/main.cpp:19:32:[m[K [01;31m[Kerror: [m[K‘[01m[Kfloat MappingNode::_latest_angle[m[K’ is private within this context
[5.281s]    19 |         node->gui.update(node->[01;31m[K_latest_angle[m[K, node->_latest_distance, node->_robot_x, node->_robot_y, node->_robot_yaw);
[5.282s]       |                                [01;31m[K^~~~~~~~~~~~~[m[K
[5.283s] In file included from [01m[K/home/aksel/Documents/GitHub/Mobile_robotter/ros2_ws/src/lidar_gui/src/main.cpp:5[m[K:
[5.284s] [01m[K/home/aksel/Documents/GitHub/Mobile_robotter/ros2_ws/src/lidar_gui/include/lidarnode.h:25:12:[m[K [01;36m[Knote: [m[Kdeclared private here
[5.285s]    25 |      float [01;36m[K_latest_angle[m[K = 0.0;
[5.286s]       |            [01;36m[K^~~~~~~~~~~~~[m[K
[5.286s] [01m[K/home/aksel/Documents/GitHub/Mobile_robotter/ros2_ws/src/lidar_gui/src/main.cpp:19:53:[m[K [01;31m[Kerror: [m[K‘[01m[Kfloat MappingNode::_latest_distance[m[K’ is private within this context
[5.286s]    19 |         node->gui.update(node->_latest_angle, node->[01;31m[K_latest_distance[m[K, node->_robot_x, node->_robot_y, node->_robot_yaw);
[5.286s]       |                                                     [01;31m[K^~~~~~~~~~~~~~~~[m[K
[5.286s] In file included from [01m[K/home/aksel/Documents/GitHub/Mobile_robotter/ros2_ws/src/lidar_gui/src/main.cpp:5[m[K:
[5.286s] [01m[K/home/aksel/Documents/GitHub/Mobile_robotter/ros2_ws/src/lidar_gui/include/lidarnode.h:26:11:[m[K [01;36m[Knote: [m[Kdeclared private here
[5.286s]    26 |     float [01;36m[K_latest_distance[m[K = 0.0;
[5.286s]       |           [01;36m[K^~~~~~~~~~~~~~~~[m[K
[5.286s] [01m[K/home/aksel/Documents/GitHub/Mobile_robotter/ros2_ws/src/lidar_gui/src/main.cpp:19:77:[m[K [01;31m[Kerror: [m[K‘[01m[Kdouble MappingNode::_robot_x[m[K’ is private within this context
[5.287s]    19 |         node->gui.update(node->_latest_angle, node->_latest_distance, node->[01;31m[K_robot_x[m[K, node->_robot_y, node->_robot_yaw);
[5.287s]       |                                                                             [01;31m[K^~~~~~~~[m[K
[5.288s] In file included from [01m[K/home/aksel/Documents/GitHub/Mobile_robotter/ros2_ws/src/lidar_gui/src/main.cpp:5[m[K:
[5.289s] [01m[K/home/aksel/Documents/GitHub/Mobile_robotter/ros2_ws/src/lidar_gui/include/lidarnode.h:16:12:[m[K [01;36m[Knote: [m[Kdeclared private here
[5.289s]    16 |     double [01;36m[K_robot_x[m[K = 0.0, _robot_y = 0.0, _robot_yaw = 0.0;
[5.290s]       |            [01;36m[K^~~~~~~~[m[K
[5.291s] [01m[K/home/aksel/Documents/GitHub/Mobile_robotter/ros2_ws/src/lidar_gui/src/main.cpp:19:93:[m[K [01;31m[Kerror: [m[K‘[01m[Kdouble MappingNode::_robot_y[m[K’ is private within this context
[5.291s]    19 |         node->gui.update(node->_latest_angle, node->_latest_distance, node->_robot_x, node->[01;31m[K_robot_y[m[K, node->_robot_yaw);
[5.292s]       |                                                                                             [01;31m[K^~~~~~~~[m[K
[5.292s] In file included from [01m[K/home/aksel/Documents/GitHub/Mobile_robotter/ros2_ws/src/lidar_gui/src/main.cpp:5[m[K:
[5.292s] [01m[K/home/aksel/Documents/GitHub/Mobile_robotter/ros2_ws/src/lidar_gui/include/lidarnode.h:16:28:[m[K [01;36m[Knote: [m[Kdeclared private here
[5.292s]    16 |     double _robot_x = 0.0, [01;36m[K_robot_y[m[K = 0.0, _robot_yaw = 0.0;
[5.293s]       |                            [01;36m[K^~~~~~~~[m[K
[5.293s] [01m[K/home/aksel/Documents/GitHub/Mobile_robotter/ros2_ws/src/lidar_gui/src/main.cpp:19:109:[m[K [01;31m[Kerror: [m[K‘[01m[Kdouble MappingNode::_robot_yaw[m[K’ is private within this context
[5.293s]    19 |         node->gui.update(node->_latest_angle, node->_latest_distance, node->_robot_x, node->_robot_y, node->[01;31m[K_robot_yaw[m[K);
[5.293s]       |                                                                                                             [01;31m[K^~~~~~~~~~[m[K
[5.293s] In file included from [01m[K/home/aksel/Documents/GitHub/Mobile_robotter/ros2_ws/src/lidar_gui/src/main.cpp:5[m[K:
[5.293s] [01m[K/home/aksel/Documents/GitHub/Mobile_robotter/ros2_ws/src/lidar_gui/include/lidarnode.h:16:44:[m[K [01;36m[Knote: [m[Kdeclared private here
[5.293s]    16 |     double _robot_x = 0.0, _robot_y = 0.0, [01;36m[K_robot_yaw[m[K = 0.0;
[5.293s]       |                                            [01;36m[K^~~~~~~~~~[m[K
[5.293s] [01m[K/home/aksel/Documents/GitHub/Mobile_robotter/ros2_ws/src/lidar_gui/src/main.cpp:19:25:[m[K [01;31m[Kerror: [m[Kno matching function for call to ‘[01m[KGUI::update(float&, float&, double&, double&, double&)[m[K’
[5.293s]    19 |         [01;31m[Knode->gui.update(node->_latest_angle, node->_latest_distance, node->_robot_x, node->_robot_y, node->_robot_yaw)[m[K;
[5.294s]       |         [01;31m[K~~~~~~~~~~~~~~~~^~~~~~~~~~~~~~~~~~~~~~~~~~~~~~~~~~~~~~~~~~~~~~~~~~~~~~~~~~~~~~~~~~~~~~~~~~~~~~~~~~~~~~~~~~~~~~~[m[K
[5.295s] In file included from [01m[K/home/aksel/Documents/GitHub/Mobile_robotter/ros2_ws/src/lidar_gui/include/lidarnode.h:8[m[K,
[5.295s]                  from [01m[K/home/aksel/Documents/GitHub/Mobile_robotter/ros2_ws/src/lidar_gui/src/main.cpp:5[m[K:
[5.296s] [01m[K/home/aksel/Documents/GitHub/Mobile_robotter/ros2_ws/src/lidar_gui/include/GUIWindow.h:45:10:[m[K [01;36m[Knote: [m[Kcandidate: ‘[01m[Kvoid GUI::update(bool&, float, float, float, float, float)[m[K’
[5.296s]    45 |     void [01;36m[Kupdate[m[K(bool& update, float angle, float len, float robot_x, float robot_y, float robot_yaw);
[5.297s]       |          [01;36m[K^~~~~~[m[K
[5.297s] [01m[K/home/aksel/Documents/GitHub/Mobile_robotter/ros2_ws/src/lidar_gui/include/GUIWindow.h:45:10:[m[K [01;36m[Knote: [m[K  candidate expects 6 arguments, 5 provided
[7.995s] gmake[2]: *** [CMakeFiles/lidar_gui.dir/build.make:76: CMakeFiles/lidar_gui.dir/src/main.cpp.o] Error 1
[9.952s] gmake[2]: *** [CMakeFiles/lidar_gui.dir/build.make:90: CMakeFiles/lidar_gui.dir/src/lidarnode.cpp.o] Error 1
[9.952s] gmake[1]: *** [CMakeFiles/Makefile2:137: CMakeFiles/lidar_gui.dir/all] Error 2
[9.952s] gmake: *** [Makefile:146: all] Error 2
[9.955s] Invoked command in '/home/aksel/Documents/GitHub/Mobile_robotter/ros2_ws/build/lidar_gui' returned '2': CMAKE_PREFIX_PATH=${CMAKE_PREFIX_PATH}:/home/aksel/turtlebot3_ws/install/turtlebot3_teleop:/home/aksel/turtlebot3_ws/install/turtlebot3_example:/opt/ros/humble /usr/bin/cmake --build /home/aksel/Documents/GitHub/Mobile_robotter/ros2_ws/build/lidar_gui -- -j16 -l16
