[0.019s] Invoking command in '/home/aksel/Documents/GitHub/Mobile_robotter/ros2_ws/build/controller_input': CMAKE_PREFIX_PATH=${CMAKE_PREFIX_PATH}:/home/aksel/turtlebot3_ws/install/turtlebot3_teleop:/home/aksel/turtlebot3_ws/install/turtlebot3_example:/opt/ros/humble /usr/bin/cmake --build /home/aksel/Documents/GitHub/Mobile_robotter/ros2_ws/build/controller_input -- -j16 -l16
[0.056s] [35m[1mConsolidate compiler generated dependencies of target controller_input[0m
[0.073s] [ 33%] [32mBuilding CXX object CMakeFiles/controller_input.dir/src/controllerinput.cpp.o[0m
[3.043s] [01m[K/home/aksel/Documents/GitHub/Mobile_robotter/ros2_ws/src/controller_input/src/controllerinput.cpp:[m[K In constructor ‘[01m[KcontrollerInput::controllerInput()[m[K’:
[3.043s] [01m[K/home/aksel/Documents/GitHub/Mobile_robotter/ros2_ws/src/controller_input/src/controllerinput.cpp:35:18:[m[K [01;31m[Kerror: [m[K‘[01m[Kmsg[m[K’ was not declared in this scope
[3.043s]    35 |     _initial_x = [01;31m[Kmsg[m[K->pose.pose.position.x;
[3.043s]       |                  [01;31m[K^~~[m[K
[3.043s] [01m[K/home/aksel/Documents/GitHub/Mobile_robotter/ros2_ws/src/controller_input/src/controllerinput.cpp:35:18:[m[K [01;36m[Knote: [m[Ksuggested alternatives:
[3.043s] In file included from [01m[K/opt/ros/humble/include/builtin_interfaces/builtin_interfaces/msg/duration.hpp:7[m[K,
[3.043s]                  from [01m[K/opt/ros/humble/include/rclcpp/rclcpp/duration.hpp:20[m[K,
[3.043s]                  from [01m[K/opt/ros/humble/include/rclcpp/rclcpp/qos.hpp:20[m[K,
[3.043s]                  from [01m[K/opt/ros/humble/include/rclcpp/rclcpp/node_interfaces/node_graph_interface.hpp:32[m[K,
[3.043s]                  from [01m[K/opt/ros/humble/include/rclcpp/rclcpp/client.hpp:42[m[K,
[3.043s]                  from [01m[K/opt/ros/humble/include/rclcpp/rclcpp/callback_group.hpp:24[m[K,
[3.043s]                  from [01m[K/opt/ros/humble/include/rclcpp/rclcpp/any_executable.hpp:20[m[K,
[3.043s]                  from [01m[K/opt/ros/humble/include/rclcpp/rclcpp/memory_strategy.hpp:25[m[K,
[3.043s]                  from [01m[K/opt/ros/humble/include/rclcpp/rclcpp/memory_strategies.hpp:18[m[K,
[3.043s]                  from [01m[K/opt/ros/humble/include/rclcpp/rclcpp/executor_options.hpp:20[m[K,
[3.043s]                  from [01m[K/opt/ros/humble/include/rclcpp/rclcpp/executor.hpp:37[m[K,
[3.043s]                  from [01m[K/opt/ros/humble/include/rclcpp/rclcpp/executors/multi_threaded_executor.hpp:25[m[K,
[3.043s]                  from [01m[K/opt/ros/humble/include/rclcpp/rclcpp/executors.hpp:21[m[K,
[3.043s]                  from [01m[K/opt/ros/humble/include/rclcpp/rclcpp/rclcpp.hpp:155[m[K,
[3.044s]                  from [01m[K/home/aksel/Documents/GitHub/Mobile_robotter/ros2_ws/src/controller_input/include/controllerinput.h:4[m[K,
[3.044s]                  from [01m[K/home/aksel/Documents/GitHub/Mobile_robotter/ros2_ws/src/controller_input/src/controllerinput.cpp:1[m[K:
[3.044s] [01m[K/opt/ros/humble/include/builtin_interfaces/builtin_interfaces/msg/detail/duration__struct.hpp:27:11:[m[K [01;36m[Knote: [m[K  ‘[01m[Kbuiltin_interfaces::msg[m[K’
[3.044s]    27 | namespace [01;36m[Kmsg[m[K
[3.044s]       |           [01;36m[K^~~[m[K
[3.044s] In file included from [01m[K/opt/ros/humble/include/rcl_interfaces/rcl_interfaces/msg/set_parameters_result.hpp:7[m[K,
[3.044s]                  from [01m[K/opt/ros/humble/include/rclcpp/rclcpp/qos_overriding_options.hpp:28[m[K,
[3.044s]                  from [01m[K/opt/ros/humble/include/rclcpp/rclcpp/subscription_options.hpp:30[m[K,
[3.044s]                  from [01m[K/opt/ros/humble/include/rclcpp/rclcpp/subscription.hpp:45[m[K,
[3.044s]                  from [01m[K/opt/ros/humble/include/rclcpp/rclcpp/any_executable.hpp:25[m[K,
[3.044s]                  from [01m[K/opt/ros/humble/include/rclcpp/rclcpp/memory_strategy.hpp:25[m[K,
[3.044s]                  from [01m[K/opt/ros/humble/include/rclcpp/rclcpp/memory_strategies.hpp:18[m[K,
[3.044s]                  from [01m[K/opt/ros/humble/include/rclcpp/rclcpp/executor_options.hpp:20[m[K,
[3.044s]                  from [01m[K/opt/ros/humble/include/rclcpp/rclcpp/executor.hpp:37[m[K,
[3.044s]                  from [01m[K/opt/ros/humble/include/rclcpp/rclcpp/executors/multi_threaded_executor.hpp:25[m[K,
[3.044s]                  from [01m[K/opt/ros/humble/include/rclcpp/rclcpp/executors.hpp:21[m[K,
[3.044s]                  from [01m[K/opt/ros/humble/include/rclcpp/rclcpp/rclcpp.hpp:155[m[K,
[3.044s]                  from [01m[K/home/aksel/Documents/GitHub/Mobile_robotter/ros2_ws/src/controller_input/include/controllerinput.h:4[m[K,
[3.044s]                  from [01m[K/home/aksel/Documents/GitHub/Mobile_robotter/ros2_ws/src/controller_input/src/controllerinput.cpp:1[m[K:
[3.044s] [01m[K/opt/ros/humble/include/rcl_interfaces/rcl_interfaces/msg/detail/set_parameters_result__struct.hpp:27:11:[m[K [01;36m[Knote: [m[K  ‘[01m[Krcl_interfaces::msg[m[K’
[3.044s]    27 | namespace [01;36m[Kmsg[m[K
[3.044s]       |           [01;36m[K^~~[m[K
[3.044s] In file included from [01m[K/opt/ros/humble/include/statistics_msgs/statistics_msgs/msg/detail/metrics_message__struct.hpp:23[m[K,
[3.045s]                  from [01m[K/opt/ros/humble/include/statistics_msgs/statistics_msgs/msg/metrics_message.hpp:7[m[K,
[3.045s]                  from [01m[K/opt/ros/humble/include/libstatistics_collector/libstatistics_collector/collector/generate_statistics_message.hpp:21[m[K,
[3.045s]                  from [01m[K/opt/ros/humble/include/rclcpp/rclcpp/topic_statistics/subscription_topic_statistics.hpp:23[m[K,
[3.045s]                  from [01m[K/opt/ros/humble/include/rclcpp/rclcpp/subscription.hpp:50[m[K,
[3.045s]                  from [01m[K/opt/ros/humble/include/rclcpp/rclcpp/any_executable.hpp:25[m[K,
[3.045s]                  from [01m[K/opt/ros/humble/include/rclcpp/rclcpp/memory_strategy.hpp:25[m[K,
[3.045s]                  from [01m[K/opt/ros/humble/include/rclcpp/rclcpp/memory_strategies.hpp:18[m[K,
[3.045s]                  from [01m[K/opt/ros/humble/include/rclcpp/rclcpp/executor_options.hpp:20[m[K,
[3.045s]                  from [01m[K/opt/ros/humble/include/rclcpp/rclcpp/executor.hpp:37[m[K,
[3.045s]                  from [01m[K/opt/ros/humble/include/rclcpp/rclcpp/executors/multi_threaded_executor.hpp:25[m[K,
[3.045s]                  from [01m[K/opt/ros/humble/include/rclcpp/rclcpp/executors.hpp:21[m[K,
[3.045s]                  from [01m[K/opt/ros/humble/include/rclcpp/rclcpp/rclcpp.hpp:155[m[K,
[3.045s]                  from [01m[K/home/aksel/Documents/GitHub/Mobile_robotter/ros2_ws/src/controller_input/include/controllerinput.h:4[m[K,
[3.045s]                  from [01m[K/home/aksel/Documents/GitHub/Mobile_robotter/ros2_ws/src/controller_input/src/controllerinput.cpp:1[m[K:
[3.045s] [01m[K/opt/ros/humble/include/statistics_msgs/statistics_msgs/msg/detail/statistic_data_point__struct.hpp:27:11:[m[K [01;36m[Knote: [m[K  ‘[01m[Kstatistics_msgs::msg[m[K’
[3.045s]    27 | namespace [01;36m[Kmsg[m[K
[3.045s]       |           [01;36m[K^~~[m[K
[3.045s] In file included from [01m[K/opt/ros/humble/include/sensor_msgs/sensor_msgs/msg/detail/joy__struct.hpp:20[m[K,
[3.045s]                  from [01m[K/opt/ros/humble/include/sensor_msgs/sensor_msgs/msg/joy.hpp:7[m[K,
[3.045s]                  from [01m[K/home/aksel/Documents/GitHub/Mobile_robotter/ros2_ws/src/controller_input/include/controllerinput.h:5[m[K,
[3.045s]                  from [01m[K/home/aksel/Documents/GitHub/Mobile_robotter/ros2_ws/src/controller_input/src/controllerinput.cpp:1[m[K:
[3.045s] [01m[K/opt/ros/humble/include/std_msgs/std_msgs/msg/detail/header__struct.hpp:31:11:[m[K [01;36m[Knote: [m[K  ‘[01m[Kstd_msgs::msg[m[K’
[3.045s]    31 | namespace [01;36m[Kmsg[m[K
[3.045s]       |           [01;36m[K^~~[m[K
[3.045s] In file included from [01m[K/opt/ros/humble/include/sensor_msgs/sensor_msgs/msg/joy.hpp:7[m[K,
[3.045s]                  from [01m[K/home/aksel/Documents/GitHub/Mobile_robotter/ros2_ws/src/controller_input/include/controllerinput.h:5[m[K,
[3.045s]                  from [01m[K/home/aksel/Documents/GitHub/Mobile_robotter/ros2_ws/src/controller_input/src/controllerinput.cpp:1[m[K:
[3.045s] [01m[K/opt/ros/humble/include/sensor_msgs/sensor_msgs/msg/detail/joy__struct.hpp:31:11:[m[K [01;36m[Knote: [m[K  ‘[01m[Ksensor_msgs::msg[m[K’
[3.045s]    31 | namespace [01;36m[Kmsg[m[K
[3.046s]       |           [01;36m[K^~~[m[K
[3.046s] In file included from [01m[K/opt/ros/humble/include/geometry_msgs/geometry_msgs/msg/detail/twist__struct.hpp:21[m[K,
[3.046s]                  from [01m[K/opt/ros/humble/include/geometry_msgs/geometry_msgs/msg/twist.hpp:7[m[K,
[3.046s]                  from [01m[K/home/aksel/Documents/GitHub/Mobile_robotter/ros2_ws/src/controller_input/include/controllerinput.h:6[m[K,
[3.046s]                  from [01m[K/home/aksel/Documents/GitHub/Mobile_robotter/ros2_ws/src/controller_input/src/controllerinput.cpp:1[m[K:
[3.046s] [01m[K/opt/ros/humble/include/geometry_msgs/geometry_msgs/msg/detail/vector3__struct.hpp:27:11:[m[K [01;36m[Knote: [m[K  ‘[01m[Kgeometry_msgs::msg[m[K’
[3.046s]    27 | namespace [01;36m[Kmsg[m[K
[3.046s]       |           [01;36m[K^~~[m[K
[3.046s] In file included from [01m[K/opt/ros/humble/include/nav_msgs/nav_msgs/msg/odometry.hpp:7[m[K,
[3.046s]                  from [01m[K/home/aksel/Documents/GitHub/Mobile_robotter/ros2_ws/src/controller_input/include/controllerinput.h:8[m[K,
[3.046s]                  from [01m[K/home/aksel/Documents/GitHub/Mobile_robotter/ros2_ws/src/controller_input/src/controllerinput.cpp:1[m[K:
[3.046s] [01m[K/opt/ros/humble/include/nav_msgs/nav_msgs/msg/detail/odometry__struct.hpp:35:11:[m[K [01;36m[Knote: [m[K  ‘[01m[Knav_msgs::msg[m[K’
[3.046s]    35 | namespace [01;36m[Kmsg[m[K
[3.046s]       |           [01;36m[K^~~[m[K
[3.053s] [01m[K/home/aksel/Documents/GitHub/Mobile_robotter/ros2_ws/src/controller_input/src/controllerinput.cpp:[m[K In member function ‘[01m[Kvoid controllerInput::odomCallback(nav_msgs::msg::Odometry_<std::allocator<void> >::SharedPtr)[m[K’:
[3.053s] [01m[K/home/aksel/Documents/GitHub/Mobile_robotter/ros2_ws/src/controller_input/src/controllerinput.cpp:56:5:[m[K [01;31m[Kerror: [m[K‘[01m[K_latest_odom[m[K’ was not declared in this scope; did you mean ‘[01m[K_latest_scan[m[K’?
[3.053s]    56 |     [01;31m[K_latest_odom[m[K = msg;
[3.053s]       |     [01;31m[K^~~~~~~~~~~~[m[K
[3.053s]       |     [32m[K_latest_scan[m[K
[3.063s] [01m[K/home/aksel/Documents/GitHub/Mobile_robotter/ros2_ws/src/controller_input/src/controllerinput.cpp:[m[K In member function ‘[01m[Kvoid controllerInput::joy_callback(sensor_msgs::msg::Joy_<std::allocator<void> >::SharedPtr)[m[K’:
[3.063s] [01m[K/home/aksel/Documents/GitHub/Mobile_robotter/ros2_ws/src/controller_input/src/controllerinput.cpp:77:28:[m[K [01;31m[Kerror: [m[K‘[01m[K_latest_odom[m[K’ was not declared in this scope; did you mean ‘[01m[K_latest_scan[m[K’?
[3.063s]    77 |         if(_latest_scan && [01;31m[K_latest_odom[m[K){
[3.063s]       |                            [01;31m[K^~~~~~~~~~~~[m[K
[3.063s]       |                            [32m[K_latest_scan[m[K
[6.443s] gmake[2]: *** [CMakeFiles/controller_input.dir/build.make:90: CMakeFiles/controller_input.dir/src/controllerinput.cpp.o] Error 1
[6.443s] gmake[1]: *** [CMakeFiles/Makefile2:137: CMakeFiles/controller_input.dir/all] Error 2
[6.443s] gmake: *** [Makefile:146: all] Error 2
[6.446s] Invoked command in '/home/aksel/Documents/GitHub/Mobile_robotter/ros2_ws/build/controller_input' returned '2': CMAKE_PREFIX_PATH=${CMAKE_PREFIX_PATH}:/home/aksel/turtlebot3_ws/install/turtlebot3_teleop:/home/aksel/turtlebot3_ws/install/turtlebot3_example:/opt/ros/humble /usr/bin/cmake --build /home/aksel/Documents/GitHub/Mobile_robotter/ros2_ws/build/controller_input -- -j16 -l16
