[0.017s] Invoking command in '/home/aksel/Documents/GitHub/Mobile_robotter/ros2_ws/build/lidar_gui': CMAKE_PREFIX_PATH=${CMAKE_PREFIX_PATH}:/home/aksel/turtlebot3_ws/install/turtlebot3_teleop:/home/aksel/turtlebot3_ws/install/turtlebot3_example:/opt/ros/humble /bin/cmake --build /home/aksel/Documents/GitHub/Mobile_robotter/ros2_ws/build/lidar_gui -- -j16 -l16
[0.038s] -- Found ament_cmake: 1.3.10 (/opt/ros/humble/share/ament_cmake/cmake)
[0.141s] -- Found rclcpp: 16.0.10 (/opt/ros/humble/share/rclcpp/cmake)
[0.165s] -- Found rosidl_generator_c: 3.1.5 (/opt/ros/humble/share/rosidl_generator_c/cmake)
[0.167s] -- Found rosidl_adapter: 3.1.5 (/opt/ros/humble/share/rosidl_adapter/cmake)
[0.172s] -- Found rosidl_generator_cpp: 3.1.5 (/opt/ros/humble/share/rosidl_generator_cpp/cmake)
[0.179s] -- Using all available rosidl_typesupport_c: rosidl_typesupport_fastrtps_c;rosidl_typesupport_introspection_c
[0.189s] -- Using all available rosidl_typesupport_cpp: rosidl_typesupport_fastrtps_cpp;rosidl_typesupport_introspection_cpp
[0.212s] -- Found rmw_implementation_cmake: 6.1.2 (/opt/ros/humble/share/rmw_implementation_cmake/cmake)
[0.214s] -- Found rmw_fastrtps_cpp: 6.2.7 (/opt/ros/humble/share/rmw_fastrtps_cpp/cmake)
[0.316s] -- Using RMW implementation 'rmw_fastrtps_cpp' as default
[0.349s] -- Found geometry_msgs: 4.2.4 (/opt/ros/humble/share/geometry_msgs/cmake)
[0.358s] -- Found sensor_msgs: 4.2.4 (/opt/ros/humble/share/sensor_msgs/cmake)
[0.369s] -- Found rclcpp_components: 16.0.10 (/opt/ros/humble/share/rclcpp_components/cmake)
[0.382s] -- Found nav_msgs: 4.2.4 (/opt/ros/humble/share/nav_msgs/cmake)
[0.475s] -- Configuring done
[0.485s] -- Generating done
[0.487s] -- Build files have been written to: /home/aksel/Documents/GitHub/Mobile_robotter/ros2_ws/build/lidar_gui
[0.515s] [35m[1mConsolidate compiler generated dependencies of target lidar_gui[0m
[0.534s] [ 40%] [32mBuilding CXX object CMakeFiles/lidar_gui.dir/src/lidarnode.cpp.o[0m
[0.534s] [ 40%] [32mBuilding CXX object CMakeFiles/lidar_gui.dir/src/GUIWindow.cpp.o[0m
[0.718s] [01m[K/home/aksel/Documents/GitHub/Mobile_robotter/ros2_ws/src/lidar_gui/src/GUIWindow.cpp:3:1:[m[K [01;31m[Kerror: [m[K‘[01m[KGUI[m[K’ does not name a type
[0.718s]     3 | [01;31m[KGUI[m[K::GUI(){
[0.718s]       | [01;31m[K^~~[m[K
[0.718s] [01m[K/home/aksel/Documents/GitHub/Mobile_robotter/ros2_ws/src/lidar_gui/src/GUIWindow.cpp:54:6:[m[K [01;31m[Kerror: [m[K‘[01m[KGUI[m[K’ has not been declared
[0.718s]    54 | bool [01;31m[KGUI[m[K::spaceFree(int x_, int y_){
[0.718s]       |      [01;31m[K^~~[m[K
[0.719s] [01m[K/home/aksel/Documents/GitHub/Mobile_robotter/ros2_ws/src/lidar_gui/src/GUIWindow.cpp:[m[K In function ‘[01m[Kbool spaceFree(int, int)[m[K’:
[0.719s] [01m[K/home/aksel/Documents/GitHub/Mobile_robotter/ros2_ws/src/lidar_gui/src/GUIWindow.cpp:55:24:[m[K [01;31m[Kerror: [m[K‘[01m[KwallFrags[m[K’ was not declared in this scope
[0.719s]    55 |     for(int i = 0; i < [01;31m[KwallFrags[m[K.size(); i++){
[0.719s]       |                        [01;31m[K^~~~~~~~~[m[K
[0.719s] [01m[K/home/aksel/Documents/GitHub/Mobile_robotter/ros2_ws/src/lidar_gui/src/GUIWindow.cpp:[m[K At global scope:
[0.719s] [01m[K/home/aksel/Documents/GitHub/Mobile_robotter/ros2_ws/src/lidar_gui/src/GUIWindow.cpp:68:6:[m[K [01;31m[Kerror: [m[K‘[01m[KGUI[m[K’ has not been declared
[0.719s]    68 | void [01;31m[KGUI[m[K::lidarReading(float angle, float len){
[0.719s]       |      [01;31m[K^~~[m[K
[0.720s] [01m[K/home/aksel/Documents/GitHub/Mobile_robotter/ros2_ws/src/lidar_gui/src/GUIWindow.cpp:[m[K In function ‘[01m[Kvoid lidarReading(float, float)[m[K’:
[0.720s] [01m[K/home/aksel/Documents/GitHub/Mobile_robotter/ros2_ws/src/lidar_gui/src/GUIWindow.cpp:71:24:[m[K [01;31m[Kerror: [m[K‘[01m[KM_PI[m[K’ was not declared in this scope
[0.720s]    71 |     angle = angle*(180/[01;31m[KM_PI[m[K);
[0.720s]       |                        [01;31m[K^~~~[m[K
[0.720s] [01m[K/home/aksel/Documents/GitHub/Mobile_robotter/ros2_ws/src/lidar_gui/src/GUIWindow.cpp:73:17:[m[K [01;31m[Kerror: [m[K‘[01m[Kcos[m[K’ was not declared in this scope
[0.720s]    73 |     x_com = len*[01;31m[Kcos[m[K(angle);
[0.720s]       |                 [01;31m[K^~~[m[K
[0.721s] [01m[K/home/aksel/Documents/GitHub/Mobile_robotter/ros2_ws/src/lidar_gui/src/GUIWindow.cpp:74:17:[m[K [01;31m[Kerror: [m[K‘[01m[Ksin[m[K’ was not declared in this scope
[0.721s]    74 |     y_com = len*[01;31m[Ksin[m[K(angle);
[0.721s]       |                 [01;31m[K^~~[m[K
[0.722s] [01m[K/home/aksel/Documents/GitHub/Mobile_robotter/ros2_ws/src/lidar_gui/src/GUIWindow.cpp:76:24:[m[K [01;31m[Kerror: [m[K‘[01m[KwallFrags[m[K’ was not declared in this scope
[0.722s]    76 |     for(int i = 0; i < [01;31m[KwallFrags[m[K.size(); i++){
[0.722s]       |                        [01;31m[K^~~~~~~~~[m[K
[0.723s] [01m[K/home/aksel/Documents/GitHub/Mobile_robotter/ros2_ws/src/lidar_gui/src/GUIWindow.cpp:83:34:[m[K [01;31m[Kerror: [m[K‘[01m[Krobot[m[K’ was not declared in this scope
[0.723s]    83 |         if(wallFrags[i].contains([01;31m[Krobot[m[K.x + x_com, robot.y + y_com) && (wallFrags[i].getType() != Wall::typeWall)){ //Does a square exist on the recorded coords?
[0.723s]       |                                  [01;31m[K^~~~~[m[K
[0.723s] [01m[K/home/aksel/Documents/GitHub/Mobile_robotter/ros2_ws/src/lidar_gui/src/GUIWindow.cpp:83:98:[m[K [01;31m[Kerror: [m[K‘[01m[KWall[m[K’ has not been declared
[0.723s]    83 |         if(wallFrags[i].contains(robot.x + x_com, robot.y + y_com) && (wallFrags[i].getType() != [01;31m[KWall[m[K::typeWall)){ //Does a square exist on the recorded coords?
[0.723s]       |                                                                                                  [01;31m[K^~~~[m[K
[0.723s] [01m[K/home/aksel/Documents/GitHub/Mobile_robotter/ros2_ws/src/lidar_gui/src/GUIWindow.cpp:88:34:[m[K [01;31m[Kerror: [m[K‘[01m[KWall[m[K’ has not been declared
[0.723s]    88 |             wallFrags[i].setType([01;31m[KWall[m[K::typeWall);
[0.723s]       |                                  [01;31m[K^~~~[m[K
[0.723s] [01m[K/home/aksel/Documents/GitHub/Mobile_robotter/ros2_ws/src/lidar_gui/src/GUIWindow.cpp:95:38:[m[K [01;31m[Kerror: [m[K‘[01m[KPoint[m[K’ was not declared in this scope
[0.723s]    95 |             wallFrags.push_back(Wall([01;31m[KPoint[m[K(robot.x + x_com, robot.y + y_com), wallSize, Wall::typeWall)); //
[0.723s]       |                                      [01;31m[K^~~~~[m[K
[0.724s] [01m[K/home/aksel/Documents/GitHub/Mobile_robotter/ros2_ws/src/lidar_gui/src/GUIWindow.cpp:95:79:[m[K [01;31m[Kerror: [m[K‘[01m[KwallSize[m[K’ was not declared in this scope
[0.724s]    95 |             wallFrags.push_back(Wall(Point(robot.x + x_com, robot.y + y_com), [01;31m[KwallSize[m[K, Wall::typeWall)); //
[0.724s]       |                                                                               [01;31m[K^~~~~~~~[m[K
[0.724s] [01m[K/home/aksel/Documents/GitHub/Mobile_robotter/ros2_ws/src/lidar_gui/src/GUIWindow.cpp:95:89:[m[K [01;31m[Kerror: [m[K‘[01m[KWall[m[K’ has not been declared
[0.724s]    95 |             wallFrags.push_back(Wall(Point(robot.x + x_com, robot.y + y_com), wallSize, [01;31m[KWall[m[K::typeWall)); //
[0.724s]       |                                                                                         [01;31m[K^~~~[m[K
[0.725s] [01m[K/home/aksel/Documents/GitHub/Mobile_robotter/ros2_ws/src/lidar_gui/src/GUIWindow.cpp:95:33:[m[K [01;31m[Kerror: [m[K‘[01m[KWall[m[K’ was not declared in this scope
[0.725s]    95 |             wallFrags.push_back([01;31m[KWall[m[K(Point(robot.x + x_com, robot.y + y_com), wallSize, Wall::typeWall)); //
[0.725s]       |                                 [01;31m[K^~~~[m[K
[0.725s] [01m[K/home/aksel/Documents/GitHub/Mobile_robotter/ros2_ws/src/lidar_gui/src/GUIWindow.cpp:103:22:[m[K [01;31m[Kerror: [m[K‘[01m[Krobot[m[K’ was not declared in this scope
[0.725s]   103 |         if(spaceFree([01;31m[Krobot[m[K.x + (x_com/len)*i, robot.y + (y_com/len)*i)){
[0.725s]       |                      [01;31m[K^~~~~[m[K
[0.726s] [01m[K/home/aksel/Documents/GitHub/Mobile_robotter/ros2_ws/src/lidar_gui/src/GUIWindow.cpp:104:13:[m[K [01;31m[Kerror: [m[K‘[01m[KwallFrags[m[K’ was not declared in this scope
[0.726s]   104 |             [01;31m[KwallFrags[m[K.push_back(Wall(Point(robot.x + (x_com/len)*i, robot.y + (y_com/len)*i), emptySize, Wall::typeEmpty));
[0.726s]       |             [01;31m[K^~~~~~~~~[m[K
[0.727s] [01m[K/home/aksel/Documents/GitHub/Mobile_robotter/ros2_ws/src/lidar_gui/src/GUIWindow.cpp:104:38:[m[K [01;31m[Kerror: [m[K‘[01m[KPoint[m[K’ was not declared in this scope
[0.727s]   104 |             wallFrags.push_back(Wall([01;31m[KPoint[m[K(robot.x + (x_com/len)*i, robot.y + (y_com/len)*i), emptySize, Wall::typeEmpty));
[0.727s]       |                                      [01;31m[K^~~~~[m[K
[0.727s] [01m[K/home/aksel/Documents/GitHub/Mobile_robotter/ros2_ws/src/lidar_gui/src/GUIWindow.cpp:104:95:[m[K [01;31m[Kerror: [m[K‘[01m[KemptySize[m[K’ was not declared in this scope
[0.727s]   104 |             wallFrags.push_back(Wall(Point(robot.x + (x_com/len)*i, robot.y + (y_com/len)*i), [01;31m[KemptySize[m[K, Wall::typeEmpty));
[0.727s]       |                                                                                               [01;31m[K^~~~~~~~~[m[K
[0.727s] [01m[K/home/aksel/Documents/GitHub/Mobile_robotter/ros2_ws/src/lidar_gui/src/GUIWindow.cpp:104:106:[m[K [01;31m[Kerror: [m[K‘[01m[KWall[m[K’ has not been declared
[0.728s]   104 |             wallFrags.push_back(Wall(Point(robot.x + (x_com/len)*i, robot.y + (y_com/len)*i), emptySize, [01;31m[KWall[m[K::typeEmpty));
[0.728s]       |                                                                                                          [01;31m[K^~~~[m[K
[0.728s] [01m[K/home/aksel/Documents/GitHub/Mobile_robotter/ros2_ws/src/lidar_gui/src/GUIWindow.cpp:104:33:[m[K [01;31m[Kerror: [m[K‘[01m[KWall[m[K’ was not declared in this scope
[0.728s]   104 |             wallFrags.push_back([01;31m[KWall[m[K(Point(robot.x + (x_com/len)*i, robot.y + (y_com/len)*i), emptySize, Wall::typeEmpty));
[0.728s]       |                                 [01;31m[K^~~~[m[K
[0.728s] [01m[K/home/aksel/Documents/GitHub/Mobile_robotter/ros2_ws/src/lidar_gui/src/GUIWindow.cpp:[m[K At global scope:
[0.728s] [01m[K/home/aksel/Documents/GitHub/Mobile_robotter/ros2_ws/src/lidar_gui/src/GUIWindow.cpp:113:6:[m[K [01;31m[Kerror: [m[K‘[01m[KGUI[m[K’ has not been declared
[0.728s]   113 | void [01;31m[KGUI[m[K::movementRobot(float angle, float intensity){
[0.728s]       |      [01;31m[K^~~[m[K
[0.729s] [01m[K/home/aksel/Documents/GitHub/Mobile_robotter/ros2_ws/src/lidar_gui/src/GUIWindow.cpp:[m[K In function ‘[01m[Kvoid movementRobot(float, float)[m[K’:
[0.729s] [01m[K/home/aksel/Documents/GitHub/Mobile_robotter/ros2_ws/src/lidar_gui/src/GUIWindow.cpp:117:24:[m[K [01;31m[Kerror: [m[K‘[01m[KM_PI[m[K’ was not declared in this scope
[0.729s]   117 |     angle = angle*(180/[01;31m[KM_PI[m[K);
[0.729s]       |                        [01;31m[K^~~~[m[K
[0.729s] [01m[K/home/aksel/Documents/GitHub/Mobile_robotter/ros2_ws/src/lidar_gui/src/GUIWindow.cpp:119:25:[m[K [01;31m[Kerror: [m[K‘[01m[Kcos[m[K’ was not declared in this scope
[0.729s]   119 |     x_com = intensity * [01;31m[Kcos[m[K(angle);
[0.729s]       |                         [01;31m[K^~~[m[K
[0.730s] [01m[K/home/aksel/Documents/GitHub/Mobile_robotter/ros2_ws/src/lidar_gui/src/GUIWindow.cpp:120:25:[m[K [01;31m[Kerror: [m[K‘[01m[Ksin[m[K’ was not declared in this scope
[0.730s]   120 |     y_com = intensity * [01;31m[Ksin[m[K(angle);
[0.730s]       |                         [01;31m[K^~~[m[K
[0.730s] [01m[K/home/aksel/Documents/GitHub/Mobile_robotter/ros2_ws/src/lidar_gui/src/GUIWindow.cpp:122:5:[m[K [01;31m[Kerror: [m[K‘[01m[Krobot[m[K’ was not declared in this scope
[0.730s]   122 |     [01;31m[Krobot[m[K.x = robot.x + x_com;
[0.730s]       |     [01;31m[K^~~~~[m[K
[0.731s] [01m[K/home/aksel/Documents/GitHub/Mobile_robotter/ros2_ws/src/lidar_gui/src/GUIWindow.cpp:125:19:[m[K [01;31m[Kerror: [m[K‘[01m[Kdisplay[m[K’ was not declared in this scope
[0.731s]   125 |     XPutBackEvent([01;31m[Kdisplay[m[K, &event);
[0.731s]       |                   [01;31m[K^~~~~~~[m[K
[0.731s] [01m[K/home/aksel/Documents/GitHub/Mobile_robotter/ros2_ws/src/lidar_gui/src/GUIWindow.cpp:125:29:[m[K [01;31m[Kerror: [m[K‘[01m[Kevent[m[K’ was not declared in this scope
[0.731s]   125 |     XPutBackEvent(display, &[01;31m[Kevent[m[K);
[0.731s]       |                             [01;31m[K^~~~~[m[K
[0.732s] [01m[K/home/aksel/Documents/GitHub/Mobile_robotter/ros2_ws/src/lidar_gui/src/GUIWindow.cpp:125:5:[m[K [01;31m[Kerror: [m[K‘[01m[KXPutBackEvent[m[K’ was not declared in this scope
[0.732s]   125 |     [01;31m[KXPutBackEvent[m[K(display, &event);
[0.732s]       |     [01;31m[K^~~~~~~~~~~~~[m[K
[0.732s] [01m[K/home/aksel/Documents/GitHub/Mobile_robotter/ros2_ws/src/lidar_gui/src/GUIWindow.cpp:[m[K At global scope:
[0.732s] [01m[K/home/aksel/Documents/GitHub/Mobile_robotter/ros2_ws/src/lidar_gui/src/GUIWindow.cpp:128:6:[m[K [01;31m[Kerror: [m[K‘[01m[KGUI[m[K’ has not been declared
[0.732s]   128 | void [01;31m[KGUI[m[K::rescale(){
[0.732s]       |      [01;31m[K^~~[m[K
[0.733s] [01m[K/home/aksel/Documents/GitHub/Mobile_robotter/ros2_ws/src/lidar_gui/src/GUIWindow.cpp:[m[K In function ‘[01m[Kvoid rescale()[m[K’:
[0.733s] [01m[K/home/aksel/Documents/GitHub/Mobile_robotter/ros2_ws/src/lidar_gui/src/GUIWindow.cpp:130:8:[m[K [01;31m[Kerror: [m[K‘[01m[Krobot[m[K’ was not declared in this scope
[0.733s]   130 |     if([01;31m[Krobot[m[K.x < (XDisplayWidth(display, screen) * 0.1)){
[0.733s]       |        [01;31m[K^~~~~[m[K
[0.733s] [01m[K/home/aksel/Documents/GitHub/Mobile_robotter/ros2_ws/src/lidar_gui/src/GUIWindow.cpp:130:33:[m[K [01;31m[Kerror: [m[K‘[01m[Kdisplay[m[K’ was not declared in this scope
[0.733s]   130 |     if(robot.x < (XDisplayWidth([01;31m[Kdisplay[m[K, screen) * 0.1)){
[0.733s]       |                                 [01;31m[K^~~~~~~[m[K
[0.734s] [01m[K/home/aksel/Documents/GitHub/Mobile_robotter/ros2_ws/src/lidar_gui/src/GUIWindow.cpp:130:42:[m[K [01;31m[Kerror: [m[K‘[01m[Kscreen[m[K’ was not declared in this scope
[0.734s]   130 |     if(robot.x < (XDisplayWidth(display, [01;31m[Kscreen[m[K) * 0.1)){
[0.734s]       |                                          [01;31m[K^~~~~~[m[K
[0.735s] [01m[K/home/aksel/Documents/GitHub/Mobile_robotter/ros2_ws/src/lidar_gui/src/GUIWindow.cpp:130:19:[m[K [01;31m[Kerror: [m[K‘[01m[KXDisplayWidth[m[K’ was not declared in this scope
[0.735s]   130 |     if(robot.x < ([01;31m[KXDisplayWidth[m[K(display, screen) * 0.1)){
[0.735s]       |                   [01;31m[K^~~~~~~~~~~~~[m[K
[0.736s] [01m[K/home/aksel/Documents/GitHub/Mobile_robotter/ros2_ws/src/lidar_gui/src/GUIWindow.cpp:131:28:[m[K [01;31m[Kerror: [m[K‘[01m[KwallFrags[m[K’ was not declared in this scope
[0.736s]   131 |         for(int i = 0; i < [01;31m[KwallFrags[m[K.size(); i++){
[0.736s]       |                            [01;31m[K^~~~~~~~~[m[K
[0.737s] [01m[K/home/aksel/Documents/GitHub/Mobile_robotter/ros2_ws/src/lidar_gui/src/GUIWindow.cpp:138:28:[m[K [01;31m[Kerror: [m[K‘[01m[KwallFrags[m[K’ was not declared in this scope
[0.737s]   138 |         for(int i = 0; i < [01;31m[KwallFrags[m[K.size(); i++){
[0.737s]       |                            [01;31m[K^~~~~~~~~[m[K
[0.737s] [01m[K/home/aksel/Documents/GitHub/Mobile_robotter/ros2_ws/src/lidar_gui/src/GUIWindow.cpp:144:24:[m[K [01;31m[Kerror: [m[K‘[01m[KXDisplayHeight[m[K’ was not declared in this scope
[0.737s]   144 |     else if(robot.y < ([01;31m[KXDisplayHeight[m[K(display, screen) * 0.1)){
[0.737s]       |                        [01;31m[K^~~~~~~~~~~~~~[m[K
[0.738s] [01m[K/home/aksel/Documents/GitHub/Mobile_robotter/ros2_ws/src/lidar_gui/src/GUIWindow.cpp:145:28:[m[K [01;31m[Kerror: [m[K‘[01m[KwallFrags[m[K’ was not declared in this scope
[0.738s]   145 |         for(int i = 0; i < [01;31m[KwallFrags[m[K.size(); i++){
[0.738s]       |                            [01;31m[K^~~~~~~~~[m[K
[0.739s] [01m[K/home/aksel/Documents/GitHub/Mobile_robotter/ros2_ws/src/lidar_gui/src/GUIWindow.cpp:152:28:[m[K [01;31m[Kerror: [m[K‘[01m[KwallFrags[m[K’ was not declared in this scope
[0.739s]   152 |         for(int i = 0; i < [01;31m[KwallFrags[m[K.size(); i++){
[0.739s]       |                            [01;31m[K^~~~~~~~~[m[K
[0.739s] [01m[K/home/aksel/Documents/GitHub/Mobile_robotter/ros2_ws/src/lidar_gui/src/GUIWindow.cpp:[m[K At global scope:
[0.739s] [01m[K/home/aksel/Documents/GitHub/Mobile_robotter/ros2_ws/src/lidar_gui/src/GUIWindow.cpp:160:6:[m[K [01;31m[Kerror: [m[K‘[01m[KGUI[m[K’ has not been declared
[0.739s]   160 | void [01;31m[KGUI[m[K::paintMap(){
[0.739s]       |      [01;31m[K^~~[m[K
[0.740s] [01m[K/home/aksel/Documents/GitHub/Mobile_robotter/ros2_ws/src/lidar_gui/src/GUIWindow.cpp:[m[K In function ‘[01m[Kvoid paintMap()[m[K’:
[0.740s] [01m[K/home/aksel/Documents/GitHub/Mobile_robotter/ros2_ws/src/lidar_gui/src/GUIWindow.cpp:162:24:[m[K [01;31m[Kerror: [m[K‘[01m[KwallFrags[m[K’ was not declared in this scope
[0.740s]   162 |     for(int i = 0; i < [01;31m[KwallFrags[m[K.size(); i++){
[0.740s]       |                        [01;31m[K^~~~~~~~~[m[K
[0.740s] [01m[K/home/aksel/Documents/GitHub/Mobile_robotter/ros2_ws/src/lidar_gui/src/GUIWindow.cpp:163:24:[m[K [01;31m[Kerror: [m[K‘[01m[Kdisplay[m[K’ was not declared in this scope
[0.740s]   163 |         XFillRectangle([01;31m[Kdisplay[m[K, window, (wallFrags[i].getType() == Wall::typeWall ? gcWall : gcEmpty), wallFrags[i].x - wallFrags[i].size.width/2, wallFrags[i].y - wallFrags[i].size.height/2, wallFrags[i].size.width, wallFrags[i].size.height);
[0.740s]       |                        [01;31m[K^~~~~~~[m[K
[0.741s] [01m[K/home/aksel/Documents/GitHub/Mobile_robotter/ros2_ws/src/lidar_gui/src/GUIWindow.cpp:163:33:[m[K [01;31m[Kerror: [m[K‘[01m[Kwindow[m[K’ was not declared in this scope
[0.741s]   163 |         XFillRectangle(display, [01;31m[Kwindow[m[K, (wallFrags[i].getType() == Wall::typeWall ? gcWall : gcEmpty), wallFrags[i].x - wallFrags[i].size.width/2, wallFrags[i].y - wallFrags[i].size.height/2, wallFrags[i].size.width, wallFrags[i].size.height);
[0.741s]       |                                 [01;31m[K^~~~~~[m[K
[0.741s] [01m[K/home/aksel/Documents/GitHub/Mobile_robotter/ros2_ws/src/lidar_gui/src/GUIWindow.cpp:163:68:[m[K [01;31m[Kerror: [m[K‘[01m[KWall[m[K’ has not been declared
[0.741s]   163 |         XFillRectangle(display, window, (wallFrags[i].getType() == [01;31m[KWall[m[K::typeWall ? gcWall : gcEmpty), wallFrags[i].x - wallFrags[i].size.width/2, wallFrags[i].y - wallFrags[i].size.height/2, wallFrags[i].size.width, wallFrags[i].size.height);
[0.741s]       |                                                                    [01;31m[K^~~~[m[K
[0.741s] [01m[K/home/aksel/Documents/GitHub/Mobile_robotter/ros2_ws/src/lidar_gui/src/GUIWindow.cpp:163:85:[m[K [01;31m[Kerror: [m[K‘[01m[KgcWall[m[K’ was not declared in this scope
[0.742s]   163 |         XFillRectangle(display, window, (wallFrags[i].getType() == Wall::typeWall ? [01;31m[KgcWall[m[K : gcEmpty), wallFrags[i].x - wallFrags[i].size.width/2, wallFrags[i].y - wallFrags[i].size.height/2, wallFrags[i].size.width, wallFrags[i].size.height);
[0.742s]       |                                                                                     [01;31m[K^~~~~~[m[K
[0.742s] [01m[K/home/aksel/Documents/GitHub/Mobile_robotter/ros2_ws/src/lidar_gui/src/GUIWindow.cpp:163:94:[m[K [01;31m[Kerror: [m[K‘[01m[KgcEmpty[m[K’ was not declared in this scope
[0.742s]   163 |         XFillRectangle(display, window, (wallFrags[i].getType() == Wall::typeWall ? gcWall : [01;31m[KgcEmpty[m[K), wallFrags[i].x - wallFrags[i].size.width/2, wallFrags[i].y - wallFrags[i].size.height/2, wallFrags[i].size.width, wallFrags[i].size.height);
[0.742s]       |                                                                                              [01;31m[K^~~~~~~[m[K
[0.743s] [01m[K/home/aksel/Documents/GitHub/Mobile_robotter/ros2_ws/src/lidar_gui/src/GUIWindow.cpp:163:9:[m[K [01;31m[Kerror: [m[K‘[01m[KXFillRectangle[m[K’ was not declared in this scope
[0.743s]   163 |         [01;31m[KXFillRectangle[m[K(display, window, (wallFrags[i].getType() == Wall::typeWall ? gcWall : gcEmpty), wallFrags[i].x - wallFrags[i].size.width/2, wallFrags[i].y - wallFrags[i].size.height/2, wallFrags[i].size.width, wallFrags[i].size.height);
[0.743s]       |         [01;31m[K^~~~~~~~~~~~~~[m[K
[0.743s] [01m[K/home/aksel/Documents/GitHub/Mobile_robotter/ros2_ws/src/lidar_gui/src/GUIWindow.cpp:[m[K At global scope:
[0.743s] [01m[K/home/aksel/Documents/GitHub/Mobile_robotter/ros2_ws/src/lidar_gui/src/GUIWindow.cpp:167:6:[m[K [01;31m[Kerror: [m[K‘[01m[KGUI[m[K’ has not been declared
[0.743s]   167 | void [01;31m[KGUI[m[K::paintRobot(){
[0.743s]       |      [01;31m[K^~~[m[K
[0.744s] [01m[K/home/aksel/Documents/GitHub/Mobile_robotter/ros2_ws/src/lidar_gui/src/GUIWindow.cpp:[m[K In function ‘[01m[Kvoid paintRobot()[m[K’:
[0.744s] [01m[K/home/aksel/Documents/GitHub/Mobile_robotter/ros2_ws/src/lidar_gui/src/GUIWindow.cpp:168:20:[m[K [01;31m[Kerror: [m[K‘[01m[Kdisplay[m[K’ was not declared in this scope
[0.744s]   168 |     XFillRectangle([01;31m[Kdisplay[m[K, window, gcRobot, robot.x - robot.size.width/2, robot.y - robot.size.height/2, robotSize.width, robotSize.height);
[0.744s]       |                    [01;31m[K^~~~~~~[m[K
[0.744s] [01m[K/home/aksel/Documents/GitHub/Mobile_robotter/ros2_ws/src/lidar_gui/src/GUIWindow.cpp:168:29:[m[K [01;31m[Kerror: [m[K‘[01m[Kwindow[m[K’ was not declared in this scope
[0.744s]   168 |     XFillRectangle(display, [01;31m[Kwindow[m[K, gcRobot, robot.x - robot.size.width/2, robot.y - robot.size.height/2, robotSize.width, robotSize.height);
[0.744s]       |                             [01;31m[K^~~~~~[m[K
[0.745s] [01m[K/home/aksel/Documents/GitHub/Mobile_robotter/ros2_ws/src/lidar_gui/src/GUIWindow.cpp:168:37:[m[K [01;31m[Kerror: [m[K‘[01m[KgcRobot[m[K’ was not declared in this scope
[0.745s]   168 |     XFillRectangle(display, window, [01;31m[KgcRobot[m[K, robot.x - robot.size.width/2, robot.y - robot.size.height/2, robotSize.width, robotSize.height);
[0.745s]       |                                     [01;31m[K^~~~~~~[m[K
[0.746s] [01m[K/home/aksel/Documents/GitHub/Mobile_robotter/ros2_ws/src/lidar_gui/src/GUIWindow.cpp:168:46:[m[K [01;31m[Kerror: [m[K‘[01m[Krobot[m[K’ was not declared in this scope
[0.746s]   168 |     XFillRectangle(display, window, gcRobot, [01;31m[Krobot[m[K.x - robot.size.width/2, robot.y - robot.size.height/2, robotSize.width, robotSize.height);
[0.746s]       |                                              [01;31m[K^~~~~[m[K
[0.746s] [01m[K/home/aksel/Documents/GitHub/Mobile_robotter/ros2_ws/src/lidar_gui/src/GUIWindow.cpp:168:107:[m[K [01;31m[Kerror: [m[K‘[01m[KrobotSize[m[K’ was not declared in this scope
[0.746s]   168 |     XFillRectangle(display, window, gcRobot, robot.x - robot.size.width/2, robot.y - robot.size.height/2, [01;31m[KrobotSize[m[K.width, robotSize.height);
[0.746s]       |                                                                                                           [01;31m[K^~~~~~~~~[m[K
[0.747s] [01m[K/home/aksel/Documents/GitHub/Mobile_robotter/ros2_ws/src/lidar_gui/src/GUIWindow.cpp:168:5:[m[K [01;31m[Kerror: [m[K‘[01m[KXFillRectangle[m[K’ was not declared in this scope
[0.747s]   168 |     [01;31m[KXFillRectangle[m[K(display, window, gcRobot, robot.x - robot.size.width/2, robot.y - robot.size.height/2, robotSize.width, robotSize.height);
[0.747s]       |     [01;31m[K^~~~~~~~~~~~~~[m[K
[0.747s] [01m[K/home/aksel/Documents/GitHub/Mobile_robotter/ros2_ws/src/lidar_gui/src/GUIWindow.cpp:[m[K At global scope:
[0.747s] [01m[K/home/aksel/Documents/GitHub/Mobile_robotter/ros2_ws/src/lidar_gui/src/GUIWindow.cpp:171:6:[m[K [01;31m[Kerror: [m[K‘[01m[KGUI[m[K’ has not been declared
[0.747s]   171 | void [01;31m[KGUI[m[K::update(bool& update, float angle, float len){
[0.747s]       |      [01;31m[K^~~[m[K
[0.748s] [01m[K/home/aksel/Documents/GitHub/Mobile_robotter/ros2_ws/src/lidar_gui/src/GUIWindow.cpp:[m[K In function ‘[01m[Kvoid update(bool&, float, float)[m[K’:
[0.748s] [01m[K/home/aksel/Documents/GitHub/Mobile_robotter/ros2_ws/src/lidar_gui/src/GUIWindow.cpp:178:19:[m[K [01;31m[Kerror: [m[K‘[01m[Kdisplay[m[K’ was not declared in this scope
[0.748s]   178 |             XSync([01;31m[Kdisplay[m[K, False);
[0.748s]       |                   [01;31m[K^~~~~~~[m[K
[0.748s] [01m[K/home/aksel/Documents/GitHub/Mobile_robotter/ros2_ws/src/lidar_gui/src/GUIWindow.cpp:178:28:[m[K [01;31m[Kerror: [m[K‘[01m[KFalse[m[K’ was not declared in this scope
[0.748s]   178 |             XSync(display, [01;31m[KFalse[m[K);
[0.749s]       |                            [01;31m[K^~~~~[m[K
[0.749s] [01m[K/home/aksel/Documents/GitHub/Mobile_robotter/ros2_ws/src/lidar_gui/src/GUIWindow.cpp:178:13:[m[K [01;31m[Kerror: [m[K‘[01m[KXSync[m[K’ was not declared in this scope
[0.749s]   178 |             [01;31m[KXSync[m[K(display, False);
[0.749s]       |             [01;31m[K^~~~~[m[K
[0.750s] [01m[K/home/aksel/Documents/GitHub/Mobile_robotter/ros2_ws/src/lidar_gui/src/GUIWindow.cpp:185:13:[m[K [01;31m[Kerror: [m[K‘[01m[Krobot[m[K’ was not declared in this scope
[0.750s]   185 |         if(([01;31m[Krobot[m[K.x < (XDisplayWidth(display, screen) * 0.1)) || (robot.x > (XDisplayWidth(display, screen) * 0.9)) || (robot.y < (XDisplayHeight(display, screen) * 0.1)) || (robot.y > (XDisplayWidth(display, screen) * 0.9))){
[0.750s]       |             [01;31m[K^~~~~[m[K
[0.750s] [01m[K/home/aksel/Documents/GitHub/Mobile_robotter/ros2_ws/src/lidar_gui/src/GUIWindow.cpp:185:38:[m[K [01;31m[Kerror: [m[K‘[01m[Kdisplay[m[K’ was not declared in this scope
[0.750s]   185 |         if((robot.x < (XDisplayWidth([01;31m[Kdisplay[m[K, screen) * 0.1)) || (robot.x > (XDisplayWidth(display, screen) * 0.9)) || (robot.y < (XDisplayHeight(display, screen) * 0.1)) || (robot.y > (XDisplayWidth(display, screen) * 0.9))){
[0.750s]       |                                      [01;31m[K^~~~~~~[m[K
[0.751s] [01m[K/home/aksel/Documents/GitHub/Mobile_robotter/ros2_ws/src/lidar_gui/src/GUIWindow.cpp:185:47:[m[K [01;31m[Kerror: [m[K‘[01m[Kscreen[m[K’ was not declared in this scope
[0.751s]   185 |         if((robot.x < (XDisplayWidth(display, [01;31m[Kscreen[m[K) * 0.1)) || (robot.x > (XDisplayWidth(display, screen) * 0.9)) || (robot.y < (XDisplayHeight(display, screen) * 0.1)) || (robot.y > (XDisplayWidth(display, screen) * 0.9))){
[0.751s]       |                                               [01;31m[K^~~~~~[m[K
[0.752s] [01m[K/home/aksel/Documents/GitHub/Mobile_robotter/ros2_ws/src/lidar_gui/src/GUIWindow.cpp:185:24:[m[K [01;31m[Kerror: [m[K‘[01m[KXDisplayWidth[m[K’ was not declared in this scope
[0.752s]   185 |         if((robot.x < ([01;31m[KXDisplayWidth[m[K(display, screen) * 0.1)) || (robot.x > (XDisplayWidth(display, screen) * 0.9)) || (robot.y < (XDisplayHeight(display, screen) * 0.1)) || (robot.y > (XDisplayWidth(display, screen) * 0.9))){
[0.752s]       |                        [01;31m[K^~~~~~~~~~~~~[m[K
[0.753s] [01m[K/home/aksel/Documents/GitHub/Mobile_robotter/ros2_ws/src/lidar_gui/src/GUIWindow.cpp:185:132:[m[K [01;31m[Kerror: [m[K‘[01m[KXDisplayHeight[m[K’ was not declared in this scope
[0.753s]   185 |         if((robot.x < (XDisplayWidth(display, screen) * 0.1)) || (robot.x > (XDisplayWidth(display, screen) * 0.9)) || (robot.y < ([01;31m[KXDisplayHeight[m[K(display, screen) * 0.1)) || (robot.y > (XDisplayWidth(display, screen) * 0.9))){
[0.753s]       |                                                                                                                                    [01;31m[K^~~~~~~~~~~~~~[m[K
[0.754s] [01m[K/home/aksel/Documents/GitHub/Mobile_robotter/ros2_ws/src/lidar_gui/src/GUIWindow.cpp:193:21:[m[K [01;31m[Kerror: [m[K‘[01m[Kdisplay[m[K’ was not declared in this scope
[0.754s]   193 |         if(XPending([01;31m[Kdisplay[m[K) > 0){
[0.754s]       |                     [01;31m[K^~~~~~~[m[K
[0.754s] [01m[K/home/aksel/Documents/GitHub/Mobile_robotter/ros2_ws/src/lidar_gui/src/GUIWindow.cpp:193:12:[m[K [01;31m[Kerror: [m[K‘[01m[KXPending[m[K’ was not declared in this scope
[0.754s]   193 |         if([01;31m[KXPending[m[K(display) > 0){
[0.754s]       |            [01;31m[K^~~~~~~~[m[K
[0.755s] [01m[K/home/aksel/Documents/GitHub/Mobile_robotter/ros2_ws/src/lidar_gui/src/GUIWindow.cpp:194:34:[m[K [01;31m[Kerror: [m[K‘[01m[Kevent[m[K’ was not declared in this scope
[0.755s]   194 |             XNextEvent(display, &[01;31m[Kevent[m[K);
[0.755s]       |                                  [01;31m[K^~~~~[m[K
[0.756s] [01m[K/home/aksel/Documents/GitHub/Mobile_robotter/ros2_ws/src/lidar_gui/src/GUIWindow.cpp:194:13:[m[K [01;31m[Kerror: [m[K‘[01m[KXNextEvent[m[K’ was not declared in this scope
[0.756s]   194 |             [01;31m[KXNextEvent[m[K(display, &event);
[0.756s]       |             [01;31m[K^~~~~~~~~~[m[K
[0.756s] [01m[K/home/aksel/Documents/GitHub/Mobile_robotter/ros2_ws/src/lidar_gui/src/GUIWindow.cpp:195:30:[m[K [01;31m[Kerror: [m[K‘[01m[KExpose[m[K’ was not declared in this scope
[0.756s]   195 |             if(event.type == [01;31m[KExpose[m[K){
[0.756s]       |                              [01;31m[K^~~~~~[m[K
[0.756s] [01m[K/home/aksel/Documents/GitHub/Mobile_robotter/ros2_ws/src/lidar_gui/src/GUIWindow.cpp:172:9:[m[K [01;35m[Kwarning: [m[Kunused variable ‘[01m[Kmove[m[K’ [[01;35m[K]8;;https://gcc.gnu.org/onlinedocs/gcc/Warning-Options.html#index-Wunused-variable-Wunused-variable]8;;[m[K]
[0.757s]   172 |     int [01;35m[Kmove[m[K = 0;
[0.757s]       |         [01;35m[K^~~~[m[K
[0.757s] [01m[K/home/aksel/Documents/GitHub/Mobile_robotter/ros2_ws/src/lidar_gui/src/GUIWindow.cpp:[m[K At global scope:
[0.757s] [01m[K/home/aksel/Documents/GitHub/Mobile_robotter/ros2_ws/src/lidar_gui/src/GUIWindow.cpp:203:6:[m[K [01;31m[Kerror: [m[K‘[01m[KGUI[m[K’ has not been declared
[0.757s]   203 | void [01;31m[KGUI[m[K::show(){
[0.757s]       |      [01;31m[K^~~[m[K
[0.757s] [01m[K/home/aksel/Documents/GitHub/Mobile_robotter/ros2_ws/src/lidar_gui/src/GUIWindow.cpp:[m[K In function ‘[01m[Kvoid show()[m[K’:
[0.757s] [01m[K/home/aksel/Documents/GitHub/Mobile_robotter/ros2_ws/src/lidar_gui/src/GUIWindow.cpp:204:16:[m[K [01;31m[Kerror: [m[K‘[01m[Kdisplay[m[K’ was not declared in this scope
[0.757s]   204 |     XMapWindow([01;31m[Kdisplay[m[K, window);
[0.757s]       |                [01;31m[K^~~~~~~[m[K
[0.758s] [01m[K/home/aksel/Documents/GitHub/Mobile_robotter/ros2_ws/src/lidar_gui/src/GUIWindow.cpp:204:25:[m[K [01;31m[Kerror: [m[K‘[01m[Kwindow[m[K’ was not declared in this scope
[0.758s]   204 |     XMapWindow(display, [01;31m[Kwindow[m[K);
[0.758s]       |                         [01;31m[K^~~~~~[m[K
[0.758s] [01m[K/home/aksel/Documents/GitHub/Mobile_robotter/ros2_ws/src/lidar_gui/src/GUIWindow.cpp:204:5:[m[K [01;31m[Kerror: [m[K‘[01m[KXMapWindow[m[K’ was not declared in this scope
[0.758s]   204 |     [01;31m[KXMapWindow[m[K(display, window);
[0.758s]       |     [01;31m[K^~~~~~~~~~[m[K
[0.759s] [01m[K/home/aksel/Documents/GitHub/Mobile_robotter/ros2_ws/src/lidar_gui/src/GUIWindow.cpp:205:26:[m[K [01;31m[Kerror: [m[K‘[01m[Kevent[m[K’ was not declared in this scope
[0.759s]   205 |     XNextEvent(display, &[01;31m[Kevent[m[K);
[0.759s]       |                          [01;31m[K^~~~~[m[K
[0.760s] [01m[K/home/aksel/Documents/GitHub/Mobile_robotter/ros2_ws/src/lidar_gui/src/GUIWindow.cpp:205:5:[m[K [01;31m[Kerror: [m[K‘[01m[KXNextEvent[m[K’ was not declared in this scope
[0.760s]   205 |     [01;31m[KXNextEvent[m[K(display, &event);
[0.760s]       |     [01;31m[K^~~~~~~~~~[m[K
[0.790s] gmake[2]: *** [CMakeFiles/lidar_gui.dir/build.make:118: CMakeFiles/lidar_gui.dir/src/GUIWindow.cpp.o] Error 1
[0.790s] gmake[2]: *** Waiting for unfinished jobs....
[2.543s] [01m[K/home/aksel/Documents/GitHub/Mobile_robotter/ros2_ws/src/lidar_gui/src/lidarnode.cpp:[m[K In member function ‘[01m[Kvoid MappingNode::scanCallback(sensor_msgs::msg::LaserScan_<std::allocator<void> >::SharedPtr)[m[K’:
[2.543s] [01m[K/home/aksel/Documents/GitHub/Mobile_robotter/ros2_ws/src/lidar_gui/src/lidarnode.cpp:34:23:[m[K [01;31m[Kerror: [m[Kno matching function for call to ‘[01m[KGUI::update(bool&, float&, float&)[m[K’
[2.543s]    34 |             [01;31m[Kgui.update(update, distance, angle)[m[K;
[2.543s]       |             [01;31m[K~~~~~~~~~~^~~~~~~~~~~~~~~~~~~~~~~~~[m[K
[2.543s] In file included from [01m[K/home/aksel/Documents/GitHub/Mobile_robotter/ros2_ws/src/lidar_gui/include/lidarnode.h:8[m[K,
[2.543s]                  from [01m[K/home/aksel/Documents/GitHub/Mobile_robotter/ros2_ws/src/lidar_gui/src/lidarnode.cpp:1[m[K:
[2.543s] [01m[K/home/aksel/Documents/GitHub/Mobile_robotter/ros2_ws/src/lidar_gui/include/GUIWindow.h:41:10:[m[K [01;36m[Knote: [m[Kcandidate: ‘[01m[Kvoid GUI::update(bool&)[m[K’
[2.543s]    41 |     void [01;36m[Kupdate[m[K(bool& update);
[2.543s]       |          [01;36m[K^~~~~~[m[K
[2.543s] [01m[K/home/aksel/Documents/GitHub/Mobile_robotter/ros2_ws/src/lidar_gui/include/GUIWindow.h:41:10:[m[K [01;36m[Knote: [m[K  candidate expects 1 argument, 3 provided
[5.375s] gmake[2]: *** [CMakeFiles/lidar_gui.dir/build.make:90: CMakeFiles/lidar_gui.dir/src/lidarnode.cpp.o] Error 1
[5.375s] gmake[1]: *** [CMakeFiles/Makefile2:137: CMakeFiles/lidar_gui.dir/all] Error 2
[5.375s] gmake: *** [Makefile:146: all] Error 2
[5.378s] Invoked command in '/home/aksel/Documents/GitHub/Mobile_robotter/ros2_ws/build/lidar_gui' returned '2': CMAKE_PREFIX_PATH=${CMAKE_PREFIX_PATH}:/home/aksel/turtlebot3_ws/install/turtlebot3_teleop:/home/aksel/turtlebot3_ws/install/turtlebot3_example:/opt/ros/humble /bin/cmake --build /home/aksel/Documents/GitHub/Mobile_robotter/ros2_ws/build/lidar_gui -- -j16 -l16
