[35m[1mConsolidate compiler generated dependencies of target lidar_gui[0m
[ 40%] [32mBuilding CXX object CMakeFiles/lidar_gui.dir/src/GUIWindow.cpp.o[0m
[ 40%] [32mBuilding CXX object CMakeFiles/lidar_gui.dir/src/lidarnode.cpp.o[0m
[01m[K/home/aksel/Documents/GitHub/Mobile_robotter/ros2_ws/src/lidar_gui/src/GUIWindow.cpp:5:1:[m[K [01;31m[Kerror: [m[K‘[01m[KGUI[m[K’ does not name a type
    5 | [01;31m[KGUI[m[K::GUI(){
      | [01;31m[K^~~[m[K
[01m[K/home/aksel/Documents/GitHub/Mobile_robotter/ros2_ws/src/lidar_gui/src/GUIWindow.cpp:56:6:[m[K [01;31m[Kerror: [m[K‘[01m[KGUI[m[K’ has not been declared
   56 | bool [01;31m[KGUI[m[K::spaceFree(int x_, int y_){
      |      [01;31m[K^~~[m[K
[01m[K/home/aksel/Documents/GitHub/Mobile_robotter/ros2_ws/src/lidar_gui/src/GUIWindow.cpp:[m[K In function ‘[01m[Kbool spaceFree(int, int)[m[K’:
[01m[K/home/aksel/Documents/GitHub/Mobile_robotter/ros2_ws/src/lidar_gui/src/GUIWindow.cpp:57:24:[m[K [01;31m[Kerror: [m[K‘[01m[KwallFrags[m[K’ was not declared in this scope
   57 |     for(int i = 0; i < [01;31m[KwallFrags[m[K.size(); i++){
      |                        [01;31m[K^~~~~~~~~[m[K
[01m[K/home/aksel/Documents/GitHub/Mobile_robotter/ros2_ws/src/lidar_gui/src/GUIWindow.cpp:[m[K At global scope:
[01m[K/home/aksel/Documents/GitHub/Mobile_robotter/ros2_ws/src/lidar_gui/src/GUIWindow.cpp:70:6:[m[K [01;31m[Kerror: [m[K‘[01m[KGUI[m[K’ has not been declared
   70 | void [01;31m[KGUI[m[K::lidarReading(float angle, float len){
      |      [01;31m[K^~~[m[K
[01m[K/home/aksel/Documents/GitHub/Mobile_robotter/ros2_ws/src/lidar_gui/src/GUIWindow.cpp:[m[K In function ‘[01m[Kvoid lidarReading(float, float)[m[K’:
[01m[K/home/aksel/Documents/GitHub/Mobile_robotter/ros2_ws/src/lidar_gui/src/GUIWindow.cpp:78:24:[m[K [01;31m[Kerror: [m[K‘[01m[KwallFrags[m[K’ was not declared in this scope
   78 |     for(int i = 0; i < [01;31m[KwallFrags[m[K.size(); i++){
      |                        [01;31m[K^~~~~~~~~[m[K
[01m[K/home/aksel/Documents/GitHub/Mobile_robotter/ros2_ws/src/lidar_gui/src/GUIWindow.cpp:85:34:[m[K [01;31m[Kerror: [m[K‘[01m[Krobot[m[K’ was not declared in this scope; did you mean ‘[01m[KRobot[m[K’?
   85 |         if(wallFrags[i].contains([01;31m[Krobot[m[K.x + x_com, robot.y + y_com) && (wallFrags[i].getType() != Wall::typeWall)){ //Does a square exist on the recorded coords?
      |                                  [01;31m[K^~~~~[m[K
      |                                  [32m[KRobot[m[K
[01m[K/home/aksel/Documents/GitHub/Mobile_robotter/ros2_ws/src/lidar_gui/src/GUIWindow.cpp:97:79:[m[K [01;31m[Kerror: [m[K‘[01m[KwallSize[m[K’ was not declared in this scope
   97 |             wallFrags.push_back(Wall(Point(robot.x + x_com, robot.y + y_com), [01;31m[KwallSize[m[K, Wall::typeWall)); //
      |                                                                               [01;31m[K^~~~~~~~[m[K
[01m[K/home/aksel/Documents/GitHub/Mobile_robotter/ros2_ws/src/lidar_gui/src/GUIWindow.cpp:105:22:[m[K [01;31m[Kerror: [m[K‘[01m[Krobot[m[K’ was not declared in this scope; did you mean ‘[01m[KRobot[m[K’?
  105 |         if(spaceFree([01;31m[Krobot[m[K.x + (x_com/len)*i, robot.y + (y_com/len)*i)){
      |                      [01;31m[K^~~~~[m[K
      |                      [32m[KRobot[m[K
[01m[K/home/aksel/Documents/GitHub/Mobile_robotter/ros2_ws/src/lidar_gui/src/GUIWindow.cpp:106:13:[m[K [01;31m[Kerror: [m[K‘[01m[KwallFrags[m[K’ was not declared in this scope
  106 |             [01;31m[KwallFrags[m[K.push_back(Wall(Point(robot.x + (x_com/len)*i, robot.y + (y_com/len)*i), emptySize, Wall::typeEmpty));
      |             [01;31m[K^~~~~~~~~[m[K
[01m[K/home/aksel/Documents/GitHub/Mobile_robotter/ros2_ws/src/lidar_gui/src/GUIWindow.cpp:106:95:[m[K [01;31m[Kerror: [m[K‘[01m[KemptySize[m[K’ was not declared in this scope
  106 |             wallFrags.push_back(Wall(Point(robot.x + (x_com/len)*i, robot.y + (y_com/len)*i), [01;31m[KemptySize[m[K, Wall::typeEmpty));
      |                                                                                               [01;31m[K^~~~~~~~~[m[K
[01m[K/home/aksel/Documents/GitHub/Mobile_robotter/ros2_ws/src/lidar_gui/src/GUIWindow.cpp:[m[K At global scope:
[01m[K/home/aksel/Documents/GitHub/Mobile_robotter/ros2_ws/src/lidar_gui/src/GUIWindow.cpp:115:6:[m[K [01;31m[Kerror: [m[K‘[01m[KGUI[m[K’ has not been declared
  115 | void [01;31m[KGUI[m[K::movementRobot(float angle, float intensity){
      |      [01;31m[K^~~[m[K
[01m[K/home/aksel/Documents/GitHub/Mobile_robotter/ros2_ws/src/lidar_gui/src/GUIWindow.cpp:[m[K In function ‘[01m[Kvoid movementRobot(float, float)[m[K’:
[01m[K/home/aksel/Documents/GitHub/Mobile_robotter/ros2_ws/src/lidar_gui/src/GUIWindow.cpp:124:5:[m[K [01;31m[Kerror: [m[K‘[01m[Krobot[m[K’ was not declared in this scope; did you mean ‘[01m[KRobot[m[K’?
  124 |     [01;31m[Krobot[m[K.x = robot.x + x_com;
      |     [01;31m[K^~~~~[m[K
      |     [32m[KRobot[m[K
[01m[K/home/aksel/Documents/GitHub/Mobile_robotter/ros2_ws/src/lidar_gui/src/GUIWindow.cpp:127:19:[m[K [01;31m[Kerror: [m[K‘[01m[Kdisplay[m[K’ was not declared in this scope
  127 |     XPutBackEvent([01;31m[Kdisplay[m[K, &event);
      |                   [01;31m[K^~~~~~~[m[K
[01m[K/home/aksel/Documents/GitHub/Mobile_robotter/ros2_ws/src/lidar_gui/src/GUIWindow.cpp:127:29:[m[K [01;31m[Kerror: [m[K‘[01m[Kevent[m[K’ was not declared in this scope
  127 |     XPutBackEvent(display, &[01;31m[Kevent[m[K);
      |                             [01;31m[K^~~~~[m[K
[01m[K/home/aksel/Documents/GitHub/Mobile_robotter/ros2_ws/src/lidar_gui/src/GUIWindow.cpp:127:5:[m[K [01;31m[Kerror: [m[K‘[01m[KXPutBackEvent[m[K’ was not declared in this scope
  127 |     [01;31m[KXPutBackEvent[m[K(display, &event);
      |     [01;31m[K^~~~~~~~~~~~~[m[K
[01m[K/home/aksel/Documents/GitHub/Mobile_robotter/ros2_ws/src/lidar_gui/src/GUIWindow.cpp:[m[K At global scope:
[01m[K/home/aksel/Documents/GitHub/Mobile_robotter/ros2_ws/src/lidar_gui/src/GUIWindow.cpp:130:6:[m[K [01;31m[Kerror: [m[K‘[01m[KGUI[m[K’ has not been declared
  130 | void [01;31m[KGUI[m[K::rescale(){
      |      [01;31m[K^~~[m[K
[01m[K/home/aksel/Documents/GitHub/Mobile_robotter/ros2_ws/src/lidar_gui/src/GUIWindow.cpp:[m[K In function ‘[01m[Kvoid rescale()[m[K’:
[01m[K/home/aksel/Documents/GitHub/Mobile_robotter/ros2_ws/src/lidar_gui/src/GUIWindow.cpp:132:8:[m[K [01;31m[Kerror: [m[K‘[01m[Krobot[m[K’ was not declared in this scope; did you mean ‘[01m[KRobot[m[K’?
  132 |     if([01;31m[Krobot[m[K.x < (XDisplayWidth(display, screen) * 0.1)){
      |        [01;31m[K^~~~~[m[K
      |        [32m[KRobot[m[K
[01m[K/home/aksel/Documents/GitHub/Mobile_robotter/ros2_ws/src/lidar_gui/src/GUIWindow.cpp:132:33:[m[K [01;31m[Kerror: [m[K‘[01m[Kdisplay[m[K’ was not declared in this scope
  132 |     if(robot.x < (XDisplayWidth([01;31m[Kdisplay[m[K, screen) * 0.1)){
      |                                 [01;31m[K^~~~~~~[m[K
[01m[K/home/aksel/Documents/GitHub/Mobile_robotter/ros2_ws/src/lidar_gui/src/GUIWindow.cpp:132:42:[m[K [01;31m[Kerror: [m[K‘[01m[Kscreen[m[K’ was not declared in this scope
  132 |     if(robot.x < (XDisplayWidth(display, [01;31m[Kscreen[m[K) * 0.1)){
      |                                          [01;31m[K^~~~~~[m[K
[01m[K/home/aksel/Documents/GitHub/Mobile_robotter/ros2_ws/src/lidar_gui/src/GUIWindow.cpp:132:19:[m[K [01;31m[Kerror: [m[K‘[01m[KXDisplayWidth[m[K’ was not declared in this scope
  132 |     if(robot.x < ([01;31m[KXDisplayWidth[m[K(display, screen) * 0.1)){
      |                   [01;31m[K^~~~~~~~~~~~~[m[K
[01m[K/home/aksel/Documents/GitHub/Mobile_robotter/ros2_ws/src/lidar_gui/src/GUIWindow.cpp:133:28:[m[K [01;31m[Kerror: [m[K‘[01m[KwallFrags[m[K’ was not declared in this scope
  133 |         for(int i = 0; i < [01;31m[KwallFrags[m[K.size(); i++){
      |                            [01;31m[K^~~~~~~~~[m[K
[01m[K/home/aksel/Documents/GitHub/Mobile_robotter/ros2_ws/src/lidar_gui/src/GUIWindow.cpp:140:28:[m[K [01;31m[Kerror: [m[K‘[01m[KwallFrags[m[K’ was not declared in this scope
  140 |         for(int i = 0; i < [01;31m[KwallFrags[m[K.size(); i++){
      |                            [01;31m[K^~~~~~~~~[m[K
[01m[K/home/aksel/Documents/GitHub/Mobile_robotter/ros2_ws/src/lidar_gui/src/GUIWindow.cpp:146:24:[m[K [01;31m[Kerror: [m[K‘[01m[KXDisplayHeight[m[K’ was not declared in this scope
  146 |     else if(robot.y < ([01;31m[KXDisplayHeight[m[K(display, screen) * 0.1)){
      |                        [01;31m[K^~~~~~~~~~~~~~[m[K
[01m[K/home/aksel/Documents/GitHub/Mobile_robotter/ros2_ws/src/lidar_gui/src/GUIWindow.cpp:147:28:[m[K [01;31m[Kerror: [m[K‘[01m[KwallFrags[m[K’ was not declared in this scope
  147 |         for(int i = 0; i < [01;31m[KwallFrags[m[K.size(); i++){
      |                            [01;31m[K^~~~~~~~~[m[K
[01m[K/home/aksel/Documents/GitHub/Mobile_robotter/ros2_ws/src/lidar_gui/src/GUIWindow.cpp:154:28:[m[K [01;31m[Kerror: [m[K‘[01m[KwallFrags[m[K’ was not declared in this scope
  154 |         for(int i = 0; i < [01;31m[KwallFrags[m[K.size(); i++){
      |                            [01;31m[K^~~~~~~~~[m[K
[01m[K/home/aksel/Documents/GitHub/Mobile_robotter/ros2_ws/src/lidar_gui/src/GUIWindow.cpp:[m[K At global scope:
[01m[K/home/aksel/Documents/GitHub/Mobile_robotter/ros2_ws/src/lidar_gui/src/GUIWindow.cpp:162:6:[m[K [01;31m[Kerror: [m[K‘[01m[KGUI[m[K’ has not been declared
  162 | void [01;31m[KGUI[m[K::paintMap(){
      |      [01;31m[K^~~[m[K
[01m[K/home/aksel/Documents/GitHub/Mobile_robotter/ros2_ws/src/lidar_gui/src/GUIWindow.cpp:[m[K In function ‘[01m[Kvoid paintMap()[m[K’:
[01m[K/home/aksel/Documents/GitHub/Mobile_robotter/ros2_ws/src/lidar_gui/src/GUIWindow.cpp:164:24:[m[K [01;31m[Kerror: [m[K‘[01m[KwallFrags[m[K’ was not declared in this scope
  164 |     for(int i = 0; i < [01;31m[KwallFrags[m[K.size(); i++){
      |                        [01;31m[K^~~~~~~~~[m[K
[01m[K/home/aksel/Documents/GitHub/Mobile_robotter/ros2_ws/src/lidar_gui/src/GUIWindow.cpp:165:24:[m[K [01;31m[Kerror: [m[K‘[01m[Kdisplay[m[K’ was not declared in this scope
  165 |         XFillRectangle([01;31m[Kdisplay[m[K, window, (wallFrags[i].getType() == Wall::typeWall ? gcWall : gcEmpty), wallFrags[i].x - wallFrags[i].size.width/2, wallFrags[i].y - wallFrags[i].size.height/2, wallFrags[i].size.width, wallFrags[i].size.height);
      |                        [01;31m[K^~~~~~~[m[K
[01m[K/home/aksel/Documents/GitHub/Mobile_robotter/ros2_ws/src/lidar_gui/src/GUIWindow.cpp:165:33:[m[K [01;31m[Kerror: [m[K‘[01m[Kwindow[m[K’ was not declared in this scope
  165 |         XFillRectangle(display, [01;31m[Kwindow[m[K, (wallFrags[i].getType() == Wall::typeWall ? gcWall : gcEmpty), wallFrags[i].x - wallFrags[i].size.width/2, wallFrags[i].y - wallFrags[i].size.height/2, wallFrags[i].size.width, wallFrags[i].size.height);
      |                                 [01;31m[K^~~~~~[m[K
[01m[K/home/aksel/Documents/GitHub/Mobile_robotter/ros2_ws/src/lidar_gui/src/GUIWindow.cpp:165:85:[m[K [01;31m[Kerror: [m[K‘[01m[KgcWall[m[K’ was not declared in this scope; did you mean ‘[01m[KWall[m[K’?
  165 |         XFillRectangle(display, window, (wallFrags[i].getType() == Wall::typeWall ? [01;31m[KgcWall[m[K : gcEmpty), wallFrags[i].x - wallFrags[i].size.width/2, wallFrags[i].y - wallFrags[i].size.height/2, wallFrags[i].size.width, wallFrags[i].size.height);
      |                                                                                     [01;31m[K^~~~~~[m[K
      |                                                                                     [32m[KWall[m[K
[01m[K/home/aksel/Documents/GitHub/Mobile_robotter/ros2_ws/src/lidar_gui/src/GUIWindow.cpp:165:94:[m[K [01;31m[Kerror: [m[K‘[01m[KgcEmpty[m[K’ was not declared in this scope
  165 |         XFillRectangle(display, window, (wallFrags[i].getType() == Wall::typeWall ? gcWall : [01;31m[KgcEmpty[m[K), wallFrags[i].x - wallFrags[i].size.width/2, wallFrags[i].y - wallFrags[i].size.height/2, wallFrags[i].size.width, wallFrags[i].size.height);
      |                                                                                              [01;31m[K^~~~~~~[m[K
[01m[K/home/aksel/Documents/GitHub/Mobile_robotter/ros2_ws/src/lidar_gui/src/GUIWindow.cpp:165:9:[m[K [01;31m[Kerror: [m[K‘[01m[KXFillRectangle[m[K’ was not declared in this scope
  165 |         [01;31m[KXFillRectangle[m[K(display, window, (wallFrags[i].getType() == Wall::typeWall ? gcWall : gcEmpty), wallFrags[i].x - wallFrags[i].size.width/2, wallFrags[i].y - wallFrags[i].size.height/2, wallFrags[i].size.width, wallFrags[i].size.height);
      |         [01;31m[K^~~~~~~~~~~~~~[m[K
[01m[K/home/aksel/Documents/GitHub/Mobile_robotter/ros2_ws/src/lidar_gui/src/GUIWindow.cpp:[m[K At global scope:
[01m[K/home/aksel/Documents/GitHub/Mobile_robotter/ros2_ws/src/lidar_gui/src/GUIWindow.cpp:169:6:[m[K [01;31m[Kerror: [m[K‘[01m[KGUI[m[K’ has not been declared
  169 | void [01;31m[KGUI[m[K::paintRobot(){
      |      [01;31m[K^~~[m[K
[01m[K/home/aksel/Documents/GitHub/Mobile_robotter/ros2_ws/src/lidar_gui/src/GUIWindow.cpp:[m[K In function ‘[01m[Kvoid paintRobot()[m[K’:
[01m[K/home/aksel/Documents/GitHub/Mobile_robotter/ros2_ws/src/lidar_gui/src/GUIWindow.cpp:170:20:[m[K [01;31m[Kerror: [m[K‘[01m[Kdisplay[m[K’ was not declared in this scope
  170 |     XFillRectangle([01;31m[Kdisplay[m[K, window, gcRobot, robot.x - robot.size.width/2, robot.y - robot.size.height/2, robotSize.width, robotSize.height);
      |                    [01;31m[K^~~~~~~[m[K
[01m[K/home/aksel/Documents/GitHub/Mobile_robotter/ros2_ws/src/lidar_gui/src/GUIWindow.cpp:170:29:[m[K [01;31m[Kerror: [m[K‘[01m[Kwindow[m[K’ was not declared in this scope
  170 |     XFillRectangle(display, [01;31m[Kwindow[m[K, gcRobot, robot.x - robot.size.width/2, robot.y - robot.size.height/2, robotSize.width, robotSize.height);
      |                             [01;31m[K^~~~~~[m[K
[01m[K/home/aksel/Documents/GitHub/Mobile_robotter/ros2_ws/src/lidar_gui/src/GUIWindow.cpp:170:37:[m[K [01;31m[Kerror: [m[K‘[01m[KgcRobot[m[K’ was not declared in this scope; did you mean ‘[01m[KRobot[m[K’?
  170 |     XFillRectangle(display, window, [01;31m[KgcRobot[m[K, robot.x - robot.size.width/2, robot.y - robot.size.height/2, robotSize.width, robotSize.height);
      |                                     [01;31m[K^~~~~~~[m[K
      |                                     [32m[KRobot[m[K
[01m[K/home/aksel/Documents/GitHub/Mobile_robotter/ros2_ws/src/lidar_gui/src/GUIWindow.cpp:170:46:[m[K [01;31m[Kerror: [m[K‘[01m[Krobot[m[K’ was not declared in this scope; did you mean ‘[01m[KRobot[m[K’?
  170 |     XFillRectangle(display, window, gcRobot, [01;31m[Krobot[m[K.x - robot.size.width/2, robot.y - robot.size.height/2, robotSize.width, robotSize.height);
      |                                              [01;31m[K^~~~~[m[K
      |                                              [32m[KRobot[m[K
[01m[K/home/aksel/Documents/GitHub/Mobile_robotter/ros2_ws/src/lidar_gui/src/GUIWindow.cpp:170:107:[m[K [01;31m[Kerror: [m[K‘[01m[KrobotSize[m[K’ was not declared in this scope
  170 |     XFillRectangle(display, window, gcRobot, robot.x - robot.size.width/2, robot.y - robot.size.height/2, [01;31m[KrobotSize[m[K.width, robotSize.height);
      |                                                                                                           [01;31m[K^~~~~~~~~[m[K
[01m[K/home/aksel/Documents/GitHub/Mobile_robotter/ros2_ws/src/lidar_gui/src/GUIWindow.cpp:170:5:[m[K [01;31m[Kerror: [m[K‘[01m[KXFillRectangle[m[K’ was not declared in this scope
  170 |     [01;31m[KXFillRectangle[m[K(display, window, gcRobot, robot.x - robot.size.width/2, robot.y - robot.size.height/2, robotSize.width, robotSize.height);
      |     [01;31m[K^~~~~~~~~~~~~~[m[K
[01m[K/home/aksel/Documents/GitHub/Mobile_robotter/ros2_ws/src/lidar_gui/src/GUIWindow.cpp:[m[K At global scope:
[01m[K/home/aksel/Documents/GitHub/Mobile_robotter/ros2_ws/src/lidar_gui/src/GUIWindow.cpp:173:6:[m[K [01;31m[Kerror: [m[K‘[01m[KGUI[m[K’ has not been declared
  173 | void [01;31m[KGUI[m[K::update(bool& update, float angle, float len){
      |      [01;31m[K^~~[m[K
[01m[K/home/aksel/Documents/GitHub/Mobile_robotter/ros2_ws/src/lidar_gui/src/GUIWindow.cpp:[m[K In function ‘[01m[Kvoid update(bool&, float, float)[m[K’:
[01m[K/home/aksel/Documents/GitHub/Mobile_robotter/ros2_ws/src/lidar_gui/src/GUIWindow.cpp:180:19:[m[K [01;31m[Kerror: [m[K‘[01m[Kdisplay[m[K’ was not declared in this scope
  180 |             XSync([01;31m[Kdisplay[m[K, False);
      |                   [01;31m[K^~~~~~~[m[K
[01m[K/home/aksel/Documents/GitHub/Mobile_robotter/ros2_ws/src/lidar_gui/src/GUIWindow.cpp:180:28:[m[K [01;31m[Kerror: [m[K‘[01m[KFalse[m[K’ was not declared in this scope
  180 |             XSync(display, [01;31m[KFalse[m[K);
      |                            [01;31m[K^~~~~[m[K
[01m[K/home/aksel/Documents/GitHub/Mobile_robotter/ros2_ws/src/lidar_gui/src/GUIWindow.cpp:180:13:[m[K [01;31m[Kerror: [m[K‘[01m[KXSync[m[K’ was not declared in this scope
  180 |             [01;31m[KXSync[m[K(display, False);
      |             [01;31m[K^~~~~[m[K
[01m[K/home/aksel/Documents/GitHub/Mobile_robotter/ros2_ws/src/lidar_gui/src/GUIWindow.cpp:187:13:[m[K [01;31m[Kerror: [m[K‘[01m[Krobot[m[K’ was not declared in this scope; did you mean ‘[01m[KRobot[m[K’?
  187 |         if(([01;31m[Krobot[m[K.x < (XDisplayWidth(display, screen) * 0.1)) || (robot.x > (XDisplayWidth(display, screen) * 0.9)) || (robot.y < (XDisplayHeight(display, screen) * 0.1)) || (robot.y > (XDisplayWidth(display, screen) * 0.9))){
      |             [01;31m[K^~~~~[m[K
      |             [32m[KRobot[m[K
[01m[K/home/aksel/Documents/GitHub/Mobile_robotter/ros2_ws/src/lidar_gui/src/GUIWindow.cpp:187:38:[m[K [01;31m[Kerror: [m[K‘[01m[Kdisplay[m[K’ was not declared in this scope
  187 |         if((robot.x < (XDisplayWidth([01;31m[Kdisplay[m[K, screen) * 0.1)) || (robot.x > (XDisplayWidth(display, screen) * 0.9)) || (robot.y < (XDisplayHeight(display, screen) * 0.1)) || (robot.y > (XDisplayWidth(display, screen) * 0.9))){
      |                                      [01;31m[K^~~~~~~[m[K
[01m[K/home/aksel/Documents/GitHub/Mobile_robotter/ros2_ws/src/lidar_gui/src/GUIWindow.cpp:187:47:[m[K [01;31m[Kerror: [m[K‘[01m[Kscreen[m[K’ was not declared in this scope
  187 |         if((robot.x < (XDisplayWidth(display, [01;31m[Kscreen[m[K) * 0.1)) || (robot.x > (XDisplayWidth(display, screen) * 0.9)) || (robot.y < (XDisplayHeight(display, screen) * 0.1)) || (robot.y > (XDisplayWidth(display, screen) * 0.9))){
      |                                               [01;31m[K^~~~~~[m[K
[01m[K/home/aksel/Documents/GitHub/Mobile_robotter/ros2_ws/src/lidar_gui/src/GUIWindow.cpp:187:24:[m[K [01;31m[Kerror: [m[K‘[01m[KXDisplayWidth[m[K’ was not declared in this scope
  187 |         if((robot.x < ([01;31m[KXDisplayWidth[m[K(display, screen) * 0.1)) || (robot.x > (XDisplayWidth(display, screen) * 0.9)) || (robot.y < (XDisplayHeight(display, screen) * 0.1)) || (robot.y > (XDisplayWidth(display, screen) * 0.9))){
      |                        [01;31m[K^~~~~~~~~~~~~[m[K
[01m[K/home/aksel/Documents/GitHub/Mobile_robotter/ros2_ws/src/lidar_gui/src/GUIWindow.cpp:187:132:[m[K [01;31m[Kerror: [m[K‘[01m[KXDisplayHeight[m[K’ was not declared in this scope
  187 |         if((robot.x < (XDisplayWidth(display, screen) * 0.1)) || (robot.x > (XDisplayWidth(display, screen) * 0.9)) || (robot.y < ([01;31m[KXDisplayHeight[m[K(display, screen) * 0.1)) || (robot.y > (XDisplayWidth(display, screen) * 0.9))){
      |                                                                                                                                    [01;31m[K^~~~~~~~~~~~~~[m[K
[01m[K/home/aksel/Documents/GitHub/Mobile_robotter/ros2_ws/src/lidar_gui/src/GUIWindow.cpp:195:21:[m[K [01;31m[Kerror: [m[K‘[01m[Kdisplay[m[K’ was not declared in this scope
  195 |         if(XPending([01;31m[Kdisplay[m[K) > 0){
      |                     [01;31m[K^~~~~~~[m[K
[01m[K/home/aksel/Documents/GitHub/Mobile_robotter/ros2_ws/src/lidar_gui/src/GUIWindow.cpp:195:12:[m[K [01;31m[Kerror: [m[K‘[01m[KXPending[m[K’ was not declared in this scope
  195 |         if([01;31m[KXPending[m[K(display) > 0){
      |            [01;31m[K^~~~~~~~[m[K
[01m[K/home/aksel/Documents/GitHub/Mobile_robotter/ros2_ws/src/lidar_gui/src/GUIWindow.cpp:196:34:[m[K [01;31m[Kerror: [m[K‘[01m[Kevent[m[K’ was not declared in this scope
  196 |             XNextEvent(display, &[01;31m[Kevent[m[K);
      |                                  [01;31m[K^~~~~[m[K
[01m[K/home/aksel/Documents/GitHub/Mobile_robotter/ros2_ws/src/lidar_gui/src/GUIWindow.cpp:196:13:[m[K [01;31m[Kerror: [m[K‘[01m[KXNextEvent[m[K’ was not declared in this scope
  196 |             [01;31m[KXNextEvent[m[K(display, &event);
      |             [01;31m[K^~~~~~~~~~[m[K
[01m[K/home/aksel/Documents/GitHub/Mobile_robotter/ros2_ws/src/lidar_gui/src/GUIWindow.cpp:197:30:[m[K [01;31m[Kerror: [m[K‘[01m[KExpose[m[K’ was not declared in this scope
  197 |             if(event.type == [01;31m[KExpose[m[K){
      |                              [01;31m[K^~~~~~[m[K
[01m[K/home/aksel/Documents/GitHub/Mobile_robotter/ros2_ws/src/lidar_gui/src/GUIWindow.cpp:174:9:[m[K [01;35m[Kwarning: [m[Kunused variable ‘[01m[Kmove[m[K’ [[01;35m[K]8;;https://gcc.gnu.org/onlinedocs/gcc/Warning-Options.html#index-Wunused-variable-Wunused-variable]8;;[m[K]
  174 |     int [01;35m[Kmove[m[K = 0;
      |         [01;35m[K^~~~[m[K
[01m[K/home/aksel/Documents/GitHub/Mobile_robotter/ros2_ws/src/lidar_gui/src/GUIWindow.cpp:[m[K At global scope:
[01m[K/home/aksel/Documents/GitHub/Mobile_robotter/ros2_ws/src/lidar_gui/src/GUIWindow.cpp:205:6:[m[K [01;31m[Kerror: [m[K‘[01m[KGUI[m[K’ has not been declared
  205 | void [01;31m[KGUI[m[K::show(){
      |      [01;31m[K^~~[m[K
[01m[K/home/aksel/Documents/GitHub/Mobile_robotter/ros2_ws/src/lidar_gui/src/GUIWindow.cpp:[m[K In function ‘[01m[Kvoid show()[m[K’:
[01m[K/home/aksel/Documents/GitHub/Mobile_robotter/ros2_ws/src/lidar_gui/src/GUIWindow.cpp:206:16:[m[K [01;31m[Kerror: [m[K‘[01m[Kdisplay[m[K’ was not declared in this scope
  206 |     XMapWindow([01;31m[Kdisplay[m[K, window);
      |                [01;31m[K^~~~~~~[m[K
[01m[K/home/aksel/Documents/GitHub/Mobile_robotter/ros2_ws/src/lidar_gui/src/GUIWindow.cpp:206:25:[m[K [01;31m[Kerror: [m[K‘[01m[Kwindow[m[K’ was not declared in this scope
  206 |     XMapWindow(display, [01;31m[Kwindow[m[K);
      |                         [01;31m[K^~~~~~[m[K
[01m[K/home/aksel/Documents/GitHub/Mobile_robotter/ros2_ws/src/lidar_gui/src/GUIWindow.cpp:206:5:[m[K [01;31m[Kerror: [m[K‘[01m[KXMapWindow[m[K’ was not declared in this scope
  206 |     [01;31m[KXMapWindow[m[K(display, window);
      |     [01;31m[K^~~~~~~~~~[m[K
[01m[K/home/aksel/Documents/GitHub/Mobile_robotter/ros2_ws/src/lidar_gui/src/GUIWindow.cpp:207:26:[m[K [01;31m[Kerror: [m[K‘[01m[Kevent[m[K’ was not declared in this scope
  207 |     XNextEvent(display, &[01;31m[Kevent[m[K);
      |                          [01;31m[K^~~~~[m[K
[01m[K/home/aksel/Documents/GitHub/Mobile_robotter/ros2_ws/src/lidar_gui/src/GUIWindow.cpp:207:5:[m[K [01;31m[Kerror: [m[K‘[01m[KXNextEvent[m[K’ was not declared in this scope
  207 |     [01;31m[KXNextEvent[m[K(display, &event);
      |     [01;31m[K^~~~~~~~~~[m[K
gmake[2]: *** [CMakeFiles/lidar_gui.dir/build.make:118: CMakeFiles/lidar_gui.dir/src/GUIWindow.cpp.o] Error 1
gmake[2]: *** Waiting for unfinished jobs....
[01m[K/home/aksel/Documents/GitHub/Mobile_robotter/ros2_ws/src/lidar_gui/src/lidarnode.cpp:[m[K In member function ‘[01m[Kvoid MappingNode::scanCallback(sensor_msgs::msg::LaserScan_<std::allocator<void> >::SharedPtr)[m[K’:
[01m[K/home/aksel/Documents/GitHub/Mobile_robotter/ros2_ws/src/lidar_gui/src/lidarnode.cpp:34:23:[m[K [01;31m[Kerror: [m[Kno matching function for call to ‘[01m[KGUI::update(bool&, float&, float&)[m[K’
   34 |             [01;31m[Kgui.update(update, distance, angle)[m[K;
      |             [01;31m[K~~~~~~~~~~^~~~~~~~~~~~~~~~~~~~~~~~~[m[K
In file included from [01m[K/home/aksel/Documents/GitHub/Mobile_robotter/ros2_ws/src/lidar_gui/include/lidarnode.h:8[m[K,
                 from [01m[K/home/aksel/Documents/GitHub/Mobile_robotter/ros2_ws/src/lidar_gui/src/lidarnode.cpp:1[m[K:
[01m[K/home/aksel/Documents/GitHub/Mobile_robotter/ros2_ws/src/lidar_gui/include/GUIWindow.h:41:10:[m[K [01;36m[Knote: [m[Kcandidate: ‘[01m[Kvoid GUI::update(bool&)[m[K’
   41 |     void [01;36m[Kupdate[m[K(bool& update);
      |          [01;36m[K^~~~~~[m[K
[01m[K/home/aksel/Documents/GitHub/Mobile_robotter/ros2_ws/src/lidar_gui/include/GUIWindow.h:41:10:[m[K [01;36m[Knote: [m[K  candidate expects 1 argument, 3 provided
gmake[2]: *** [CMakeFiles/lidar_gui.dir/build.make:90: CMakeFiles/lidar_gui.dir/src/lidarnode.cpp.o] Error 1
gmake[1]: *** [CMakeFiles/Makefile2:137: CMakeFiles/lidar_gui.dir/all] Error 2
gmake: *** [Makefile:146: all] Error 2
