[0.075s] DEBUG:colcon:Command line arguments: ['/usr/bin/colcon', 'build']
[0.075s] DEBUG:colcon:Parsed command line arguments: Namespace(log_base=None, log_level=None, verb_name='build', build_base='build', install_base='install', merge_install=False, symlink_install=False, test_result_base=None, continue_on_error=False, executor='parallel', parallel_workers=16, event_handlers=None, ignore_user_meta=False, metas=['./colcon.meta'], base_paths=['.'], packages_ignore=None, packages_ignore_regex=None, paths=None, packages_up_to=None, packages_up_to_regex=None, packages_above=None, packages_above_and_dependencies=None, packages_above_depth=None, packages_select_by_dep=None, packages_skip_by_dep=None, packages_skip_up_to=None, packages_select_build_failed=False, packages_skip_build_finished=False, packages_select_test_failures=False, packages_skip_test_passed=False, packages_select=None, packages_skip=None, packages_select_regex=None, packages_skip_regex=None, packages_start=None, packages_end=None, allow_overriding=[], cmake_args=None, cmake_target=None, cmake_target_skip_unavailable=False, cmake_clean_cache=False, cmake_clean_first=False, cmake_force_configure=False, ament_cmake_args=None, catkin_cmake_args=None, catkin_skip_building_tests=False, verb_parser=<colcon_defaults.argument_parser.defaults.DefaultArgumentsDecorator object at 0x71ba3bb4d6f0>, verb_extension=<colcon_core.verb.build.BuildVerb object at 0x71ba3bb4c8b0>, main=<bound method BuildVerb.main of <colcon_core.verb.build.BuildVerb object at 0x71ba3bb4c8b0>>)
[0.235s] Level 1:colcon.colcon_core.package_discovery:discover_packages(colcon_meta) check parameters
[0.235s] Level 1:colcon.colcon_core.package_discovery:discover_packages(recursive) check parameters
[0.235s] Level 1:colcon.colcon_core.package_discovery:discover_packages(ignore) check parameters
[0.235s] Level 1:colcon.colcon_core.package_discovery:discover_packages(path) check parameters
[0.235s] Level 1:colcon.colcon_core.package_discovery:discover_packages(colcon_meta) discover
[0.235s] Level 1:colcon.colcon_core.package_discovery:discover_packages(recursive) discover
[0.235s] INFO:colcon.colcon_core.package_discovery:Crawling recursively for packages in '/home/aksel/Documents/GitHub/Mobile_robotter/ros2_ws'
[0.235s] Level 1:colcon.colcon_core.package_identification:_identify(.) by extensions ['ignore', 'ignore_ament_install']
[0.235s] Level 1:colcon.colcon_core.package_identification:_identify(.) by extension 'ignore'
[0.235s] Level 1:colcon.colcon_core.package_identification:_identify(.) by extension 'ignore_ament_install'
[0.235s] Level 1:colcon.colcon_core.package_identification:_identify(.) by extensions ['colcon_pkg']
[0.235s] Level 1:colcon.colcon_core.package_identification:_identify(.) by extension 'colcon_pkg'
[0.235s] Level 1:colcon.colcon_core.package_identification:_identify(.) by extensions ['colcon_meta']
[0.235s] Level 1:colcon.colcon_core.package_identification:_identify(.) by extension 'colcon_meta'
[0.235s] Level 1:colcon.colcon_core.package_identification:_identify(.) by extensions ['ros']
[0.235s] Level 1:colcon.colcon_core.package_identification:_identify(.) by extension 'ros'
[0.243s] Level 1:colcon.colcon_core.package_identification:_identify(.) by extensions ['cmake', 'python']
[0.243s] Level 1:colcon.colcon_core.package_identification:_identify(.) by extension 'cmake'
[0.243s] Level 1:colcon.colcon_core.package_identification:_identify(.) by extension 'python'
[0.243s] Level 1:colcon.colcon_core.package_identification:_identify(.) by extensions ['python_setup_py']
[0.243s] Level 1:colcon.colcon_core.package_identification:_identify(.) by extension 'python_setup_py'
[0.243s] Level 1:colcon.colcon_core.package_identification:_identify(build) by extensions ['ignore', 'ignore_ament_install']
[0.243s] Level 1:colcon.colcon_core.package_identification:_identify(build) by extension 'ignore'
[0.243s] Level 1:colcon.colcon_core.package_identification:_identify(build) ignored
[0.243s] Level 1:colcon.colcon_core.package_identification:_identify(install) by extensions ['ignore', 'ignore_ament_install']
[0.243s] Level 1:colcon.colcon_core.package_identification:_identify(install) by extension 'ignore'
[0.243s] Level 1:colcon.colcon_core.package_identification:_identify(install) ignored
[0.243s] Level 1:colcon.colcon_core.package_identification:_identify(log) by extensions ['ignore', 'ignore_ament_install']
[0.243s] Level 1:colcon.colcon_core.package_identification:_identify(log) by extension 'ignore'
[0.243s] Level 1:colcon.colcon_core.package_identification:_identify(log) ignored
[0.243s] Level 1:colcon.colcon_core.package_identification:_identify(src) by extensions ['ignore', 'ignore_ament_install']
[0.243s] Level 1:colcon.colcon_core.package_identification:_identify(src) by extension 'ignore'
[0.243s] Level 1:colcon.colcon_core.package_identification:_identify(src) by extension 'ignore_ament_install'
[0.244s] Level 1:colcon.colcon_core.package_identification:_identify(src) by extensions ['colcon_pkg']
[0.244s] Level 1:colcon.colcon_core.package_identification:_identify(src) by extension 'colcon_pkg'
[0.244s] Level 1:colcon.colcon_core.package_identification:_identify(src) by extensions ['colcon_meta']
[0.244s] Level 1:colcon.colcon_core.package_identification:_identify(src) by extension 'colcon_meta'
[0.244s] Level 1:colcon.colcon_core.package_identification:_identify(src) by extensions ['ros']
[0.244s] Level 1:colcon.colcon_core.package_identification:_identify(src) by extension 'ros'
[0.244s] Level 1:colcon.colcon_core.package_identification:_identify(src) by extensions ['cmake', 'python']
[0.244s] Level 1:colcon.colcon_core.package_identification:_identify(src) by extension 'cmake'
[0.244s] Level 1:colcon.colcon_core.package_identification:_identify(src) by extension 'python'
[0.244s] Level 1:colcon.colcon_core.package_identification:_identify(src) by extensions ['python_setup_py']
[0.244s] Level 1:colcon.colcon_core.package_identification:_identify(src) by extension 'python_setup_py'
[0.244s] Level 1:colcon.colcon_core.package_identification:_identify(src/controller_input) by extensions ['ignore', 'ignore_ament_install']
[0.244s] Level 1:colcon.colcon_core.package_identification:_identify(src/controller_input) by extension 'ignore'
[0.244s] Level 1:colcon.colcon_core.package_identification:_identify(src/controller_input) by extension 'ignore_ament_install'
[0.244s] Level 1:colcon.colcon_core.package_identification:_identify(src/controller_input) by extensions ['colcon_pkg']
[0.244s] Level 1:colcon.colcon_core.package_identification:_identify(src/controller_input) by extension 'colcon_pkg'
[0.244s] Level 1:colcon.colcon_core.package_identification:_identify(src/controller_input) by extensions ['colcon_meta']
[0.244s] Level 1:colcon.colcon_core.package_identification:_identify(src/controller_input) by extension 'colcon_meta'
[0.244s] Level 1:colcon.colcon_core.package_identification:_identify(src/controller_input) by extensions ['ros']
[0.244s] Level 1:colcon.colcon_core.package_identification:_identify(src/controller_input) by extension 'ros'
[0.256s] DEBUG:colcon.colcon_core.package_identification:Package 'src/controller_input' with type 'ros.ament_cmake' and name 'controller_input'
[0.256s] Level 1:colcon.colcon_core.package_identification:_identify(src/dtmf_to_cmd_vel) by extensions ['ignore', 'ignore_ament_install']
[0.257s] Level 1:colcon.colcon_core.package_identification:_identify(src/dtmf_to_cmd_vel) by extension 'ignore'
[0.257s] Level 1:colcon.colcon_core.package_identification:_identify(src/dtmf_to_cmd_vel) by extension 'ignore_ament_install'
[0.257s] Level 1:colcon.colcon_core.package_identification:_identify(src/dtmf_to_cmd_vel) by extensions ['colcon_pkg']
[0.257s] Level 1:colcon.colcon_core.package_identification:_identify(src/dtmf_to_cmd_vel) by extension 'colcon_pkg'
[0.257s] Level 1:colcon.colcon_core.package_identification:_identify(src/dtmf_to_cmd_vel) by extensions ['colcon_meta']
[0.257s] Level 1:colcon.colcon_core.package_identification:_identify(src/dtmf_to_cmd_vel) by extension 'colcon_meta'
[0.257s] Level 1:colcon.colcon_core.package_identification:_identify(src/dtmf_to_cmd_vel) by extensions ['ros']
[0.257s] Level 1:colcon.colcon_core.package_identification:_identify(src/dtmf_to_cmd_vel) by extension 'ros'
[0.258s] DEBUG:colcon.colcon_core.package_identification:Package 'src/dtmf_to_cmd_vel' with type 'ros.ament_cmake' and name 'dtmf_to_cmd_vel'
[0.258s] Level 1:colcon.colcon_core.package_identification:_identify(src/lidar_data) by extensions ['ignore', 'ignore_ament_install']
[0.258s] Level 1:colcon.colcon_core.package_identification:_identify(src/lidar_data) by extension 'ignore'
[0.258s] Level 1:colcon.colcon_core.package_identification:_identify(src/lidar_data) by extension 'ignore_ament_install'
[0.258s] Level 1:colcon.colcon_core.package_identification:_identify(src/lidar_data) by extensions ['colcon_pkg']
[0.258s] Level 1:colcon.colcon_core.package_identification:_identify(src/lidar_data) by extension 'colcon_pkg'
[0.258s] Level 1:colcon.colcon_core.package_identification:_identify(src/lidar_data) by extensions ['colcon_meta']
[0.258s] Level 1:colcon.colcon_core.package_identification:_identify(src/lidar_data) by extension 'colcon_meta'
[0.258s] Level 1:colcon.colcon_core.package_identification:_identify(src/lidar_data) by extensions ['ros']
[0.258s] Level 1:colcon.colcon_core.package_identification:_identify(src/lidar_data) by extension 'ros'
[0.259s] DEBUG:colcon.colcon_core.package_identification:Package 'src/lidar_data' with type 'ros.ament_cmake' and name 'lidar_data'
[0.259s] Level 1:colcon.colcon_core.package_identification:_identify(src/lidar_gui) by extensions ['ignore', 'ignore_ament_install']
[0.259s] Level 1:colcon.colcon_core.package_identification:_identify(src/lidar_gui) by extension 'ignore'
[0.259s] Level 1:colcon.colcon_core.package_identification:_identify(src/lidar_gui) by extension 'ignore_ament_install'
[0.259s] Level 1:colcon.colcon_core.package_identification:_identify(src/lidar_gui) by extensions ['colcon_pkg']
[0.259s] Level 1:colcon.colcon_core.package_identification:_identify(src/lidar_gui) by extension 'colcon_pkg'
[0.259s] Level 1:colcon.colcon_core.package_identification:_identify(src/lidar_gui) by extensions ['colcon_meta']
[0.259s] Level 1:colcon.colcon_core.package_identification:_identify(src/lidar_gui) by extension 'colcon_meta'
[0.259s] Level 1:colcon.colcon_core.package_identification:_identify(src/lidar_gui) by extensions ['ros']
[0.259s] Level 1:colcon.colcon_core.package_identification:_identify(src/lidar_gui) by extension 'ros'
[0.260s] DEBUG:colcon.colcon_core.package_identification:Package 'src/lidar_gui' with type 'ros.ament_cmake' and name 'lidar_gui'
[0.260s] Level 1:colcon.colcon_core.package_discovery:discover_packages(recursive) using defaults
[0.260s] Level 1:colcon.colcon_core.package_discovery:discover_packages(ignore) discover
[0.260s] Level 1:colcon.colcon_core.package_discovery:discover_packages(ignore) using defaults
[0.260s] Level 1:colcon.colcon_core.package_discovery:discover_packages(path) discover
[0.260s] Level 1:colcon.colcon_core.package_discovery:discover_packages(path) using defaults
[0.282s] Level 1:colcon.colcon_core.package_discovery:discover_packages(prefix_path) check parameters
[0.282s] Level 1:colcon.colcon_core.package_discovery:discover_packages(prefix_path) discover
[0.283s] DEBUG:colcon.colcon_installed_package_information.package_discovery:Found 4 installed packages in /home/aksel/Documents/GitHub/Mobile_robotter/ros2_ws/install
[0.284s] DEBUG:colcon.colcon_installed_package_information.package_discovery:Found 15 installed packages in /home/aksel/turtlebot3_ws/install
[0.284s] DEBUG:colcon.colcon_installed_package_information.package_discovery:Found 1 installed packages in /home/aksel/ros2_ws/install
[0.286s] DEBUG:colcon.colcon_installed_package_information.package_discovery:Found 374 installed packages in /opt/ros/humble
[0.287s] Level 1:colcon.colcon_core.package_discovery:discover_packages(prefix_path) using defaults
[0.322s] Level 5:colcon.colcon_core.verb:set package 'controller_input' build argument 'cmake_args' from command line to 'None'
[0.322s] Level 5:colcon.colcon_core.verb:set package 'controller_input' build argument 'cmake_target' from command line to 'None'
[0.322s] Level 5:colcon.colcon_core.verb:set package 'controller_input' build argument 'cmake_target_skip_unavailable' from command line to 'False'
[0.322s] Level 5:colcon.colcon_core.verb:set package 'controller_input' build argument 'cmake_clean_cache' from command line to 'False'
[0.322s] Level 5:colcon.colcon_core.verb:set package 'controller_input' build argument 'cmake_clean_first' from command line to 'False'
[0.322s] Level 5:colcon.colcon_core.verb:set package 'controller_input' build argument 'cmake_force_configure' from command line to 'False'
[0.322s] Level 5:colcon.colcon_core.verb:set package 'controller_input' build argument 'ament_cmake_args' from command line to 'None'
[0.322s] Level 5:colcon.colcon_core.verb:set package 'controller_input' build argument 'catkin_cmake_args' from command line to 'None'
[0.322s] Level 5:colcon.colcon_core.verb:set package 'controller_input' build argument 'catkin_skip_building_tests' from command line to 'False'
[0.323s] DEBUG:colcon.colcon_core.verb:Building package 'controller_input' with the following arguments: {'ament_cmake_args': None, 'build_base': '/home/aksel/Documents/GitHub/Mobile_robotter/ros2_ws/build/controller_input', 'catkin_cmake_args': None, 'catkin_skip_building_tests': False, 'cmake_args': None, 'cmake_clean_cache': False, 'cmake_clean_first': False, 'cmake_force_configure': False, 'cmake_target': None, 'cmake_target_skip_unavailable': False, 'install_base': '/home/aksel/Documents/GitHub/Mobile_robotter/ros2_ws/install/controller_input', 'merge_install': False, 'path': '/home/aksel/Documents/GitHub/Mobile_robotter/ros2_ws/src/controller_input', 'symlink_install': False, 'test_result_base': None}
[0.323s] Level 5:colcon.colcon_core.verb:set package 'dtmf_to_cmd_vel' build argument 'cmake_args' from command line to 'None'
[0.323s] Level 5:colcon.colcon_core.verb:set package 'dtmf_to_cmd_vel' build argument 'cmake_target' from command line to 'None'
[0.323s] Level 5:colcon.colcon_core.verb:set package 'dtmf_to_cmd_vel' build argument 'cmake_target_skip_unavailable' from command line to 'False'
[0.323s] Level 5:colcon.colcon_core.verb:set package 'dtmf_to_cmd_vel' build argument 'cmake_clean_cache' from command line to 'False'
[0.323s] Level 5:colcon.colcon_core.verb:set package 'dtmf_to_cmd_vel' build argument 'cmake_clean_first' from command line to 'False'
[0.323s] Level 5:colcon.colcon_core.verb:set package 'dtmf_to_cmd_vel' build argument 'cmake_force_configure' from command line to 'False'
[0.323s] Level 5:colcon.colcon_core.verb:set package 'dtmf_to_cmd_vel' build argument 'ament_cmake_args' from command line to 'None'
[0.323s] Level 5:colcon.colcon_core.verb:set package 'dtmf_to_cmd_vel' build argument 'catkin_cmake_args' from command line to 'None'
[0.323s] Level 5:colcon.colcon_core.verb:set package 'dtmf_to_cmd_vel' build argument 'catkin_skip_building_tests' from command line to 'False'
[0.323s] DEBUG:colcon.colcon_core.verb:Building package 'dtmf_to_cmd_vel' with the following arguments: {'ament_cmake_args': None, 'build_base': '/home/aksel/Documents/GitHub/Mobile_robotter/ros2_ws/build/dtmf_to_cmd_vel', 'catkin_cmake_args': None, 'catkin_skip_building_tests': False, 'cmake_args': None, 'cmake_clean_cache': False, 'cmake_clean_first': False, 'cmake_force_configure': False, 'cmake_target': None, 'cmake_target_skip_unavailable': False, 'install_base': '/home/aksel/Documents/GitHub/Mobile_robotter/ros2_ws/install/dtmf_to_cmd_vel', 'merge_install': False, 'path': '/home/aksel/Documents/GitHub/Mobile_robotter/ros2_ws/src/dtmf_to_cmd_vel', 'symlink_install': False, 'test_result_base': None}
[0.323s] Level 5:colcon.colcon_core.verb:set package 'lidar_data' build argument 'cmake_args' from command line to 'None'
[0.323s] Level 5:colcon.colcon_core.verb:set package 'lidar_data' build argument 'cmake_target' from command line to 'None'
[0.323s] Level 5:colcon.colcon_core.verb:set package 'lidar_data' build argument 'cmake_target_skip_unavailable' from command line to 'False'
[0.323s] Level 5:colcon.colcon_core.verb:set package 'lidar_data' build argument 'cmake_clean_cache' from command line to 'False'
[0.323s] Level 5:colcon.colcon_core.verb:set package 'lidar_data' build argument 'cmake_clean_first' from command line to 'False'
[0.323s] Level 5:colcon.colcon_core.verb:set package 'lidar_data' build argument 'cmake_force_configure' from command line to 'False'
[0.323s] Level 5:colcon.colcon_core.verb:set package 'lidar_data' build argument 'ament_cmake_args' from command line to 'None'
[0.323s] Level 5:colcon.colcon_core.verb:set package 'lidar_data' build argument 'catkin_cmake_args' from command line to 'None'
[0.323s] Level 5:colcon.colcon_core.verb:set package 'lidar_data' build argument 'catkin_skip_building_tests' from command line to 'False'
[0.323s] DEBUG:colcon.colcon_core.verb:Building package 'lidar_data' with the following arguments: {'ament_cmake_args': None, 'build_base': '/home/aksel/Documents/GitHub/Mobile_robotter/ros2_ws/build/lidar_data', 'catkin_cmake_args': None, 'catkin_skip_building_tests': False, 'cmake_args': None, 'cmake_clean_cache': False, 'cmake_clean_first': False, 'cmake_force_configure': False, 'cmake_target': None, 'cmake_target_skip_unavailable': False, 'install_base': '/home/aksel/Documents/GitHub/Mobile_robotter/ros2_ws/install/lidar_data', 'merge_install': False, 'path': '/home/aksel/Documents/GitHub/Mobile_robotter/ros2_ws/src/lidar_data', 'symlink_install': False, 'test_result_base': None}
[0.324s] Level 5:colcon.colcon_core.verb:set package 'lidar_gui' build argument 'cmake_args' from command line to 'None'
[0.324s] Level 5:colcon.colcon_core.verb:set package 'lidar_gui' build argument 'cmake_target' from command line to 'None'
[0.324s] Level 5:colcon.colcon_core.verb:set package 'lidar_gui' build argument 'cmake_target_skip_unavailable' from command line to 'False'
[0.324s] Level 5:colcon.colcon_core.verb:set package 'lidar_gui' build argument 'cmake_clean_cache' from command line to 'False'
[0.324s] Level 5:colcon.colcon_core.verb:set package 'lidar_gui' build argument 'cmake_clean_first' from command line to 'False'
[0.324s] Level 5:colcon.colcon_core.verb:set package 'lidar_gui' build argument 'cmake_force_configure' from command line to 'False'
[0.324s] Level 5:colcon.colcon_core.verb:set package 'lidar_gui' build argument 'ament_cmake_args' from command line to 'None'
[0.324s] Level 5:colcon.colcon_core.verb:set package 'lidar_gui' build argument 'catkin_cmake_args' from command line to 'None'
[0.324s] Level 5:colcon.colcon_core.verb:set package 'lidar_gui' build argument 'catkin_skip_building_tests' from command line to 'False'
[0.324s] DEBUG:colcon.colcon_core.verb:Building package 'lidar_gui' with the following arguments: {'ament_cmake_args': None, 'build_base': '/home/aksel/Documents/GitHub/Mobile_robotter/ros2_ws/build/lidar_gui', 'catkin_cmake_args': None, 'catkin_skip_building_tests': False, 'cmake_args': None, 'cmake_clean_cache': False, 'cmake_clean_first': False, 'cmake_force_configure': False, 'cmake_target': None, 'cmake_target_skip_unavailable': False, 'install_base': '/home/aksel/Documents/GitHub/Mobile_robotter/ros2_ws/install/lidar_gui', 'merge_install': False, 'path': '/home/aksel/Documents/GitHub/Mobile_robotter/ros2_ws/src/lidar_gui', 'symlink_install': False, 'test_result_base': None}
[0.324s] INFO:colcon.colcon_core.executor:Executing jobs using 'parallel' executor
[0.325s] DEBUG:colcon.colcon_parallel_executor.executor.parallel:run_until_complete
[0.325s] INFO:colcon.colcon_ros.task.ament_cmake.build:Building ROS package in '/home/aksel/Documents/GitHub/Mobile_robotter/ros2_ws/src/controller_input' with build type 'ament_cmake'
[0.325s] INFO:colcon.colcon_cmake.task.cmake.build:Building CMake package in '/home/aksel/Documents/GitHub/Mobile_robotter/ros2_ws/src/controller_input'
[0.326s] INFO:colcon.colcon_core.plugin_system:Skipping extension 'colcon_core.shell.bat': Not used on non-Windows systems
[0.326s] INFO:colcon.colcon_core.shell:Skip shell extension 'powershell' for command environment: Not usable outside of PowerShell
[0.326s] DEBUG:colcon.colcon_core.shell:Skip shell extension 'dsv' for command environment
[0.331s] INFO:colcon.colcon_ros.task.ament_cmake.build:Building ROS package in '/home/aksel/Documents/GitHub/Mobile_robotter/ros2_ws/src/dtmf_to_cmd_vel' with build type 'ament_cmake'
[0.331s] INFO:colcon.colcon_cmake.task.cmake.build:Building CMake package in '/home/aksel/Documents/GitHub/Mobile_robotter/ros2_ws/src/dtmf_to_cmd_vel'
[0.331s] INFO:colcon.colcon_core.shell:Skip shell extension 'powershell' for command environment: Not usable outside of PowerShell
[0.331s] DEBUG:colcon.colcon_core.shell:Skip shell extension 'dsv' for command environment
[0.335s] INFO:colcon.colcon_ros.task.ament_cmake.build:Building ROS package in '/home/aksel/Documents/GitHub/Mobile_robotter/ros2_ws/src/lidar_data' with build type 'ament_cmake'
[0.335s] INFO:colcon.colcon_cmake.task.cmake.build:Building CMake package in '/home/aksel/Documents/GitHub/Mobile_robotter/ros2_ws/src/lidar_data'
[0.335s] INFO:colcon.colcon_core.shell:Skip shell extension 'powershell' for command environment: Not usable outside of PowerShell
[0.335s] DEBUG:colcon.colcon_core.shell:Skip shell extension 'dsv' for command environment
[0.339s] INFO:colcon.colcon_ros.task.ament_cmake.build:Building ROS package in '/home/aksel/Documents/GitHub/Mobile_robotter/ros2_ws/src/lidar_gui' with build type 'ament_cmake'
[0.339s] INFO:colcon.colcon_cmake.task.cmake.build:Building CMake package in '/home/aksel/Documents/GitHub/Mobile_robotter/ros2_ws/src/lidar_gui'
[0.339s] INFO:colcon.colcon_core.shell:Skip shell extension 'powershell' for command environment: Not usable outside of PowerShell
[0.339s] DEBUG:colcon.colcon_core.shell:Skip shell extension 'dsv' for command environment
[0.348s] DEBUG:colcon.colcon_core.event_handler.log_command:Invoking command in '/home/aksel/Documents/GitHub/Mobile_robotter/ros2_ws/build/controller_input': CMAKE_PREFIX_PATH=${CMAKE_PREFIX_PATH}:/home/aksel/turtlebot3_ws/install/turtlebot3_teleop:/home/aksel/turtlebot3_ws/install/turtlebot3_example:/opt/ros/humble /usr/bin/cmake /home/aksel/Documents/GitHub/Mobile_robotter/ros2_ws/src/controller_input -DCMAKE_INSTALL_PREFIX=/home/aksel/Documents/GitHub/Mobile_robotter/ros2_ws/install/controller_input
[0.352s] DEBUG:colcon.colcon_core.event_handler.log_command:Invoking command in '/home/aksel/Documents/GitHub/Mobile_robotter/ros2_ws/build/dtmf_to_cmd_vel': CMAKE_PREFIX_PATH=${CMAKE_PREFIX_PATH}:/home/aksel/turtlebot3_ws/install/turtlebot3_teleop:/home/aksel/turtlebot3_ws/install/turtlebot3_example:/opt/ros/humble /usr/bin/cmake /home/aksel/Documents/GitHub/Mobile_robotter/ros2_ws/src/dtmf_to_cmd_vel -DCMAKE_INSTALL_PREFIX=/home/aksel/Documents/GitHub/Mobile_robotter/ros2_ws/install/dtmf_to_cmd_vel
[0.355s] DEBUG:colcon.colcon_core.event_handler.log_command:Invoking command in '/home/aksel/Documents/GitHub/Mobile_robotter/ros2_ws/build/lidar_data': CMAKE_PREFIX_PATH=${CMAKE_PREFIX_PATH}:/home/aksel/turtlebot3_ws/install/turtlebot3_teleop:/home/aksel/turtlebot3_ws/install/turtlebot3_example:/opt/ros/humble /usr/bin/cmake /home/aksel/Documents/GitHub/Mobile_robotter/ros2_ws/src/lidar_data -DCMAKE_INSTALL_PREFIX=/home/aksel/Documents/GitHub/Mobile_robotter/ros2_ws/install/lidar_data
[0.360s] DEBUG:colcon.colcon_core.event_handler.log_command:Invoking command in '/home/aksel/Documents/GitHub/Mobile_robotter/ros2_ws/build/lidar_gui': CMAKE_PREFIX_PATH=${CMAKE_PREFIX_PATH}:/home/aksel/turtlebot3_ws/install/turtlebot3_teleop:/home/aksel/turtlebot3_ws/install/turtlebot3_example:/opt/ros/humble /usr/bin/cmake /home/aksel/Documents/GitHub/Mobile_robotter/ros2_ws/src/lidar_gui -DCMAKE_INSTALL_PREFIX=/home/aksel/Documents/GitHub/Mobile_robotter/ros2_ws/install/lidar_gui
[0.842s] DEBUG:colcon.colcon_core.event_handler.log_command:Invoked command in '/home/aksel/Documents/GitHub/Mobile_robotter/ros2_ws/build/controller_input' returned '0': CMAKE_PREFIX_PATH=${CMAKE_PREFIX_PATH}:/home/aksel/turtlebot3_ws/install/turtlebot3_teleop:/home/aksel/turtlebot3_ws/install/turtlebot3_example:/opt/ros/humble /usr/bin/cmake /home/aksel/Documents/GitHub/Mobile_robotter/ros2_ws/src/controller_input -DCMAKE_INSTALL_PREFIX=/home/aksel/Documents/GitHub/Mobile_robotter/ros2_ws/install/controller_input
[0.843s] DEBUG:colcon.colcon_core.event_handler.log_command:Invoking command in '/home/aksel/Documents/GitHub/Mobile_robotter/ros2_ws/build/controller_input': CMAKE_PREFIX_PATH=${CMAKE_PREFIX_PATH}:/home/aksel/turtlebot3_ws/install/turtlebot3_teleop:/home/aksel/turtlebot3_ws/install/turtlebot3_example:/opt/ros/humble /usr/bin/cmake --build /home/aksel/Documents/GitHub/Mobile_robotter/ros2_ws/build/controller_input -- -j16 -l16
[0.844s] DEBUG:colcon.colcon_core.event_handler.log_command:Invoked command in '/home/aksel/Documents/GitHub/Mobile_robotter/ros2_ws/build/dtmf_to_cmd_vel' returned '0': CMAKE_PREFIX_PATH=${CMAKE_PREFIX_PATH}:/home/aksel/turtlebot3_ws/install/turtlebot3_teleop:/home/aksel/turtlebot3_ws/install/turtlebot3_example:/opt/ros/humble /usr/bin/cmake /home/aksel/Documents/GitHub/Mobile_robotter/ros2_ws/src/dtmf_to_cmd_vel -DCMAKE_INSTALL_PREFIX=/home/aksel/Documents/GitHub/Mobile_robotter/ros2_ws/install/dtmf_to_cmd_vel
[0.845s] DEBUG:colcon.colcon_core.event_handler.log_command:Invoking command in '/home/aksel/Documents/GitHub/Mobile_robotter/ros2_ws/build/dtmf_to_cmd_vel': CMAKE_PREFIX_PATH=${CMAKE_PREFIX_PATH}:/home/aksel/turtlebot3_ws/install/turtlebot3_teleop:/home/aksel/turtlebot3_ws/install/turtlebot3_example:/opt/ros/humble /usr/bin/cmake --build /home/aksel/Documents/GitHub/Mobile_robotter/ros2_ws/build/dtmf_to_cmd_vel -- -j16 -l16
[0.911s] DEBUG:colcon.colcon_core.event_handler.log_command:Invoked command in '/home/aksel/Documents/GitHub/Mobile_robotter/ros2_ws/build/controller_input' returned '0': CMAKE_PREFIX_PATH=${CMAKE_PREFIX_PATH}:/home/aksel/turtlebot3_ws/install/turtlebot3_teleop:/home/aksel/turtlebot3_ws/install/turtlebot3_example:/opt/ros/humble /usr/bin/cmake --build /home/aksel/Documents/GitHub/Mobile_robotter/ros2_ws/build/controller_input -- -j16 -l16
[0.920s] DEBUG:colcon.colcon_core.event_handler.log_command:Invoking command in '/home/aksel/Documents/GitHub/Mobile_robotter/ros2_ws/build/controller_input': CMAKE_PREFIX_PATH=${CMAKE_PREFIX_PATH}:/home/aksel/turtlebot3_ws/install/turtlebot3_teleop:/home/aksel/turtlebot3_ws/install/turtlebot3_example:/opt/ros/humble /usr/bin/cmake --install /home/aksel/Documents/GitHub/Mobile_robotter/ros2_ws/build/controller_input
[0.921s] DEBUG:colcon.colcon_core.event_handler.log_command:Invoked command in '/home/aksel/Documents/GitHub/Mobile_robotter/ros2_ws/build/dtmf_to_cmd_vel' returned '0': CMAKE_PREFIX_PATH=${CMAKE_PREFIX_PATH}:/home/aksel/turtlebot3_ws/install/turtlebot3_teleop:/home/aksel/turtlebot3_ws/install/turtlebot3_example:/opt/ros/humble /usr/bin/cmake --build /home/aksel/Documents/GitHub/Mobile_robotter/ros2_ws/build/dtmf_to_cmd_vel -- -j16 -l16
[0.923s] DEBUG:colcon.colcon_core.event_handler.log_command:Invoking command in '/home/aksel/Documents/GitHub/Mobile_robotter/ros2_ws/build/dtmf_to_cmd_vel': CMAKE_PREFIX_PATH=${CMAKE_PREFIX_PATH}:/home/aksel/turtlebot3_ws/install/turtlebot3_teleop:/home/aksel/turtlebot3_ws/install/turtlebot3_example:/opt/ros/humble /usr/bin/cmake --install /home/aksel/Documents/GitHub/Mobile_robotter/ros2_ws/build/dtmf_to_cmd_vel
[0.924s] DEBUG:colcon.colcon_core.event_handler.log_command:Invoked command in '/home/aksel/Documents/GitHub/Mobile_robotter/ros2_ws/build/lidar_data' returned '0': CMAKE_PREFIX_PATH=${CMAKE_PREFIX_PATH}:/home/aksel/turtlebot3_ws/install/turtlebot3_teleop:/home/aksel/turtlebot3_ws/install/turtlebot3_example:/opt/ros/humble /usr/bin/cmake /home/aksel/Documents/GitHub/Mobile_robotter/ros2_ws/src/lidar_data -DCMAKE_INSTALL_PREFIX=/home/aksel/Documents/GitHub/Mobile_robotter/ros2_ws/install/lidar_data
[0.925s] DEBUG:colcon.colcon_core.event_handler.log_command:Invoking command in '/home/aksel/Documents/GitHub/Mobile_robotter/ros2_ws/build/lidar_data': CMAKE_PREFIX_PATH=${CMAKE_PREFIX_PATH}:/home/aksel/turtlebot3_ws/install/turtlebot3_teleop:/home/aksel/turtlebot3_ws/install/turtlebot3_example:/opt/ros/humble /usr/bin/cmake --build /home/aksel/Documents/GitHub/Mobile_robotter/ros2_ws/build/lidar_data -- -j16 -l16
[0.933s] Level 1:colcon.colcon_core.environment:create_environment_scripts_only(controller_input)
[0.933s] DEBUG:colcon.colcon_core.event_handler.log_command:Invoked command in '/home/aksel/Documents/GitHub/Mobile_robotter/ros2_ws/build/controller_input' returned '0': CMAKE_PREFIX_PATH=${CMAKE_PREFIX_PATH}:/home/aksel/turtlebot3_ws/install/turtlebot3_teleop:/home/aksel/turtlebot3_ws/install/turtlebot3_example:/opt/ros/humble /usr/bin/cmake --install /home/aksel/Documents/GitHub/Mobile_robotter/ros2_ws/build/controller_input
[0.935s] Level 1:colcon.colcon_core.environment:checking '/home/aksel/Documents/GitHub/Mobile_robotter/ros2_ws/install/controller_input' for CMake module files
[0.936s] Level 1:colcon.colcon_core.environment:checking '/home/aksel/Documents/GitHub/Mobile_robotter/ros2_ws/install/controller_input' for CMake config files
[0.936s] Level 1:colcon.colcon_core.shell:create_environment_hook('controller_input', 'cmake_prefix_path')
[0.936s] INFO:colcon.colcon_core.shell:Creating environment hook '/home/aksel/Documents/GitHub/Mobile_robotter/ros2_ws/install/controller_input/share/controller_input/hook/cmake_prefix_path.ps1'
[0.937s] INFO:colcon.colcon_core.shell:Creating environment descriptor '/home/aksel/Documents/GitHub/Mobile_robotter/ros2_ws/install/controller_input/share/controller_input/hook/cmake_prefix_path.dsv'
[0.937s] INFO:colcon.colcon_core.shell:Creating environment hook '/home/aksel/Documents/GitHub/Mobile_robotter/ros2_ws/install/controller_input/share/controller_input/hook/cmake_prefix_path.sh'
[0.938s] Level 1:colcon.colcon_core.environment:checking '/home/aksel/Documents/GitHub/Mobile_robotter/ros2_ws/install/controller_input/lib'
[0.938s] Level 1:colcon.colcon_core.environment:checking '/home/aksel/Documents/GitHub/Mobile_robotter/ros2_ws/install/controller_input/bin'
[0.938s] Level 1:colcon.colcon_core.environment:checking '/home/aksel/Documents/GitHub/Mobile_robotter/ros2_ws/install/controller_input/lib/pkgconfig/controller_input.pc'
[0.938s] Level 1:colcon.colcon_core.environment:checking '/home/aksel/Documents/GitHub/Mobile_robotter/ros2_ws/install/controller_input/lib/python3.10/site-packages'
[0.938s] Level 1:colcon.colcon_core.environment:checking '/home/aksel/Documents/GitHub/Mobile_robotter/ros2_ws/install/controller_input/bin'
[0.938s] INFO:colcon.colcon_core.shell:Creating package script '/home/aksel/Documents/GitHub/Mobile_robotter/ros2_ws/install/controller_input/share/controller_input/package.ps1'
[0.939s] INFO:colcon.colcon_core.shell:Creating package descriptor '/home/aksel/Documents/GitHub/Mobile_robotter/ros2_ws/install/controller_input/share/controller_input/package.dsv'
[0.939s] INFO:colcon.colcon_core.shell:Creating package script '/home/aksel/Documents/GitHub/Mobile_robotter/ros2_ws/install/controller_input/share/controller_input/package.sh'
[0.940s] INFO:colcon.colcon_core.shell:Creating package script '/home/aksel/Documents/GitHub/Mobile_robotter/ros2_ws/install/controller_input/share/controller_input/package.bash'
[0.940s] INFO:colcon.colcon_core.shell:Creating package script '/home/aksel/Documents/GitHub/Mobile_robotter/ros2_ws/install/controller_input/share/controller_input/package.zsh'
[0.941s] Level 1:colcon.colcon_core.environment:create_file_with_runtime_dependencies(/home/aksel/Documents/GitHub/Mobile_robotter/ros2_ws/install/controller_input/share/colcon-core/packages/controller_input)
[0.941s] Level 1:colcon.colcon_core.environment:create_environment_scripts_only(controller_input)
[0.941s] Level 1:colcon.colcon_core.environment:checking '/home/aksel/Documents/GitHub/Mobile_robotter/ros2_ws/install/controller_input' for CMake module files
[0.942s] Level 1:colcon.colcon_core.environment:checking '/home/aksel/Documents/GitHub/Mobile_robotter/ros2_ws/install/controller_input' for CMake config files
[0.942s] Level 1:colcon.colcon_core.shell:create_environment_hook('controller_input', 'cmake_prefix_path')
[0.942s] INFO:colcon.colcon_core.shell:Creating environment hook '/home/aksel/Documents/GitHub/Mobile_robotter/ros2_ws/install/controller_input/share/controller_input/hook/cmake_prefix_path.ps1'
[0.942s] INFO:colcon.colcon_core.shell:Creating environment descriptor '/home/aksel/Documents/GitHub/Mobile_robotter/ros2_ws/install/controller_input/share/controller_input/hook/cmake_prefix_path.dsv'
[0.943s] INFO:colcon.colcon_core.shell:Creating environment hook '/home/aksel/Documents/GitHub/Mobile_robotter/ros2_ws/install/controller_input/share/controller_input/hook/cmake_prefix_path.sh'
[0.943s] Level 1:colcon.colcon_core.environment:checking '/home/aksel/Documents/GitHub/Mobile_robotter/ros2_ws/install/controller_input/lib'
[0.943s] Level 1:colcon.colcon_core.environment:checking '/home/aksel/Documents/GitHub/Mobile_robotter/ros2_ws/install/controller_input/bin'
[0.943s] Level 1:colcon.colcon_core.environment:checking '/home/aksel/Documents/GitHub/Mobile_robotter/ros2_ws/install/controller_input/lib/pkgconfig/controller_input.pc'
[0.943s] Level 1:colcon.colcon_core.environment:checking '/home/aksel/Documents/GitHub/Mobile_robotter/ros2_ws/install/controller_input/lib/python3.10/site-packages'
[0.943s] Level 1:colcon.colcon_core.environment:checking '/home/aksel/Documents/GitHub/Mobile_robotter/ros2_ws/install/controller_input/bin'
[0.943s] INFO:colcon.colcon_core.shell:Creating package script '/home/aksel/Documents/GitHub/Mobile_robotter/ros2_ws/install/controller_input/share/controller_input/package.ps1'
[0.944s] INFO:colcon.colcon_core.shell:Creating package descriptor '/home/aksel/Documents/GitHub/Mobile_robotter/ros2_ws/install/controller_input/share/controller_input/package.dsv'
[0.944s] INFO:colcon.colcon_core.shell:Creating package script '/home/aksel/Documents/GitHub/Mobile_robotter/ros2_ws/install/controller_input/share/controller_input/package.sh'
[0.944s] INFO:colcon.colcon_core.shell:Creating package script '/home/aksel/Documents/GitHub/Mobile_robotter/ros2_ws/install/controller_input/share/controller_input/package.bash'
[0.945s] INFO:colcon.colcon_core.shell:Creating package script '/home/aksel/Documents/GitHub/Mobile_robotter/ros2_ws/install/controller_input/share/controller_input/package.zsh'
[0.945s] Level 1:colcon.colcon_core.environment:create_file_with_runtime_dependencies(/home/aksel/Documents/GitHub/Mobile_robotter/ros2_ws/install/controller_input/share/colcon-core/packages/controller_input)
[0.947s] DEBUG:colcon.colcon_core.event_handler.log_command:Invoked command in '/home/aksel/Documents/GitHub/Mobile_robotter/ros2_ws/build/lidar_gui' returned '0': CMAKE_PREFIX_PATH=${CMAKE_PREFIX_PATH}:/home/aksel/turtlebot3_ws/install/turtlebot3_teleop:/home/aksel/turtlebot3_ws/install/turtlebot3_example:/opt/ros/humble /usr/bin/cmake /home/aksel/Documents/GitHub/Mobile_robotter/ros2_ws/src/lidar_gui -DCMAKE_INSTALL_PREFIX=/home/aksel/Documents/GitHub/Mobile_robotter/ros2_ws/install/lidar_gui
[0.947s] DEBUG:colcon.colcon_core.event_handler.log_command:Invoking command in '/home/aksel/Documents/GitHub/Mobile_robotter/ros2_ws/build/lidar_gui': CMAKE_PREFIX_PATH=${CMAKE_PREFIX_PATH}:/home/aksel/turtlebot3_ws/install/turtlebot3_teleop:/home/aksel/turtlebot3_ws/install/turtlebot3_example:/opt/ros/humble /usr/bin/cmake --build /home/aksel/Documents/GitHub/Mobile_robotter/ros2_ws/build/lidar_gui -- -j16 -l16
[0.948s] Level 1:colcon.colcon_core.environment:create_environment_scripts_only(dtmf_to_cmd_vel)
[0.948s] Level 1:colcon.colcon_core.environment:checking '/home/aksel/Documents/GitHub/Mobile_robotter/ros2_ws/install/dtmf_to_cmd_vel' for CMake module files
[0.948s] DEBUG:colcon.colcon_core.event_handler.log_command:Invoked command in '/home/aksel/Documents/GitHub/Mobile_robotter/ros2_ws/build/dtmf_to_cmd_vel' returned '0': CMAKE_PREFIX_PATH=${CMAKE_PREFIX_PATH}:/home/aksel/turtlebot3_ws/install/turtlebot3_teleop:/home/aksel/turtlebot3_ws/install/turtlebot3_example:/opt/ros/humble /usr/bin/cmake --install /home/aksel/Documents/GitHub/Mobile_robotter/ros2_ws/build/dtmf_to_cmd_vel
[0.949s] Level 1:colcon.colcon_core.environment:checking '/home/aksel/Documents/GitHub/Mobile_robotter/ros2_ws/install/dtmf_to_cmd_vel' for CMake config files
[0.949s] Level 1:colcon.colcon_core.shell:create_environment_hook('dtmf_to_cmd_vel', 'cmake_prefix_path')
[0.949s] INFO:colcon.colcon_core.shell:Creating environment hook '/home/aksel/Documents/GitHub/Mobile_robotter/ros2_ws/install/dtmf_to_cmd_vel/share/dtmf_to_cmd_vel/hook/cmake_prefix_path.ps1'
[0.949s] INFO:colcon.colcon_core.shell:Creating environment descriptor '/home/aksel/Documents/GitHub/Mobile_robotter/ros2_ws/install/dtmf_to_cmd_vel/share/dtmf_to_cmd_vel/hook/cmake_prefix_path.dsv'
[0.950s] INFO:colcon.colcon_core.shell:Creating environment hook '/home/aksel/Documents/GitHub/Mobile_robotter/ros2_ws/install/dtmf_to_cmd_vel/share/dtmf_to_cmd_vel/hook/cmake_prefix_path.sh'
[0.950s] Level 1:colcon.colcon_core.environment:checking '/home/aksel/Documents/GitHub/Mobile_robotter/ros2_ws/install/dtmf_to_cmd_vel/lib'
[0.950s] Level 1:colcon.colcon_core.environment:checking '/home/aksel/Documents/GitHub/Mobile_robotter/ros2_ws/install/dtmf_to_cmd_vel/bin'
[0.950s] Level 1:colcon.colcon_core.environment:checking '/home/aksel/Documents/GitHub/Mobile_robotter/ros2_ws/install/dtmf_to_cmd_vel/lib/pkgconfig/dtmf_to_cmd_vel.pc'
[0.950s] Level 1:colcon.colcon_core.environment:checking '/home/aksel/Documents/GitHub/Mobile_robotter/ros2_ws/install/dtmf_to_cmd_vel/lib/python3.10/site-packages'
[0.950s] Level 1:colcon.colcon_core.environment:checking '/home/aksel/Documents/GitHub/Mobile_robotter/ros2_ws/install/dtmf_to_cmd_vel/bin'
[0.950s] INFO:colcon.colcon_core.shell:Creating package script '/home/aksel/Documents/GitHub/Mobile_robotter/ros2_ws/install/dtmf_to_cmd_vel/share/dtmf_to_cmd_vel/package.ps1'
[0.951s] INFO:colcon.colcon_core.shell:Creating package descriptor '/home/aksel/Documents/GitHub/Mobile_robotter/ros2_ws/install/dtmf_to_cmd_vel/share/dtmf_to_cmd_vel/package.dsv'
[0.951s] INFO:colcon.colcon_core.shell:Creating package script '/home/aksel/Documents/GitHub/Mobile_robotter/ros2_ws/install/dtmf_to_cmd_vel/share/dtmf_to_cmd_vel/package.sh'
[0.951s] INFO:colcon.colcon_core.shell:Creating package script '/home/aksel/Documents/GitHub/Mobile_robotter/ros2_ws/install/dtmf_to_cmd_vel/share/dtmf_to_cmd_vel/package.bash'
[0.952s] INFO:colcon.colcon_core.shell:Creating package script '/home/aksel/Documents/GitHub/Mobile_robotter/ros2_ws/install/dtmf_to_cmd_vel/share/dtmf_to_cmd_vel/package.zsh'
[0.952s] Level 1:colcon.colcon_core.environment:create_file_with_runtime_dependencies(/home/aksel/Documents/GitHub/Mobile_robotter/ros2_ws/install/dtmf_to_cmd_vel/share/colcon-core/packages/dtmf_to_cmd_vel)
[0.952s] Level 1:colcon.colcon_core.environment:create_environment_scripts_only(dtmf_to_cmd_vel)
[0.953s] Level 1:colcon.colcon_core.environment:checking '/home/aksel/Documents/GitHub/Mobile_robotter/ros2_ws/install/dtmf_to_cmd_vel' for CMake module files
[0.953s] Level 1:colcon.colcon_core.environment:checking '/home/aksel/Documents/GitHub/Mobile_robotter/ros2_ws/install/dtmf_to_cmd_vel' for CMake config files
[0.953s] Level 1:colcon.colcon_core.shell:create_environment_hook('dtmf_to_cmd_vel', 'cmake_prefix_path')
[0.953s] INFO:colcon.colcon_core.shell:Creating environment hook '/home/aksel/Documents/GitHub/Mobile_robotter/ros2_ws/install/dtmf_to_cmd_vel/share/dtmf_to_cmd_vel/hook/cmake_prefix_path.ps1'
[0.953s] INFO:colcon.colcon_core.shell:Creating environment descriptor '/home/aksel/Documents/GitHub/Mobile_robotter/ros2_ws/install/dtmf_to_cmd_vel/share/dtmf_to_cmd_vel/hook/cmake_prefix_path.dsv'
[0.954s] INFO:colcon.colcon_core.shell:Creating environment hook '/home/aksel/Documents/GitHub/Mobile_robotter/ros2_ws/install/dtmf_to_cmd_vel/share/dtmf_to_cmd_vel/hook/cmake_prefix_path.sh'
[0.954s] Level 1:colcon.colcon_core.environment:checking '/home/aksel/Documents/GitHub/Mobile_robotter/ros2_ws/install/dtmf_to_cmd_vel/lib'
[0.954s] Level 1:colcon.colcon_core.environment:checking '/home/aksel/Documents/GitHub/Mobile_robotter/ros2_ws/install/dtmf_to_cmd_vel/bin'
[0.954s] Level 1:colcon.colcon_core.environment:checking '/home/aksel/Documents/GitHub/Mobile_robotter/ros2_ws/install/dtmf_to_cmd_vel/lib/pkgconfig/dtmf_to_cmd_vel.pc'
[0.954s] Level 1:colcon.colcon_core.environment:checking '/home/aksel/Documents/GitHub/Mobile_robotter/ros2_ws/install/dtmf_to_cmd_vel/lib/python3.10/site-packages'
[0.955s] Level 1:colcon.colcon_core.environment:checking '/home/aksel/Documents/GitHub/Mobile_robotter/ros2_ws/install/dtmf_to_cmd_vel/bin'
[0.955s] INFO:colcon.colcon_core.shell:Creating package script '/home/aksel/Documents/GitHub/Mobile_robotter/ros2_ws/install/dtmf_to_cmd_vel/share/dtmf_to_cmd_vel/package.ps1'
[0.955s] INFO:colcon.colcon_core.shell:Creating package descriptor '/home/aksel/Documents/GitHub/Mobile_robotter/ros2_ws/install/dtmf_to_cmd_vel/share/dtmf_to_cmd_vel/package.dsv'
[0.955s] INFO:colcon.colcon_core.shell:Creating package script '/home/aksel/Documents/GitHub/Mobile_robotter/ros2_ws/install/dtmf_to_cmd_vel/share/dtmf_to_cmd_vel/package.sh'
[0.956s] INFO:colcon.colcon_core.shell:Creating package script '/home/aksel/Documents/GitHub/Mobile_robotter/ros2_ws/install/dtmf_to_cmd_vel/share/dtmf_to_cmd_vel/package.bash'
[0.956s] INFO:colcon.colcon_core.shell:Creating package script '/home/aksel/Documents/GitHub/Mobile_robotter/ros2_ws/install/dtmf_to_cmd_vel/share/dtmf_to_cmd_vel/package.zsh'
[0.956s] Level 1:colcon.colcon_core.environment:create_file_with_runtime_dependencies(/home/aksel/Documents/GitHub/Mobile_robotter/ros2_ws/install/dtmf_to_cmd_vel/share/colcon-core/packages/dtmf_to_cmd_vel)
[0.992s] DEBUG:colcon.colcon_core.event_handler.log_command:Invoked command in '/home/aksel/Documents/GitHub/Mobile_robotter/ros2_ws/build/lidar_data' returned '0': CMAKE_PREFIX_PATH=${CMAKE_PREFIX_PATH}:/home/aksel/turtlebot3_ws/install/turtlebot3_teleop:/home/aksel/turtlebot3_ws/install/turtlebot3_example:/opt/ros/humble /usr/bin/cmake --build /home/aksel/Documents/GitHub/Mobile_robotter/ros2_ws/build/lidar_data -- -j16 -l16
[0.994s] DEBUG:colcon.colcon_core.event_handler.log_command:Invoking command in '/home/aksel/Documents/GitHub/Mobile_robotter/ros2_ws/build/lidar_data': CMAKE_PREFIX_PATH=${CMAKE_PREFIX_PATH}:/home/aksel/turtlebot3_ws/install/turtlebot3_teleop:/home/aksel/turtlebot3_ws/install/turtlebot3_example:/opt/ros/humble /usr/bin/cmake --install /home/aksel/Documents/GitHub/Mobile_robotter/ros2_ws/build/lidar_data
[1.004s] Level 1:colcon.colcon_core.environment:create_environment_scripts_only(lidar_data)
[1.005s] Level 1:colcon.colcon_core.environment:checking '/home/aksel/Documents/GitHub/Mobile_robotter/ros2_ws/install/lidar_data' for CMake module files
[1.005s] DEBUG:colcon.colcon_core.event_handler.log_command:Invoked command in '/home/aksel/Documents/GitHub/Mobile_robotter/ros2_ws/build/lidar_data' returned '0': CMAKE_PREFIX_PATH=${CMAKE_PREFIX_PATH}:/home/aksel/turtlebot3_ws/install/turtlebot3_teleop:/home/aksel/turtlebot3_ws/install/turtlebot3_example:/opt/ros/humble /usr/bin/cmake --install /home/aksel/Documents/GitHub/Mobile_robotter/ros2_ws/build/lidar_data
[1.005s] Level 1:colcon.colcon_core.environment:checking '/home/aksel/Documents/GitHub/Mobile_robotter/ros2_ws/install/lidar_data' for CMake config files
[1.006s] Level 1:colcon.colcon_core.shell:create_environment_hook('lidar_data', 'cmake_prefix_path')
[1.006s] INFO:colcon.colcon_core.shell:Creating environment hook '/home/aksel/Documents/GitHub/Mobile_robotter/ros2_ws/install/lidar_data/share/lidar_data/hook/cmake_prefix_path.ps1'
[1.006s] INFO:colcon.colcon_core.shell:Creating environment descriptor '/home/aksel/Documents/GitHub/Mobile_robotter/ros2_ws/install/lidar_data/share/lidar_data/hook/cmake_prefix_path.dsv'
[1.006s] INFO:colcon.colcon_core.shell:Creating environment hook '/home/aksel/Documents/GitHub/Mobile_robotter/ros2_ws/install/lidar_data/share/lidar_data/hook/cmake_prefix_path.sh'
[1.007s] Level 1:colcon.colcon_core.environment:checking '/home/aksel/Documents/GitHub/Mobile_robotter/ros2_ws/install/lidar_data/lib'
[1.007s] Level 1:colcon.colcon_core.environment:checking '/home/aksel/Documents/GitHub/Mobile_robotter/ros2_ws/install/lidar_data/bin'
[1.007s] Level 1:colcon.colcon_core.environment:checking '/home/aksel/Documents/GitHub/Mobile_robotter/ros2_ws/install/lidar_data/lib/pkgconfig/lidar_data.pc'
[1.007s] Level 1:colcon.colcon_core.environment:checking '/home/aksel/Documents/GitHub/Mobile_robotter/ros2_ws/install/lidar_data/lib/python3.10/site-packages'
[1.007s] Level 1:colcon.colcon_core.environment:checking '/home/aksel/Documents/GitHub/Mobile_robotter/ros2_ws/install/lidar_data/bin'
[1.007s] INFO:colcon.colcon_core.shell:Creating package script '/home/aksel/Documents/GitHub/Mobile_robotter/ros2_ws/install/lidar_data/share/lidar_data/package.ps1'
[1.008s] INFO:colcon.colcon_core.shell:Creating package descriptor '/home/aksel/Documents/GitHub/Mobile_robotter/ros2_ws/install/lidar_data/share/lidar_data/package.dsv'
[1.008s] INFO:colcon.colcon_core.shell:Creating package script '/home/aksel/Documents/GitHub/Mobile_robotter/ros2_ws/install/lidar_data/share/lidar_data/package.sh'
[1.008s] INFO:colcon.colcon_core.shell:Creating package script '/home/aksel/Documents/GitHub/Mobile_robotter/ros2_ws/install/lidar_data/share/lidar_data/package.bash'
[1.009s] INFO:colcon.colcon_core.shell:Creating package script '/home/aksel/Documents/GitHub/Mobile_robotter/ros2_ws/install/lidar_data/share/lidar_data/package.zsh'
[1.009s] Level 1:colcon.colcon_core.environment:create_file_with_runtime_dependencies(/home/aksel/Documents/GitHub/Mobile_robotter/ros2_ws/install/lidar_data/share/colcon-core/packages/lidar_data)
[1.009s] Level 1:colcon.colcon_core.environment:create_environment_scripts_only(lidar_data)
[1.009s] Level 1:colcon.colcon_core.environment:checking '/home/aksel/Documents/GitHub/Mobile_robotter/ros2_ws/install/lidar_data' for CMake module files
[1.010s] Level 1:colcon.colcon_core.environment:checking '/home/aksel/Documents/GitHub/Mobile_robotter/ros2_ws/install/lidar_data' for CMake config files
[1.010s] Level 1:colcon.colcon_core.shell:create_environment_hook('lidar_data', 'cmake_prefix_path')
[1.010s] INFO:colcon.colcon_core.shell:Creating environment hook '/home/aksel/Documents/GitHub/Mobile_robotter/ros2_ws/install/lidar_data/share/lidar_data/hook/cmake_prefix_path.ps1'
[1.010s] INFO:colcon.colcon_core.shell:Creating environment descriptor '/home/aksel/Documents/GitHub/Mobile_robotter/ros2_ws/install/lidar_data/share/lidar_data/hook/cmake_prefix_path.dsv'
[1.011s] INFO:colcon.colcon_core.shell:Creating environment hook '/home/aksel/Documents/GitHub/Mobile_robotter/ros2_ws/install/lidar_data/share/lidar_data/hook/cmake_prefix_path.sh'
[1.011s] Level 1:colcon.colcon_core.environment:checking '/home/aksel/Documents/GitHub/Mobile_robotter/ros2_ws/install/lidar_data/lib'
[1.011s] Level 1:colcon.colcon_core.environment:checking '/home/aksel/Documents/GitHub/Mobile_robotter/ros2_ws/install/lidar_data/bin'
[1.011s] Level 1:colcon.colcon_core.environment:checking '/home/aksel/Documents/GitHub/Mobile_robotter/ros2_ws/install/lidar_data/lib/pkgconfig/lidar_data.pc'
[1.011s] Level 1:colcon.colcon_core.environment:checking '/home/aksel/Documents/GitHub/Mobile_robotter/ros2_ws/install/lidar_data/lib/python3.10/site-packages'
[1.011s] Level 1:colcon.colcon_core.environment:checking '/home/aksel/Documents/GitHub/Mobile_robotter/ros2_ws/install/lidar_data/bin'
[1.011s] INFO:colcon.colcon_core.shell:Creating package script '/home/aksel/Documents/GitHub/Mobile_robotter/ros2_ws/install/lidar_data/share/lidar_data/package.ps1'
[1.012s] INFO:colcon.colcon_core.shell:Creating package descriptor '/home/aksel/Documents/GitHub/Mobile_robotter/ros2_ws/install/lidar_data/share/lidar_data/package.dsv'
[1.012s] INFO:colcon.colcon_core.shell:Creating package script '/home/aksel/Documents/GitHub/Mobile_robotter/ros2_ws/install/lidar_data/share/lidar_data/package.sh'
[1.013s] INFO:colcon.colcon_core.shell:Creating package script '/home/aksel/Documents/GitHub/Mobile_robotter/ros2_ws/install/lidar_data/share/lidar_data/package.bash'
[1.013s] INFO:colcon.colcon_core.shell:Creating package script '/home/aksel/Documents/GitHub/Mobile_robotter/ros2_ws/install/lidar_data/share/lidar_data/package.zsh'
[1.013s] Level 1:colcon.colcon_core.environment:create_file_with_runtime_dependencies(/home/aksel/Documents/GitHub/Mobile_robotter/ros2_ws/install/lidar_data/share/colcon-core/packages/lidar_data)
[2.152s] DEBUG:colcon.colcon_core.event_handler.log_command:Invoked command in '/home/aksel/Documents/GitHub/Mobile_robotter/ros2_ws/build/lidar_gui' returned '0': CMAKE_PREFIX_PATH=${CMAKE_PREFIX_PATH}:/home/aksel/turtlebot3_ws/install/turtlebot3_teleop:/home/aksel/turtlebot3_ws/install/turtlebot3_example:/opt/ros/humble /usr/bin/cmake --build /home/aksel/Documents/GitHub/Mobile_robotter/ros2_ws/build/lidar_gui -- -j16 -l16
[2.153s] DEBUG:colcon.colcon_core.event_handler.log_command:Invoking command in '/home/aksel/Documents/GitHub/Mobile_robotter/ros2_ws/build/lidar_gui': CMAKE_PREFIX_PATH=${CMAKE_PREFIX_PATH}:/home/aksel/turtlebot3_ws/install/turtlebot3_teleop:/home/aksel/turtlebot3_ws/install/turtlebot3_example:/opt/ros/humble /usr/bin/cmake --install /home/aksel/Documents/GitHub/Mobile_robotter/ros2_ws/build/lidar_gui
[2.180s] Level 1:colcon.colcon_core.environment:create_environment_scripts_only(lidar_gui)
[2.181s] Level 1:colcon.colcon_core.environment:checking '/home/aksel/Documents/GitHub/Mobile_robotter/ros2_ws/install/lidar_gui' for CMake module files
[2.181s] DEBUG:colcon.colcon_core.event_handler.log_command:Invoked command in '/home/aksel/Documents/GitHub/Mobile_robotter/ros2_ws/build/lidar_gui' returned '0': CMAKE_PREFIX_PATH=${CMAKE_PREFIX_PATH}:/home/aksel/turtlebot3_ws/install/turtlebot3_teleop:/home/aksel/turtlebot3_ws/install/turtlebot3_example:/opt/ros/humble /usr/bin/cmake --install /home/aksel/Documents/GitHub/Mobile_robotter/ros2_ws/build/lidar_gui
[2.181s] Level 1:colcon.colcon_core.environment:checking '/home/aksel/Documents/GitHub/Mobile_robotter/ros2_ws/install/lidar_gui' for CMake config files
[2.181s] Level 1:colcon.colcon_core.shell:create_environment_hook('lidar_gui', 'cmake_prefix_path')
[2.181s] INFO:colcon.colcon_core.shell:Creating environment hook '/home/aksel/Documents/GitHub/Mobile_robotter/ros2_ws/install/lidar_gui/share/lidar_gui/hook/cmake_prefix_path.ps1'
[2.182s] INFO:colcon.colcon_core.shell:Creating environment descriptor '/home/aksel/Documents/GitHub/Mobile_robotter/ros2_ws/install/lidar_gui/share/lidar_gui/hook/cmake_prefix_path.dsv'
[2.182s] INFO:colcon.colcon_core.shell:Creating environment hook '/home/aksel/Documents/GitHub/Mobile_robotter/ros2_ws/install/lidar_gui/share/lidar_gui/hook/cmake_prefix_path.sh'
[2.183s] Level 1:colcon.colcon_core.environment:checking '/home/aksel/Documents/GitHub/Mobile_robotter/ros2_ws/install/lidar_gui/lib'
[2.183s] Level 1:colcon.colcon_core.environment:checking '/home/aksel/Documents/GitHub/Mobile_robotter/ros2_ws/install/lidar_gui/bin'
[2.183s] Level 1:colcon.colcon_core.environment:checking '/home/aksel/Documents/GitHub/Mobile_robotter/ros2_ws/install/lidar_gui/lib/pkgconfig/lidar_gui.pc'
[2.183s] Level 1:colcon.colcon_core.environment:checking '/home/aksel/Documents/GitHub/Mobile_robotter/ros2_ws/install/lidar_gui/lib/python3.10/site-packages'
[2.183s] Level 1:colcon.colcon_core.environment:checking '/home/aksel/Documents/GitHub/Mobile_robotter/ros2_ws/install/lidar_gui/bin'
[2.183s] INFO:colcon.colcon_core.shell:Creating package script '/home/aksel/Documents/GitHub/Mobile_robotter/ros2_ws/install/lidar_gui/share/lidar_gui/package.ps1'
[2.183s] INFO:colcon.colcon_core.shell:Creating package descriptor '/home/aksel/Documents/GitHub/Mobile_robotter/ros2_ws/install/lidar_gui/share/lidar_gui/package.dsv'
[2.184s] INFO:colcon.colcon_core.shell:Creating package script '/home/aksel/Documents/GitHub/Mobile_robotter/ros2_ws/install/lidar_gui/share/lidar_gui/package.sh'
[2.184s] INFO:colcon.colcon_core.shell:Creating package script '/home/aksel/Documents/GitHub/Mobile_robotter/ros2_ws/install/lidar_gui/share/lidar_gui/package.bash'
[2.184s] INFO:colcon.colcon_core.shell:Creating package script '/home/aksel/Documents/GitHub/Mobile_robotter/ros2_ws/install/lidar_gui/share/lidar_gui/package.zsh'
[2.184s] Level 1:colcon.colcon_core.environment:create_file_with_runtime_dependencies(/home/aksel/Documents/GitHub/Mobile_robotter/ros2_ws/install/lidar_gui/share/colcon-core/packages/lidar_gui)
[2.185s] Level 1:colcon.colcon_core.environment:create_environment_scripts_only(lidar_gui)
[2.185s] Level 1:colcon.colcon_core.environment:checking '/home/aksel/Documents/GitHub/Mobile_robotter/ros2_ws/install/lidar_gui' for CMake module files
[2.185s] Level 1:colcon.colcon_core.environment:checking '/home/aksel/Documents/GitHub/Mobile_robotter/ros2_ws/install/lidar_gui' for CMake config files
[2.186s] Level 1:colcon.colcon_core.shell:create_environment_hook('lidar_gui', 'cmake_prefix_path')
[2.186s] INFO:colcon.colcon_core.shell:Creating environment hook '/home/aksel/Documents/GitHub/Mobile_robotter/ros2_ws/install/lidar_gui/share/lidar_gui/hook/cmake_prefix_path.ps1'
[2.186s] INFO:colcon.colcon_core.shell:Creating environment descriptor '/home/aksel/Documents/GitHub/Mobile_robotter/ros2_ws/install/lidar_gui/share/lidar_gui/hook/cmake_prefix_path.dsv'
[2.186s] INFO:colcon.colcon_core.shell:Creating environment hook '/home/aksel/Documents/GitHub/Mobile_robotter/ros2_ws/install/lidar_gui/share/lidar_gui/hook/cmake_prefix_path.sh'
[2.187s] Level 1:colcon.colcon_core.environment:checking '/home/aksel/Documents/GitHub/Mobile_robotter/ros2_ws/install/lidar_gui/lib'
[2.187s] Level 1:colcon.colcon_core.environment:checking '/home/aksel/Documents/GitHub/Mobile_robotter/ros2_ws/install/lidar_gui/bin'
[2.187s] Level 1:colcon.colcon_core.environment:checking '/home/aksel/Documents/GitHub/Mobile_robotter/ros2_ws/install/lidar_gui/lib/pkgconfig/lidar_gui.pc'
[2.187s] Level 1:colcon.colcon_core.environment:checking '/home/aksel/Documents/GitHub/Mobile_robotter/ros2_ws/install/lidar_gui/lib/python3.10/site-packages'
[2.187s] Level 1:colcon.colcon_core.environment:checking '/home/aksel/Documents/GitHub/Mobile_robotter/ros2_ws/install/lidar_gui/bin'
[2.187s] INFO:colcon.colcon_core.shell:Creating package script '/home/aksel/Documents/GitHub/Mobile_robotter/ros2_ws/install/lidar_gui/share/lidar_gui/package.ps1'
[2.187s] INFO:colcon.colcon_core.shell:Creating package descriptor '/home/aksel/Documents/GitHub/Mobile_robotter/ros2_ws/install/lidar_gui/share/lidar_gui/package.dsv'
[2.188s] INFO:colcon.colcon_core.shell:Creating package script '/home/aksel/Documents/GitHub/Mobile_robotter/ros2_ws/install/lidar_gui/share/lidar_gui/package.sh'
[2.188s] INFO:colcon.colcon_core.shell:Creating package script '/home/aksel/Documents/GitHub/Mobile_robotter/ros2_ws/install/lidar_gui/share/lidar_gui/package.bash'
[2.188s] INFO:colcon.colcon_core.shell:Creating package script '/home/aksel/Documents/GitHub/Mobile_robotter/ros2_ws/install/lidar_gui/share/lidar_gui/package.zsh'
[2.189s] Level 1:colcon.colcon_core.environment:create_file_with_runtime_dependencies(/home/aksel/Documents/GitHub/Mobile_robotter/ros2_ws/install/lidar_gui/share/colcon-core/packages/lidar_gui)
[2.189s] DEBUG:colcon.colcon_parallel_executor.executor.parallel:closing loop
[2.189s] DEBUG:colcon.colcon_parallel_executor.executor.parallel:loop closed
[2.189s] DEBUG:colcon.colcon_parallel_executor.executor.parallel:run_until_complete finished with '0'
[2.189s] DEBUG:colcon.colcon_core.event_reactor:joining thread
[2.193s] INFO:colcon.colcon_core.plugin_system:Skipping extension 'colcon_notification.desktop_notification.terminal_notifier': Not used on non-Darwin systems
[2.193s] INFO:colcon.colcon_core.plugin_system:Skipping extension 'colcon_notification.desktop_notification.win32': Not used on non-Windows systems
[2.193s] INFO:colcon.colcon_notification.desktop_notification:Sending desktop notification using 'notify2'
[2.204s] DEBUG:colcon.colcon_core.event_reactor:joined thread
[2.204s] INFO:colcon.colcon_core.shell:Creating prefix script '/home/aksel/Documents/GitHub/Mobile_robotter/ros2_ws/install/local_setup.ps1'
[2.205s] INFO:colcon.colcon_core.shell:Creating prefix util module '/home/aksel/Documents/GitHub/Mobile_robotter/ros2_ws/install/_local_setup_util_ps1.py'
[2.206s] INFO:colcon.colcon_core.shell:Creating prefix chain script '/home/aksel/Documents/GitHub/Mobile_robotter/ros2_ws/install/setup.ps1'
[2.208s] INFO:colcon.colcon_core.shell:Creating prefix script '/home/aksel/Documents/GitHub/Mobile_robotter/ros2_ws/install/local_setup.sh'
[2.208s] INFO:colcon.colcon_core.shell:Creating prefix util module '/home/aksel/Documents/GitHub/Mobile_robotter/ros2_ws/install/_local_setup_util_sh.py'
[2.208s] INFO:colcon.colcon_core.shell:Creating prefix chain script '/home/aksel/Documents/GitHub/Mobile_robotter/ros2_ws/install/setup.sh'
[2.210s] INFO:colcon.colcon_core.shell:Creating prefix script '/home/aksel/Documents/GitHub/Mobile_robotter/ros2_ws/install/local_setup.bash'
[2.210s] INFO:colcon.colcon_core.shell:Creating prefix chain script '/home/aksel/Documents/GitHub/Mobile_robotter/ros2_ws/install/setup.bash'
[2.211s] INFO:colcon.colcon_core.shell:Creating prefix script '/home/aksel/Documents/GitHub/Mobile_robotter/ros2_ws/install/local_setup.zsh'
[2.212s] INFO:colcon.colcon_core.shell:Creating prefix chain script '/home/aksel/Documents/GitHub/Mobile_robotter/ros2_ws/install/setup.zsh'
