[0.132s] DEBUG:colcon:Command line arguments: ['/usr/bin/colcon', 'build']
[0.132s] DEBUG:colcon:Parsed command line arguments: Namespace(log_base=None, log_level=None, verb_name='build', build_base='build', install_base='install', merge_install=False, symlink_install=False, test_result_base=None, continue_on_error=False, executor='parallel', parallel_workers=16, event_handlers=None, ignore_user_meta=False, metas=['./colcon.meta'], base_paths=['.'], packages_ignore=None, packages_ignore_regex=None, paths=None, packages_up_to=None, packages_up_to_regex=None, packages_above=None, packages_above_and_dependencies=None, packages_above_depth=None, packages_select_by_dep=None, packages_skip_by_dep=None, packages_skip_up_to=None, packages_select_build_failed=False, packages_skip_build_finished=False, packages_select_test_failures=False, packages_skip_test_passed=False, packages_select=None, packages_skip=None, packages_select_regex=None, packages_skip_regex=None, packages_start=None, packages_end=None, allow_overriding=[], cmake_args=None, cmake_target=None, cmake_target_skip_unavailable=False, cmake_clean_cache=False, cmake_clean_first=False, cmake_force_configure=False, ament_cmake_args=None, catkin_cmake_args=None, catkin_skip_building_tests=False, verb_parser=<colcon_defaults.argument_parser.defaults.DefaultArgumentsDecorator object at 0x7c12a601d6f0>, verb_extension=<colcon_core.verb.build.BuildVerb object at 0x7c12a601c8b0>, main=<bound method BuildVerb.main of <colcon_core.verb.build.BuildVerb object at 0x7c12a601c8b0>>)
[0.346s] Level 1:colcon.colcon_core.package_discovery:discover_packages(colcon_meta) check parameters
[0.346s] Level 1:colcon.colcon_core.package_discovery:discover_packages(recursive) check parameters
[0.346s] Level 1:colcon.colcon_core.package_discovery:discover_packages(ignore) check parameters
[0.346s] Level 1:colcon.colcon_core.package_discovery:discover_packages(path) check parameters
[0.346s] Level 1:colcon.colcon_core.package_discovery:discover_packages(colcon_meta) discover
[0.346s] Level 1:colcon.colcon_core.package_discovery:discover_packages(recursive) discover
[0.346s] INFO:colcon.colcon_core.package_discovery:Crawling recursively for packages in '/home/aksel/Documents/GitHub/Mobile_robotter/ros2_ws'
[0.346s] Level 1:colcon.colcon_core.package_identification:_identify(.) by extensions ['ignore', 'ignore_ament_install']
[0.346s] Level 1:colcon.colcon_core.package_identification:_identify(.) by extension 'ignore'
[0.346s] Level 1:colcon.colcon_core.package_identification:_identify(.) by extension 'ignore_ament_install'
[0.346s] Level 1:colcon.colcon_core.package_identification:_identify(.) by extensions ['colcon_pkg']
[0.346s] Level 1:colcon.colcon_core.package_identification:_identify(.) by extension 'colcon_pkg'
[0.346s] Level 1:colcon.colcon_core.package_identification:_identify(.) by extensions ['colcon_meta']
[0.346s] Level 1:colcon.colcon_core.package_identification:_identify(.) by extension 'colcon_meta'
[0.346s] Level 1:colcon.colcon_core.package_identification:_identify(.) by extensions ['ros']
[0.346s] Level 1:colcon.colcon_core.package_identification:_identify(.) by extension 'ros'
[0.355s] Level 1:colcon.colcon_core.package_identification:_identify(.) by extensions ['cmake', 'python']
[0.355s] Level 1:colcon.colcon_core.package_identification:_identify(.) by extension 'cmake'
[0.356s] Level 1:colcon.colcon_core.package_identification:_identify(.) by extension 'python'
[0.356s] Level 1:colcon.colcon_core.package_identification:_identify(.) by extensions ['python_setup_py']
[0.356s] Level 1:colcon.colcon_core.package_identification:_identify(.) by extension 'python_setup_py'
[0.356s] Level 1:colcon.colcon_core.package_identification:_identify(build) by extensions ['ignore', 'ignore_ament_install']
[0.356s] Level 1:colcon.colcon_core.package_identification:_identify(build) by extension 'ignore'
[0.356s] Level 1:colcon.colcon_core.package_identification:_identify(build) ignored
[0.356s] Level 1:colcon.colcon_core.package_identification:_identify(install) by extensions ['ignore', 'ignore_ament_install']
[0.356s] Level 1:colcon.colcon_core.package_identification:_identify(install) by extension 'ignore'
[0.356s] Level 1:colcon.colcon_core.package_identification:_identify(install) ignored
[0.356s] Level 1:colcon.colcon_core.package_identification:_identify(log) by extensions ['ignore', 'ignore_ament_install']
[0.356s] Level 1:colcon.colcon_core.package_identification:_identify(log) by extension 'ignore'
[0.356s] Level 1:colcon.colcon_core.package_identification:_identify(log) ignored
[0.356s] Level 1:colcon.colcon_core.package_identification:_identify(src) by extensions ['ignore', 'ignore_ament_install']
[0.356s] Level 1:colcon.colcon_core.package_identification:_identify(src) by extension 'ignore'
[0.356s] Level 1:colcon.colcon_core.package_identification:_identify(src) by extension 'ignore_ament_install'
[0.356s] Level 1:colcon.colcon_core.package_identification:_identify(src) by extensions ['colcon_pkg']
[0.356s] Level 1:colcon.colcon_core.package_identification:_identify(src) by extension 'colcon_pkg'
[0.356s] Level 1:colcon.colcon_core.package_identification:_identify(src) by extensions ['colcon_meta']
[0.356s] Level 1:colcon.colcon_core.package_identification:_identify(src) by extension 'colcon_meta'
[0.357s] Level 1:colcon.colcon_core.package_identification:_identify(src) by extensions ['ros']
[0.357s] Level 1:colcon.colcon_core.package_identification:_identify(src) by extension 'ros'
[0.357s] Level 1:colcon.colcon_core.package_identification:_identify(src) by extensions ['cmake', 'python']
[0.357s] Level 1:colcon.colcon_core.package_identification:_identify(src) by extension 'cmake'
[0.357s] Level 1:colcon.colcon_core.package_identification:_identify(src) by extension 'python'
[0.357s] Level 1:colcon.colcon_core.package_identification:_identify(src) by extensions ['python_setup_py']
[0.357s] Level 1:colcon.colcon_core.package_identification:_identify(src) by extension 'python_setup_py'
[0.357s] Level 1:colcon.colcon_core.package_identification:_identify(src/controller_input) by extensions ['ignore', 'ignore_ament_install']
[0.357s] Level 1:colcon.colcon_core.package_identification:_identify(src/controller_input) by extension 'ignore'
[0.357s] Level 1:colcon.colcon_core.package_identification:_identify(src/controller_input) by extension 'ignore_ament_install'
[0.357s] Level 1:colcon.colcon_core.package_identification:_identify(src/controller_input) by extensions ['colcon_pkg']
[0.357s] Level 1:colcon.colcon_core.package_identification:_identify(src/controller_input) by extension 'colcon_pkg'
[0.357s] Level 1:colcon.colcon_core.package_identification:_identify(src/controller_input) by extensions ['colcon_meta']
[0.357s] Level 1:colcon.colcon_core.package_identification:_identify(src/controller_input) by extension 'colcon_meta'
[0.357s] Level 1:colcon.colcon_core.package_identification:_identify(src/controller_input) by extensions ['ros']
[0.357s] Level 1:colcon.colcon_core.package_identification:_identify(src/controller_input) by extension 'ros'
[0.359s] DEBUG:colcon.colcon_core.package_identification:Package 'src/controller_input' with type 'ros.ament_cmake' and name 'controller_input'
[0.359s] Level 1:colcon.colcon_core.package_identification:_identify(src/dtmf_to_cmd_vel) by extensions ['ignore', 'ignore_ament_install']
[0.359s] Level 1:colcon.colcon_core.package_identification:_identify(src/dtmf_to_cmd_vel) by extension 'ignore'
[0.359s] Level 1:colcon.colcon_core.package_identification:_identify(src/dtmf_to_cmd_vel) by extension 'ignore_ament_install'
[0.359s] Level 1:colcon.colcon_core.package_identification:_identify(src/dtmf_to_cmd_vel) by extensions ['colcon_pkg']
[0.359s] Level 1:colcon.colcon_core.package_identification:_identify(src/dtmf_to_cmd_vel) by extension 'colcon_pkg'
[0.359s] Level 1:colcon.colcon_core.package_identification:_identify(src/dtmf_to_cmd_vel) by extensions ['colcon_meta']
[0.359s] Level 1:colcon.colcon_core.package_identification:_identify(src/dtmf_to_cmd_vel) by extension 'colcon_meta'
[0.359s] Level 1:colcon.colcon_core.package_identification:_identify(src/dtmf_to_cmd_vel) by extensions ['ros']
[0.359s] Level 1:colcon.colcon_core.package_identification:_identify(src/dtmf_to_cmd_vel) by extension 'ros'
[0.360s] DEBUG:colcon.colcon_core.package_identification:Package 'src/dtmf_to_cmd_vel' with type 'ros.ament_cmake' and name 'dtmf_to_cmd_vel'
[0.360s] Level 1:colcon.colcon_core.package_identification:_identify(src/lidar_data) by extensions ['ignore', 'ignore_ament_install']
[0.360s] Level 1:colcon.colcon_core.package_identification:_identify(src/lidar_data) by extension 'ignore'
[0.360s] Level 1:colcon.colcon_core.package_identification:_identify(src/lidar_data) by extension 'ignore_ament_install'
[0.360s] Level 1:colcon.colcon_core.package_identification:_identify(src/lidar_data) by extensions ['colcon_pkg']
[0.360s] Level 1:colcon.colcon_core.package_identification:_identify(src/lidar_data) by extension 'colcon_pkg'
[0.360s] Level 1:colcon.colcon_core.package_identification:_identify(src/lidar_data) by extensions ['colcon_meta']
[0.360s] Level 1:colcon.colcon_core.package_identification:_identify(src/lidar_data) by extension 'colcon_meta'
[0.360s] Level 1:colcon.colcon_core.package_identification:_identify(src/lidar_data) by extensions ['ros']
[0.360s] Level 1:colcon.colcon_core.package_identification:_identify(src/lidar_data) by extension 'ros'
[0.361s] DEBUG:colcon.colcon_core.package_identification:Package 'src/lidar_data' with type 'ros.ament_cmake' and name 'lidar_data'
[0.361s] Level 1:colcon.colcon_core.package_identification:_identify(src/lidar_gui) by extensions ['ignore', 'ignore_ament_install']
[0.361s] Level 1:colcon.colcon_core.package_identification:_identify(src/lidar_gui) by extension 'ignore'
[0.361s] Level 1:colcon.colcon_core.package_identification:_identify(src/lidar_gui) by extension 'ignore_ament_install'
[0.361s] Level 1:colcon.colcon_core.package_identification:_identify(src/lidar_gui) by extensions ['colcon_pkg']
[0.361s] Level 1:colcon.colcon_core.package_identification:_identify(src/lidar_gui) by extension 'colcon_pkg'
[0.361s] Level 1:colcon.colcon_core.package_identification:_identify(src/lidar_gui) by extensions ['colcon_meta']
[0.361s] Level 1:colcon.colcon_core.package_identification:_identify(src/lidar_gui) by extension 'colcon_meta'
[0.361s] Level 1:colcon.colcon_core.package_identification:_identify(src/lidar_gui) by extensions ['ros']
[0.361s] Level 1:colcon.colcon_core.package_identification:_identify(src/lidar_gui) by extension 'ros'
[0.362s] DEBUG:colcon.colcon_core.package_identification:Package 'src/lidar_gui' with type 'ros.ament_cmake' and name 'lidar_gui'
[0.362s] Level 1:colcon.colcon_core.package_discovery:discover_packages(recursive) using defaults
[0.362s] Level 1:colcon.colcon_core.package_discovery:discover_packages(ignore) discover
[0.362s] Level 1:colcon.colcon_core.package_discovery:discover_packages(ignore) using defaults
[0.362s] Level 1:colcon.colcon_core.package_discovery:discover_packages(path) discover
[0.362s] Level 1:colcon.colcon_core.package_discovery:discover_packages(path) using defaults
[0.407s] Level 1:colcon.colcon_core.package_discovery:discover_packages(prefix_path) check parameters
[0.407s] Level 1:colcon.colcon_core.package_discovery:discover_packages(prefix_path) discover
[0.409s] DEBUG:colcon.colcon_installed_package_information.package_discovery:Found 4 installed packages in /home/aksel/Documents/GitHub/Mobile_robotter/ros2_ws/install
[0.409s] DEBUG:colcon.colcon_installed_package_information.package_discovery:Found 15 installed packages in /home/aksel/turtlebot3_ws/install
[0.411s] DEBUG:colcon.colcon_installed_package_information.package_discovery:Found 374 installed packages in /opt/ros/humble
[0.412s] Level 1:colcon.colcon_core.package_discovery:discover_packages(prefix_path) using defaults
[0.471s] Level 5:colcon.colcon_core.verb:set package 'controller_input' build argument 'cmake_args' from command line to 'None'
[0.471s] Level 5:colcon.colcon_core.verb:set package 'controller_input' build argument 'cmake_target' from command line to 'None'
[0.471s] Level 5:colcon.colcon_core.verb:set package 'controller_input' build argument 'cmake_target_skip_unavailable' from command line to 'False'
[0.471s] Level 5:colcon.colcon_core.verb:set package 'controller_input' build argument 'cmake_clean_cache' from command line to 'False'
[0.471s] Level 5:colcon.colcon_core.verb:set package 'controller_input' build argument 'cmake_clean_first' from command line to 'False'
[0.471s] Level 5:colcon.colcon_core.verb:set package 'controller_input' build argument 'cmake_force_configure' from command line to 'False'
[0.471s] Level 5:colcon.colcon_core.verb:set package 'controller_input' build argument 'ament_cmake_args' from command line to 'None'
[0.471s] Level 5:colcon.colcon_core.verb:set package 'controller_input' build argument 'catkin_cmake_args' from command line to 'None'
[0.471s] Level 5:colcon.colcon_core.verb:set package 'controller_input' build argument 'catkin_skip_building_tests' from command line to 'False'
[0.471s] DEBUG:colcon.colcon_core.verb:Building package 'controller_input' with the following arguments: {'ament_cmake_args': None, 'build_base': '/home/aksel/Documents/GitHub/Mobile_robotter/ros2_ws/build/controller_input', 'catkin_cmake_args': None, 'catkin_skip_building_tests': False, 'cmake_args': None, 'cmake_clean_cache': False, 'cmake_clean_first': False, 'cmake_force_configure': False, 'cmake_target': None, 'cmake_target_skip_unavailable': False, 'install_base': '/home/aksel/Documents/GitHub/Mobile_robotter/ros2_ws/install/controller_input', 'merge_install': False, 'path': '/home/aksel/Documents/GitHub/Mobile_robotter/ros2_ws/src/controller_input', 'symlink_install': False, 'test_result_base': None}
[0.471s] Level 5:colcon.colcon_core.verb:set package 'dtmf_to_cmd_vel' build argument 'cmake_args' from command line to 'None'
[0.471s] Level 5:colcon.colcon_core.verb:set package 'dtmf_to_cmd_vel' build argument 'cmake_target' from command line to 'None'
[0.471s] Level 5:colcon.colcon_core.verb:set package 'dtmf_to_cmd_vel' build argument 'cmake_target_skip_unavailable' from command line to 'False'
[0.471s] Level 5:colcon.colcon_core.verb:set package 'dtmf_to_cmd_vel' build argument 'cmake_clean_cache' from command line to 'False'
[0.471s] Level 5:colcon.colcon_core.verb:set package 'dtmf_to_cmd_vel' build argument 'cmake_clean_first' from command line to 'False'
[0.471s] Level 5:colcon.colcon_core.verb:set package 'dtmf_to_cmd_vel' build argument 'cmake_force_configure' from command line to 'False'
[0.471s] Level 5:colcon.colcon_core.verb:set package 'dtmf_to_cmd_vel' build argument 'ament_cmake_args' from command line to 'None'
[0.471s] Level 5:colcon.colcon_core.verb:set package 'dtmf_to_cmd_vel' build argument 'catkin_cmake_args' from command line to 'None'
[0.471s] Level 5:colcon.colcon_core.verb:set package 'dtmf_to_cmd_vel' build argument 'catkin_skip_building_tests' from command line to 'False'
[0.471s] DEBUG:colcon.colcon_core.verb:Building package 'dtmf_to_cmd_vel' with the following arguments: {'ament_cmake_args': None, 'build_base': '/home/aksel/Documents/GitHub/Mobile_robotter/ros2_ws/build/dtmf_to_cmd_vel', 'catkin_cmake_args': None, 'catkin_skip_building_tests': False, 'cmake_args': None, 'cmake_clean_cache': False, 'cmake_clean_first': False, 'cmake_force_configure': False, 'cmake_target': None, 'cmake_target_skip_unavailable': False, 'install_base': '/home/aksel/Documents/GitHub/Mobile_robotter/ros2_ws/install/dtmf_to_cmd_vel', 'merge_install': False, 'path': '/home/aksel/Documents/GitHub/Mobile_robotter/ros2_ws/src/dtmf_to_cmd_vel', 'symlink_install': False, 'test_result_base': None}
[0.472s] Level 5:colcon.colcon_core.verb:set package 'lidar_data' build argument 'cmake_args' from command line to 'None'
[0.472s] Level 5:colcon.colcon_core.verb:set package 'lidar_data' build argument 'cmake_target' from command line to 'None'
[0.472s] Level 5:colcon.colcon_core.verb:set package 'lidar_data' build argument 'cmake_target_skip_unavailable' from command line to 'False'
[0.472s] Level 5:colcon.colcon_core.verb:set package 'lidar_data' build argument 'cmake_clean_cache' from command line to 'False'
[0.472s] Level 5:colcon.colcon_core.verb:set package 'lidar_data' build argument 'cmake_clean_first' from command line to 'False'
[0.472s] Level 5:colcon.colcon_core.verb:set package 'lidar_data' build argument 'cmake_force_configure' from command line to 'False'
[0.472s] Level 5:colcon.colcon_core.verb:set package 'lidar_data' build argument 'ament_cmake_args' from command line to 'None'
[0.472s] Level 5:colcon.colcon_core.verb:set package 'lidar_data' build argument 'catkin_cmake_args' from command line to 'None'
[0.472s] Level 5:colcon.colcon_core.verb:set package 'lidar_data' build argument 'catkin_skip_building_tests' from command line to 'False'
[0.472s] DEBUG:colcon.colcon_core.verb:Building package 'lidar_data' with the following arguments: {'ament_cmake_args': None, 'build_base': '/home/aksel/Documents/GitHub/Mobile_robotter/ros2_ws/build/lidar_data', 'catkin_cmake_args': None, 'catkin_skip_building_tests': False, 'cmake_args': None, 'cmake_clean_cache': False, 'cmake_clean_first': False, 'cmake_force_configure': False, 'cmake_target': None, 'cmake_target_skip_unavailable': False, 'install_base': '/home/aksel/Documents/GitHub/Mobile_robotter/ros2_ws/install/lidar_data', 'merge_install': False, 'path': '/home/aksel/Documents/GitHub/Mobile_robotter/ros2_ws/src/lidar_data', 'symlink_install': False, 'test_result_base': None}
[0.472s] Level 5:colcon.colcon_core.verb:set package 'lidar_gui' build argument 'cmake_args' from command line to 'None'
[0.472s] Level 5:colcon.colcon_core.verb:set package 'lidar_gui' build argument 'cmake_target' from command line to 'None'
[0.472s] Level 5:colcon.colcon_core.verb:set package 'lidar_gui' build argument 'cmake_target_skip_unavailable' from command line to 'False'
[0.472s] Level 5:colcon.colcon_core.verb:set package 'lidar_gui' build argument 'cmake_clean_cache' from command line to 'False'
[0.472s] Level 5:colcon.colcon_core.verb:set package 'lidar_gui' build argument 'cmake_clean_first' from command line to 'False'
[0.472s] Level 5:colcon.colcon_core.verb:set package 'lidar_gui' build argument 'cmake_force_configure' from command line to 'False'
[0.472s] Level 5:colcon.colcon_core.verb:set package 'lidar_gui' build argument 'ament_cmake_args' from command line to 'None'
[0.472s] Level 5:colcon.colcon_core.verb:set package 'lidar_gui' build argument 'catkin_cmake_args' from command line to 'None'
[0.472s] Level 5:colcon.colcon_core.verb:set package 'lidar_gui' build argument 'catkin_skip_building_tests' from command line to 'False'
[0.472s] DEBUG:colcon.colcon_core.verb:Building package 'lidar_gui' with the following arguments: {'ament_cmake_args': None, 'build_base': '/home/aksel/Documents/GitHub/Mobile_robotter/ros2_ws/build/lidar_gui', 'catkin_cmake_args': None, 'catkin_skip_building_tests': False, 'cmake_args': None, 'cmake_clean_cache': False, 'cmake_clean_first': False, 'cmake_force_configure': False, 'cmake_target': None, 'cmake_target_skip_unavailable': False, 'install_base': '/home/aksel/Documents/GitHub/Mobile_robotter/ros2_ws/install/lidar_gui', 'merge_install': False, 'path': '/home/aksel/Documents/GitHub/Mobile_robotter/ros2_ws/src/lidar_gui', 'symlink_install': False, 'test_result_base': None}
[0.472s] INFO:colcon.colcon_core.executor:Executing jobs using 'parallel' executor
[0.473s] DEBUG:colcon.colcon_parallel_executor.executor.parallel:run_until_complete
[0.473s] INFO:colcon.colcon_ros.task.ament_cmake.build:Building ROS package in '/home/aksel/Documents/GitHub/Mobile_robotter/ros2_ws/src/controller_input' with build type 'ament_cmake'
[0.473s] INFO:colcon.colcon_cmake.task.cmake.build:Building CMake package in '/home/aksel/Documents/GitHub/Mobile_robotter/ros2_ws/src/controller_input'
[0.475s] INFO:colcon.colcon_core.plugin_system:Skipping extension 'colcon_core.shell.bat': Not used on non-Windows systems
[0.475s] INFO:colcon.colcon_core.shell:Skip shell extension 'powershell' for command environment: Not usable outside of PowerShell
[0.475s] DEBUG:colcon.colcon_core.shell:Skip shell extension 'dsv' for command environment
[0.486s] INFO:colcon.colcon_ros.task.ament_cmake.build:Building ROS package in '/home/aksel/Documents/GitHub/Mobile_robotter/ros2_ws/src/dtmf_to_cmd_vel' with build type 'ament_cmake'
[0.486s] INFO:colcon.colcon_cmake.task.cmake.build:Building CMake package in '/home/aksel/Documents/GitHub/Mobile_robotter/ros2_ws/src/dtmf_to_cmd_vel'
[0.486s] INFO:colcon.colcon_core.shell:Skip shell extension 'powershell' for command environment: Not usable outside of PowerShell
[0.486s] DEBUG:colcon.colcon_core.shell:Skip shell extension 'dsv' for command environment
[0.497s] INFO:colcon.colcon_ros.task.ament_cmake.build:Building ROS package in '/home/aksel/Documents/GitHub/Mobile_robotter/ros2_ws/src/lidar_data' with build type 'ament_cmake'
[0.497s] INFO:colcon.colcon_cmake.task.cmake.build:Building CMake package in '/home/aksel/Documents/GitHub/Mobile_robotter/ros2_ws/src/lidar_data'
[0.497s] INFO:colcon.colcon_core.shell:Skip shell extension 'powershell' for command environment: Not usable outside of PowerShell
[0.497s] DEBUG:colcon.colcon_core.shell:Skip shell extension 'dsv' for command environment
[0.501s] INFO:colcon.colcon_ros.task.ament_cmake.build:Building ROS package in '/home/aksel/Documents/GitHub/Mobile_robotter/ros2_ws/src/lidar_gui' with build type 'ament_cmake'
[0.502s] INFO:colcon.colcon_cmake.task.cmake.build:Building CMake package in '/home/aksel/Documents/GitHub/Mobile_robotter/ros2_ws/src/lidar_gui'
[0.502s] INFO:colcon.colcon_core.shell:Skip shell extension 'powershell' for command environment: Not usable outside of PowerShell
[0.502s] DEBUG:colcon.colcon_core.shell:Skip shell extension 'dsv' for command environment
[0.510s] DEBUG:colcon.colcon_core.event_handler.log_command:Invoking command in '/home/aksel/Documents/GitHub/Mobile_robotter/ros2_ws/build/controller_input': CMAKE_PREFIX_PATH=${CMAKE_PREFIX_PATH}:/home/aksel/turtlebot3_ws/install/turtlebot3_teleop:/home/aksel/turtlebot3_ws/install/turtlebot3_example:/opt/ros/humble /usr/bin/cmake --build /home/aksel/Documents/GitHub/Mobile_robotter/ros2_ws/build/controller_input -- -j16 -l16
[0.519s] DEBUG:colcon.colcon_core.event_handler.log_command:Invoking command in '/home/aksel/Documents/GitHub/Mobile_robotter/ros2_ws/build/dtmf_to_cmd_vel': CMAKE_PREFIX_PATH=${CMAKE_PREFIX_PATH}:/home/aksel/turtlebot3_ws/install/turtlebot3_teleop:/home/aksel/turtlebot3_ws/install/turtlebot3_example:/opt/ros/humble /usr/bin/cmake --build /home/aksel/Documents/GitHub/Mobile_robotter/ros2_ws/build/dtmf_to_cmd_vel -- -j16 -l16
[0.522s] DEBUG:colcon.colcon_core.event_handler.log_command:Invoking command in '/home/aksel/Documents/GitHub/Mobile_robotter/ros2_ws/build/lidar_data': CMAKE_PREFIX_PATH=${CMAKE_PREFIX_PATH}:/home/aksel/turtlebot3_ws/install/turtlebot3_teleop:/home/aksel/turtlebot3_ws/install/turtlebot3_example:/opt/ros/humble /usr/bin/cmake --build /home/aksel/Documents/GitHub/Mobile_robotter/ros2_ws/build/lidar_data -- -j16 -l16
[0.536s] DEBUG:colcon.colcon_core.event_handler.log_command:Invoking command in '/home/aksel/Documents/GitHub/Mobile_robotter/ros2_ws/build/lidar_gui': CMAKE_PREFIX_PATH=${CMAKE_PREFIX_PATH}:/home/aksel/turtlebot3_ws/install/turtlebot3_teleop:/home/aksel/turtlebot3_ws/install/turtlebot3_example:/opt/ros/humble /usr/bin/cmake --build /home/aksel/Documents/GitHub/Mobile_robotter/ros2_ws/build/lidar_gui -- -j16 -l16
[0.697s] DEBUG:colcon.colcon_core.event_handler.log_command:Invoked command in '/home/aksel/Documents/GitHub/Mobile_robotter/ros2_ws/build/dtmf_to_cmd_vel' returned '0': CMAKE_PREFIX_PATH=${CMAKE_PREFIX_PATH}:/home/aksel/turtlebot3_ws/install/turtlebot3_teleop:/home/aksel/turtlebot3_ws/install/turtlebot3_example:/opt/ros/humble /usr/bin/cmake --build /home/aksel/Documents/GitHub/Mobile_robotter/ros2_ws/build/dtmf_to_cmd_vel -- -j16 -l16
[0.709s] DEBUG:colcon.colcon_core.event_handler.log_command:Invoking command in '/home/aksel/Documents/GitHub/Mobile_robotter/ros2_ws/build/dtmf_to_cmd_vel': CMAKE_PREFIX_PATH=${CMAKE_PREFIX_PATH}:/home/aksel/turtlebot3_ws/install/turtlebot3_teleop:/home/aksel/turtlebot3_ws/install/turtlebot3_example:/opt/ros/humble /usr/bin/cmake --install /home/aksel/Documents/GitHub/Mobile_robotter/ros2_ws/build/dtmf_to_cmd_vel
[0.710s] DEBUG:colcon.colcon_core.event_handler.log_command:Invoked command in '/home/aksel/Documents/GitHub/Mobile_robotter/ros2_ws/build/controller_input' returned '0': CMAKE_PREFIX_PATH=${CMAKE_PREFIX_PATH}:/home/aksel/turtlebot3_ws/install/turtlebot3_teleop:/home/aksel/turtlebot3_ws/install/turtlebot3_example:/opt/ros/humble /usr/bin/cmake --build /home/aksel/Documents/GitHub/Mobile_robotter/ros2_ws/build/controller_input -- -j16 -l16
[0.711s] DEBUG:colcon.colcon_core.event_handler.log_command:Invoking command in '/home/aksel/Documents/GitHub/Mobile_robotter/ros2_ws/build/controller_input': CMAKE_PREFIX_PATH=${CMAKE_PREFIX_PATH}:/home/aksel/turtlebot3_ws/install/turtlebot3_teleop:/home/aksel/turtlebot3_ws/install/turtlebot3_example:/opt/ros/humble /usr/bin/cmake --install /home/aksel/Documents/GitHub/Mobile_robotter/ros2_ws/build/controller_input
[0.712s] DEBUG:colcon.colcon_core.event_handler.log_command:Invoked command in '/home/aksel/Documents/GitHub/Mobile_robotter/ros2_ws/build/lidar_data' returned '0': CMAKE_PREFIX_PATH=${CMAKE_PREFIX_PATH}:/home/aksel/turtlebot3_ws/install/turtlebot3_teleop:/home/aksel/turtlebot3_ws/install/turtlebot3_example:/opt/ros/humble /usr/bin/cmake --build /home/aksel/Documents/GitHub/Mobile_robotter/ros2_ws/build/lidar_data -- -j16 -l16
[0.714s] DEBUG:colcon.colcon_core.event_handler.log_command:Invoking command in '/home/aksel/Documents/GitHub/Mobile_robotter/ros2_ws/build/lidar_data': CMAKE_PREFIX_PATH=${CMAKE_PREFIX_PATH}:/home/aksel/turtlebot3_ws/install/turtlebot3_teleop:/home/aksel/turtlebot3_ws/install/turtlebot3_example:/opt/ros/humble /usr/bin/cmake --install /home/aksel/Documents/GitHub/Mobile_robotter/ros2_ws/build/lidar_data
[0.721s] Level 1:colcon.colcon_core.environment:create_environment_scripts_only(dtmf_to_cmd_vel)
[0.722s] DEBUG:colcon.colcon_core.event_handler.log_command:Invoked command in '/home/aksel/Documents/GitHub/Mobile_robotter/ros2_ws/build/dtmf_to_cmd_vel' returned '0': CMAKE_PREFIX_PATH=${CMAKE_PREFIX_PATH}:/home/aksel/turtlebot3_ws/install/turtlebot3_teleop:/home/aksel/turtlebot3_ws/install/turtlebot3_example:/opt/ros/humble /usr/bin/cmake --install /home/aksel/Documents/GitHub/Mobile_robotter/ros2_ws/build/dtmf_to_cmd_vel
[0.725s] Level 1:colcon.colcon_core.environment:checking '/home/aksel/Documents/GitHub/Mobile_robotter/ros2_ws/install/dtmf_to_cmd_vel' for CMake module files
[0.726s] Level 1:colcon.colcon_core.environment:checking '/home/aksel/Documents/GitHub/Mobile_robotter/ros2_ws/install/dtmf_to_cmd_vel' for CMake config files
[0.726s] Level 1:colcon.colcon_core.shell:create_environment_hook('dtmf_to_cmd_vel', 'cmake_prefix_path')
[0.726s] INFO:colcon.colcon_core.shell:Creating environment hook '/home/aksel/Documents/GitHub/Mobile_robotter/ros2_ws/install/dtmf_to_cmd_vel/share/dtmf_to_cmd_vel/hook/cmake_prefix_path.ps1'
[0.727s] INFO:colcon.colcon_core.shell:Creating environment descriptor '/home/aksel/Documents/GitHub/Mobile_robotter/ros2_ws/install/dtmf_to_cmd_vel/share/dtmf_to_cmd_vel/hook/cmake_prefix_path.dsv'
[0.727s] INFO:colcon.colcon_core.shell:Creating environment hook '/home/aksel/Documents/GitHub/Mobile_robotter/ros2_ws/install/dtmf_to_cmd_vel/share/dtmf_to_cmd_vel/hook/cmake_prefix_path.sh'
[0.728s] Level 1:colcon.colcon_core.environment:checking '/home/aksel/Documents/GitHub/Mobile_robotter/ros2_ws/install/dtmf_to_cmd_vel/lib'
[0.728s] Level 1:colcon.colcon_core.environment:checking '/home/aksel/Documents/GitHub/Mobile_robotter/ros2_ws/install/dtmf_to_cmd_vel/bin'
[0.728s] Level 1:colcon.colcon_core.environment:checking '/home/aksel/Documents/GitHub/Mobile_robotter/ros2_ws/install/dtmf_to_cmd_vel/lib/pkgconfig/dtmf_to_cmd_vel.pc'
[0.728s] Level 1:colcon.colcon_core.environment:checking '/home/aksel/Documents/GitHub/Mobile_robotter/ros2_ws/install/dtmf_to_cmd_vel/lib/python3.10/site-packages'
[0.728s] Level 1:colcon.colcon_core.environment:checking '/home/aksel/Documents/GitHub/Mobile_robotter/ros2_ws/install/dtmf_to_cmd_vel/bin'
[0.729s] INFO:colcon.colcon_core.shell:Creating package script '/home/aksel/Documents/GitHub/Mobile_robotter/ros2_ws/install/dtmf_to_cmd_vel/share/dtmf_to_cmd_vel/package.ps1'
[0.729s] INFO:colcon.colcon_core.shell:Creating package descriptor '/home/aksel/Documents/GitHub/Mobile_robotter/ros2_ws/install/dtmf_to_cmd_vel/share/dtmf_to_cmd_vel/package.dsv'
[0.730s] INFO:colcon.colcon_core.shell:Creating package script '/home/aksel/Documents/GitHub/Mobile_robotter/ros2_ws/install/dtmf_to_cmd_vel/share/dtmf_to_cmd_vel/package.sh'
[0.730s] INFO:colcon.colcon_core.shell:Creating package script '/home/aksel/Documents/GitHub/Mobile_robotter/ros2_ws/install/dtmf_to_cmd_vel/share/dtmf_to_cmd_vel/package.bash'
[0.731s] INFO:colcon.colcon_core.shell:Creating package script '/home/aksel/Documents/GitHub/Mobile_robotter/ros2_ws/install/dtmf_to_cmd_vel/share/dtmf_to_cmd_vel/package.zsh'
[0.732s] Level 1:colcon.colcon_core.environment:create_file_with_runtime_dependencies(/home/aksel/Documents/GitHub/Mobile_robotter/ros2_ws/install/dtmf_to_cmd_vel/share/colcon-core/packages/dtmf_to_cmd_vel)
[0.732s] Level 1:colcon.colcon_core.environment:create_environment_scripts_only(dtmf_to_cmd_vel)
[0.732s] Level 1:colcon.colcon_core.environment:checking '/home/aksel/Documents/GitHub/Mobile_robotter/ros2_ws/install/dtmf_to_cmd_vel' for CMake module files
[0.733s] Level 1:colcon.colcon_core.environment:checking '/home/aksel/Documents/GitHub/Mobile_robotter/ros2_ws/install/dtmf_to_cmd_vel' for CMake config files
[0.733s] Level 1:colcon.colcon_core.shell:create_environment_hook('dtmf_to_cmd_vel', 'cmake_prefix_path')
[0.733s] INFO:colcon.colcon_core.shell:Creating environment hook '/home/aksel/Documents/GitHub/Mobile_robotter/ros2_ws/install/dtmf_to_cmd_vel/share/dtmf_to_cmd_vel/hook/cmake_prefix_path.ps1'
[0.733s] INFO:colcon.colcon_core.shell:Creating environment descriptor '/home/aksel/Documents/GitHub/Mobile_robotter/ros2_ws/install/dtmf_to_cmd_vel/share/dtmf_to_cmd_vel/hook/cmake_prefix_path.dsv'
[0.734s] INFO:colcon.colcon_core.shell:Creating environment hook '/home/aksel/Documents/GitHub/Mobile_robotter/ros2_ws/install/dtmf_to_cmd_vel/share/dtmf_to_cmd_vel/hook/cmake_prefix_path.sh'
[0.734s] Level 1:colcon.colcon_core.environment:checking '/home/aksel/Documents/GitHub/Mobile_robotter/ros2_ws/install/dtmf_to_cmd_vel/lib'
[0.735s] Level 1:colcon.colcon_core.environment:checking '/home/aksel/Documents/GitHub/Mobile_robotter/ros2_ws/install/dtmf_to_cmd_vel/bin'
[0.735s] Level 1:colcon.colcon_core.environment:checking '/home/aksel/Documents/GitHub/Mobile_robotter/ros2_ws/install/dtmf_to_cmd_vel/lib/pkgconfig/dtmf_to_cmd_vel.pc'
[0.737s] Level 1:colcon.colcon_core.environment:checking '/home/aksel/Documents/GitHub/Mobile_robotter/ros2_ws/install/dtmf_to_cmd_vel/lib/python3.10/site-packages'
[0.739s] Level 1:colcon.colcon_core.environment:checking '/home/aksel/Documents/GitHub/Mobile_robotter/ros2_ws/install/dtmf_to_cmd_vel/bin'
[0.740s] INFO:colcon.colcon_core.shell:Creating package script '/home/aksel/Documents/GitHub/Mobile_robotter/ros2_ws/install/dtmf_to_cmd_vel/share/dtmf_to_cmd_vel/package.ps1'
[0.741s] INFO:colcon.colcon_core.shell:Creating package descriptor '/home/aksel/Documents/GitHub/Mobile_robotter/ros2_ws/install/dtmf_to_cmd_vel/share/dtmf_to_cmd_vel/package.dsv'
[0.741s] INFO:colcon.colcon_core.shell:Creating package script '/home/aksel/Documents/GitHub/Mobile_robotter/ros2_ws/install/dtmf_to_cmd_vel/share/dtmf_to_cmd_vel/package.sh'
[0.742s] INFO:colcon.colcon_core.shell:Creating package script '/home/aksel/Documents/GitHub/Mobile_robotter/ros2_ws/install/dtmf_to_cmd_vel/share/dtmf_to_cmd_vel/package.bash'
[0.742s] INFO:colcon.colcon_core.shell:Creating package script '/home/aksel/Documents/GitHub/Mobile_robotter/ros2_ws/install/dtmf_to_cmd_vel/share/dtmf_to_cmd_vel/package.zsh'
[0.742s] Level 1:colcon.colcon_core.environment:create_file_with_runtime_dependencies(/home/aksel/Documents/GitHub/Mobile_robotter/ros2_ws/install/dtmf_to_cmd_vel/share/colcon-core/packages/dtmf_to_cmd_vel)
[0.744s] Level 1:colcon.colcon_core.environment:create_environment_scripts_only(controller_input)
[0.744s] Level 1:colcon.colcon_core.environment:checking '/home/aksel/Documents/GitHub/Mobile_robotter/ros2_ws/install/controller_input' for CMake module files
[0.744s] DEBUG:colcon.colcon_core.event_handler.log_command:Invoked command in '/home/aksel/Documents/GitHub/Mobile_robotter/ros2_ws/build/controller_input' returned '0': CMAKE_PREFIX_PATH=${CMAKE_PREFIX_PATH}:/home/aksel/turtlebot3_ws/install/turtlebot3_teleop:/home/aksel/turtlebot3_ws/install/turtlebot3_example:/opt/ros/humble /usr/bin/cmake --install /home/aksel/Documents/GitHub/Mobile_robotter/ros2_ws/build/controller_input
[0.745s] Level 1:colcon.colcon_core.environment:checking '/home/aksel/Documents/GitHub/Mobile_robotter/ros2_ws/install/controller_input' for CMake config files
[0.745s] Level 1:colcon.colcon_core.shell:create_environment_hook('controller_input', 'cmake_prefix_path')
[0.745s] INFO:colcon.colcon_core.shell:Creating environment hook '/home/aksel/Documents/GitHub/Mobile_robotter/ros2_ws/install/controller_input/share/controller_input/hook/cmake_prefix_path.ps1'
[0.745s] INFO:colcon.colcon_core.shell:Creating environment descriptor '/home/aksel/Documents/GitHub/Mobile_robotter/ros2_ws/install/controller_input/share/controller_input/hook/cmake_prefix_path.dsv'
[0.746s] INFO:colcon.colcon_core.shell:Creating environment hook '/home/aksel/Documents/GitHub/Mobile_robotter/ros2_ws/install/controller_input/share/controller_input/hook/cmake_prefix_path.sh'
[0.746s] Level 1:colcon.colcon_core.environment:checking '/home/aksel/Documents/GitHub/Mobile_robotter/ros2_ws/install/controller_input/lib'
[0.746s] Level 1:colcon.colcon_core.environment:checking '/home/aksel/Documents/GitHub/Mobile_robotter/ros2_ws/install/controller_input/bin'
[0.746s] Level 1:colcon.colcon_core.environment:checking '/home/aksel/Documents/GitHub/Mobile_robotter/ros2_ws/install/controller_input/lib/pkgconfig/controller_input.pc'
[0.746s] Level 1:colcon.colcon_core.environment:checking '/home/aksel/Documents/GitHub/Mobile_robotter/ros2_ws/install/controller_input/lib/python3.10/site-packages'
[0.746s] Level 1:colcon.colcon_core.environment:checking '/home/aksel/Documents/GitHub/Mobile_robotter/ros2_ws/install/controller_input/bin'
[0.747s] INFO:colcon.colcon_core.shell:Creating package script '/home/aksel/Documents/GitHub/Mobile_robotter/ros2_ws/install/controller_input/share/controller_input/package.ps1'
[0.747s] INFO:colcon.colcon_core.shell:Creating package descriptor '/home/aksel/Documents/GitHub/Mobile_robotter/ros2_ws/install/controller_input/share/controller_input/package.dsv'
[0.747s] INFO:colcon.colcon_core.shell:Creating package script '/home/aksel/Documents/GitHub/Mobile_robotter/ros2_ws/install/controller_input/share/controller_input/package.sh'
[0.748s] INFO:colcon.colcon_core.shell:Creating package script '/home/aksel/Documents/GitHub/Mobile_robotter/ros2_ws/install/controller_input/share/controller_input/package.bash'
[0.748s] INFO:colcon.colcon_core.shell:Creating package script '/home/aksel/Documents/GitHub/Mobile_robotter/ros2_ws/install/controller_input/share/controller_input/package.zsh'
[0.748s] Level 1:colcon.colcon_core.environment:create_file_with_runtime_dependencies(/home/aksel/Documents/GitHub/Mobile_robotter/ros2_ws/install/controller_input/share/colcon-core/packages/controller_input)
[0.749s] Level 1:colcon.colcon_core.environment:create_environment_scripts_only(controller_input)
[0.749s] Level 1:colcon.colcon_core.environment:checking '/home/aksel/Documents/GitHub/Mobile_robotter/ros2_ws/install/controller_input' for CMake module files
[0.749s] Level 1:colcon.colcon_core.environment:checking '/home/aksel/Documents/GitHub/Mobile_robotter/ros2_ws/install/controller_input' for CMake config files
[0.750s] Level 1:colcon.colcon_core.shell:create_environment_hook('controller_input', 'cmake_prefix_path')
[0.750s] INFO:colcon.colcon_core.shell:Creating environment hook '/home/aksel/Documents/GitHub/Mobile_robotter/ros2_ws/install/controller_input/share/controller_input/hook/cmake_prefix_path.ps1'
[0.750s] INFO:colcon.colcon_core.shell:Creating environment descriptor '/home/aksel/Documents/GitHub/Mobile_robotter/ros2_ws/install/controller_input/share/controller_input/hook/cmake_prefix_path.dsv'
[0.750s] INFO:colcon.colcon_core.shell:Creating environment hook '/home/aksel/Documents/GitHub/Mobile_robotter/ros2_ws/install/controller_input/share/controller_input/hook/cmake_prefix_path.sh'
[0.751s] Level 1:colcon.colcon_core.environment:checking '/home/aksel/Documents/GitHub/Mobile_robotter/ros2_ws/install/controller_input/lib'
[0.751s] Level 1:colcon.colcon_core.environment:checking '/home/aksel/Documents/GitHub/Mobile_robotter/ros2_ws/install/controller_input/bin'
[0.751s] Level 1:colcon.colcon_core.environment:checking '/home/aksel/Documents/GitHub/Mobile_robotter/ros2_ws/install/controller_input/lib/pkgconfig/controller_input.pc'
[0.751s] Level 1:colcon.colcon_core.environment:checking '/home/aksel/Documents/GitHub/Mobile_robotter/ros2_ws/install/controller_input/lib/python3.10/site-packages'
[0.751s] Level 1:colcon.colcon_core.environment:checking '/home/aksel/Documents/GitHub/Mobile_robotter/ros2_ws/install/controller_input/bin'
[0.752s] INFO:colcon.colcon_core.shell:Creating package script '/home/aksel/Documents/GitHub/Mobile_robotter/ros2_ws/install/controller_input/share/controller_input/package.ps1'
[0.752s] INFO:colcon.colcon_core.shell:Creating package descriptor '/home/aksel/Documents/GitHub/Mobile_robotter/ros2_ws/install/controller_input/share/controller_input/package.dsv'
[0.752s] INFO:colcon.colcon_core.shell:Creating package script '/home/aksel/Documents/GitHub/Mobile_robotter/ros2_ws/install/controller_input/share/controller_input/package.sh'
[0.753s] INFO:colcon.colcon_core.shell:Creating package script '/home/aksel/Documents/GitHub/Mobile_robotter/ros2_ws/install/controller_input/share/controller_input/package.bash'
[0.753s] INFO:colcon.colcon_core.shell:Creating package script '/home/aksel/Documents/GitHub/Mobile_robotter/ros2_ws/install/controller_input/share/controller_input/package.zsh'
[0.754s] Level 1:colcon.colcon_core.environment:create_file_with_runtime_dependencies(/home/aksel/Documents/GitHub/Mobile_robotter/ros2_ws/install/controller_input/share/colcon-core/packages/controller_input)
[0.754s] Level 1:colcon.colcon_core.environment:create_environment_scripts_only(lidar_data)
[0.754s] Level 1:colcon.colcon_core.environment:checking '/home/aksel/Documents/GitHub/Mobile_robotter/ros2_ws/install/lidar_data' for CMake module files
[0.755s] DEBUG:colcon.colcon_core.event_handler.log_command:Invoked command in '/home/aksel/Documents/GitHub/Mobile_robotter/ros2_ws/build/lidar_data' returned '0': CMAKE_PREFIX_PATH=${CMAKE_PREFIX_PATH}:/home/aksel/turtlebot3_ws/install/turtlebot3_teleop:/home/aksel/turtlebot3_ws/install/turtlebot3_example:/opt/ros/humble /usr/bin/cmake --install /home/aksel/Documents/GitHub/Mobile_robotter/ros2_ws/build/lidar_data
[0.755s] Level 1:colcon.colcon_core.environment:checking '/home/aksel/Documents/GitHub/Mobile_robotter/ros2_ws/install/lidar_data' for CMake config files
[0.755s] Level 1:colcon.colcon_core.shell:create_environment_hook('lidar_data', 'cmake_prefix_path')
[0.755s] INFO:colcon.colcon_core.shell:Creating environment hook '/home/aksel/Documents/GitHub/Mobile_robotter/ros2_ws/install/lidar_data/share/lidar_data/hook/cmake_prefix_path.ps1'
[0.756s] INFO:colcon.colcon_core.shell:Creating environment descriptor '/home/aksel/Documents/GitHub/Mobile_robotter/ros2_ws/install/lidar_data/share/lidar_data/hook/cmake_prefix_path.dsv'
[0.756s] INFO:colcon.colcon_core.shell:Creating environment hook '/home/aksel/Documents/GitHub/Mobile_robotter/ros2_ws/install/lidar_data/share/lidar_data/hook/cmake_prefix_path.sh'
[0.757s] Level 1:colcon.colcon_core.environment:checking '/home/aksel/Documents/GitHub/Mobile_robotter/ros2_ws/install/lidar_data/lib'
[0.757s] Level 1:colcon.colcon_core.environment:checking '/home/aksel/Documents/GitHub/Mobile_robotter/ros2_ws/install/lidar_data/bin'
[0.757s] Level 1:colcon.colcon_core.environment:checking '/home/aksel/Documents/GitHub/Mobile_robotter/ros2_ws/install/lidar_data/lib/pkgconfig/lidar_data.pc'
[0.757s] Level 1:colcon.colcon_core.environment:checking '/home/aksel/Documents/GitHub/Mobile_robotter/ros2_ws/install/lidar_data/lib/python3.10/site-packages'
[0.757s] Level 1:colcon.colcon_core.environment:checking '/home/aksel/Documents/GitHub/Mobile_robotter/ros2_ws/install/lidar_data/bin'
[0.757s] INFO:colcon.colcon_core.shell:Creating package script '/home/aksel/Documents/GitHub/Mobile_robotter/ros2_ws/install/lidar_data/share/lidar_data/package.ps1'
[0.758s] INFO:colcon.colcon_core.shell:Creating package descriptor '/home/aksel/Documents/GitHub/Mobile_robotter/ros2_ws/install/lidar_data/share/lidar_data/package.dsv'
[0.758s] INFO:colcon.colcon_core.shell:Creating package script '/home/aksel/Documents/GitHub/Mobile_robotter/ros2_ws/install/lidar_data/share/lidar_data/package.sh'
[0.759s] INFO:colcon.colcon_core.shell:Creating package script '/home/aksel/Documents/GitHub/Mobile_robotter/ros2_ws/install/lidar_data/share/lidar_data/package.bash'
[0.759s] INFO:colcon.colcon_core.shell:Creating package script '/home/aksel/Documents/GitHub/Mobile_robotter/ros2_ws/install/lidar_data/share/lidar_data/package.zsh'
[0.759s] Level 1:colcon.colcon_core.environment:create_file_with_runtime_dependencies(/home/aksel/Documents/GitHub/Mobile_robotter/ros2_ws/install/lidar_data/share/colcon-core/packages/lidar_data)
[0.760s] Level 1:colcon.colcon_core.environment:create_environment_scripts_only(lidar_data)
[0.760s] Level 1:colcon.colcon_core.environment:checking '/home/aksel/Documents/GitHub/Mobile_robotter/ros2_ws/install/lidar_data' for CMake module files
[0.760s] Level 1:colcon.colcon_core.environment:checking '/home/aksel/Documents/GitHub/Mobile_robotter/ros2_ws/install/lidar_data' for CMake config files
[0.760s] Level 1:colcon.colcon_core.shell:create_environment_hook('lidar_data', 'cmake_prefix_path')
[0.761s] INFO:colcon.colcon_core.shell:Creating environment hook '/home/aksel/Documents/GitHub/Mobile_robotter/ros2_ws/install/lidar_data/share/lidar_data/hook/cmake_prefix_path.ps1'
[0.761s] INFO:colcon.colcon_core.shell:Creating environment descriptor '/home/aksel/Documents/GitHub/Mobile_robotter/ros2_ws/install/lidar_data/share/lidar_data/hook/cmake_prefix_path.dsv'
[0.761s] INFO:colcon.colcon_core.shell:Creating environment hook '/home/aksel/Documents/GitHub/Mobile_robotter/ros2_ws/install/lidar_data/share/lidar_data/hook/cmake_prefix_path.sh'
[0.762s] Level 1:colcon.colcon_core.environment:checking '/home/aksel/Documents/GitHub/Mobile_robotter/ros2_ws/install/lidar_data/lib'
[0.762s] Level 1:colcon.colcon_core.environment:checking '/home/aksel/Documents/GitHub/Mobile_robotter/ros2_ws/install/lidar_data/bin'
[0.762s] Level 1:colcon.colcon_core.environment:checking '/home/aksel/Documents/GitHub/Mobile_robotter/ros2_ws/install/lidar_data/lib/pkgconfig/lidar_data.pc'
[0.762s] Level 1:colcon.colcon_core.environment:checking '/home/aksel/Documents/GitHub/Mobile_robotter/ros2_ws/install/lidar_data/lib/python3.10/site-packages'
[0.762s] Level 1:colcon.colcon_core.environment:checking '/home/aksel/Documents/GitHub/Mobile_robotter/ros2_ws/install/lidar_data/bin'
[0.762s] INFO:colcon.colcon_core.shell:Creating package script '/home/aksel/Documents/GitHub/Mobile_robotter/ros2_ws/install/lidar_data/share/lidar_data/package.ps1'
[0.763s] INFO:colcon.colcon_core.shell:Creating package descriptor '/home/aksel/Documents/GitHub/Mobile_robotter/ros2_ws/install/lidar_data/share/lidar_data/package.dsv'
[0.763s] INFO:colcon.colcon_core.shell:Creating package script '/home/aksel/Documents/GitHub/Mobile_robotter/ros2_ws/install/lidar_data/share/lidar_data/package.sh'
[0.764s] INFO:colcon.colcon_core.shell:Creating package script '/home/aksel/Documents/GitHub/Mobile_robotter/ros2_ws/install/lidar_data/share/lidar_data/package.bash'
[0.764s] INFO:colcon.colcon_core.shell:Creating package script '/home/aksel/Documents/GitHub/Mobile_robotter/ros2_ws/install/lidar_data/share/lidar_data/package.zsh'
[0.765s] Level 1:colcon.colcon_core.environment:create_file_with_runtime_dependencies(/home/aksel/Documents/GitHub/Mobile_robotter/ros2_ws/install/lidar_data/share/colcon-core/packages/lidar_data)
[21.147s] DEBUG:colcon.colcon_core.event_handler.log_command:Invoked command in '/home/aksel/Documents/GitHub/Mobile_robotter/ros2_ws/build/lidar_gui' returned '0': CMAKE_PREFIX_PATH=${CMAKE_PREFIX_PATH}:/home/aksel/turtlebot3_ws/install/turtlebot3_teleop:/home/aksel/turtlebot3_ws/install/turtlebot3_example:/opt/ros/humble /usr/bin/cmake --build /home/aksel/Documents/GitHub/Mobile_robotter/ros2_ws/build/lidar_gui -- -j16 -l16
[21.149s] DEBUG:colcon.colcon_core.event_handler.log_command:Invoking command in '/home/aksel/Documents/GitHub/Mobile_robotter/ros2_ws/build/lidar_gui': CMAKE_PREFIX_PATH=${CMAKE_PREFIX_PATH}:/home/aksel/turtlebot3_ws/install/turtlebot3_teleop:/home/aksel/turtlebot3_ws/install/turtlebot3_example:/opt/ros/humble /usr/bin/cmake --install /home/aksel/Documents/GitHub/Mobile_robotter/ros2_ws/build/lidar_gui
[21.209s] Level 1:colcon.colcon_core.environment:create_environment_scripts_only(lidar_gui)
[21.209s] DEBUG:colcon.colcon_core.event_handler.log_command:Invoked command in '/home/aksel/Documents/GitHub/Mobile_robotter/ros2_ws/build/lidar_gui' returned '0': CMAKE_PREFIX_PATH=${CMAKE_PREFIX_PATH}:/home/aksel/turtlebot3_ws/install/turtlebot3_teleop:/home/aksel/turtlebot3_ws/install/turtlebot3_example:/opt/ros/humble /usr/bin/cmake --install /home/aksel/Documents/GitHub/Mobile_robotter/ros2_ws/build/lidar_gui
[21.210s] Level 1:colcon.colcon_core.environment:checking '/home/aksel/Documents/GitHub/Mobile_robotter/ros2_ws/install/lidar_gui' for CMake module files
[21.210s] Level 1:colcon.colcon_core.environment:checking '/home/aksel/Documents/GitHub/Mobile_robotter/ros2_ws/install/lidar_gui' for CMake config files
[21.210s] Level 1:colcon.colcon_core.shell:create_environment_hook('lidar_gui', 'cmake_prefix_path')
[21.210s] INFO:colcon.colcon_core.shell:Creating environment hook '/home/aksel/Documents/GitHub/Mobile_robotter/ros2_ws/install/lidar_gui/share/lidar_gui/hook/cmake_prefix_path.ps1'
[21.211s] INFO:colcon.colcon_core.shell:Creating environment descriptor '/home/aksel/Documents/GitHub/Mobile_robotter/ros2_ws/install/lidar_gui/share/lidar_gui/hook/cmake_prefix_path.dsv'
[21.211s] INFO:colcon.colcon_core.shell:Creating environment hook '/home/aksel/Documents/GitHub/Mobile_robotter/ros2_ws/install/lidar_gui/share/lidar_gui/hook/cmake_prefix_path.sh'
[21.212s] Level 1:colcon.colcon_core.environment:checking '/home/aksel/Documents/GitHub/Mobile_robotter/ros2_ws/install/lidar_gui/lib'
[21.212s] Level 1:colcon.colcon_core.environment:checking '/home/aksel/Documents/GitHub/Mobile_robotter/ros2_ws/install/lidar_gui/bin'
[21.212s] Level 1:colcon.colcon_core.environment:checking '/home/aksel/Documents/GitHub/Mobile_robotter/ros2_ws/install/lidar_gui/lib/pkgconfig/lidar_gui.pc'
[21.212s] Level 1:colcon.colcon_core.environment:checking '/home/aksel/Documents/GitHub/Mobile_robotter/ros2_ws/install/lidar_gui/lib/python3.10/site-packages'
[21.212s] Level 1:colcon.colcon_core.environment:checking '/home/aksel/Documents/GitHub/Mobile_robotter/ros2_ws/install/lidar_gui/bin'
[21.212s] INFO:colcon.colcon_core.shell:Creating package script '/home/aksel/Documents/GitHub/Mobile_robotter/ros2_ws/install/lidar_gui/share/lidar_gui/package.ps1'
[21.213s] INFO:colcon.colcon_core.shell:Creating package descriptor '/home/aksel/Documents/GitHub/Mobile_robotter/ros2_ws/install/lidar_gui/share/lidar_gui/package.dsv'
[21.213s] INFO:colcon.colcon_core.shell:Creating package script '/home/aksel/Documents/GitHub/Mobile_robotter/ros2_ws/install/lidar_gui/share/lidar_gui/package.sh'
[21.213s] INFO:colcon.colcon_core.shell:Creating package script '/home/aksel/Documents/GitHub/Mobile_robotter/ros2_ws/install/lidar_gui/share/lidar_gui/package.bash'
[21.214s] INFO:colcon.colcon_core.shell:Creating package script '/home/aksel/Documents/GitHub/Mobile_robotter/ros2_ws/install/lidar_gui/share/lidar_gui/package.zsh'
[21.217s] Level 1:colcon.colcon_core.environment:create_file_with_runtime_dependencies(/home/aksel/Documents/GitHub/Mobile_robotter/ros2_ws/install/lidar_gui/share/colcon-core/packages/lidar_gui)
[21.220s] Level 1:colcon.colcon_core.environment:create_environment_scripts_only(lidar_gui)
[21.221s] Level 1:colcon.colcon_core.environment:checking '/home/aksel/Documents/GitHub/Mobile_robotter/ros2_ws/install/lidar_gui' for CMake module files
[21.221s] Level 1:colcon.colcon_core.environment:checking '/home/aksel/Documents/GitHub/Mobile_robotter/ros2_ws/install/lidar_gui' for CMake config files
[21.221s] Level 1:colcon.colcon_core.shell:create_environment_hook('lidar_gui', 'cmake_prefix_path')
[21.221s] INFO:colcon.colcon_core.shell:Creating environment hook '/home/aksel/Documents/GitHub/Mobile_robotter/ros2_ws/install/lidar_gui/share/lidar_gui/hook/cmake_prefix_path.ps1'
[21.222s] INFO:colcon.colcon_core.shell:Creating environment descriptor '/home/aksel/Documents/GitHub/Mobile_robotter/ros2_ws/install/lidar_gui/share/lidar_gui/hook/cmake_prefix_path.dsv'
[21.222s] INFO:colcon.colcon_core.shell:Creating environment hook '/home/aksel/Documents/GitHub/Mobile_robotter/ros2_ws/install/lidar_gui/share/lidar_gui/hook/cmake_prefix_path.sh'
[21.222s] Level 1:colcon.colcon_core.environment:checking '/home/aksel/Documents/GitHub/Mobile_robotter/ros2_ws/install/lidar_gui/lib'
[21.223s] Level 1:colcon.colcon_core.environment:checking '/home/aksel/Documents/GitHub/Mobile_robotter/ros2_ws/install/lidar_gui/bin'
[21.223s] Level 1:colcon.colcon_core.environment:checking '/home/aksel/Documents/GitHub/Mobile_robotter/ros2_ws/install/lidar_gui/lib/pkgconfig/lidar_gui.pc'
[21.223s] Level 1:colcon.colcon_core.environment:checking '/home/aksel/Documents/GitHub/Mobile_robotter/ros2_ws/install/lidar_gui/lib/python3.10/site-packages'
[21.223s] Level 1:colcon.colcon_core.environment:checking '/home/aksel/Documents/GitHub/Mobile_robotter/ros2_ws/install/lidar_gui/bin'
[21.223s] INFO:colcon.colcon_core.shell:Creating package script '/home/aksel/Documents/GitHub/Mobile_robotter/ros2_ws/install/lidar_gui/share/lidar_gui/package.ps1'
[21.224s] INFO:colcon.colcon_core.shell:Creating package descriptor '/home/aksel/Documents/GitHub/Mobile_robotter/ros2_ws/install/lidar_gui/share/lidar_gui/package.dsv'
[21.224s] INFO:colcon.colcon_core.shell:Creating package script '/home/aksel/Documents/GitHub/Mobile_robotter/ros2_ws/install/lidar_gui/share/lidar_gui/package.sh'
[21.224s] INFO:colcon.colcon_core.shell:Creating package script '/home/aksel/Documents/GitHub/Mobile_robotter/ros2_ws/install/lidar_gui/share/lidar_gui/package.bash'
[21.225s] INFO:colcon.colcon_core.shell:Creating package script '/home/aksel/Documents/GitHub/Mobile_robotter/ros2_ws/install/lidar_gui/share/lidar_gui/package.zsh'
[21.225s] Level 1:colcon.colcon_core.environment:create_file_with_runtime_dependencies(/home/aksel/Documents/GitHub/Mobile_robotter/ros2_ws/install/lidar_gui/share/colcon-core/packages/lidar_gui)
[21.225s] DEBUG:colcon.colcon_parallel_executor.executor.parallel:closing loop
[21.225s] DEBUG:colcon.colcon_parallel_executor.executor.parallel:loop closed
[21.225s] DEBUG:colcon.colcon_parallel_executor.executor.parallel:run_until_complete finished with '0'
[21.225s] DEBUG:colcon.colcon_core.event_reactor:joining thread
[21.233s] INFO:colcon.colcon_core.plugin_system:Skipping extension 'colcon_notification.desktop_notification.terminal_notifier': Not used on non-Darwin systems
[21.234s] INFO:colcon.colcon_core.plugin_system:Skipping extension 'colcon_notification.desktop_notification.win32': Not used on non-Windows systems
[21.235s] INFO:colcon.colcon_notification.desktop_notification:Sending desktop notification using 'notify2'
[21.265s] DEBUG:colcon.colcon_core.event_reactor:joined thread
[21.265s] INFO:colcon.colcon_core.shell:Creating prefix script '/home/aksel/Documents/GitHub/Mobile_robotter/ros2_ws/install/local_setup.ps1'
[21.266s] INFO:colcon.colcon_core.shell:Creating prefix util module '/home/aksel/Documents/GitHub/Mobile_robotter/ros2_ws/install/_local_setup_util_ps1.py'
[21.268s] INFO:colcon.colcon_core.shell:Creating prefix chain script '/home/aksel/Documents/GitHub/Mobile_robotter/ros2_ws/install/setup.ps1'
[21.275s] INFO:colcon.colcon_core.shell:Creating prefix script '/home/aksel/Documents/GitHub/Mobile_robotter/ros2_ws/install/local_setup.sh'
[21.275s] INFO:colcon.colcon_core.shell:Creating prefix util module '/home/aksel/Documents/GitHub/Mobile_robotter/ros2_ws/install/_local_setup_util_sh.py'
[21.275s] INFO:colcon.colcon_core.shell:Creating prefix chain script '/home/aksel/Documents/GitHub/Mobile_robotter/ros2_ws/install/setup.sh'
[21.282s] INFO:colcon.colcon_core.shell:Creating prefix script '/home/aksel/Documents/GitHub/Mobile_robotter/ros2_ws/install/local_setup.bash'
[21.283s] INFO:colcon.colcon_core.shell:Creating prefix chain script '/home/aksel/Documents/GitHub/Mobile_robotter/ros2_ws/install/setup.bash'
[21.289s] INFO:colcon.colcon_core.shell:Creating prefix script '/home/aksel/Documents/GitHub/Mobile_robotter/ros2_ws/install/local_setup.zsh'
[21.290s] INFO:colcon.colcon_core.shell:Creating prefix chain script '/home/aksel/Documents/GitHub/Mobile_robotter/ros2_ws/install/setup.zsh'
