[0.010s] Invoking command in '/home/aksel/Documents/GitHub/Mobile_robotter/ros2_ws/build/lidar_reading': CMAKE_PREFIX_PATH=${CMAKE_PREFIX_PATH}:/home/aksel/turtlebot3_ws/install/turtlebot3_teleop:/home/aksel/turtlebot3_ws/install/turtlebot3_example:/opt/ros/humble /usr/bin/cmake /home/aksel/Documents/GitHub/Mobile_robotter/ros2_ws/src/lidar_reading -DCMAKE_INSTALL_PREFIX=/home/aksel/Documents/GitHub/Mobile_robotter/ros2_ws/install/lidar_reading
[0.066s] -- Found ament_cmake: 1.3.10 (/opt/ros/humble/share/ament_cmake/cmake)
[0.158s] -- Found rclcpp: 16.0.10 (/opt/ros/humble/share/rclcpp/cmake)
[0.181s] -- Found rosidl_generator_c: 3.1.5 (/opt/ros/humble/share/rosidl_generator_c/cmake)
[0.182s] -- Found rosidl_adapter: 3.1.5 (/opt/ros/humble/share/rosidl_adapter/cmake)
[0.186s] -- Found rosidl_generator_cpp: 3.1.5 (/opt/ros/humble/share/rosidl_generator_cpp/cmake)
[0.193s] -- Using all available rosidl_typesupport_c: rosidl_typesupport_fastrtps_c;rosidl_typesupport_introspection_c
[0.202s] -- Using all available rosidl_typesupport_cpp: rosidl_typesupport_fastrtps_cpp;rosidl_typesupport_introspection_cpp
[0.224s] -- Found rmw_implementation_cmake: 6.1.2 (/opt/ros/humble/share/rmw_implementation_cmake/cmake)
[0.226s] -- Found rmw_fastrtps_cpp: 6.2.7 (/opt/ros/humble/share/rmw_fastrtps_cpp/cmake)
[0.324s] -- Using RMW implementation 'rmw_fastrtps_cpp' as default
[0.357s] -- Found geometry_msgs: 4.2.4 (/opt/ros/humble/share/geometry_msgs/cmake)
[0.365s] -- Found sensor_msgs: 4.2.4 (/opt/ros/humble/share/sensor_msgs/cmake)
[0.376s] -- Found rclcpp_components: 16.0.10 (/opt/ros/humble/share/rclcpp_components/cmake)
[0.388s] -- Found nav_msgs: 4.2.4 (/opt/ros/humble/share/nav_msgs/cmake)
[0.401s] [31mCMake Error at /opt/ros/humble/share/ament_cmake_target_dependencies/cmake/ament_target_dependencies.cmake:145 (target_link_libraries):
[0.401s]   The keyword signature for target_link_libraries has already been used with
[0.401s]   the target "lidar_reading_node".  All uses of target_link_libraries with a
[0.401s]   target must be either all-keyword or all-plain.
[0.401s] 
[0.401s]   The uses of the keyword signature are here:
[0.401s] 
[0.401s]    * /usr/lib/x86_64-linux-gnu/cmake/Qt6Core/Qt6CoreMacros.cmake:524 (target_link_libraries)
[0.401s]    * CMakeLists.txt:34 (target_link_libraries)
[0.401s] 
[0.401s] Call Stack (most recent call first):
[0.401s]   CMakeLists.txt:41 (ament_target_dependencies)
[0.402s] 
[0.402s] [0m
[0.453s] -- Configuring incomplete, errors occurred!
[0.454s] See also "/home/aksel/Documents/GitHub/Mobile_robotter/ros2_ws/build/lidar_reading/CMakeFiles/CMakeOutput.log".
[0.466s] Invoked command in '/home/aksel/Documents/GitHub/Mobile_robotter/ros2_ws/build/lidar_reading' returned '1': CMAKE_PREFIX_PATH=${CMAKE_PREFIX_PATH}:/home/aksel/turtlebot3_ws/install/turtlebot3_teleop:/home/aksel/turtlebot3_ws/install/turtlebot3_example:/opt/ros/humble /usr/bin/cmake /home/aksel/Documents/GitHub/Mobile_robotter/ros2_ws/src/lidar_reading -DCMAKE_INSTALL_PREFIX=/home/aksel/Documents/GitHub/Mobile_robotter/ros2_ws/install/lidar_reading
