[0.012s] Invoking command in '/home/aksel/Documents/GitHub/Mobile_robotter/ros2_ws/build/lidar_data': CMAKE_PREFIX_PATH=${CMAKE_PREFIX_PATH}:/home/aksel/turtlebot3_ws/install/turtlebot3_teleop:/home/aksel/turtlebot3_ws/install/turtlebot3_example:/opt/ros/humble /usr/bin/cmake /home/aksel/Documents/GitHub/Mobile_robotter/ros2_ws/src/lidar_data -DCMAKE_INSTALL_PREFIX=/home/aksel/Documents/GitHub/Mobile_robotter/ros2_ws/install/lidar_data
[0.064s] -- The CXX compiler identification is GNU 11.4.0
[0.070s] -- Detecting CXX compiler ABI info
[0.140s] -- Detecting CXX compiler ABI info - done
[0.144s] -- Check for working CXX compiler: /usr/bin/c++ - skipped
[0.145s] -- Detecting CXX compile features
[0.145s] -- Detecting CXX compile features - done
[0.148s] -- Found ament_cmake: 1.3.10 (/opt/ros/humble/share/ament_cmake/cmake)
[0.257s] -- Found Python3: /usr/bin/python3 (found version "3.10.12") found components: Interpreter 
[0.339s] -- Found rclcpp: 16.0.10 (/opt/ros/humble/share/rclcpp/cmake)
[0.383s] -- Found rosidl_generator_c: 3.1.5 (/opt/ros/humble/share/rosidl_generator_c/cmake)
[0.389s] -- Found rosidl_adapter: 3.1.5 (/opt/ros/humble/share/rosidl_adapter/cmake)
[0.398s] -- Found rosidl_generator_cpp: 3.1.5 (/opt/ros/humble/share/rosidl_generator_cpp/cmake)
[0.409s] -- Using all available rosidl_typesupport_c: rosidl_typesupport_fastrtps_c;rosidl_typesupport_introspection_c
[0.424s] -- Using all available rosidl_typesupport_cpp: rosidl_typesupport_fastrtps_cpp;rosidl_typesupport_introspection_cpp
[0.467s] -- Found rmw_implementation_cmake: 6.1.2 (/opt/ros/humble/share/rmw_implementation_cmake/cmake)
[0.470s] -- Found rmw_fastrtps_cpp: 6.2.7 (/opt/ros/humble/share/rmw_fastrtps_cpp/cmake)
[0.553s] -- Found OpenSSL: /usr/lib/x86_64-linux-gnu/libcrypto.so (found version "3.0.2")  
[0.578s] -- Found FastRTPS: /opt/ros/humble/include  
[0.617s] -- Using RMW implementation 'rmw_fastrtps_cpp' as default
[0.627s] -- Looking for C++ include pthread.h
[0.697s] -- Looking for C++ include pthread.h - found
[0.698s] -- Performing Test CMAKE_HAVE_LIBC_PTHREAD
[0.772s] -- Performing Test CMAKE_HAVE_LIBC_PTHREAD - Success
[0.772s] -- Found Threads: TRUE  
[0.814s] -- Found geometry_msgs: 4.2.4 (/opt/ros/humble/share/geometry_msgs/cmake)
[0.825s] -- Found sensor_msgs: 4.2.4 (/opt/ros/humble/share/sensor_msgs/cmake)
[0.838s] -- Found rclcpp_components: 16.0.10 (/opt/ros/humble/share/rclcpp_components/cmake)
[0.861s] [31mCMake Error at /opt/ros/humble/share/ament_cmake_target_dependencies/cmake/ament_target_dependencies.cmake:42 (message):
[0.861s]   ament_target_dependencies() the first argument must be a valid target name
[0.861s] Call Stack (most recent call first):
[0.861s]   CMakeLists.txt:28 (ament_target_dependencies)
[0.861s] 
[0.861s] [0m
[0.861s] -- Configuring incomplete, errors occurred!
[0.862s] See also "/home/aksel/Documents/GitHub/Mobile_robotter/ros2_ws/build/lidar_data/CMakeFiles/CMakeOutput.log".
