[0.015s] Invoking command in '/home/aksel/Documents/GitHub/Mobile_robotter/ros2_ws/build/lidar_gui': CMAKE_PREFIX_PATH=${CMAKE_PREFIX_PATH}:/home/aksel/turtlebot3_ws/install/turtlebot3_teleop:/home/aksel/turtlebot3_ws/install/turtlebot3_example:/opt/ros/humble /bin/cmake --build /home/aksel/Documents/GitHub/Mobile_robotter/ros2_ws/build/lidar_gui -- -j16 -l16
[0.060s] [ 25%] [32mBuilding CXX object CMakeFiles/lidar_gui.dir/src/main.cpp.o[0m
[0.060s] [ 75%] [32mBuilding CXX object CMakeFiles/lidar_gui.dir/src/GUIWindow.cpp.o[0m
[0.060s] [ 75%] [32mBuilding CXX object CMakeFiles/lidar_gui.dir/src/lidarnode.cpp.o[0m
[0.124s] In file included from [01m[K/home/aksel/Documents/GitHub/Mobile_robotter/ros2_ws/src/lidar_gui/src/GUIWindow.cpp:1[m[K:
[0.124s] [01m[K/home/aksel/Documents/GitHub/Mobile_robotter/ros2_ws/src/lidar_gui/include/GUIWindow.h:9:10:[m[K [01;31m[Kfatal error: [m[KdataTypes.h: No such file or directory
[0.124s]     9 | #include [01;31m[K"dataTypes.h"[m[K
[0.124s]       |          [01;31m[K^~~~~~~~~~~~~[m[K
[0.124s] compilation terminated.
[0.125s] gmake[2]: *** [CMakeFiles/lidar_gui.dir/build.make:104: CMakeFiles/lidar_gui.dir/src/GUIWindow.cpp.o] Error 1
[0.125s] gmake[2]: *** Waiting for unfinished jobs....
[0.262s] In file included from [01m[K/home/aksel/Documents/GitHub/Mobile_robotter/ros2_ws/src/lidar_gui/include/lidarnode.h:8[m[K,
[0.262s]                  from [01m[K/home/aksel/Documents/GitHub/Mobile_robotter/ros2_ws/src/lidar_gui/src/lidarnode.cpp:1[m[K:
[0.262s] [01m[K/home/aksel/Documents/GitHub/Mobile_robotter/ros2_ws/src/lidar_gui/include/GUIWindow.h:9:10:[m[K [01;31m[Kfatal error: [m[KdataTypes.h: No such file or directory
[0.262s]     9 | #include [01;31m[K"dataTypes.h"[m[K
[0.262s]       |          [01;31m[K^~~~~~~~~~~~~[m[K
[0.262s] compilation terminated.
[0.263s] In file included from [01m[K/home/aksel/Documents/GitHub/Mobile_robotter/ros2_ws/src/lidar_gui/include/lidarnode.h:8[m[K,
[0.263s]                  from [01m[K/home/aksel/Documents/GitHub/Mobile_robotter/ros2_ws/src/lidar_gui/src/main.cpp:5[m[K:
[0.263s] [01m[K/home/aksel/Documents/GitHub/Mobile_robotter/ros2_ws/src/lidar_gui/include/GUIWindow.h:9:10:[m[K [01;31m[Kfatal error: [m[KdataTypes.h: No such file or directory
[0.263s]     9 | #include [01;31m[K"dataTypes.h"[m[K
[0.264s]       |          [01;31m[K^~~~~~~~~~~~~[m[K
[0.264s] compilation terminated.
[0.265s] gmake[2]: *** [CMakeFiles/lidar_gui.dir/build.make:90: CMakeFiles/lidar_gui.dir/src/lidarnode.cpp.o] Error 1
[0.266s] gmake[2]: *** [CMakeFiles/lidar_gui.dir/build.make:76: CMakeFiles/lidar_gui.dir/src/main.cpp.o] Error 1
[0.267s] gmake[1]: *** [CMakeFiles/Makefile2:137: CMakeFiles/lidar_gui.dir/all] Error 2
[0.267s] gmake: *** [Makefile:146: all] Error 2
[0.269s] Invoked command in '/home/aksel/Documents/GitHub/Mobile_robotter/ros2_ws/build/lidar_gui' returned '2': CMAKE_PREFIX_PATH=${CMAKE_PREFIX_PATH}:/home/aksel/turtlebot3_ws/install/turtlebot3_teleop:/home/aksel/turtlebot3_ws/install/turtlebot3_example:/opt/ros/humble /bin/cmake --build /home/aksel/Documents/GitHub/Mobile_robotter/ros2_ws/build/lidar_gui -- -j16 -l16
