[0.015s] Invoking command in '/home/aksel/Documents/GitHub/Mobile_robotter/ros2_ws/build/controller_input': CMAKE_PREFIX_PATH=${CMAKE_PREFIX_PATH}:/home/aksel/turtlebot3_ws/install/turtlebot3_teleop:/home/aksel/turtlebot3_ws/install/turtlebot3_example:/opt/ros/humble /usr/bin/cmake /home/aksel/Documents/GitHub/Mobile_robotter/ros2_ws/src/controller_input -DAMENT_CMAKE_SYMLINK_INSTALL=1 -DCMAKE_INSTALL_PREFIX=/home/aksel/Documents/GitHub/Mobile_robotter/ros2_ws/install/controller_input
[0.028s] -- Found ament_cmake: 1.3.10 (/opt/ros/humble/share/ament_cmake/cmake)
[0.123s] -- Override CMake install command with custom implementation using symlinks instead of copying resources
[0.135s] -- Found rclcpp: 16.0.10 (/opt/ros/humble/share/rclcpp/cmake)
[0.165s] -- Found rosidl_generator_c: 3.1.5 (/opt/ros/humble/share/rosidl_generator_c/cmake)
[0.168s] -- Found rosidl_adapter: 3.1.5 (/opt/ros/humble/share/rosidl_adapter/cmake)
[0.174s] -- Found rosidl_generator_cpp: 3.1.5 (/opt/ros/humble/share/rosidl_generator_cpp/cmake)
[0.183s] -- Using all available rosidl_typesupport_c: rosidl_typesupport_fastrtps_c;rosidl_typesupport_introspection_c
[0.195s] -- Using all available rosidl_typesupport_cpp: rosidl_typesupport_fastrtps_cpp;rosidl_typesupport_introspection_cpp
[0.224s] -- Found rmw_implementation_cmake: 6.1.2 (/opt/ros/humble/share/rmw_implementation_cmake/cmake)
[0.226s] -- Found rmw_fastrtps_cpp: 6.2.7 (/opt/ros/humble/share/rmw_fastrtps_cpp/cmake)
[0.333s] -- Using RMW implementation 'rmw_fastrtps_cpp' as default
[0.376s] -- Found geometry_msgs: 4.2.4 (/opt/ros/humble/share/geometry_msgs/cmake)
[0.386s] -- Found sensor_msgs: 4.2.4 (/opt/ros/humble/share/sensor_msgs/cmake)
[0.399s] -- Found teleop_twist_joy: 2.4.7 (/opt/ros/humble/share/teleop_twist_joy/cmake)
[0.401s] -- Found rclcpp_components: 16.0.10 (/opt/ros/humble/share/rclcpp_components/cmake)
[0.419s] -- Found SFML 2.5.1 in /usr/lib/x86_64-linux-gnu/cmake/SFML
[0.473s] -- Configuring done
[0.482s] -- Generating done
[0.483s] -- Build files have been written to: /home/aksel/Documents/GitHub/Mobile_robotter/ros2_ws/build/controller_input
[0.493s] Invoked command in '/home/aksel/Documents/GitHub/Mobile_robotter/ros2_ws/build/controller_input' returned '0': CMAKE_PREFIX_PATH=${CMAKE_PREFIX_PATH}:/home/aksel/turtlebot3_ws/install/turtlebot3_teleop:/home/aksel/turtlebot3_ws/install/turtlebot3_example:/opt/ros/humble /usr/bin/cmake /home/aksel/Documents/GitHub/Mobile_robotter/ros2_ws/src/controller_input -DAMENT_CMAKE_SYMLINK_INSTALL=1 -DCMAKE_INSTALL_PREFIX=/home/aksel/Documents/GitHub/Mobile_robotter/ros2_ws/install/controller_input
[0.494s] Invoking command in '/home/aksel/Documents/GitHub/Mobile_robotter/ros2_ws/build/controller_input': CMAKE_PREFIX_PATH=${CMAKE_PREFIX_PATH}:/home/aksel/turtlebot3_ws/install/turtlebot3_teleop:/home/aksel/turtlebot3_ws/install/turtlebot3_example:/opt/ros/humble /usr/bin/cmake --build /home/aksel/Documents/GitHub/Mobile_robotter/ros2_ws/build/controller_input -- -j16 -l16
[0.527s] [35m[1mConsolidate compiler generated dependencies of target controller_input[0m
[0.541s] [100%] Built target controller_input
[0.551s] Invoked command in '/home/aksel/Documents/GitHub/Mobile_robotter/ros2_ws/build/controller_input' returned '0': CMAKE_PREFIX_PATH=${CMAKE_PREFIX_PATH}:/home/aksel/turtlebot3_ws/install/turtlebot3_teleop:/home/aksel/turtlebot3_ws/install/turtlebot3_example:/opt/ros/humble /usr/bin/cmake --build /home/aksel/Documents/GitHub/Mobile_robotter/ros2_ws/build/controller_input -- -j16 -l16
[0.581s] Invoking command in '/home/aksel/Documents/GitHub/Mobile_robotter/ros2_ws/build/controller_input': CMAKE_PREFIX_PATH=${CMAKE_PREFIX_PATH}:/home/aksel/turtlebot3_ws/install/turtlebot3_teleop:/home/aksel/turtlebot3_ws/install/turtlebot3_example:/opt/ros/humble /usr/bin/cmake --install /home/aksel/Documents/GitHub/Mobile_robotter/ros2_ws/build/controller_input
[0.588s] -- Install configuration: ""
[0.588s] -- Execute custom install script
[0.589s] -- Up-to-date symlink: /home/aksel/Documents/GitHub/Mobile_robotter/ros2_ws/install/controller_input/lib/controller_input/controller_input
[0.589s] -- Up-to-date symlink: /home/aksel/Documents/GitHub/Mobile_robotter/ros2_ws/install/controller_input/share/controller_input//launch/controller_launch.py
[0.589s] -- Up-to-date symlink: /home/aksel/Documents/GitHub/Mobile_robotter/ros2_ws/install/controller_input/share/ament_index/resource_index/package_run_dependencies/controller_input
[0.589s] -- Up-to-date symlink: /home/aksel/Documents/GitHub/Mobile_robotter/ros2_ws/install/controller_input/share/ament_index/resource_index/parent_prefix_path/controller_input
[0.589s] -- Up-to-date symlink: /home/aksel/Documents/GitHub/Mobile_robotter/ros2_ws/install/controller_input/share/controller_input/environment/ament_prefix_path.sh
[0.589s] -- Up-to-date symlink: /home/aksel/Documents/GitHub/Mobile_robotter/ros2_ws/install/controller_input/share/controller_input/environment/ament_prefix_path.dsv
[0.590s] -- Up-to-date symlink: /home/aksel/Documents/GitHub/Mobile_robotter/ros2_ws/install/controller_input/share/controller_input/environment/path.sh
[0.590s] -- Up-to-date symlink: /home/aksel/Documents/GitHub/Mobile_robotter/ros2_ws/install/controller_input/share/controller_input/environment/path.dsv
[0.590s] -- Up-to-date symlink: /home/aksel/Documents/GitHub/Mobile_robotter/ros2_ws/install/controller_input/share/controller_input/local_setup.bash
[0.590s] -- Up-to-date symlink: /home/aksel/Documents/GitHub/Mobile_robotter/ros2_ws/install/controller_input/share/controller_input/local_setup.sh
[0.590s] -- Up-to-date symlink: /home/aksel/Documents/GitHub/Mobile_robotter/ros2_ws/install/controller_input/share/controller_input/local_setup.zsh
[0.590s] -- Up-to-date symlink: /home/aksel/Documents/GitHub/Mobile_robotter/ros2_ws/install/controller_input/share/controller_input/local_setup.dsv
[0.590s] -- Symlinking: /home/aksel/Documents/GitHub/Mobile_robotter/ros2_ws/install/controller_input/share/controller_input/package.dsv
[0.598s] -- Up-to-date symlink: /home/aksel/Documents/GitHub/Mobile_robotter/ros2_ws/install/controller_input/share/ament_index/resource_index/packages/controller_input
[0.598s] -- Up-to-date symlink: /home/aksel/Documents/GitHub/Mobile_robotter/ros2_ws/install/controller_input/share/controller_input/cmake/controller_inputConfig.cmake
[0.598s] -- Up-to-date symlink: /home/aksel/Documents/GitHub/Mobile_robotter/ros2_ws/install/controller_input/share/controller_input/cmake/controller_inputConfig-version.cmake
[0.598s] -- Up-to-date symlink: /home/aksel/Documents/GitHub/Mobile_robotter/ros2_ws/install/controller_input/share/controller_input/package.xml
[0.609s] Invoked command in '/home/aksel/Documents/GitHub/Mobile_robotter/ros2_ws/build/controller_input' returned '0': CMAKE_PREFIX_PATH=${CMAKE_PREFIX_PATH}:/home/aksel/turtlebot3_ws/install/turtlebot3_teleop:/home/aksel/turtlebot3_ws/install/turtlebot3_example:/opt/ros/humble /usr/bin/cmake --install /home/aksel/Documents/GitHub/Mobile_robotter/ros2_ws/build/controller_input
