[0.077s] DEBUG:colcon:Command line arguments: ['/usr/bin/colcon', 'build']
[0.078s] DEBUG:colcon:Parsed command line arguments: Namespace(log_base=None, log_level=None, verb_name='build', build_base='build', install_base='install', merge_install=False, symlink_install=False, test_result_base=None, continue_on_error=False, executor='parallel', parallel_workers=16, event_handlers=None, ignore_user_meta=False, metas=['./colcon.meta'], base_paths=['.'], packages_ignore=None, packages_ignore_regex=None, paths=None, packages_up_to=None, packages_up_to_regex=None, packages_above=None, packages_above_and_dependencies=None, packages_above_depth=None, packages_select_by_dep=None, packages_skip_by_dep=None, packages_skip_up_to=None, packages_select_build_failed=False, packages_skip_build_finished=False, packages_select_test_failures=False, packages_skip_test_passed=False, packages_select=None, packages_skip=None, packages_select_regex=None, packages_skip_regex=None, packages_start=None, packages_end=None, allow_overriding=[], cmake_args=None, cmake_target=None, cmake_target_skip_unavailable=False, cmake_clean_cache=False, cmake_clean_first=False, cmake_force_configure=False, ament_cmake_args=None, catkin_cmake_args=None, catkin_skip_building_tests=False, verb_parser=<colcon_defaults.argument_parser.defaults.DefaultArgumentsDecorator object at 0x76294e5242b0>, verb_extension=<colcon_core.verb.build.BuildVerb object at 0x76294e4efc70>, main=<bound method BuildVerb.main of <colcon_core.verb.build.BuildVerb object at 0x76294e4efc70>>)
[0.190s] Level 1:colcon.colcon_core.package_discovery:discover_packages(colcon_meta) check parameters
[0.191s] Level 1:colcon.colcon_core.package_discovery:discover_packages(recursive) check parameters
[0.191s] Level 1:colcon.colcon_core.package_discovery:discover_packages(ignore) check parameters
[0.191s] Level 1:colcon.colcon_core.package_discovery:discover_packages(path) check parameters
[0.191s] Level 1:colcon.colcon_core.package_discovery:discover_packages(colcon_meta) discover
[0.191s] Level 1:colcon.colcon_core.package_discovery:discover_packages(recursive) discover
[0.191s] INFO:colcon.colcon_core.package_discovery:Crawling recursively for packages in '/home/aksel/Documents/GitHub/Mobile_robotter/ros2_ws'
[0.191s] Level 1:colcon.colcon_core.package_identification:_identify(.) by extensions ['ignore', 'ignore_ament_install']
[0.191s] Level 1:colcon.colcon_core.package_identification:_identify(.) by extension 'ignore'
[0.191s] Level 1:colcon.colcon_core.package_identification:_identify(.) by extension 'ignore_ament_install'
[0.191s] Level 1:colcon.colcon_core.package_identification:_identify(.) by extensions ['colcon_pkg']
[0.191s] Level 1:colcon.colcon_core.package_identification:_identify(.) by extension 'colcon_pkg'
[0.191s] Level 1:colcon.colcon_core.package_identification:_identify(.) by extensions ['colcon_meta']
[0.191s] Level 1:colcon.colcon_core.package_identification:_identify(.) by extension 'colcon_meta'
[0.191s] Level 1:colcon.colcon_core.package_identification:_identify(.) by extensions ['ros']
[0.191s] Level 1:colcon.colcon_core.package_identification:_identify(.) by extension 'ros'
[0.200s] Level 1:colcon.colcon_core.package_identification:_identify(.) by extensions ['cmake', 'python']
[0.200s] Level 1:colcon.colcon_core.package_identification:_identify(.) by extension 'cmake'
[0.200s] Level 1:colcon.colcon_core.package_identification:_identify(.) by extension 'python'
[0.200s] Level 1:colcon.colcon_core.package_identification:_identify(.) by extensions ['python_setup_py']
[0.200s] Level 1:colcon.colcon_core.package_identification:_identify(.) by extension 'python_setup_py'
[0.200s] Level 1:colcon.colcon_core.package_identification:_identify(build) by extensions ['ignore', 'ignore_ament_install']
[0.200s] Level 1:colcon.colcon_core.package_identification:_identify(build) by extension 'ignore'
[0.200s] Level 1:colcon.colcon_core.package_identification:_identify(build) ignored
[0.200s] Level 1:colcon.colcon_core.package_identification:_identify(install) by extensions ['ignore', 'ignore_ament_install']
[0.200s] Level 1:colcon.colcon_core.package_identification:_identify(install) by extension 'ignore'
[0.200s] Level 1:colcon.colcon_core.package_identification:_identify(install) ignored
[0.200s] Level 1:colcon.colcon_core.package_identification:_identify(log) by extensions ['ignore', 'ignore_ament_install']
[0.200s] Level 1:colcon.colcon_core.package_identification:_identify(log) by extension 'ignore'
[0.201s] Level 1:colcon.colcon_core.package_identification:_identify(log) ignored
[0.201s] Level 1:colcon.colcon_core.package_identification:_identify(src) by extensions ['ignore', 'ignore_ament_install']
[0.201s] Level 1:colcon.colcon_core.package_identification:_identify(src) by extension 'ignore'
[0.201s] Level 1:colcon.colcon_core.package_identification:_identify(src) by extension 'ignore_ament_install'
[0.201s] Level 1:colcon.colcon_core.package_identification:_identify(src) by extensions ['colcon_pkg']
[0.201s] Level 1:colcon.colcon_core.package_identification:_identify(src) by extension 'colcon_pkg'
[0.201s] Level 1:colcon.colcon_core.package_identification:_identify(src) by extensions ['colcon_meta']
[0.201s] Level 1:colcon.colcon_core.package_identification:_identify(src) by extension 'colcon_meta'
[0.201s] Level 1:colcon.colcon_core.package_identification:_identify(src) by extensions ['ros']
[0.201s] Level 1:colcon.colcon_core.package_identification:_identify(src) by extension 'ros'
[0.201s] Level 1:colcon.colcon_core.package_identification:_identify(src) by extensions ['cmake', 'python']
[0.201s] Level 1:colcon.colcon_core.package_identification:_identify(src) by extension 'cmake'
[0.201s] Level 1:colcon.colcon_core.package_identification:_identify(src) by extension 'python'
[0.201s] Level 1:colcon.colcon_core.package_identification:_identify(src) by extensions ['python_setup_py']
[0.201s] Level 1:colcon.colcon_core.package_identification:_identify(src) by extension 'python_setup_py'
[0.201s] Level 1:colcon.colcon_core.package_identification:_identify(src/controller_input) by extensions ['ignore', 'ignore_ament_install']
[0.201s] Level 1:colcon.colcon_core.package_identification:_identify(src/controller_input) by extension 'ignore'
[0.201s] Level 1:colcon.colcon_core.package_identification:_identify(src/controller_input) by extension 'ignore_ament_install'
[0.201s] Level 1:colcon.colcon_core.package_identification:_identify(src/controller_input) by extensions ['colcon_pkg']
[0.201s] Level 1:colcon.colcon_core.package_identification:_identify(src/controller_input) by extension 'colcon_pkg'
[0.201s] Level 1:colcon.colcon_core.package_identification:_identify(src/controller_input) by extensions ['colcon_meta']
[0.201s] Level 1:colcon.colcon_core.package_identification:_identify(src/controller_input) by extension 'colcon_meta'
[0.201s] Level 1:colcon.colcon_core.package_identification:_identify(src/controller_input) by extensions ['ros']
[0.201s] Level 1:colcon.colcon_core.package_identification:_identify(src/controller_input) by extension 'ros'
[0.203s] DEBUG:colcon.colcon_core.package_identification:Package 'src/controller_input' with type 'ros.ament_cmake' and name 'controller_input'
[0.203s] Level 1:colcon.colcon_core.package_identification:_identify(src/dtmf_to_cmd_vel) by extensions ['ignore', 'ignore_ament_install']
[0.203s] Level 1:colcon.colcon_core.package_identification:_identify(src/dtmf_to_cmd_vel) by extension 'ignore'
[0.203s] Level 1:colcon.colcon_core.package_identification:_identify(src/dtmf_to_cmd_vel) by extension 'ignore_ament_install'
[0.203s] Level 1:colcon.colcon_core.package_identification:_identify(src/dtmf_to_cmd_vel) by extensions ['colcon_pkg']
[0.204s] Level 1:colcon.colcon_core.package_identification:_identify(src/dtmf_to_cmd_vel) by extension 'colcon_pkg'
[0.204s] Level 1:colcon.colcon_core.package_identification:_identify(src/dtmf_to_cmd_vel) by extensions ['colcon_meta']
[0.204s] Level 1:colcon.colcon_core.package_identification:_identify(src/dtmf_to_cmd_vel) by extension 'colcon_meta'
[0.204s] Level 1:colcon.colcon_core.package_identification:_identify(src/dtmf_to_cmd_vel) by extensions ['ros']
[0.204s] Level 1:colcon.colcon_core.package_identification:_identify(src/dtmf_to_cmd_vel) by extension 'ros'
[0.204s] DEBUG:colcon.colcon_core.package_identification:Package 'src/dtmf_to_cmd_vel' with type 'ros.ament_cmake' and name 'dtmf_to_cmd_vel'
[0.204s] Level 1:colcon.colcon_core.package_identification:_identify(src/lidar_data) by extensions ['ignore', 'ignore_ament_install']
[0.204s] Level 1:colcon.colcon_core.package_identification:_identify(src/lidar_data) by extension 'ignore'
[0.204s] Level 1:colcon.colcon_core.package_identification:_identify(src/lidar_data) by extension 'ignore_ament_install'
[0.204s] Level 1:colcon.colcon_core.package_identification:_identify(src/lidar_data) by extensions ['colcon_pkg']
[0.204s] Level 1:colcon.colcon_core.package_identification:_identify(src/lidar_data) by extension 'colcon_pkg'
[0.204s] Level 1:colcon.colcon_core.package_identification:_identify(src/lidar_data) by extensions ['colcon_meta']
[0.204s] Level 1:colcon.colcon_core.package_identification:_identify(src/lidar_data) by extension 'colcon_meta'
[0.204s] Level 1:colcon.colcon_core.package_identification:_identify(src/lidar_data) by extensions ['ros']
[0.204s] Level 1:colcon.colcon_core.package_identification:_identify(src/lidar_data) by extension 'ros'
[0.205s] DEBUG:colcon.colcon_core.package_identification:Package 'src/lidar_data' with type 'ros.ament_cmake' and name 'lidar_data'
[0.205s] Level 1:colcon.colcon_core.package_identification:_identify(src/lidar_gui) by extensions ['ignore', 'ignore_ament_install']
[0.205s] Level 1:colcon.colcon_core.package_identification:_identify(src/lidar_gui) by extension 'ignore'
[0.205s] Level 1:colcon.colcon_core.package_identification:_identify(src/lidar_gui) by extension 'ignore_ament_install'
[0.205s] Level 1:colcon.colcon_core.package_identification:_identify(src/lidar_gui) by extensions ['colcon_pkg']
[0.205s] Level 1:colcon.colcon_core.package_identification:_identify(src/lidar_gui) by extension 'colcon_pkg'
[0.205s] Level 1:colcon.colcon_core.package_identification:_identify(src/lidar_gui) by extensions ['colcon_meta']
[0.205s] Level 1:colcon.colcon_core.package_identification:_identify(src/lidar_gui) by extension 'colcon_meta'
[0.205s] Level 1:colcon.colcon_core.package_identification:_identify(src/lidar_gui) by extensions ['ros']
[0.205s] Level 1:colcon.colcon_core.package_identification:_identify(src/lidar_gui) by extension 'ros'
[0.206s] DEBUG:colcon.colcon_core.package_identification:Package 'src/lidar_gui' with type 'ros.ament_cmake' and name 'lidar_gui'
[0.206s] Level 1:colcon.colcon_core.package_discovery:discover_packages(recursive) using defaults
[0.206s] Level 1:colcon.colcon_core.package_discovery:discover_packages(ignore) discover
[0.206s] Level 1:colcon.colcon_core.package_discovery:discover_packages(ignore) using defaults
[0.206s] Level 1:colcon.colcon_core.package_discovery:discover_packages(path) discover
[0.206s] Level 1:colcon.colcon_core.package_discovery:discover_packages(path) using defaults
[0.221s] Level 1:colcon.colcon_core.package_discovery:discover_packages(prefix_path) check parameters
[0.221s] Level 1:colcon.colcon_core.package_discovery:discover_packages(prefix_path) discover
[0.223s] DEBUG:colcon.colcon_installed_package_information.package_discovery:Found 15 installed packages in /home/aksel/turtlebot3_ws/install
[0.224s] DEBUG:colcon.colcon_installed_package_information.package_discovery:Found 281 installed packages in /opt/ros/humble
[0.240s] Level 1:colcon.colcon_core.package_discovery:discover_packages(prefix_path) using defaults
[0.266s] Level 5:colcon.colcon_core.verb:set package 'controller_input' build argument 'cmake_args' from command line to 'None'
[0.266s] Level 5:colcon.colcon_core.verb:set package 'controller_input' build argument 'cmake_target' from command line to 'None'
[0.266s] Level 5:colcon.colcon_core.verb:set package 'controller_input' build argument 'cmake_target_skip_unavailable' from command line to 'False'
[0.266s] Level 5:colcon.colcon_core.verb:set package 'controller_input' build argument 'cmake_clean_cache' from command line to 'False'
[0.266s] Level 5:colcon.colcon_core.verb:set package 'controller_input' build argument 'cmake_clean_first' from command line to 'False'
[0.266s] Level 5:colcon.colcon_core.verb:set package 'controller_input' build argument 'cmake_force_configure' from command line to 'False'
[0.266s] Level 5:colcon.colcon_core.verb:set package 'controller_input' build argument 'ament_cmake_args' from command line to 'None'
[0.266s] Level 5:colcon.colcon_core.verb:set package 'controller_input' build argument 'catkin_cmake_args' from command line to 'None'
[0.266s] Level 5:colcon.colcon_core.verb:set package 'controller_input' build argument 'catkin_skip_building_tests' from command line to 'False'
[0.266s] DEBUG:colcon.colcon_core.verb:Building package 'controller_input' with the following arguments: {'ament_cmake_args': None, 'build_base': '/home/aksel/Documents/GitHub/Mobile_robotter/ros2_ws/build/controller_input', 'catkin_cmake_args': None, 'catkin_skip_building_tests': False, 'cmake_args': None, 'cmake_clean_cache': False, 'cmake_clean_first': False, 'cmake_force_configure': False, 'cmake_target': None, 'cmake_target_skip_unavailable': False, 'install_base': '/home/aksel/Documents/GitHub/Mobile_robotter/ros2_ws/install/controller_input', 'merge_install': False, 'path': '/home/aksel/Documents/GitHub/Mobile_robotter/ros2_ws/src/controller_input', 'symlink_install': False, 'test_result_base': None}
[0.266s] Level 5:colcon.colcon_core.verb:set package 'dtmf_to_cmd_vel' build argument 'cmake_args' from command line to 'None'
[0.266s] Level 5:colcon.colcon_core.verb:set package 'dtmf_to_cmd_vel' build argument 'cmake_target' from command line to 'None'
[0.266s] Level 5:colcon.colcon_core.verb:set package 'dtmf_to_cmd_vel' build argument 'cmake_target_skip_unavailable' from command line to 'False'
[0.266s] Level 5:colcon.colcon_core.verb:set package 'dtmf_to_cmd_vel' build argument 'cmake_clean_cache' from command line to 'False'
[0.266s] Level 5:colcon.colcon_core.verb:set package 'dtmf_to_cmd_vel' build argument 'cmake_clean_first' from command line to 'False'
[0.266s] Level 5:colcon.colcon_core.verb:set package 'dtmf_to_cmd_vel' build argument 'cmake_force_configure' from command line to 'False'
[0.266s] Level 5:colcon.colcon_core.verb:set package 'dtmf_to_cmd_vel' build argument 'ament_cmake_args' from command line to 'None'
[0.266s] Level 5:colcon.colcon_core.verb:set package 'dtmf_to_cmd_vel' build argument 'catkin_cmake_args' from command line to 'None'
[0.266s] Level 5:colcon.colcon_core.verb:set package 'dtmf_to_cmd_vel' build argument 'catkin_skip_building_tests' from command line to 'False'
[0.266s] DEBUG:colcon.colcon_core.verb:Building package 'dtmf_to_cmd_vel' with the following arguments: {'ament_cmake_args': None, 'build_base': '/home/aksel/Documents/GitHub/Mobile_robotter/ros2_ws/build/dtmf_to_cmd_vel', 'catkin_cmake_args': None, 'catkin_skip_building_tests': False, 'cmake_args': None, 'cmake_clean_cache': False, 'cmake_clean_first': False, 'cmake_force_configure': False, 'cmake_target': None, 'cmake_target_skip_unavailable': False, 'install_base': '/home/aksel/Documents/GitHub/Mobile_robotter/ros2_ws/install/dtmf_to_cmd_vel', 'merge_install': False, 'path': '/home/aksel/Documents/GitHub/Mobile_robotter/ros2_ws/src/dtmf_to_cmd_vel', 'symlink_install': False, 'test_result_base': None}
[0.266s] Level 5:colcon.colcon_core.verb:set package 'lidar_data' build argument 'cmake_args' from command line to 'None'
[0.267s] Level 5:colcon.colcon_core.verb:set package 'lidar_data' build argument 'cmake_target' from command line to 'None'
[0.267s] Level 5:colcon.colcon_core.verb:set package 'lidar_data' build argument 'cmake_target_skip_unavailable' from command line to 'False'
[0.267s] Level 5:colcon.colcon_core.verb:set package 'lidar_data' build argument 'cmake_clean_cache' from command line to 'False'
[0.267s] Level 5:colcon.colcon_core.verb:set package 'lidar_data' build argument 'cmake_clean_first' from command line to 'False'
[0.267s] Level 5:colcon.colcon_core.verb:set package 'lidar_data' build argument 'cmake_force_configure' from command line to 'False'
[0.267s] Level 5:colcon.colcon_core.verb:set package 'lidar_data' build argument 'ament_cmake_args' from command line to 'None'
[0.267s] Level 5:colcon.colcon_core.verb:set package 'lidar_data' build argument 'catkin_cmake_args' from command line to 'None'
[0.267s] Level 5:colcon.colcon_core.verb:set package 'lidar_data' build argument 'catkin_skip_building_tests' from command line to 'False'
[0.267s] DEBUG:colcon.colcon_core.verb:Building package 'lidar_data' with the following arguments: {'ament_cmake_args': None, 'build_base': '/home/aksel/Documents/GitHub/Mobile_robotter/ros2_ws/build/lidar_data', 'catkin_cmake_args': None, 'catkin_skip_building_tests': False, 'cmake_args': None, 'cmake_clean_cache': False, 'cmake_clean_first': False, 'cmake_force_configure': False, 'cmake_target': None, 'cmake_target_skip_unavailable': False, 'install_base': '/home/aksel/Documents/GitHub/Mobile_robotter/ros2_ws/install/lidar_data', 'merge_install': False, 'path': '/home/aksel/Documents/GitHub/Mobile_robotter/ros2_ws/src/lidar_data', 'symlink_install': False, 'test_result_base': None}
[0.267s] Level 5:colcon.colcon_core.verb:set package 'lidar_gui' build argument 'cmake_args' from command line to 'None'
[0.267s] Level 5:colcon.colcon_core.verb:set package 'lidar_gui' build argument 'cmake_target' from command line to 'None'
[0.267s] Level 5:colcon.colcon_core.verb:set package 'lidar_gui' build argument 'cmake_target_skip_unavailable' from command line to 'False'
[0.267s] Level 5:colcon.colcon_core.verb:set package 'lidar_gui' build argument 'cmake_clean_cache' from command line to 'False'
[0.267s] Level 5:colcon.colcon_core.verb:set package 'lidar_gui' build argument 'cmake_clean_first' from command line to 'False'
[0.267s] Level 5:colcon.colcon_core.verb:set package 'lidar_gui' build argument 'cmake_force_configure' from command line to 'False'
[0.267s] Level 5:colcon.colcon_core.verb:set package 'lidar_gui' build argument 'ament_cmake_args' from command line to 'None'
[0.267s] Level 5:colcon.colcon_core.verb:set package 'lidar_gui' build argument 'catkin_cmake_args' from command line to 'None'
[0.267s] Level 5:colcon.colcon_core.verb:set package 'lidar_gui' build argument 'catkin_skip_building_tests' from command line to 'False'
[0.267s] DEBUG:colcon.colcon_core.verb:Building package 'lidar_gui' with the following arguments: {'ament_cmake_args': None, 'build_base': '/home/aksel/Documents/GitHub/Mobile_robotter/ros2_ws/build/lidar_gui', 'catkin_cmake_args': None, 'catkin_skip_building_tests': False, 'cmake_args': None, 'cmake_clean_cache': False, 'cmake_clean_first': False, 'cmake_force_configure': False, 'cmake_target': None, 'cmake_target_skip_unavailable': False, 'install_base': '/home/aksel/Documents/GitHub/Mobile_robotter/ros2_ws/install/lidar_gui', 'merge_install': False, 'path': '/home/aksel/Documents/GitHub/Mobile_robotter/ros2_ws/src/lidar_gui', 'symlink_install': False, 'test_result_base': None}
[0.267s] INFO:colcon.colcon_core.executor:Executing jobs using 'parallel' executor
[0.268s] DEBUG:colcon.colcon_parallel_executor.executor.parallel:run_until_complete
[0.268s] INFO:colcon.colcon_ros.task.ament_cmake.build:Building ROS package in '/home/aksel/Documents/GitHub/Mobile_robotter/ros2_ws/src/controller_input' with build type 'ament_cmake'
[0.268s] INFO:colcon.colcon_cmake.task.cmake.build:Building CMake package in '/home/aksel/Documents/GitHub/Mobile_robotter/ros2_ws/src/controller_input'
[0.270s] INFO:colcon.colcon_core.plugin_system:Skipping extension 'colcon_core.shell.bat': Not used on non-Windows systems
[0.270s] INFO:colcon.colcon_core.shell:Skip shell extension 'powershell' for command environment: Not usable outside of PowerShell
[0.270s] DEBUG:colcon.colcon_core.shell:Skip shell extension 'dsv' for command environment
[0.274s] INFO:colcon.colcon_ros.task.ament_cmake.build:Building ROS package in '/home/aksel/Documents/GitHub/Mobile_robotter/ros2_ws/src/dtmf_to_cmd_vel' with build type 'ament_cmake'
[0.274s] INFO:colcon.colcon_cmake.task.cmake.build:Building CMake package in '/home/aksel/Documents/GitHub/Mobile_robotter/ros2_ws/src/dtmf_to_cmd_vel'
[0.274s] INFO:colcon.colcon_core.shell:Skip shell extension 'powershell' for command environment: Not usable outside of PowerShell
[0.274s] DEBUG:colcon.colcon_core.shell:Skip shell extension 'dsv' for command environment
[0.277s] INFO:colcon.colcon_ros.task.ament_cmake.build:Building ROS package in '/home/aksel/Documents/GitHub/Mobile_robotter/ros2_ws/src/lidar_data' with build type 'ament_cmake'
[0.277s] INFO:colcon.colcon_cmake.task.cmake.build:Building CMake package in '/home/aksel/Documents/GitHub/Mobile_robotter/ros2_ws/src/lidar_data'
[0.277s] INFO:colcon.colcon_core.shell:Skip shell extension 'powershell' for command environment: Not usable outside of PowerShell
[0.277s] DEBUG:colcon.colcon_core.shell:Skip shell extension 'dsv' for command environment
[0.280s] INFO:colcon.colcon_ros.task.ament_cmake.build:Building ROS package in '/home/aksel/Documents/GitHub/Mobile_robotter/ros2_ws/src/lidar_gui' with build type 'ament_cmake'
[0.280s] INFO:colcon.colcon_cmake.task.cmake.build:Building CMake package in '/home/aksel/Documents/GitHub/Mobile_robotter/ros2_ws/src/lidar_gui'
[0.280s] INFO:colcon.colcon_core.shell:Skip shell extension 'powershell' for command environment: Not usable outside of PowerShell
[0.280s] DEBUG:colcon.colcon_core.shell:Skip shell extension 'dsv' for command environment
[0.288s] DEBUG:colcon.colcon_core.event_handler.log_command:Invoking command in '/home/aksel/Documents/GitHub/Mobile_robotter/ros2_ws/build/controller_input': CMAKE_PREFIX_PATH=${CMAKE_PREFIX_PATH}:/home/aksel/turtlebot3_ws/install/turtlebot3_teleop:/home/aksel/turtlebot3_ws/install/turtlebot3_example:/opt/ros/humble /usr/bin/cmake --build /home/aksel/Documents/GitHub/Mobile_robotter/ros2_ws/build/controller_input -- -j16 -l16
[0.290s] DEBUG:colcon.colcon_core.event_handler.log_command:Invoking command in '/home/aksel/Documents/GitHub/Mobile_robotter/ros2_ws/build/dtmf_to_cmd_vel': CMAKE_PREFIX_PATH=${CMAKE_PREFIX_PATH}:/home/aksel/turtlebot3_ws/install/turtlebot3_teleop:/home/aksel/turtlebot3_ws/install/turtlebot3_example:/opt/ros/humble /usr/bin/cmake --build /home/aksel/Documents/GitHub/Mobile_robotter/ros2_ws/build/dtmf_to_cmd_vel -- -j16 -l16
[0.314s] DEBUG:colcon.colcon_core.event_handler.log_command:Invoking command in '/home/aksel/Documents/GitHub/Mobile_robotter/ros2_ws/build/lidar_data': CMAKE_PREFIX_PATH=${CMAKE_PREFIX_PATH}:/home/aksel/turtlebot3_ws/install/turtlebot3_teleop:/home/aksel/turtlebot3_ws/install/turtlebot3_example:/opt/ros/humble /usr/bin/cmake --build /home/aksel/Documents/GitHub/Mobile_robotter/ros2_ws/build/lidar_data -- -j16 -l16
[0.318s] DEBUG:colcon.colcon_core.event_handler.log_command:Invoking command in '/home/aksel/Documents/GitHub/Mobile_robotter/ros2_ws/build/lidar_gui': CMAKE_PREFIX_PATH=${CMAKE_PREFIX_PATH}:/home/aksel/turtlebot3_ws/install/turtlebot3_teleop:/home/aksel/turtlebot3_ws/install/turtlebot3_example:/opt/ros/humble /usr/bin/cmake --build /home/aksel/Documents/GitHub/Mobile_robotter/ros2_ws/build/lidar_gui -- -j16 -l16
[0.356s] DEBUG:colcon.colcon_core.event_handler.log_command:Invoked command in '/home/aksel/Documents/GitHub/Mobile_robotter/ros2_ws/build/controller_input' returned '0': CMAKE_PREFIX_PATH=${CMAKE_PREFIX_PATH}:/home/aksel/turtlebot3_ws/install/turtlebot3_teleop:/home/aksel/turtlebot3_ws/install/turtlebot3_example:/opt/ros/humble /usr/bin/cmake --build /home/aksel/Documents/GitHub/Mobile_robotter/ros2_ws/build/controller_input -- -j16 -l16
[0.382s] DEBUG:colcon.colcon_core.event_handler.log_command:Invoked command in '/home/aksel/Documents/GitHub/Mobile_robotter/ros2_ws/build/lidar_gui' returned '0': CMAKE_PREFIX_PATH=${CMAKE_PREFIX_PATH}:/home/aksel/turtlebot3_ws/install/turtlebot3_teleop:/home/aksel/turtlebot3_ws/install/turtlebot3_example:/opt/ros/humble /usr/bin/cmake --build /home/aksel/Documents/GitHub/Mobile_robotter/ros2_ws/build/lidar_gui -- -j16 -l16
[0.383s] DEBUG:colcon.colcon_core.event_handler.log_command:Invoked command in '/home/aksel/Documents/GitHub/Mobile_robotter/ros2_ws/build/lidar_data' returned '0': CMAKE_PREFIX_PATH=${CMAKE_PREFIX_PATH}:/home/aksel/turtlebot3_ws/install/turtlebot3_teleop:/home/aksel/turtlebot3_ws/install/turtlebot3_example:/opt/ros/humble /usr/bin/cmake --build /home/aksel/Documents/GitHub/Mobile_robotter/ros2_ws/build/lidar_data -- -j16 -l16
[0.395s] DEBUG:colcon.colcon_core.event_handler.log_command:Invoking command in '/home/aksel/Documents/GitHub/Mobile_robotter/ros2_ws/build/controller_input': CMAKE_PREFIX_PATH=${CMAKE_PREFIX_PATH}:/home/aksel/turtlebot3_ws/install/turtlebot3_teleop:/home/aksel/turtlebot3_ws/install/turtlebot3_example:/opt/ros/humble /usr/bin/cmake --install /home/aksel/Documents/GitHub/Mobile_robotter/ros2_ws/build/controller_input
[0.406s] Level 1:colcon.colcon_core.environment:create_environment_scripts_only(controller_input)
[0.407s] DEBUG:colcon.colcon_core.event_handler.log_command:Invoked command in '/home/aksel/Documents/GitHub/Mobile_robotter/ros2_ws/build/controller_input' returned '0': CMAKE_PREFIX_PATH=${CMAKE_PREFIX_PATH}:/home/aksel/turtlebot3_ws/install/turtlebot3_teleop:/home/aksel/turtlebot3_ws/install/turtlebot3_example:/opt/ros/humble /usr/bin/cmake --install /home/aksel/Documents/GitHub/Mobile_robotter/ros2_ws/build/controller_input
[0.409s] Level 1:colcon.colcon_core.environment:checking '/home/aksel/Documents/GitHub/Mobile_robotter/ros2_ws/install/controller_input' for CMake module files
[0.409s] Level 1:colcon.colcon_core.environment:checking '/home/aksel/Documents/GitHub/Mobile_robotter/ros2_ws/install/controller_input' for CMake config files
[0.409s] Level 1:colcon.colcon_core.shell:create_environment_hook('controller_input', 'cmake_prefix_path')
[0.409s] INFO:colcon.colcon_core.shell:Creating environment hook '/home/aksel/Documents/GitHub/Mobile_robotter/ros2_ws/install/controller_input/share/controller_input/hook/cmake_prefix_path.ps1'
[0.410s] INFO:colcon.colcon_core.shell:Creating environment descriptor '/home/aksel/Documents/GitHub/Mobile_robotter/ros2_ws/install/controller_input/share/controller_input/hook/cmake_prefix_path.dsv'
[0.410s] INFO:colcon.colcon_core.shell:Creating environment hook '/home/aksel/Documents/GitHub/Mobile_robotter/ros2_ws/install/controller_input/share/controller_input/hook/cmake_prefix_path.sh'
[0.411s] Level 1:colcon.colcon_core.environment:checking '/home/aksel/Documents/GitHub/Mobile_robotter/ros2_ws/install/controller_input/lib'
[0.411s] Level 1:colcon.colcon_core.environment:checking '/home/aksel/Documents/GitHub/Mobile_robotter/ros2_ws/install/controller_input/bin'
[0.411s] Level 1:colcon.colcon_core.environment:checking '/home/aksel/Documents/GitHub/Mobile_robotter/ros2_ws/install/controller_input/lib/pkgconfig/controller_input.pc'
[0.411s] Level 1:colcon.colcon_core.environment:checking '/home/aksel/Documents/GitHub/Mobile_robotter/ros2_ws/install/controller_input/lib/python3.10/site-packages'
[0.412s] Level 1:colcon.colcon_core.environment:checking '/home/aksel/Documents/GitHub/Mobile_robotter/ros2_ws/install/controller_input/bin'
[0.412s] INFO:colcon.colcon_core.shell:Creating package script '/home/aksel/Documents/GitHub/Mobile_robotter/ros2_ws/install/controller_input/share/controller_input/package.ps1'
[0.412s] INFO:colcon.colcon_core.shell:Creating package descriptor '/home/aksel/Documents/GitHub/Mobile_robotter/ros2_ws/install/controller_input/share/controller_input/package.dsv'
[0.413s] INFO:colcon.colcon_core.shell:Creating package script '/home/aksel/Documents/GitHub/Mobile_robotter/ros2_ws/install/controller_input/share/controller_input/package.sh'
[0.413s] INFO:colcon.colcon_core.shell:Creating package script '/home/aksel/Documents/GitHub/Mobile_robotter/ros2_ws/install/controller_input/share/controller_input/package.bash'
[0.414s] INFO:colcon.colcon_core.shell:Creating package script '/home/aksel/Documents/GitHub/Mobile_robotter/ros2_ws/install/controller_input/share/controller_input/package.zsh'
[0.415s] Level 1:colcon.colcon_core.environment:create_file_with_runtime_dependencies(/home/aksel/Documents/GitHub/Mobile_robotter/ros2_ws/install/controller_input/share/colcon-core/packages/controller_input)
[0.418s] DEBUG:colcon.colcon_core.event_handler.log_command:Invoking command in '/home/aksel/Documents/GitHub/Mobile_robotter/ros2_ws/build/lidar_data': CMAKE_PREFIX_PATH=${CMAKE_PREFIX_PATH}:/home/aksel/turtlebot3_ws/install/turtlebot3_teleop:/home/aksel/turtlebot3_ws/install/turtlebot3_example:/opt/ros/humble /usr/bin/cmake --install /home/aksel/Documents/GitHub/Mobile_robotter/ros2_ws/build/lidar_data
[0.419s] DEBUG:colcon.colcon_core.event_handler.log_command:Invoking command in '/home/aksel/Documents/GitHub/Mobile_robotter/ros2_ws/build/lidar_gui': CMAKE_PREFIX_PATH=${CMAKE_PREFIX_PATH}:/home/aksel/turtlebot3_ws/install/turtlebot3_teleop:/home/aksel/turtlebot3_ws/install/turtlebot3_example:/opt/ros/humble /usr/bin/cmake --install /home/aksel/Documents/GitHub/Mobile_robotter/ros2_ws/build/lidar_gui
[0.426s] Level 1:colcon.colcon_core.environment:create_environment_scripts_only(lidar_data)
[0.427s] Level 1:colcon.colcon_core.environment:checking '/home/aksel/Documents/GitHub/Mobile_robotter/ros2_ws/install/lidar_data' for CMake module files
[0.427s] DEBUG:colcon.colcon_core.event_handler.log_command:Invoked command in '/home/aksel/Documents/GitHub/Mobile_robotter/ros2_ws/build/lidar_data' returned '0': CMAKE_PREFIX_PATH=${CMAKE_PREFIX_PATH}:/home/aksel/turtlebot3_ws/install/turtlebot3_teleop:/home/aksel/turtlebot3_ws/install/turtlebot3_example:/opt/ros/humble /usr/bin/cmake --install /home/aksel/Documents/GitHub/Mobile_robotter/ros2_ws/build/lidar_data
[0.428s] Level 1:colcon.colcon_core.environment:checking '/home/aksel/Documents/GitHub/Mobile_robotter/ros2_ws/install/lidar_data' for CMake config files
[0.428s] Level 1:colcon.colcon_core.shell:create_environment_hook('lidar_data', 'cmake_prefix_path')
[0.428s] INFO:colcon.colcon_core.shell:Creating environment hook '/home/aksel/Documents/GitHub/Mobile_robotter/ros2_ws/install/lidar_data/share/lidar_data/hook/cmake_prefix_path.ps1'
[0.429s] INFO:colcon.colcon_core.shell:Creating environment descriptor '/home/aksel/Documents/GitHub/Mobile_robotter/ros2_ws/install/lidar_data/share/lidar_data/hook/cmake_prefix_path.dsv'
[0.429s] INFO:colcon.colcon_core.shell:Creating environment hook '/home/aksel/Documents/GitHub/Mobile_robotter/ros2_ws/install/lidar_data/share/lidar_data/hook/cmake_prefix_path.sh'
[0.430s] Level 1:colcon.colcon_core.environment:checking '/home/aksel/Documents/GitHub/Mobile_robotter/ros2_ws/install/lidar_data/lib'
[0.430s] Level 1:colcon.colcon_core.environment:checking '/home/aksel/Documents/GitHub/Mobile_robotter/ros2_ws/install/lidar_data/bin'
[0.430s] Level 1:colcon.colcon_core.environment:checking '/home/aksel/Documents/GitHub/Mobile_robotter/ros2_ws/install/lidar_data/lib/pkgconfig/lidar_data.pc'
[0.430s] Level 1:colcon.colcon_core.environment:checking '/home/aksel/Documents/GitHub/Mobile_robotter/ros2_ws/install/lidar_data/lib/python3.10/site-packages'
[0.430s] Level 1:colcon.colcon_core.environment:checking '/home/aksel/Documents/GitHub/Mobile_robotter/ros2_ws/install/lidar_data/bin'
[0.430s] INFO:colcon.colcon_core.shell:Creating package script '/home/aksel/Documents/GitHub/Mobile_robotter/ros2_ws/install/lidar_data/share/lidar_data/package.ps1'
[0.431s] INFO:colcon.colcon_core.shell:Creating package descriptor '/home/aksel/Documents/GitHub/Mobile_robotter/ros2_ws/install/lidar_data/share/lidar_data/package.dsv'
[0.431s] INFO:colcon.colcon_core.shell:Creating package script '/home/aksel/Documents/GitHub/Mobile_robotter/ros2_ws/install/lidar_data/share/lidar_data/package.sh'
[0.431s] INFO:colcon.colcon_core.shell:Creating package script '/home/aksel/Documents/GitHub/Mobile_robotter/ros2_ws/install/lidar_data/share/lidar_data/package.bash'
[0.432s] INFO:colcon.colcon_core.shell:Creating package script '/home/aksel/Documents/GitHub/Mobile_robotter/ros2_ws/install/lidar_data/share/lidar_data/package.zsh'
[0.432s] Level 1:colcon.colcon_core.environment:create_file_with_runtime_dependencies(/home/aksel/Documents/GitHub/Mobile_robotter/ros2_ws/install/lidar_data/share/colcon-core/packages/lidar_data)
[0.433s] Level 1:colcon.colcon_core.environment:create_environment_scripts_only(lidar_gui)
[0.434s] Level 1:colcon.colcon_core.environment:checking '/home/aksel/Documents/GitHub/Mobile_robotter/ros2_ws/install/lidar_gui' for CMake module files
[0.434s] DEBUG:colcon.colcon_core.event_handler.log_command:Invoked command in '/home/aksel/Documents/GitHub/Mobile_robotter/ros2_ws/build/lidar_gui' returned '0': CMAKE_PREFIX_PATH=${CMAKE_PREFIX_PATH}:/home/aksel/turtlebot3_ws/install/turtlebot3_teleop:/home/aksel/turtlebot3_ws/install/turtlebot3_example:/opt/ros/humble /usr/bin/cmake --install /home/aksel/Documents/GitHub/Mobile_robotter/ros2_ws/build/lidar_gui
[0.434s] Level 1:colcon.colcon_core.environment:checking '/home/aksel/Documents/GitHub/Mobile_robotter/ros2_ws/install/lidar_gui' for CMake config files
[0.435s] Level 1:colcon.colcon_core.shell:create_environment_hook('lidar_gui', 'cmake_prefix_path')
[0.435s] INFO:colcon.colcon_core.shell:Creating environment hook '/home/aksel/Documents/GitHub/Mobile_robotter/ros2_ws/install/lidar_gui/share/lidar_gui/hook/cmake_prefix_path.ps1'
[0.435s] INFO:colcon.colcon_core.shell:Creating environment descriptor '/home/aksel/Documents/GitHub/Mobile_robotter/ros2_ws/install/lidar_gui/share/lidar_gui/hook/cmake_prefix_path.dsv'
[0.435s] INFO:colcon.colcon_core.shell:Creating environment hook '/home/aksel/Documents/GitHub/Mobile_robotter/ros2_ws/install/lidar_gui/share/lidar_gui/hook/cmake_prefix_path.sh'
[0.436s] Level 1:colcon.colcon_core.environment:checking '/home/aksel/Documents/GitHub/Mobile_robotter/ros2_ws/install/lidar_gui/lib'
[0.436s] Level 1:colcon.colcon_core.environment:checking '/home/aksel/Documents/GitHub/Mobile_robotter/ros2_ws/install/lidar_gui/bin'
[0.436s] Level 1:colcon.colcon_core.environment:checking '/home/aksel/Documents/GitHub/Mobile_robotter/ros2_ws/install/lidar_gui/lib/pkgconfig/lidar_gui.pc'
[0.436s] Level 1:colcon.colcon_core.environment:checking '/home/aksel/Documents/GitHub/Mobile_robotter/ros2_ws/install/lidar_gui/lib/python3.10/site-packages'
[0.436s] Level 1:colcon.colcon_core.environment:checking '/home/aksel/Documents/GitHub/Mobile_robotter/ros2_ws/install/lidar_gui/bin'
[0.436s] INFO:colcon.colcon_core.shell:Creating package script '/home/aksel/Documents/GitHub/Mobile_robotter/ros2_ws/install/lidar_gui/share/lidar_gui/package.ps1'
[0.437s] INFO:colcon.colcon_core.shell:Creating package descriptor '/home/aksel/Documents/GitHub/Mobile_robotter/ros2_ws/install/lidar_gui/share/lidar_gui/package.dsv'
[0.437s] INFO:colcon.colcon_core.shell:Creating package script '/home/aksel/Documents/GitHub/Mobile_robotter/ros2_ws/install/lidar_gui/share/lidar_gui/package.sh'
[0.437s] INFO:colcon.colcon_core.shell:Creating package script '/home/aksel/Documents/GitHub/Mobile_robotter/ros2_ws/install/lidar_gui/share/lidar_gui/package.bash'
[0.438s] INFO:colcon.colcon_core.shell:Creating package script '/home/aksel/Documents/GitHub/Mobile_robotter/ros2_ws/install/lidar_gui/share/lidar_gui/package.zsh'
[0.438s] Level 1:colcon.colcon_core.environment:create_file_with_runtime_dependencies(/home/aksel/Documents/GitHub/Mobile_robotter/ros2_ws/install/lidar_gui/share/colcon-core/packages/lidar_gui)
[0.442s] Level 1:colcon.colcon_core.environment:create_environment_scripts_only(controller_input)
[0.442s] Level 1:colcon.colcon_core.environment:checking '/home/aksel/Documents/GitHub/Mobile_robotter/ros2_ws/install/controller_input' for CMake module files
[0.442s] Level 1:colcon.colcon_core.environment:checking '/home/aksel/Documents/GitHub/Mobile_robotter/ros2_ws/install/controller_input' for CMake config files
[0.443s] Level 1:colcon.colcon_core.shell:create_environment_hook('controller_input', 'cmake_prefix_path')
[0.443s] INFO:colcon.colcon_core.shell:Creating environment hook '/home/aksel/Documents/GitHub/Mobile_robotter/ros2_ws/install/controller_input/share/controller_input/hook/cmake_prefix_path.ps1'
[0.443s] INFO:colcon.colcon_core.shell:Creating environment descriptor '/home/aksel/Documents/GitHub/Mobile_robotter/ros2_ws/install/controller_input/share/controller_input/hook/cmake_prefix_path.dsv'
[0.443s] INFO:colcon.colcon_core.shell:Creating environment hook '/home/aksel/Documents/GitHub/Mobile_robotter/ros2_ws/install/controller_input/share/controller_input/hook/cmake_prefix_path.sh'
[0.444s] Level 1:colcon.colcon_core.environment:checking '/home/aksel/Documents/GitHub/Mobile_robotter/ros2_ws/install/controller_input/lib'
[0.444s] Level 1:colcon.colcon_core.environment:checking '/home/aksel/Documents/GitHub/Mobile_robotter/ros2_ws/install/controller_input/bin'
[0.444s] Level 1:colcon.colcon_core.environment:checking '/home/aksel/Documents/GitHub/Mobile_robotter/ros2_ws/install/controller_input/lib/pkgconfig/controller_input.pc'
[0.444s] Level 1:colcon.colcon_core.environment:checking '/home/aksel/Documents/GitHub/Mobile_robotter/ros2_ws/install/controller_input/lib/python3.10/site-packages'
[0.444s] Level 1:colcon.colcon_core.environment:checking '/home/aksel/Documents/GitHub/Mobile_robotter/ros2_ws/install/controller_input/bin'
[0.444s] INFO:colcon.colcon_core.shell:Creating package script '/home/aksel/Documents/GitHub/Mobile_robotter/ros2_ws/install/controller_input/share/controller_input/package.ps1'
[0.445s] INFO:colcon.colcon_core.shell:Creating package descriptor '/home/aksel/Documents/GitHub/Mobile_robotter/ros2_ws/install/controller_input/share/controller_input/package.dsv'
[0.445s] INFO:colcon.colcon_core.shell:Creating package script '/home/aksel/Documents/GitHub/Mobile_robotter/ros2_ws/install/controller_input/share/controller_input/package.sh'
[0.446s] INFO:colcon.colcon_core.shell:Creating package script '/home/aksel/Documents/GitHub/Mobile_robotter/ros2_ws/install/controller_input/share/controller_input/package.bash'
[0.446s] INFO:colcon.colcon_core.shell:Creating package script '/home/aksel/Documents/GitHub/Mobile_robotter/ros2_ws/install/controller_input/share/controller_input/package.zsh'
[0.446s] Level 1:colcon.colcon_core.environment:create_file_with_runtime_dependencies(/home/aksel/Documents/GitHub/Mobile_robotter/ros2_ws/install/controller_input/share/colcon-core/packages/controller_input)
[0.463s] Level 1:colcon.colcon_core.environment:create_environment_scripts_only(lidar_data)
[0.463s] Level 1:colcon.colcon_core.environment:checking '/home/aksel/Documents/GitHub/Mobile_robotter/ros2_ws/install/lidar_data' for CMake module files
[0.463s] Level 1:colcon.colcon_core.environment:checking '/home/aksel/Documents/GitHub/Mobile_robotter/ros2_ws/install/lidar_data' for CMake config files
[0.464s] Level 1:colcon.colcon_core.shell:create_environment_hook('lidar_data', 'cmake_prefix_path')
[0.464s] INFO:colcon.colcon_core.shell:Creating environment hook '/home/aksel/Documents/GitHub/Mobile_robotter/ros2_ws/install/lidar_data/share/lidar_data/hook/cmake_prefix_path.ps1'
[0.465s] INFO:colcon.colcon_core.shell:Creating environment descriptor '/home/aksel/Documents/GitHub/Mobile_robotter/ros2_ws/install/lidar_data/share/lidar_data/hook/cmake_prefix_path.dsv'
[0.465s] INFO:colcon.colcon_core.shell:Creating environment hook '/home/aksel/Documents/GitHub/Mobile_robotter/ros2_ws/install/lidar_data/share/lidar_data/hook/cmake_prefix_path.sh'
[0.466s] Level 1:colcon.colcon_core.environment:checking '/home/aksel/Documents/GitHub/Mobile_robotter/ros2_ws/install/lidar_data/lib'
[0.466s] Level 1:colcon.colcon_core.environment:checking '/home/aksel/Documents/GitHub/Mobile_robotter/ros2_ws/install/lidar_data/bin'
[0.466s] Level 1:colcon.colcon_core.environment:checking '/home/aksel/Documents/GitHub/Mobile_robotter/ros2_ws/install/lidar_data/lib/pkgconfig/lidar_data.pc'
[0.466s] Level 1:colcon.colcon_core.environment:checking '/home/aksel/Documents/GitHub/Mobile_robotter/ros2_ws/install/lidar_data/lib/python3.10/site-packages'
[0.466s] Level 1:colcon.colcon_core.environment:checking '/home/aksel/Documents/GitHub/Mobile_robotter/ros2_ws/install/lidar_data/bin'
[0.467s] INFO:colcon.colcon_core.shell:Creating package script '/home/aksel/Documents/GitHub/Mobile_robotter/ros2_ws/install/lidar_data/share/lidar_data/package.ps1'
[0.467s] INFO:colcon.colcon_core.shell:Creating package descriptor '/home/aksel/Documents/GitHub/Mobile_robotter/ros2_ws/install/lidar_data/share/lidar_data/package.dsv'
[0.467s] INFO:colcon.colcon_core.shell:Creating package script '/home/aksel/Documents/GitHub/Mobile_robotter/ros2_ws/install/lidar_data/share/lidar_data/package.sh'
[0.468s] INFO:colcon.colcon_core.shell:Creating package script '/home/aksel/Documents/GitHub/Mobile_robotter/ros2_ws/install/lidar_data/share/lidar_data/package.bash'
[0.469s] INFO:colcon.colcon_core.shell:Creating package script '/home/aksel/Documents/GitHub/Mobile_robotter/ros2_ws/install/lidar_data/share/lidar_data/package.zsh'
[0.469s] Level 1:colcon.colcon_core.environment:create_file_with_runtime_dependencies(/home/aksel/Documents/GitHub/Mobile_robotter/ros2_ws/install/lidar_data/share/colcon-core/packages/lidar_data)
[0.472s] Level 1:colcon.colcon_core.environment:create_environment_scripts_only(lidar_gui)
[0.472s] Level 1:colcon.colcon_core.environment:checking '/home/aksel/Documents/GitHub/Mobile_robotter/ros2_ws/install/lidar_gui' for CMake module files
[0.472s] Level 1:colcon.colcon_core.environment:checking '/home/aksel/Documents/GitHub/Mobile_robotter/ros2_ws/install/lidar_gui' for CMake config files
[0.472s] Level 1:colcon.colcon_core.shell:create_environment_hook('lidar_gui', 'cmake_prefix_path')
[0.472s] INFO:colcon.colcon_core.shell:Creating environment hook '/home/aksel/Documents/GitHub/Mobile_robotter/ros2_ws/install/lidar_gui/share/lidar_gui/hook/cmake_prefix_path.ps1'
[0.473s] INFO:colcon.colcon_core.shell:Creating environment descriptor '/home/aksel/Documents/GitHub/Mobile_robotter/ros2_ws/install/lidar_gui/share/lidar_gui/hook/cmake_prefix_path.dsv'
[0.473s] INFO:colcon.colcon_core.shell:Creating environment hook '/home/aksel/Documents/GitHub/Mobile_robotter/ros2_ws/install/lidar_gui/share/lidar_gui/hook/cmake_prefix_path.sh'
[0.473s] Level 1:colcon.colcon_core.environment:checking '/home/aksel/Documents/GitHub/Mobile_robotter/ros2_ws/install/lidar_gui/lib'
[0.473s] Level 1:colcon.colcon_core.environment:checking '/home/aksel/Documents/GitHub/Mobile_robotter/ros2_ws/install/lidar_gui/bin'
[0.474s] Level 1:colcon.colcon_core.environment:checking '/home/aksel/Documents/GitHub/Mobile_robotter/ros2_ws/install/lidar_gui/lib/pkgconfig/lidar_gui.pc'
[0.474s] Level 1:colcon.colcon_core.environment:checking '/home/aksel/Documents/GitHub/Mobile_robotter/ros2_ws/install/lidar_gui/lib/python3.10/site-packages'
[0.474s] Level 1:colcon.colcon_core.environment:checking '/home/aksel/Documents/GitHub/Mobile_robotter/ros2_ws/install/lidar_gui/bin'
[0.474s] INFO:colcon.colcon_core.shell:Creating package script '/home/aksel/Documents/GitHub/Mobile_robotter/ros2_ws/install/lidar_gui/share/lidar_gui/package.ps1'
[0.475s] INFO:colcon.colcon_core.shell:Creating package descriptor '/home/aksel/Documents/GitHub/Mobile_robotter/ros2_ws/install/lidar_gui/share/lidar_gui/package.dsv'
[0.475s] INFO:colcon.colcon_core.shell:Creating package script '/home/aksel/Documents/GitHub/Mobile_robotter/ros2_ws/install/lidar_gui/share/lidar_gui/package.sh'
[0.475s] INFO:colcon.colcon_core.shell:Creating package script '/home/aksel/Documents/GitHub/Mobile_robotter/ros2_ws/install/lidar_gui/share/lidar_gui/package.bash'
[0.476s] INFO:colcon.colcon_core.shell:Creating package script '/home/aksel/Documents/GitHub/Mobile_robotter/ros2_ws/install/lidar_gui/share/lidar_gui/package.zsh'
[0.476s] Level 1:colcon.colcon_core.environment:create_file_with_runtime_dependencies(/home/aksel/Documents/GitHub/Mobile_robotter/ros2_ws/install/lidar_gui/share/colcon-core/packages/lidar_gui)
[2.645s] DEBUG:colcon.colcon_core.event_handler.log_command:Invoked command in '/home/aksel/Documents/GitHub/Mobile_robotter/ros2_ws/build/dtmf_to_cmd_vel' returned '2': CMAKE_PREFIX_PATH=${CMAKE_PREFIX_PATH}:/home/aksel/turtlebot3_ws/install/turtlebot3_teleop:/home/aksel/turtlebot3_ws/install/turtlebot3_example:/opt/ros/humble /usr/bin/cmake --build /home/aksel/Documents/GitHub/Mobile_robotter/ros2_ws/build/dtmf_to_cmd_vel -- -j16 -l16
[2.677s] Level 1:colcon.colcon_core.environment:create_environment_scripts_only(dtmf_to_cmd_vel)
[2.677s] Level 1:colcon.colcon_core.environment:checking '/home/aksel/Documents/GitHub/Mobile_robotter/ros2_ws/install/dtmf_to_cmd_vel' for CMake module files
[2.677s] Level 1:colcon.colcon_core.environment:checking '/home/aksel/Documents/GitHub/Mobile_robotter/ros2_ws/install/dtmf_to_cmd_vel' for CMake config files
[2.677s] Level 1:colcon.colcon_core.environment:checking '/home/aksel/Documents/GitHub/Mobile_robotter/ros2_ws/install/dtmf_to_cmd_vel/bin'
[2.678s] Level 1:colcon.colcon_core.environment:checking '/home/aksel/Documents/GitHub/Mobile_robotter/ros2_ws/install/dtmf_to_cmd_vel/lib/pkgconfig/dtmf_to_cmd_vel.pc'
[2.678s] Level 1:colcon.colcon_core.environment:checking '/home/aksel/Documents/GitHub/Mobile_robotter/ros2_ws/install/dtmf_to_cmd_vel/lib/python3.10/site-packages'
[2.678s] Level 1:colcon.colcon_core.environment:checking '/home/aksel/Documents/GitHub/Mobile_robotter/ros2_ws/install/dtmf_to_cmd_vel/bin'
[2.678s] INFO:colcon.colcon_core.shell:Creating package script '/home/aksel/Documents/GitHub/Mobile_robotter/ros2_ws/install/dtmf_to_cmd_vel/share/dtmf_to_cmd_vel/package.ps1'
[2.678s] INFO:colcon.colcon_core.shell:Creating package descriptor '/home/aksel/Documents/GitHub/Mobile_robotter/ros2_ws/install/dtmf_to_cmd_vel/share/dtmf_to_cmd_vel/package.dsv'
[2.679s] INFO:colcon.colcon_core.shell:Creating package script '/home/aksel/Documents/GitHub/Mobile_robotter/ros2_ws/install/dtmf_to_cmd_vel/share/dtmf_to_cmd_vel/package.sh'
[2.679s] INFO:colcon.colcon_core.shell:Creating package script '/home/aksel/Documents/GitHub/Mobile_robotter/ros2_ws/install/dtmf_to_cmd_vel/share/dtmf_to_cmd_vel/package.bash'
[2.679s] INFO:colcon.colcon_core.shell:Creating package script '/home/aksel/Documents/GitHub/Mobile_robotter/ros2_ws/install/dtmf_to_cmd_vel/share/dtmf_to_cmd_vel/package.zsh'
[2.680s] Level 1:colcon.colcon_core.environment:create_file_with_runtime_dependencies(/home/aksel/Documents/GitHub/Mobile_robotter/ros2_ws/install/dtmf_to_cmd_vel/share/colcon-core/packages/dtmf_to_cmd_vel)
[2.680s] DEBUG:colcon.colcon_parallel_executor.executor.parallel:closing loop
[2.680s] DEBUG:colcon.colcon_parallel_executor.executor.parallel:loop closed
[2.680s] DEBUG:colcon.colcon_parallel_executor.executor.parallel:run_until_complete finished with '2'
[2.680s] DEBUG:colcon.colcon_core.event_reactor:joining thread
[2.685s] INFO:colcon.colcon_core.plugin_system:Skipping extension 'colcon_notification.desktop_notification.terminal_notifier': Not used on non-Darwin systems
[2.685s] INFO:colcon.colcon_core.plugin_system:Skipping extension 'colcon_notification.desktop_notification.win32': Not used on non-Windows systems
[2.685s] INFO:colcon.colcon_notification.desktop_notification:Sending desktop notification using 'notify2'
[2.696s] DEBUG:colcon.colcon_core.event_reactor:joined thread
[2.696s] INFO:colcon.colcon_core.shell:Creating prefix script '/home/aksel/Documents/GitHub/Mobile_robotter/ros2_ws/install/local_setup.ps1'
[2.697s] INFO:colcon.colcon_core.shell:Creating prefix util module '/home/aksel/Documents/GitHub/Mobile_robotter/ros2_ws/install/_local_setup_util_ps1.py'
[2.698s] INFO:colcon.colcon_core.shell:Creating prefix chain script '/home/aksel/Documents/GitHub/Mobile_robotter/ros2_ws/install/setup.ps1'
[2.700s] INFO:colcon.colcon_core.shell:Creating prefix script '/home/aksel/Documents/GitHub/Mobile_robotter/ros2_ws/install/local_setup.sh'
[2.700s] INFO:colcon.colcon_core.shell:Creating prefix util module '/home/aksel/Documents/GitHub/Mobile_robotter/ros2_ws/install/_local_setup_util_sh.py'
[2.701s] INFO:colcon.colcon_core.shell:Creating prefix chain script '/home/aksel/Documents/GitHub/Mobile_robotter/ros2_ws/install/setup.sh'
[2.702s] INFO:colcon.colcon_core.shell:Creating prefix script '/home/aksel/Documents/GitHub/Mobile_robotter/ros2_ws/install/local_setup.bash'
[2.702s] INFO:colcon.colcon_core.shell:Creating prefix chain script '/home/aksel/Documents/GitHub/Mobile_robotter/ros2_ws/install/setup.bash'
[2.703s] INFO:colcon.colcon_core.shell:Creating prefix script '/home/aksel/Documents/GitHub/Mobile_robotter/ros2_ws/install/local_setup.zsh'
[2.704s] INFO:colcon.colcon_core.shell:Creating prefix chain script '/home/aksel/Documents/GitHub/Mobile_robotter/ros2_ws/install/setup.zsh'
