[0.203s] DEBUG:colcon:Command line arguments: ['/usr/bin/colcon', 'build']
[0.203s] DEBUG:colcon:Parsed command line arguments: Namespace(log_base=None, log_level=None, verb_name='build', build_base='build', install_base='install', merge_install=False, symlink_install=False, test_result_base=None, continue_on_error=False, executor='parallel', parallel_workers=16, event_handlers=None, ignore_user_meta=False, metas=['./colcon.meta'], base_paths=['.'], packages_ignore=None, packages_ignore_regex=None, paths=None, packages_up_to=None, packages_up_to_regex=None, packages_above=None, packages_above_and_dependencies=None, packages_above_depth=None, packages_select_by_dep=None, packages_skip_by_dep=None, packages_skip_up_to=None, packages_select_build_failed=False, packages_skip_build_finished=False, packages_select_test_failures=False, packages_skip_test_passed=False, packages_select=None, packages_skip=None, packages_select_regex=None, packages_skip_regex=None, packages_start=None, packages_end=None, allow_overriding=[], cmake_args=None, cmake_target=None, cmake_target_skip_unavailable=False, cmake_clean_cache=False, cmake_clean_first=False, cmake_force_configure=False, ament_cmake_args=None, catkin_cmake_args=None, catkin_skip_building_tests=False, verb_parser=<colcon_defaults.argument_parser.defaults.DefaultArgumentsDecorator object at 0x7c81e61456f0>, verb_extension=<colcon_core.verb.build.BuildVerb object at 0x7c81e61448b0>, main=<bound method BuildVerb.main of <colcon_core.verb.build.BuildVerb object at 0x7c81e61448b0>>)
[0.419s] Level 1:colcon.colcon_core.package_discovery:discover_packages(colcon_meta) check parameters
[0.419s] Level 1:colcon.colcon_core.package_discovery:discover_packages(recursive) check parameters
[0.419s] Level 1:colcon.colcon_core.package_discovery:discover_packages(ignore) check parameters
[0.419s] Level 1:colcon.colcon_core.package_discovery:discover_packages(path) check parameters
[0.419s] Level 1:colcon.colcon_core.package_discovery:discover_packages(colcon_meta) discover
[0.419s] Level 1:colcon.colcon_core.package_discovery:discover_packages(recursive) discover
[0.419s] INFO:colcon.colcon_core.package_discovery:Crawling recursively for packages in '/home/aksel/Documents/GitHub/Mobile_robotter/ros2_ws'
[0.419s] Level 1:colcon.colcon_core.package_identification:_identify(.) by extensions ['ignore', 'ignore_ament_install']
[0.419s] Level 1:colcon.colcon_core.package_identification:_identify(.) by extension 'ignore'
[0.419s] Level 1:colcon.colcon_core.package_identification:_identify(.) by extension 'ignore_ament_install'
[0.419s] Level 1:colcon.colcon_core.package_identification:_identify(.) by extensions ['colcon_pkg']
[0.419s] Level 1:colcon.colcon_core.package_identification:_identify(.) by extension 'colcon_pkg'
[0.420s] Level 1:colcon.colcon_core.package_identification:_identify(.) by extensions ['colcon_meta']
[0.420s] Level 1:colcon.colcon_core.package_identification:_identify(.) by extension 'colcon_meta'
[0.420s] Level 1:colcon.colcon_core.package_identification:_identify(.) by extensions ['ros']
[0.420s] Level 1:colcon.colcon_core.package_identification:_identify(.) by extension 'ros'
[0.429s] Level 1:colcon.colcon_core.package_identification:_identify(.) by extensions ['cmake', 'python']
[0.429s] Level 1:colcon.colcon_core.package_identification:_identify(.) by extension 'cmake'
[0.429s] Level 1:colcon.colcon_core.package_identification:_identify(.) by extension 'python'
[0.429s] Level 1:colcon.colcon_core.package_identification:_identify(.) by extensions ['python_setup_py']
[0.429s] Level 1:colcon.colcon_core.package_identification:_identify(.) by extension 'python_setup_py'
[0.429s] Level 1:colcon.colcon_core.package_identification:_identify(build) by extensions ['ignore', 'ignore_ament_install']
[0.429s] Level 1:colcon.colcon_core.package_identification:_identify(build) by extension 'ignore'
[0.429s] Level 1:colcon.colcon_core.package_identification:_identify(build) ignored
[0.429s] Level 1:colcon.colcon_core.package_identification:_identify(install) by extensions ['ignore', 'ignore_ament_install']
[0.429s] Level 1:colcon.colcon_core.package_identification:_identify(install) by extension 'ignore'
[0.429s] Level 1:colcon.colcon_core.package_identification:_identify(install) ignored
[0.429s] Level 1:colcon.colcon_core.package_identification:_identify(log) by extensions ['ignore', 'ignore_ament_install']
[0.429s] Level 1:colcon.colcon_core.package_identification:_identify(log) by extension 'ignore'
[0.430s] Level 1:colcon.colcon_core.package_identification:_identify(log) ignored
[0.430s] Level 1:colcon.colcon_core.package_identification:_identify(src) by extensions ['ignore', 'ignore_ament_install']
[0.430s] Level 1:colcon.colcon_core.package_identification:_identify(src) by extension 'ignore'
[0.430s] Level 1:colcon.colcon_core.package_identification:_identify(src) by extension 'ignore_ament_install'
[0.430s] Level 1:colcon.colcon_core.package_identification:_identify(src) by extensions ['colcon_pkg']
[0.430s] Level 1:colcon.colcon_core.package_identification:_identify(src) by extension 'colcon_pkg'
[0.430s] Level 1:colcon.colcon_core.package_identification:_identify(src) by extensions ['colcon_meta']
[0.430s] Level 1:colcon.colcon_core.package_identification:_identify(src) by extension 'colcon_meta'
[0.430s] Level 1:colcon.colcon_core.package_identification:_identify(src) by extensions ['ros']
[0.430s] Level 1:colcon.colcon_core.package_identification:_identify(src) by extension 'ros'
[0.430s] Level 1:colcon.colcon_core.package_identification:_identify(src) by extensions ['cmake', 'python']
[0.430s] Level 1:colcon.colcon_core.package_identification:_identify(src) by extension 'cmake'
[0.430s] Level 1:colcon.colcon_core.package_identification:_identify(src) by extension 'python'
[0.430s] Level 1:colcon.colcon_core.package_identification:_identify(src) by extensions ['python_setup_py']
[0.430s] Level 1:colcon.colcon_core.package_identification:_identify(src) by extension 'python_setup_py'
[0.430s] Level 1:colcon.colcon_core.package_identification:_identify(src/controller_input) by extensions ['ignore', 'ignore_ament_install']
[0.430s] Level 1:colcon.colcon_core.package_identification:_identify(src/controller_input) by extension 'ignore'
[0.430s] Level 1:colcon.colcon_core.package_identification:_identify(src/controller_input) by extension 'ignore_ament_install'
[0.430s] Level 1:colcon.colcon_core.package_identification:_identify(src/controller_input) by extensions ['colcon_pkg']
[0.430s] Level 1:colcon.colcon_core.package_identification:_identify(src/controller_input) by extension 'colcon_pkg'
[0.430s] Level 1:colcon.colcon_core.package_identification:_identify(src/controller_input) by extensions ['colcon_meta']
[0.430s] Level 1:colcon.colcon_core.package_identification:_identify(src/controller_input) by extension 'colcon_meta'
[0.430s] Level 1:colcon.colcon_core.package_identification:_identify(src/controller_input) by extensions ['ros']
[0.430s] Level 1:colcon.colcon_core.package_identification:_identify(src/controller_input) by extension 'ros'
[0.433s] DEBUG:colcon.colcon_core.package_identification:Package 'src/controller_input' with type 'ros.ament_cmake' and name 'controller_input'
[0.433s] Level 1:colcon.colcon_core.package_identification:_identify(src/dtmf_to_cmd_vel) by extensions ['ignore', 'ignore_ament_install']
[0.433s] Level 1:colcon.colcon_core.package_identification:_identify(src/dtmf_to_cmd_vel) by extension 'ignore'
[0.433s] Level 1:colcon.colcon_core.package_identification:_identify(src/dtmf_to_cmd_vel) by extension 'ignore_ament_install'
[0.433s] Level 1:colcon.colcon_core.package_identification:_identify(src/dtmf_to_cmd_vel) by extensions ['colcon_pkg']
[0.433s] Level 1:colcon.colcon_core.package_identification:_identify(src/dtmf_to_cmd_vel) by extension 'colcon_pkg'
[0.433s] Level 1:colcon.colcon_core.package_identification:_identify(src/dtmf_to_cmd_vel) by extensions ['colcon_meta']
[0.433s] Level 1:colcon.colcon_core.package_identification:_identify(src/dtmf_to_cmd_vel) by extension 'colcon_meta'
[0.433s] Level 1:colcon.colcon_core.package_identification:_identify(src/dtmf_to_cmd_vel) by extensions ['ros']
[0.433s] Level 1:colcon.colcon_core.package_identification:_identify(src/dtmf_to_cmd_vel) by extension 'ros'
[0.434s] DEBUG:colcon.colcon_core.package_identification:Package 'src/dtmf_to_cmd_vel' with type 'ros.ament_cmake' and name 'dtmf_to_cmd_vel'
[0.434s] Level 1:colcon.colcon_core.package_identification:_identify(src/lidar_data) by extensions ['ignore', 'ignore_ament_install']
[0.434s] Level 1:colcon.colcon_core.package_identification:_identify(src/lidar_data) by extension 'ignore'
[0.434s] Level 1:colcon.colcon_core.package_identification:_identify(src/lidar_data) by extension 'ignore_ament_install'
[0.434s] Level 1:colcon.colcon_core.package_identification:_identify(src/lidar_data) by extensions ['colcon_pkg']
[0.434s] Level 1:colcon.colcon_core.package_identification:_identify(src/lidar_data) by extension 'colcon_pkg'
[0.434s] Level 1:colcon.colcon_core.package_identification:_identify(src/lidar_data) by extensions ['colcon_meta']
[0.434s] Level 1:colcon.colcon_core.package_identification:_identify(src/lidar_data) by extension 'colcon_meta'
[0.434s] Level 1:colcon.colcon_core.package_identification:_identify(src/lidar_data) by extensions ['ros']
[0.434s] Level 1:colcon.colcon_core.package_identification:_identify(src/lidar_data) by extension 'ros'
[0.436s] DEBUG:colcon.colcon_core.package_identification:Package 'src/lidar_data' with type 'ros.ament_cmake' and name 'lidar_data'
[0.436s] Level 1:colcon.colcon_core.package_identification:_identify(src/lidar_gui) by extensions ['ignore', 'ignore_ament_install']
[0.437s] Level 1:colcon.colcon_core.package_identification:_identify(src/lidar_gui) by extension 'ignore'
[0.437s] Level 1:colcon.colcon_core.package_identification:_identify(src/lidar_gui) by extension 'ignore_ament_install'
[0.437s] Level 1:colcon.colcon_core.package_identification:_identify(src/lidar_gui) by extensions ['colcon_pkg']
[0.437s] Level 1:colcon.colcon_core.package_identification:_identify(src/lidar_gui) by extension 'colcon_pkg'
[0.437s] Level 1:colcon.colcon_core.package_identification:_identify(src/lidar_gui) by extensions ['colcon_meta']
[0.437s] Level 1:colcon.colcon_core.package_identification:_identify(src/lidar_gui) by extension 'colcon_meta'
[0.437s] Level 1:colcon.colcon_core.package_identification:_identify(src/lidar_gui) by extensions ['ros']
[0.437s] Level 1:colcon.colcon_core.package_identification:_identify(src/lidar_gui) by extension 'ros'
[0.438s] DEBUG:colcon.colcon_core.package_identification:Package 'src/lidar_gui' with type 'ros.ament_cmake' and name 'lidar_gui'
[0.439s] Level 1:colcon.colcon_core.package_discovery:discover_packages(recursive) using defaults
[0.439s] Level 1:colcon.colcon_core.package_discovery:discover_packages(ignore) discover
[0.439s] Level 1:colcon.colcon_core.package_discovery:discover_packages(ignore) using defaults
[0.439s] Level 1:colcon.colcon_core.package_discovery:discover_packages(path) discover
[0.439s] Level 1:colcon.colcon_core.package_discovery:discover_packages(path) using defaults
[0.472s] Level 1:colcon.colcon_core.package_discovery:discover_packages(prefix_path) check parameters
[0.472s] Level 1:colcon.colcon_core.package_discovery:discover_packages(prefix_path) discover
[0.476s] DEBUG:colcon.colcon_installed_package_information.package_discovery:Found 4 installed packages in /home/aksel/Documents/GitHub/Mobile_robotter/ros2_ws/install
[0.476s] DEBUG:colcon.colcon_installed_package_information.package_discovery:Found 15 installed packages in /home/aksel/turtlebot3_ws/install
[0.478s] DEBUG:colcon.colcon_installed_package_information.package_discovery:Found 374 installed packages in /opt/ros/humble
[0.479s] Level 1:colcon.colcon_core.package_discovery:discover_packages(prefix_path) using defaults
[0.529s] Level 5:colcon.colcon_core.verb:set package 'controller_input' build argument 'cmake_args' from command line to 'None'
[0.529s] Level 5:colcon.colcon_core.verb:set package 'controller_input' build argument 'cmake_target' from command line to 'None'
[0.529s] Level 5:colcon.colcon_core.verb:set package 'controller_input' build argument 'cmake_target_skip_unavailable' from command line to 'False'
[0.529s] Level 5:colcon.colcon_core.verb:set package 'controller_input' build argument 'cmake_clean_cache' from command line to 'False'
[0.529s] Level 5:colcon.colcon_core.verb:set package 'controller_input' build argument 'cmake_clean_first' from command line to 'False'
[0.529s] Level 5:colcon.colcon_core.verb:set package 'controller_input' build argument 'cmake_force_configure' from command line to 'False'
[0.529s] Level 5:colcon.colcon_core.verb:set package 'controller_input' build argument 'ament_cmake_args' from command line to 'None'
[0.529s] Level 5:colcon.colcon_core.verb:set package 'controller_input' build argument 'catkin_cmake_args' from command line to 'None'
[0.529s] Level 5:colcon.colcon_core.verb:set package 'controller_input' build argument 'catkin_skip_building_tests' from command line to 'False'
[0.529s] DEBUG:colcon.colcon_core.verb:Building package 'controller_input' with the following arguments: {'ament_cmake_args': None, 'build_base': '/home/aksel/Documents/GitHub/Mobile_robotter/ros2_ws/build/controller_input', 'catkin_cmake_args': None, 'catkin_skip_building_tests': False, 'cmake_args': None, 'cmake_clean_cache': False, 'cmake_clean_first': False, 'cmake_force_configure': False, 'cmake_target': None, 'cmake_target_skip_unavailable': False, 'install_base': '/home/aksel/Documents/GitHub/Mobile_robotter/ros2_ws/install/controller_input', 'merge_install': False, 'path': '/home/aksel/Documents/GitHub/Mobile_robotter/ros2_ws/src/controller_input', 'symlink_install': False, 'test_result_base': None}
[0.529s] Level 5:colcon.colcon_core.verb:set package 'dtmf_to_cmd_vel' build argument 'cmake_args' from command line to 'None'
[0.529s] Level 5:colcon.colcon_core.verb:set package 'dtmf_to_cmd_vel' build argument 'cmake_target' from command line to 'None'
[0.529s] Level 5:colcon.colcon_core.verb:set package 'dtmf_to_cmd_vel' build argument 'cmake_target_skip_unavailable' from command line to 'False'
[0.529s] Level 5:colcon.colcon_core.verb:set package 'dtmf_to_cmd_vel' build argument 'cmake_clean_cache' from command line to 'False'
[0.529s] Level 5:colcon.colcon_core.verb:set package 'dtmf_to_cmd_vel' build argument 'cmake_clean_first' from command line to 'False'
[0.529s] Level 5:colcon.colcon_core.verb:set package 'dtmf_to_cmd_vel' build argument 'cmake_force_configure' from command line to 'False'
[0.529s] Level 5:colcon.colcon_core.verb:set package 'dtmf_to_cmd_vel' build argument 'ament_cmake_args' from command line to 'None'
[0.529s] Level 5:colcon.colcon_core.verb:set package 'dtmf_to_cmd_vel' build argument 'catkin_cmake_args' from command line to 'None'
[0.529s] Level 5:colcon.colcon_core.verb:set package 'dtmf_to_cmd_vel' build argument 'catkin_skip_building_tests' from command line to 'False'
[0.529s] DEBUG:colcon.colcon_core.verb:Building package 'dtmf_to_cmd_vel' with the following arguments: {'ament_cmake_args': None, 'build_base': '/home/aksel/Documents/GitHub/Mobile_robotter/ros2_ws/build/dtmf_to_cmd_vel', 'catkin_cmake_args': None, 'catkin_skip_building_tests': False, 'cmake_args': None, 'cmake_clean_cache': False, 'cmake_clean_first': False, 'cmake_force_configure': False, 'cmake_target': None, 'cmake_target_skip_unavailable': False, 'install_base': '/home/aksel/Documents/GitHub/Mobile_robotter/ros2_ws/install/dtmf_to_cmd_vel', 'merge_install': False, 'path': '/home/aksel/Documents/GitHub/Mobile_robotter/ros2_ws/src/dtmf_to_cmd_vel', 'symlink_install': False, 'test_result_base': None}
[0.530s] Level 5:colcon.colcon_core.verb:set package 'lidar_data' build argument 'cmake_args' from command line to 'None'
[0.530s] Level 5:colcon.colcon_core.verb:set package 'lidar_data' build argument 'cmake_target' from command line to 'None'
[0.530s] Level 5:colcon.colcon_core.verb:set package 'lidar_data' build argument 'cmake_target_skip_unavailable' from command line to 'False'
[0.530s] Level 5:colcon.colcon_core.verb:set package 'lidar_data' build argument 'cmake_clean_cache' from command line to 'False'
[0.530s] Level 5:colcon.colcon_core.verb:set package 'lidar_data' build argument 'cmake_clean_first' from command line to 'False'
[0.530s] Level 5:colcon.colcon_core.verb:set package 'lidar_data' build argument 'cmake_force_configure' from command line to 'False'
[0.530s] Level 5:colcon.colcon_core.verb:set package 'lidar_data' build argument 'ament_cmake_args' from command line to 'None'
[0.530s] Level 5:colcon.colcon_core.verb:set package 'lidar_data' build argument 'catkin_cmake_args' from command line to 'None'
[0.530s] Level 5:colcon.colcon_core.verb:set package 'lidar_data' build argument 'catkin_skip_building_tests' from command line to 'False'
[0.530s] DEBUG:colcon.colcon_core.verb:Building package 'lidar_data' with the following arguments: {'ament_cmake_args': None, 'build_base': '/home/aksel/Documents/GitHub/Mobile_robotter/ros2_ws/build/lidar_data', 'catkin_cmake_args': None, 'catkin_skip_building_tests': False, 'cmake_args': None, 'cmake_clean_cache': False, 'cmake_clean_first': False, 'cmake_force_configure': False, 'cmake_target': None, 'cmake_target_skip_unavailable': False, 'install_base': '/home/aksel/Documents/GitHub/Mobile_robotter/ros2_ws/install/lidar_data', 'merge_install': False, 'path': '/home/aksel/Documents/GitHub/Mobile_robotter/ros2_ws/src/lidar_data', 'symlink_install': False, 'test_result_base': None}
[0.530s] Level 5:colcon.colcon_core.verb:set package 'lidar_gui' build argument 'cmake_args' from command line to 'None'
[0.530s] Level 5:colcon.colcon_core.verb:set package 'lidar_gui' build argument 'cmake_target' from command line to 'None'
[0.530s] Level 5:colcon.colcon_core.verb:set package 'lidar_gui' build argument 'cmake_target_skip_unavailable' from command line to 'False'
[0.530s] Level 5:colcon.colcon_core.verb:set package 'lidar_gui' build argument 'cmake_clean_cache' from command line to 'False'
[0.530s] Level 5:colcon.colcon_core.verb:set package 'lidar_gui' build argument 'cmake_clean_first' from command line to 'False'
[0.530s] Level 5:colcon.colcon_core.verb:set package 'lidar_gui' build argument 'cmake_force_configure' from command line to 'False'
[0.530s] Level 5:colcon.colcon_core.verb:set package 'lidar_gui' build argument 'ament_cmake_args' from command line to 'None'
[0.530s] Level 5:colcon.colcon_core.verb:set package 'lidar_gui' build argument 'catkin_cmake_args' from command line to 'None'
[0.530s] Level 5:colcon.colcon_core.verb:set package 'lidar_gui' build argument 'catkin_skip_building_tests' from command line to 'False'
[0.530s] DEBUG:colcon.colcon_core.verb:Building package 'lidar_gui' with the following arguments: {'ament_cmake_args': None, 'build_base': '/home/aksel/Documents/GitHub/Mobile_robotter/ros2_ws/build/lidar_gui', 'catkin_cmake_args': None, 'catkin_skip_building_tests': False, 'cmake_args': None, 'cmake_clean_cache': False, 'cmake_clean_first': False, 'cmake_force_configure': False, 'cmake_target': None, 'cmake_target_skip_unavailable': False, 'install_base': '/home/aksel/Documents/GitHub/Mobile_robotter/ros2_ws/install/lidar_gui', 'merge_install': False, 'path': '/home/aksel/Documents/GitHub/Mobile_robotter/ros2_ws/src/lidar_gui', 'symlink_install': False, 'test_result_base': None}
[0.530s] INFO:colcon.colcon_core.executor:Executing jobs using 'parallel' executor
[0.531s] DEBUG:colcon.colcon_parallel_executor.executor.parallel:run_until_complete
[0.531s] INFO:colcon.colcon_ros.task.ament_cmake.build:Building ROS package in '/home/aksel/Documents/GitHub/Mobile_robotter/ros2_ws/src/controller_input' with build type 'ament_cmake'
[0.531s] INFO:colcon.colcon_cmake.task.cmake.build:Building CMake package in '/home/aksel/Documents/GitHub/Mobile_robotter/ros2_ws/src/controller_input'
[0.535s] INFO:colcon.colcon_core.plugin_system:Skipping extension 'colcon_core.shell.bat': Not used on non-Windows systems
[0.535s] INFO:colcon.colcon_core.shell:Skip shell extension 'powershell' for command environment: Not usable outside of PowerShell
[0.535s] DEBUG:colcon.colcon_core.shell:Skip shell extension 'dsv' for command environment
[0.542s] INFO:colcon.colcon_ros.task.ament_cmake.build:Building ROS package in '/home/aksel/Documents/GitHub/Mobile_robotter/ros2_ws/src/dtmf_to_cmd_vel' with build type 'ament_cmake'
[0.542s] INFO:colcon.colcon_cmake.task.cmake.build:Building CMake package in '/home/aksel/Documents/GitHub/Mobile_robotter/ros2_ws/src/dtmf_to_cmd_vel'
[0.543s] INFO:colcon.colcon_core.shell:Skip shell extension 'powershell' for command environment: Not usable outside of PowerShell
[0.543s] DEBUG:colcon.colcon_core.shell:Skip shell extension 'dsv' for command environment
[0.547s] INFO:colcon.colcon_ros.task.ament_cmake.build:Building ROS package in '/home/aksel/Documents/GitHub/Mobile_robotter/ros2_ws/src/lidar_data' with build type 'ament_cmake'
[0.547s] INFO:colcon.colcon_cmake.task.cmake.build:Building CMake package in '/home/aksel/Documents/GitHub/Mobile_robotter/ros2_ws/src/lidar_data'
[0.547s] INFO:colcon.colcon_core.shell:Skip shell extension 'powershell' for command environment: Not usable outside of PowerShell
[0.547s] DEBUG:colcon.colcon_core.shell:Skip shell extension 'dsv' for command environment
[0.551s] INFO:colcon.colcon_ros.task.ament_cmake.build:Building ROS package in '/home/aksel/Documents/GitHub/Mobile_robotter/ros2_ws/src/lidar_gui' with build type 'ament_cmake'
[0.551s] INFO:colcon.colcon_cmake.task.cmake.build:Building CMake package in '/home/aksel/Documents/GitHub/Mobile_robotter/ros2_ws/src/lidar_gui'
[0.551s] INFO:colcon.colcon_core.shell:Skip shell extension 'powershell' for command environment: Not usable outside of PowerShell
[0.551s] DEBUG:colcon.colcon_core.shell:Skip shell extension 'dsv' for command environment
[0.559s] DEBUG:colcon.colcon_core.event_handler.log_command:Invoking command in '/home/aksel/Documents/GitHub/Mobile_robotter/ros2_ws/build/controller_input': CMAKE_PREFIX_PATH=${CMAKE_PREFIX_PATH}:/home/aksel/turtlebot3_ws/install/turtlebot3_teleop:/home/aksel/turtlebot3_ws/install/turtlebot3_example:/opt/ros/humble /usr/bin/cmake --build /home/aksel/Documents/GitHub/Mobile_robotter/ros2_ws/build/controller_input -- -j16 -l16
[0.564s] DEBUG:colcon.colcon_core.event_handler.log_command:Invoking command in '/home/aksel/Documents/GitHub/Mobile_robotter/ros2_ws/build/dtmf_to_cmd_vel': CMAKE_PREFIX_PATH=${CMAKE_PREFIX_PATH}:/home/aksel/turtlebot3_ws/install/turtlebot3_teleop:/home/aksel/turtlebot3_ws/install/turtlebot3_example:/opt/ros/humble /usr/bin/cmake --build /home/aksel/Documents/GitHub/Mobile_robotter/ros2_ws/build/dtmf_to_cmd_vel -- -j16 -l16
[0.567s] DEBUG:colcon.colcon_core.event_handler.log_command:Invoking command in '/home/aksel/Documents/GitHub/Mobile_robotter/ros2_ws/build/lidar_data': CMAKE_PREFIX_PATH=${CMAKE_PREFIX_PATH}:/home/aksel/turtlebot3_ws/install/turtlebot3_teleop:/home/aksel/turtlebot3_ws/install/turtlebot3_example:/opt/ros/humble /usr/bin/cmake --build /home/aksel/Documents/GitHub/Mobile_robotter/ros2_ws/build/lidar_data -- -j16 -l16
[0.572s] DEBUG:colcon.colcon_core.event_handler.log_command:Invoking command in '/home/aksel/Documents/GitHub/Mobile_robotter/ros2_ws/build/lidar_gui': CMAKE_PREFIX_PATH=${CMAKE_PREFIX_PATH}:/home/aksel/turtlebot3_ws/install/turtlebot3_teleop:/home/aksel/turtlebot3_ws/install/turtlebot3_example:/opt/ros/humble /usr/bin/cmake --build /home/aksel/Documents/GitHub/Mobile_robotter/ros2_ws/build/lidar_gui -- -j16 -l16
[0.673s] DEBUG:colcon.colcon_core.event_handler.log_command:Invoked command in '/home/aksel/Documents/GitHub/Mobile_robotter/ros2_ws/build/dtmf_to_cmd_vel' returned '0': CMAKE_PREFIX_PATH=${CMAKE_PREFIX_PATH}:/home/aksel/turtlebot3_ws/install/turtlebot3_teleop:/home/aksel/turtlebot3_ws/install/turtlebot3_example:/opt/ros/humble /usr/bin/cmake --build /home/aksel/Documents/GitHub/Mobile_robotter/ros2_ws/build/dtmf_to_cmd_vel -- -j16 -l16
[0.685s] DEBUG:colcon.colcon_core.event_handler.log_command:Invoking command in '/home/aksel/Documents/GitHub/Mobile_robotter/ros2_ws/build/dtmf_to_cmd_vel': CMAKE_PREFIX_PATH=${CMAKE_PREFIX_PATH}:/home/aksel/turtlebot3_ws/install/turtlebot3_teleop:/home/aksel/turtlebot3_ws/install/turtlebot3_example:/opt/ros/humble /usr/bin/cmake --install /home/aksel/Documents/GitHub/Mobile_robotter/ros2_ws/build/dtmf_to_cmd_vel
[0.686s] DEBUG:colcon.colcon_core.event_handler.log_command:Invoked command in '/home/aksel/Documents/GitHub/Mobile_robotter/ros2_ws/build/controller_input' returned '0': CMAKE_PREFIX_PATH=${CMAKE_PREFIX_PATH}:/home/aksel/turtlebot3_ws/install/turtlebot3_teleop:/home/aksel/turtlebot3_ws/install/turtlebot3_example:/opt/ros/humble /usr/bin/cmake --build /home/aksel/Documents/GitHub/Mobile_robotter/ros2_ws/build/controller_input -- -j16 -l16
[0.689s] DEBUG:colcon.colcon_core.event_handler.log_command:Invoking command in '/home/aksel/Documents/GitHub/Mobile_robotter/ros2_ws/build/controller_input': CMAKE_PREFIX_PATH=${CMAKE_PREFIX_PATH}:/home/aksel/turtlebot3_ws/install/turtlebot3_teleop:/home/aksel/turtlebot3_ws/install/turtlebot3_example:/opt/ros/humble /usr/bin/cmake --install /home/aksel/Documents/GitHub/Mobile_robotter/ros2_ws/build/controller_input
[0.689s] DEBUG:colcon.colcon_core.event_handler.log_command:Invoked command in '/home/aksel/Documents/GitHub/Mobile_robotter/ros2_ws/build/lidar_data' returned '0': CMAKE_PREFIX_PATH=${CMAKE_PREFIX_PATH}:/home/aksel/turtlebot3_ws/install/turtlebot3_teleop:/home/aksel/turtlebot3_ws/install/turtlebot3_example:/opt/ros/humble /usr/bin/cmake --build /home/aksel/Documents/GitHub/Mobile_robotter/ros2_ws/build/lidar_data -- -j16 -l16
[0.691s] DEBUG:colcon.colcon_core.event_handler.log_command:Invoking command in '/home/aksel/Documents/GitHub/Mobile_robotter/ros2_ws/build/lidar_data': CMAKE_PREFIX_PATH=${CMAKE_PREFIX_PATH}:/home/aksel/turtlebot3_ws/install/turtlebot3_teleop:/home/aksel/turtlebot3_ws/install/turtlebot3_example:/opt/ros/humble /usr/bin/cmake --install /home/aksel/Documents/GitHub/Mobile_robotter/ros2_ws/build/lidar_data
[0.699s] Level 1:colcon.colcon_core.environment:create_environment_scripts_only(dtmf_to_cmd_vel)
[0.700s] DEBUG:colcon.colcon_core.event_handler.log_command:Invoked command in '/home/aksel/Documents/GitHub/Mobile_robotter/ros2_ws/build/dtmf_to_cmd_vel' returned '0': CMAKE_PREFIX_PATH=${CMAKE_PREFIX_PATH}:/home/aksel/turtlebot3_ws/install/turtlebot3_teleop:/home/aksel/turtlebot3_ws/install/turtlebot3_example:/opt/ros/humble /usr/bin/cmake --install /home/aksel/Documents/GitHub/Mobile_robotter/ros2_ws/build/dtmf_to_cmd_vel
[0.705s] Level 1:colcon.colcon_core.environment:checking '/home/aksel/Documents/GitHub/Mobile_robotter/ros2_ws/install/dtmf_to_cmd_vel' for CMake module files
[0.706s] Level 1:colcon.colcon_core.environment:checking '/home/aksel/Documents/GitHub/Mobile_robotter/ros2_ws/install/dtmf_to_cmd_vel' for CMake config files
[0.706s] Level 1:colcon.colcon_core.shell:create_environment_hook('dtmf_to_cmd_vel', 'cmake_prefix_path')
[0.706s] INFO:colcon.colcon_core.shell:Creating environment hook '/home/aksel/Documents/GitHub/Mobile_robotter/ros2_ws/install/dtmf_to_cmd_vel/share/dtmf_to_cmd_vel/hook/cmake_prefix_path.ps1'
[0.707s] INFO:colcon.colcon_core.shell:Creating environment descriptor '/home/aksel/Documents/GitHub/Mobile_robotter/ros2_ws/install/dtmf_to_cmd_vel/share/dtmf_to_cmd_vel/hook/cmake_prefix_path.dsv'
[0.708s] INFO:colcon.colcon_core.shell:Creating environment hook '/home/aksel/Documents/GitHub/Mobile_robotter/ros2_ws/install/dtmf_to_cmd_vel/share/dtmf_to_cmd_vel/hook/cmake_prefix_path.sh'
[0.709s] Level 1:colcon.colcon_core.environment:checking '/home/aksel/Documents/GitHub/Mobile_robotter/ros2_ws/install/dtmf_to_cmd_vel/lib'
[0.709s] Level 1:colcon.colcon_core.environment:checking '/home/aksel/Documents/GitHub/Mobile_robotter/ros2_ws/install/dtmf_to_cmd_vel/bin'
[0.709s] Level 1:colcon.colcon_core.environment:checking '/home/aksel/Documents/GitHub/Mobile_robotter/ros2_ws/install/dtmf_to_cmd_vel/lib/pkgconfig/dtmf_to_cmd_vel.pc'
[0.709s] Level 1:colcon.colcon_core.environment:checking '/home/aksel/Documents/GitHub/Mobile_robotter/ros2_ws/install/dtmf_to_cmd_vel/lib/python3.10/site-packages'
[0.710s] Level 1:colcon.colcon_core.environment:checking '/home/aksel/Documents/GitHub/Mobile_robotter/ros2_ws/install/dtmf_to_cmd_vel/bin'
[0.710s] INFO:colcon.colcon_core.shell:Creating package script '/home/aksel/Documents/GitHub/Mobile_robotter/ros2_ws/install/dtmf_to_cmd_vel/share/dtmf_to_cmd_vel/package.ps1'
[0.710s] INFO:colcon.colcon_core.shell:Creating package descriptor '/home/aksel/Documents/GitHub/Mobile_robotter/ros2_ws/install/dtmf_to_cmd_vel/share/dtmf_to_cmd_vel/package.dsv'
[0.711s] INFO:colcon.colcon_core.shell:Creating package script '/home/aksel/Documents/GitHub/Mobile_robotter/ros2_ws/install/dtmf_to_cmd_vel/share/dtmf_to_cmd_vel/package.sh'
[0.712s] INFO:colcon.colcon_core.shell:Creating package script '/home/aksel/Documents/GitHub/Mobile_robotter/ros2_ws/install/dtmf_to_cmd_vel/share/dtmf_to_cmd_vel/package.bash'
[0.713s] INFO:colcon.colcon_core.shell:Creating package script '/home/aksel/Documents/GitHub/Mobile_robotter/ros2_ws/install/dtmf_to_cmd_vel/share/dtmf_to_cmd_vel/package.zsh'
[0.713s] Level 1:colcon.colcon_core.environment:create_file_with_runtime_dependencies(/home/aksel/Documents/GitHub/Mobile_robotter/ros2_ws/install/dtmf_to_cmd_vel/share/colcon-core/packages/dtmf_to_cmd_vel)
[0.714s] Level 1:colcon.colcon_core.environment:create_environment_scripts_only(dtmf_to_cmd_vel)
[0.714s] Level 1:colcon.colcon_core.environment:checking '/home/aksel/Documents/GitHub/Mobile_robotter/ros2_ws/install/dtmf_to_cmd_vel' for CMake module files
[0.714s] Level 1:colcon.colcon_core.environment:checking '/home/aksel/Documents/GitHub/Mobile_robotter/ros2_ws/install/dtmf_to_cmd_vel' for CMake config files
[0.715s] Level 1:colcon.colcon_core.shell:create_environment_hook('dtmf_to_cmd_vel', 'cmake_prefix_path')
[0.715s] INFO:colcon.colcon_core.shell:Creating environment hook '/home/aksel/Documents/GitHub/Mobile_robotter/ros2_ws/install/dtmf_to_cmd_vel/share/dtmf_to_cmd_vel/hook/cmake_prefix_path.ps1'
[0.715s] INFO:colcon.colcon_core.shell:Creating environment descriptor '/home/aksel/Documents/GitHub/Mobile_robotter/ros2_ws/install/dtmf_to_cmd_vel/share/dtmf_to_cmd_vel/hook/cmake_prefix_path.dsv'
[0.715s] INFO:colcon.colcon_core.shell:Creating environment hook '/home/aksel/Documents/GitHub/Mobile_robotter/ros2_ws/install/dtmf_to_cmd_vel/share/dtmf_to_cmd_vel/hook/cmake_prefix_path.sh'
[0.716s] Level 1:colcon.colcon_core.environment:checking '/home/aksel/Documents/GitHub/Mobile_robotter/ros2_ws/install/dtmf_to_cmd_vel/lib'
[0.716s] Level 1:colcon.colcon_core.environment:checking '/home/aksel/Documents/GitHub/Mobile_robotter/ros2_ws/install/dtmf_to_cmd_vel/bin'
[0.716s] Level 1:colcon.colcon_core.environment:checking '/home/aksel/Documents/GitHub/Mobile_robotter/ros2_ws/install/dtmf_to_cmd_vel/lib/pkgconfig/dtmf_to_cmd_vel.pc'
[0.716s] Level 1:colcon.colcon_core.environment:checking '/home/aksel/Documents/GitHub/Mobile_robotter/ros2_ws/install/dtmf_to_cmd_vel/lib/python3.10/site-packages'
[0.716s] Level 1:colcon.colcon_core.environment:checking '/home/aksel/Documents/GitHub/Mobile_robotter/ros2_ws/install/dtmf_to_cmd_vel/bin'
[0.716s] INFO:colcon.colcon_core.shell:Creating package script '/home/aksel/Documents/GitHub/Mobile_robotter/ros2_ws/install/dtmf_to_cmd_vel/share/dtmf_to_cmd_vel/package.ps1'
[0.717s] INFO:colcon.colcon_core.shell:Creating package descriptor '/home/aksel/Documents/GitHub/Mobile_robotter/ros2_ws/install/dtmf_to_cmd_vel/share/dtmf_to_cmd_vel/package.dsv'
[0.717s] INFO:colcon.colcon_core.shell:Creating package script '/home/aksel/Documents/GitHub/Mobile_robotter/ros2_ws/install/dtmf_to_cmd_vel/share/dtmf_to_cmd_vel/package.sh'
[0.717s] INFO:colcon.colcon_core.shell:Creating package script '/home/aksel/Documents/GitHub/Mobile_robotter/ros2_ws/install/dtmf_to_cmd_vel/share/dtmf_to_cmd_vel/package.bash'
[0.718s] INFO:colcon.colcon_core.shell:Creating package script '/home/aksel/Documents/GitHub/Mobile_robotter/ros2_ws/install/dtmf_to_cmd_vel/share/dtmf_to_cmd_vel/package.zsh'
[0.718s] Level 1:colcon.colcon_core.environment:create_file_with_runtime_dependencies(/home/aksel/Documents/GitHub/Mobile_robotter/ros2_ws/install/dtmf_to_cmd_vel/share/colcon-core/packages/dtmf_to_cmd_vel)
[0.719s] Level 1:colcon.colcon_core.environment:create_environment_scripts_only(controller_input)
[0.719s] Level 1:colcon.colcon_core.environment:checking '/home/aksel/Documents/GitHub/Mobile_robotter/ros2_ws/install/controller_input' for CMake module files
[0.720s] DEBUG:colcon.colcon_core.event_handler.log_command:Invoked command in '/home/aksel/Documents/GitHub/Mobile_robotter/ros2_ws/build/controller_input' returned '0': CMAKE_PREFIX_PATH=${CMAKE_PREFIX_PATH}:/home/aksel/turtlebot3_ws/install/turtlebot3_teleop:/home/aksel/turtlebot3_ws/install/turtlebot3_example:/opt/ros/humble /usr/bin/cmake --install /home/aksel/Documents/GitHub/Mobile_robotter/ros2_ws/build/controller_input
[0.720s] Level 1:colcon.colcon_core.environment:checking '/home/aksel/Documents/GitHub/Mobile_robotter/ros2_ws/install/controller_input' for CMake config files
[0.720s] Level 1:colcon.colcon_core.shell:create_environment_hook('controller_input', 'cmake_prefix_path')
[0.721s] INFO:colcon.colcon_core.shell:Creating environment hook '/home/aksel/Documents/GitHub/Mobile_robotter/ros2_ws/install/controller_input/share/controller_input/hook/cmake_prefix_path.ps1'
[0.721s] INFO:colcon.colcon_core.shell:Creating environment descriptor '/home/aksel/Documents/GitHub/Mobile_robotter/ros2_ws/install/controller_input/share/controller_input/hook/cmake_prefix_path.dsv'
[0.721s] INFO:colcon.colcon_core.shell:Creating environment hook '/home/aksel/Documents/GitHub/Mobile_robotter/ros2_ws/install/controller_input/share/controller_input/hook/cmake_prefix_path.sh'
[0.722s] Level 1:colcon.colcon_core.environment:checking '/home/aksel/Documents/GitHub/Mobile_robotter/ros2_ws/install/controller_input/lib'
[0.722s] Level 1:colcon.colcon_core.environment:checking '/home/aksel/Documents/GitHub/Mobile_robotter/ros2_ws/install/controller_input/bin'
[0.722s] Level 1:colcon.colcon_core.environment:checking '/home/aksel/Documents/GitHub/Mobile_robotter/ros2_ws/install/controller_input/lib/pkgconfig/controller_input.pc'
[0.722s] Level 1:colcon.colcon_core.environment:checking '/home/aksel/Documents/GitHub/Mobile_robotter/ros2_ws/install/controller_input/lib/python3.10/site-packages'
[0.722s] Level 1:colcon.colcon_core.environment:checking '/home/aksel/Documents/GitHub/Mobile_robotter/ros2_ws/install/controller_input/bin'
[0.722s] INFO:colcon.colcon_core.shell:Creating package script '/home/aksel/Documents/GitHub/Mobile_robotter/ros2_ws/install/controller_input/share/controller_input/package.ps1'
[0.722s] INFO:colcon.colcon_core.shell:Creating package descriptor '/home/aksel/Documents/GitHub/Mobile_robotter/ros2_ws/install/controller_input/share/controller_input/package.dsv'
[0.723s] INFO:colcon.colcon_core.shell:Creating package script '/home/aksel/Documents/GitHub/Mobile_robotter/ros2_ws/install/controller_input/share/controller_input/package.sh'
[0.723s] INFO:colcon.colcon_core.shell:Creating package script '/home/aksel/Documents/GitHub/Mobile_robotter/ros2_ws/install/controller_input/share/controller_input/package.bash'
[0.723s] INFO:colcon.colcon_core.shell:Creating package script '/home/aksel/Documents/GitHub/Mobile_robotter/ros2_ws/install/controller_input/share/controller_input/package.zsh'
[0.724s] Level 1:colcon.colcon_core.environment:create_file_with_runtime_dependencies(/home/aksel/Documents/GitHub/Mobile_robotter/ros2_ws/install/controller_input/share/colcon-core/packages/controller_input)
[0.724s] Level 1:colcon.colcon_core.environment:create_environment_scripts_only(controller_input)
[0.724s] Level 1:colcon.colcon_core.environment:checking '/home/aksel/Documents/GitHub/Mobile_robotter/ros2_ws/install/controller_input' for CMake module files
[0.724s] Level 1:colcon.colcon_core.environment:checking '/home/aksel/Documents/GitHub/Mobile_robotter/ros2_ws/install/controller_input' for CMake config files
[0.725s] Level 1:colcon.colcon_core.shell:create_environment_hook('controller_input', 'cmake_prefix_path')
[0.725s] INFO:colcon.colcon_core.shell:Creating environment hook '/home/aksel/Documents/GitHub/Mobile_robotter/ros2_ws/install/controller_input/share/controller_input/hook/cmake_prefix_path.ps1'
[0.725s] INFO:colcon.colcon_core.shell:Creating environment descriptor '/home/aksel/Documents/GitHub/Mobile_robotter/ros2_ws/install/controller_input/share/controller_input/hook/cmake_prefix_path.dsv'
[0.725s] INFO:colcon.colcon_core.shell:Creating environment hook '/home/aksel/Documents/GitHub/Mobile_robotter/ros2_ws/install/controller_input/share/controller_input/hook/cmake_prefix_path.sh'
[0.726s] Level 1:colcon.colcon_core.environment:checking '/home/aksel/Documents/GitHub/Mobile_robotter/ros2_ws/install/controller_input/lib'
[0.726s] Level 1:colcon.colcon_core.environment:checking '/home/aksel/Documents/GitHub/Mobile_robotter/ros2_ws/install/controller_input/bin'
[0.726s] Level 1:colcon.colcon_core.environment:checking '/home/aksel/Documents/GitHub/Mobile_robotter/ros2_ws/install/controller_input/lib/pkgconfig/controller_input.pc'
[0.726s] Level 1:colcon.colcon_core.environment:checking '/home/aksel/Documents/GitHub/Mobile_robotter/ros2_ws/install/controller_input/lib/python3.10/site-packages'
[0.726s] Level 1:colcon.colcon_core.environment:checking '/home/aksel/Documents/GitHub/Mobile_robotter/ros2_ws/install/controller_input/bin'
[0.726s] INFO:colcon.colcon_core.shell:Creating package script '/home/aksel/Documents/GitHub/Mobile_robotter/ros2_ws/install/controller_input/share/controller_input/package.ps1'
[0.727s] INFO:colcon.colcon_core.shell:Creating package descriptor '/home/aksel/Documents/GitHub/Mobile_robotter/ros2_ws/install/controller_input/share/controller_input/package.dsv'
[0.727s] INFO:colcon.colcon_core.shell:Creating package script '/home/aksel/Documents/GitHub/Mobile_robotter/ros2_ws/install/controller_input/share/controller_input/package.sh'
[0.727s] INFO:colcon.colcon_core.shell:Creating package script '/home/aksel/Documents/GitHub/Mobile_robotter/ros2_ws/install/controller_input/share/controller_input/package.bash'
[0.728s] INFO:colcon.colcon_core.shell:Creating package script '/home/aksel/Documents/GitHub/Mobile_robotter/ros2_ws/install/controller_input/share/controller_input/package.zsh'
[0.728s] Level 1:colcon.colcon_core.environment:create_file_with_runtime_dependencies(/home/aksel/Documents/GitHub/Mobile_robotter/ros2_ws/install/controller_input/share/colcon-core/packages/controller_input)
[0.728s] Level 1:colcon.colcon_core.environment:create_environment_scripts_only(lidar_data)
[0.728s] Level 1:colcon.colcon_core.environment:checking '/home/aksel/Documents/GitHub/Mobile_robotter/ros2_ws/install/lidar_data' for CMake module files
[0.729s] DEBUG:colcon.colcon_core.event_handler.log_command:Invoked command in '/home/aksel/Documents/GitHub/Mobile_robotter/ros2_ws/build/lidar_data' returned '0': CMAKE_PREFIX_PATH=${CMAKE_PREFIX_PATH}:/home/aksel/turtlebot3_ws/install/turtlebot3_teleop:/home/aksel/turtlebot3_ws/install/turtlebot3_example:/opt/ros/humble /usr/bin/cmake --install /home/aksel/Documents/GitHub/Mobile_robotter/ros2_ws/build/lidar_data
[0.729s] Level 1:colcon.colcon_core.environment:checking '/home/aksel/Documents/GitHub/Mobile_robotter/ros2_ws/install/lidar_data' for CMake config files
[0.730s] Level 1:colcon.colcon_core.shell:create_environment_hook('lidar_data', 'cmake_prefix_path')
[0.730s] INFO:colcon.colcon_core.shell:Creating environment hook '/home/aksel/Documents/GitHub/Mobile_robotter/ros2_ws/install/lidar_data/share/lidar_data/hook/cmake_prefix_path.ps1'
[0.730s] INFO:colcon.colcon_core.shell:Creating environment descriptor '/home/aksel/Documents/GitHub/Mobile_robotter/ros2_ws/install/lidar_data/share/lidar_data/hook/cmake_prefix_path.dsv'
[0.730s] INFO:colcon.colcon_core.shell:Creating environment hook '/home/aksel/Documents/GitHub/Mobile_robotter/ros2_ws/install/lidar_data/share/lidar_data/hook/cmake_prefix_path.sh'
[0.731s] Level 1:colcon.colcon_core.environment:checking '/home/aksel/Documents/GitHub/Mobile_robotter/ros2_ws/install/lidar_data/lib'
[0.731s] Level 1:colcon.colcon_core.environment:checking '/home/aksel/Documents/GitHub/Mobile_robotter/ros2_ws/install/lidar_data/bin'
[0.731s] Level 1:colcon.colcon_core.environment:checking '/home/aksel/Documents/GitHub/Mobile_robotter/ros2_ws/install/lidar_data/lib/pkgconfig/lidar_data.pc'
[0.731s] Level 1:colcon.colcon_core.environment:checking '/home/aksel/Documents/GitHub/Mobile_robotter/ros2_ws/install/lidar_data/lib/python3.10/site-packages'
[0.731s] Level 1:colcon.colcon_core.environment:checking '/home/aksel/Documents/GitHub/Mobile_robotter/ros2_ws/install/lidar_data/bin'
[0.731s] INFO:colcon.colcon_core.shell:Creating package script '/home/aksel/Documents/GitHub/Mobile_robotter/ros2_ws/install/lidar_data/share/lidar_data/package.ps1'
[0.732s] INFO:colcon.colcon_core.shell:Creating package descriptor '/home/aksel/Documents/GitHub/Mobile_robotter/ros2_ws/install/lidar_data/share/lidar_data/package.dsv'
[0.732s] INFO:colcon.colcon_core.shell:Creating package script '/home/aksel/Documents/GitHub/Mobile_robotter/ros2_ws/install/lidar_data/share/lidar_data/package.sh'
[0.732s] INFO:colcon.colcon_core.shell:Creating package script '/home/aksel/Documents/GitHub/Mobile_robotter/ros2_ws/install/lidar_data/share/lidar_data/package.bash'
[0.733s] INFO:colcon.colcon_core.shell:Creating package script '/home/aksel/Documents/GitHub/Mobile_robotter/ros2_ws/install/lidar_data/share/lidar_data/package.zsh'
[0.733s] Level 1:colcon.colcon_core.environment:create_file_with_runtime_dependencies(/home/aksel/Documents/GitHub/Mobile_robotter/ros2_ws/install/lidar_data/share/colcon-core/packages/lidar_data)
[0.734s] Level 1:colcon.colcon_core.environment:create_environment_scripts_only(lidar_data)
[0.734s] Level 1:colcon.colcon_core.environment:checking '/home/aksel/Documents/GitHub/Mobile_robotter/ros2_ws/install/lidar_data' for CMake module files
[0.734s] Level 1:colcon.colcon_core.environment:checking '/home/aksel/Documents/GitHub/Mobile_robotter/ros2_ws/install/lidar_data' for CMake config files
[0.734s] Level 1:colcon.colcon_core.shell:create_environment_hook('lidar_data', 'cmake_prefix_path')
[0.734s] INFO:colcon.colcon_core.shell:Creating environment hook '/home/aksel/Documents/GitHub/Mobile_robotter/ros2_ws/install/lidar_data/share/lidar_data/hook/cmake_prefix_path.ps1'
[0.735s] INFO:colcon.colcon_core.shell:Creating environment descriptor '/home/aksel/Documents/GitHub/Mobile_robotter/ros2_ws/install/lidar_data/share/lidar_data/hook/cmake_prefix_path.dsv'
[0.735s] INFO:colcon.colcon_core.shell:Creating environment hook '/home/aksel/Documents/GitHub/Mobile_robotter/ros2_ws/install/lidar_data/share/lidar_data/hook/cmake_prefix_path.sh'
[0.735s] Level 1:colcon.colcon_core.environment:checking '/home/aksel/Documents/GitHub/Mobile_robotter/ros2_ws/install/lidar_data/lib'
[0.735s] Level 1:colcon.colcon_core.environment:checking '/home/aksel/Documents/GitHub/Mobile_robotter/ros2_ws/install/lidar_data/bin'
[0.735s] Level 1:colcon.colcon_core.environment:checking '/home/aksel/Documents/GitHub/Mobile_robotter/ros2_ws/install/lidar_data/lib/pkgconfig/lidar_data.pc'
[0.736s] Level 1:colcon.colcon_core.environment:checking '/home/aksel/Documents/GitHub/Mobile_robotter/ros2_ws/install/lidar_data/lib/python3.10/site-packages'
[0.736s] Level 1:colcon.colcon_core.environment:checking '/home/aksel/Documents/GitHub/Mobile_robotter/ros2_ws/install/lidar_data/bin'
[0.736s] INFO:colcon.colcon_core.shell:Creating package script '/home/aksel/Documents/GitHub/Mobile_robotter/ros2_ws/install/lidar_data/share/lidar_data/package.ps1'
[0.736s] INFO:colcon.colcon_core.shell:Creating package descriptor '/home/aksel/Documents/GitHub/Mobile_robotter/ros2_ws/install/lidar_data/share/lidar_data/package.dsv'
[0.737s] INFO:colcon.colcon_core.shell:Creating package script '/home/aksel/Documents/GitHub/Mobile_robotter/ros2_ws/install/lidar_data/share/lidar_data/package.sh'
[0.737s] INFO:colcon.colcon_core.shell:Creating package script '/home/aksel/Documents/GitHub/Mobile_robotter/ros2_ws/install/lidar_data/share/lidar_data/package.bash'
[0.737s] INFO:colcon.colcon_core.shell:Creating package script '/home/aksel/Documents/GitHub/Mobile_robotter/ros2_ws/install/lidar_data/share/lidar_data/package.zsh'
[0.738s] Level 1:colcon.colcon_core.environment:create_file_with_runtime_dependencies(/home/aksel/Documents/GitHub/Mobile_robotter/ros2_ws/install/lidar_data/share/colcon-core/packages/lidar_data)
[6.722s] DEBUG:colcon.colcon_core.event_handler.log_command:Invoked command in '/home/aksel/Documents/GitHub/Mobile_robotter/ros2_ws/build/lidar_gui' returned '2': CMAKE_PREFIX_PATH=${CMAKE_PREFIX_PATH}:/home/aksel/turtlebot3_ws/install/turtlebot3_teleop:/home/aksel/turtlebot3_ws/install/turtlebot3_example:/opt/ros/humble /usr/bin/cmake --build /home/aksel/Documents/GitHub/Mobile_robotter/ros2_ws/build/lidar_gui -- -j16 -l16
[6.723s] Level 1:colcon.colcon_core.environment:create_environment_scripts_only(lidar_gui)
[6.723s] Level 1:colcon.colcon_core.environment:checking '/home/aksel/Documents/GitHub/Mobile_robotter/ros2_ws/install/lidar_gui' for CMake module files
[6.724s] Level 1:colcon.colcon_core.environment:checking '/home/aksel/Documents/GitHub/Mobile_robotter/ros2_ws/install/lidar_gui' for CMake config files
[6.725s] Level 1:colcon.colcon_core.shell:create_environment_hook('lidar_gui', 'cmake_prefix_path')
[6.725s] INFO:colcon.colcon_core.shell:Creating environment hook '/home/aksel/Documents/GitHub/Mobile_robotter/ros2_ws/install/lidar_gui/share/lidar_gui/hook/cmake_prefix_path.ps1'
[6.725s] INFO:colcon.colcon_core.shell:Creating environment descriptor '/home/aksel/Documents/GitHub/Mobile_robotter/ros2_ws/install/lidar_gui/share/lidar_gui/hook/cmake_prefix_path.dsv'
[6.726s] INFO:colcon.colcon_core.shell:Creating environment hook '/home/aksel/Documents/GitHub/Mobile_robotter/ros2_ws/install/lidar_gui/share/lidar_gui/hook/cmake_prefix_path.sh'
[6.726s] Level 1:colcon.colcon_core.environment:checking '/home/aksel/Documents/GitHub/Mobile_robotter/ros2_ws/install/lidar_gui/lib'
[6.726s] Level 1:colcon.colcon_core.environment:checking '/home/aksel/Documents/GitHub/Mobile_robotter/ros2_ws/install/lidar_gui/bin'
[6.726s] Level 1:colcon.colcon_core.environment:checking '/home/aksel/Documents/GitHub/Mobile_robotter/ros2_ws/install/lidar_gui/lib/pkgconfig/lidar_gui.pc'
[6.726s] Level 1:colcon.colcon_core.environment:checking '/home/aksel/Documents/GitHub/Mobile_robotter/ros2_ws/install/lidar_gui/lib/python3.10/site-packages'
[6.726s] Level 1:colcon.colcon_core.environment:checking '/home/aksel/Documents/GitHub/Mobile_robotter/ros2_ws/install/lidar_gui/bin'
[6.727s] INFO:colcon.colcon_core.shell:Creating package script '/home/aksel/Documents/GitHub/Mobile_robotter/ros2_ws/install/lidar_gui/share/lidar_gui/package.ps1'
[6.727s] INFO:colcon.colcon_core.shell:Creating package descriptor '/home/aksel/Documents/GitHub/Mobile_robotter/ros2_ws/install/lidar_gui/share/lidar_gui/package.dsv'
[6.727s] INFO:colcon.colcon_core.shell:Creating package script '/home/aksel/Documents/GitHub/Mobile_robotter/ros2_ws/install/lidar_gui/share/lidar_gui/package.sh'
[6.728s] INFO:colcon.colcon_core.shell:Creating package script '/home/aksel/Documents/GitHub/Mobile_robotter/ros2_ws/install/lidar_gui/share/lidar_gui/package.bash'
[6.728s] INFO:colcon.colcon_core.shell:Creating package script '/home/aksel/Documents/GitHub/Mobile_robotter/ros2_ws/install/lidar_gui/share/lidar_gui/package.zsh'
[6.728s] Level 1:colcon.colcon_core.environment:create_file_with_runtime_dependencies(/home/aksel/Documents/GitHub/Mobile_robotter/ros2_ws/install/lidar_gui/share/colcon-core/packages/lidar_gui)
[6.739s] DEBUG:colcon.colcon_parallel_executor.executor.parallel:closing loop
[6.739s] DEBUG:colcon.colcon_parallel_executor.executor.parallel:loop closed
[6.739s] DEBUG:colcon.colcon_parallel_executor.executor.parallel:run_until_complete finished with '2'
[6.739s] DEBUG:colcon.colcon_core.event_reactor:joining thread
[6.745s] INFO:colcon.colcon_core.plugin_system:Skipping extension 'colcon_notification.desktop_notification.terminal_notifier': Not used on non-Darwin systems
[6.745s] INFO:colcon.colcon_core.plugin_system:Skipping extension 'colcon_notification.desktop_notification.win32': Not used on non-Windows systems
[6.745s] INFO:colcon.colcon_notification.desktop_notification:Sending desktop notification using 'notify2'
[6.761s] DEBUG:colcon.colcon_core.event_reactor:joined thread
[6.761s] INFO:colcon.colcon_core.shell:Creating prefix script '/home/aksel/Documents/GitHub/Mobile_robotter/ros2_ws/install/local_setup.ps1'
[6.763s] INFO:colcon.colcon_core.shell:Creating prefix util module '/home/aksel/Documents/GitHub/Mobile_robotter/ros2_ws/install/_local_setup_util_ps1.py'
[6.764s] INFO:colcon.colcon_core.shell:Creating prefix chain script '/home/aksel/Documents/GitHub/Mobile_robotter/ros2_ws/install/setup.ps1'
[6.767s] INFO:colcon.colcon_core.shell:Creating prefix script '/home/aksel/Documents/GitHub/Mobile_robotter/ros2_ws/install/local_setup.sh'
[6.767s] INFO:colcon.colcon_core.shell:Creating prefix util module '/home/aksel/Documents/GitHub/Mobile_robotter/ros2_ws/install/_local_setup_util_sh.py'
[6.768s] INFO:colcon.colcon_core.shell:Creating prefix chain script '/home/aksel/Documents/GitHub/Mobile_robotter/ros2_ws/install/setup.sh'
[6.769s] INFO:colcon.colcon_core.shell:Creating prefix script '/home/aksel/Documents/GitHub/Mobile_robotter/ros2_ws/install/local_setup.bash'
[6.770s] INFO:colcon.colcon_core.shell:Creating prefix chain script '/home/aksel/Documents/GitHub/Mobile_robotter/ros2_ws/install/setup.bash'
[6.772s] INFO:colcon.colcon_core.shell:Creating prefix script '/home/aksel/Documents/GitHub/Mobile_robotter/ros2_ws/install/local_setup.zsh'
[6.772s] INFO:colcon.colcon_core.shell:Creating prefix chain script '/home/aksel/Documents/GitHub/Mobile_robotter/ros2_ws/install/setup.zsh'
