In file included from [01m[K/home/aksel/Documents/GitHub/Mobile_robotter/ros2_ws/src/lidar_gui/src/GUIWindow.cpp:1[m[K:
[01m[K/home/aksel/Documents/GitHub/Mobile_robotter/ros2_ws/src/lidar_gui/include/GUIWindow.h:46:100:[m[K [01;31m[Kerror: [m[K‘[01m[Kvoid GUI::update(bool&, float, float, float, float, float)[m[K’ conflicts with a previous declaration
   46 |     void update(bool& update, float angle, float len, float robot_x, float robot_y, float robot_yaw[01;31m[K)[m[K;
      |                                                                                                    [01;31m[K^[m[K
[01m[K/home/aksel/Documents/GitHub/Mobile_robotter/ros2_ws/src/lidar_gui/include/GUIWindow.h:32:10:[m[K [01;36m[Knote: [m[Kprevious declaration ‘[01m[Kbool GUI::update[m[K’
   32 |     bool [01;36m[Kupdate[m[K = false;
      |          [01;36m[K^~~~~~[m[K
[01m[K/home/aksel/Documents/GitHub/Mobile_robotter/ros2_ws/src/lidar_gui/src/GUIWindow.cpp:136:6:[m[K [01;31m[Kerror: [m[Kno declaration matches ‘[01m[Kvoid GUI::update(bool&, float, float, float, float, float)[m[K’
  136 | void [01;31m[KGUI[m[K::update(bool& update, float angle, float len, float robot_x, float robot_y, float robot_yaw){
      |      [01;31m[K^~~[m[K
In file included from [01m[K/home/aksel/Documents/GitHub/Mobile_robotter/ros2_ws/src/lidar_gui/src/GUIWindow.cpp:1[m[K:
[01m[K/home/aksel/Documents/GitHub/Mobile_robotter/ros2_ws/src/lidar_gui/include/GUIWindow.h:32:10:[m[K [01;36m[Knote: [m[Kcandidate is: ‘[01m[Kbool GUI::update[m[K’
   32 |     bool [01;36m[Kupdate[m[K = false;
      |          [01;36m[K^~~~~~[m[K
[01m[K/home/aksel/Documents/GitHub/Mobile_robotter/ros2_ws/src/lidar_gui/include/GUIWindow.h:11:7:[m[K [01;36m[Knote: [m[K‘[01m[Kclass GUI[m[K’ defined here
   11 | class [01;36m[KGUI[m[K{
      |       [01;36m[K^~~[m[K
[01m[K/home/aksel/Documents/GitHub/Mobile_robotter/ros2_ws/src/lidar_gui/src/GUIWindow.cpp:[m[K In member function ‘[01m[Kint GUI::squareOccupy(int, int)[m[K’:
[01m[K/home/aksel/Documents/GitHub/Mobile_robotter/ros2_ws/src/lidar_gui/src/GUIWindow.cpp:70:1:[m[K [01;35m[Kwarning: [m[Kcontrol reaches end of non-void function [[01;35m[K]8;;https://gcc.gnu.org/onlinedocs/gcc/Warning-Options.html#index-Wreturn-type-Wreturn-type]8;;[m[K]
   70 | [01;35m[K}[m[K
      | [01;35m[K^[m[K
gmake[2]: *** [CMakeFiles/lidar_gui.dir/build.make:118: CMakeFiles/lidar_gui.dir/src/GUIWindow.cpp.o] Error 1
gmake[2]: *** Waiting for unfinished jobs....
In file included from [01m[K/home/aksel/Documents/GitHub/Mobile_robotter/ros2_ws/src/lidar_gui/include/lidarnode.h:8[m[K,
                 from [01m[K/home/aksel/Documents/GitHub/Mobile_robotter/ros2_ws/src/lidar_gui/src/lidarnode.cpp:1[m[K:
[01m[K/home/aksel/Documents/GitHub/Mobile_robotter/ros2_ws/src/lidar_gui/include/GUIWindow.h:46:100:[m[K [01;31m[Kerror: [m[K‘[01m[Kvoid GUI::update(bool&, float, float, float, float, float)[m[K’ conflicts with a previous declaration
   46 |     void update(bool& update, float angle, float len, float robot_x, float robot_y, float robot_yaw[01;31m[K)[m[K;
      |                                                                                                    [01;31m[K^[m[K
[01m[K/home/aksel/Documents/GitHub/Mobile_robotter/ros2_ws/src/lidar_gui/include/GUIWindow.h:32:10:[m[K [01;36m[Knote: [m[Kprevious declaration ‘[01m[Kbool GUI::update[m[K’
   32 |     bool [01;36m[Kupdate[m[K = false;
      |          [01;36m[K^~~~~~[m[K
In file included from [01m[K/home/aksel/Documents/GitHub/Mobile_robotter/ros2_ws/src/lidar_gui/include/lidarnode.h:8[m[K,
                 from [01m[K/home/aksel/Documents/GitHub/Mobile_robotter/ros2_ws/src/lidar_gui/src/main.cpp:5[m[K:
[01m[K/home/aksel/Documents/GitHub/Mobile_robotter/ros2_ws/src/lidar_gui/include/GUIWindow.h:46:100:[m[K [01;31m[Kerror: [m[K‘[01m[Kvoid GUI::update(bool&, float, float, float, float, float)[m[K’ conflicts with a previous declaration
   46 |     void update(bool& update, float angle, float len, float robot_x, float robot_y, float robot_yaw[01;31m[K)[m[K;
      |                                                                                                    [01;31m[K^[m[K
[01m[K/home/aksel/Documents/GitHub/Mobile_robotter/ros2_ws/src/lidar_gui/include/GUIWindow.h:32:10:[m[K [01;36m[Knote: [m[Kprevious declaration ‘[01m[Kbool GUI::update[m[K’
   32 |     bool [01;36m[Kupdate[m[K = false;
      |          [01;36m[K^~~~~~[m[K
[01m[K/home/aksel/Documents/GitHub/Mobile_robotter/ros2_ws/src/lidar_gui/src/lidarnode.cpp:[m[K In member function ‘[01m[Kvoid MappingNode::scanCallback(sensor_msgs::msg::LaserScan_<std::allocator<void> >::SharedPtr)[m[K’:
[01m[K/home/aksel/Documents/GitHub/Mobile_robotter/ros2_ws/src/lidar_gui/src/lidarnode.cpp:30:21:[m[K [01;31m[Kerror: [m[K‘[01m[Kbool GUI::update[m[K’ is private within this context
   30 |                 gui.[01;31m[Kupdate[m[K(update, _latest_angle, _latest_distance, _robot_x, _robot_y, _robot_yaw);
      |                     [01;31m[K^~~~~~[m[K
In file included from [01m[K/home/aksel/Documents/GitHub/Mobile_robotter/ros2_ws/src/lidar_gui/include/lidarnode.h:8[m[K,
                 from [01m[K/home/aksel/Documents/GitHub/Mobile_robotter/ros2_ws/src/lidar_gui/src/lidarnode.cpp:1[m[K:
[01m[K/home/aksel/Documents/GitHub/Mobile_robotter/ros2_ws/src/lidar_gui/include/GUIWindow.h:32:10:[m[K [01;36m[Knote: [m[Kdeclared private here
   32 |     bool [01;36m[Kupdate[m[K = false;
      |          [01;36m[K^~~~~~[m[K
[01m[K/home/aksel/Documents/GitHub/Mobile_robotter/ros2_ws/src/lidar_gui/src/lidarnode.cpp:30:28:[m[K [01;31m[Kerror: [m[K‘[01m[Kupdate[m[K’ was not declared in this scope
   30 |                 gui.update([01;31m[Kupdate[m[K, _latest_angle, _latest_distance, _robot_x, _robot_y, _robot_yaw);
      |                            [01;31m[K^~~~~~[m[K
[01m[K/home/aksel/Documents/GitHub/Mobile_robotter/ros2_ws/src/lidar_gui/src/lidarnode.cpp:30:27:[m[K [01;31m[Kerror: [m[Kexpression cannot be used as a function
   30 |                 [01;31m[Kgui.update(update, _latest_angle, _latest_distance, _robot_x, _robot_y, _robot_yaw)[m[K;
      |                 [01;31m[K~~~~~~~~~~^~~~~~~~~~~~~~~~~~~~~~~~~~~~~~~~~~~~~~~~~~~~~~~~~~~~~~~~~~~~~~~~~~~~~~~~~[m[K
[01m[K/home/aksel/Documents/GitHub/Mobile_robotter/ros2_ws/src/lidar_gui/src/lidarnode.cpp:22:11:[m[K [01;35m[Kwarning: [m[Kunused variable ‘[01m[Knoise_threshold[m[K’ [[01;35m[K]8;;https://gcc.gnu.org/onlinedocs/gcc/Warning-Options.html#index-Wunused-variable-Wunused-variable]8;;[m[K]
   22 |     float [01;35m[Knoise_threshold[m[K = 0.1;
      |           [01;35m[K^~~~~~~~~~~~~~~[m[K
[01m[K/home/aksel/Documents/GitHub/Mobile_robotter/ros2_ws/src/lidar_gui/src/lidarnode.cpp:[m[K In member function ‘[01m[Kvoid MappingNode::odomCallback(nav_msgs::msg::Odometry_<std::allocator<void> >::SharedPtr)[m[K’:
[01m[K/home/aksel/Documents/GitHub/Mobile_robotter/ros2_ws/src/lidar_gui/src/lidarnode.cpp:65:9:[m[K [01;31m[Kerror: [m[K‘[01m[Kbool GUI::update[m[K’ is private within this context
   65 |     gui.[01;31m[Kupdate[m[K(update, _latest_angle, _latest_distance, _robot_x, _robot_y, _robot_yaw);
      |         [01;31m[K^~~~~~[m[K
In file included from [01m[K/home/aksel/Documents/GitHub/Mobile_robotter/ros2_ws/src/lidar_gui/include/lidarnode.h:8[m[K,
                 from [01m[K/home/aksel/Documents/GitHub/Mobile_robotter/ros2_ws/src/lidar_gui/src/lidarnode.cpp:1[m[K:
[01m[K/home/aksel/Documents/GitHub/Mobile_robotter/ros2_ws/src/lidar_gui/include/GUIWindow.h:32:10:[m[K [01;36m[Knote: [m[Kdeclared private here
   32 |     bool [01;36m[Kupdate[m[K = false;
      |          [01;36m[K^~~~~~[m[K
[01m[K/home/aksel/Documents/GitHub/Mobile_robotter/ros2_ws/src/lidar_gui/src/lidarnode.cpp:65:16:[m[K [01;31m[Kerror: [m[K‘[01m[Kupdate[m[K’ was not declared in this scope
   65 |     gui.update([01;31m[Kupdate[m[K, _latest_angle, _latest_distance, _robot_x, _robot_y, _robot_yaw);
      |                [01;31m[K^~~~~~[m[K
[01m[K/home/aksel/Documents/GitHub/Mobile_robotter/ros2_ws/src/lidar_gui/src/lidarnode.cpp:65:15:[m[K [01;31m[Kerror: [m[Kexpression cannot be used as a function
   65 |     [01;31m[Kgui.update(update, _latest_angle, _latest_distance, _robot_x, _robot_y, _robot_yaw)[m[K;
      |     [01;31m[K~~~~~~~~~~^~~~~~~~~~~~~~~~~~~~~~~~~~~~~~~~~~~~~~~~~~~~~~~~~~~~~~~~~~~~~~~~~~~~~~~~~[m[K
[01m[K/home/aksel/Documents/GitHub/Mobile_robotter/ros2_ws/src/lidar_gui/src/lidarnode.cpp:[m[K At global scope:
[01m[K/home/aksel/Documents/GitHub/Mobile_robotter/ros2_ws/src/lidar_gui/src/lidarnode.cpp:68:6:[m[K [01;31m[Kerror: [m[Kno declaration matches ‘[01m[Kvoid MappingNode::updateGUI()[m[K’
   68 | void [01;31m[KMappingNode[m[K::updateGUI() {
      |      [01;31m[K^~~~~~~~~~~[m[K
[01m[K/home/aksel/Documents/GitHub/Mobile_robotter/ros2_ws/src/lidar_gui/src/lidarnode.cpp:68:6:[m[K [01;36m[Knote: [m[Kno functions named ‘[01m[Kvoid MappingNode::updateGUI()[m[K’
In file included from [01m[K/home/aksel/Documents/GitHub/Mobile_robotter/ros2_ws/src/lidar_gui/src/lidarnode.cpp:1[m[K:
[01m[K/home/aksel/Documents/GitHub/Mobile_robotter/ros2_ws/src/lidar_gui/include/lidarnode.h:11:7:[m[K [01;36m[Knote: [m[K‘[01m[Kclass MappingNode[m[K’ defined here
   11 | class [01;36m[KMappingNode[m[K : public rclcpp::Node {
      |       [01;36m[K^~~~~~~~~~~[m[K
[01m[K/home/aksel/Documents/GitHub/Mobile_robotter/ros2_ws/src/lidar_gui/src/main.cpp:[m[K In function ‘[01m[Kint main(int, char**)[m[K’:
[01m[K/home/aksel/Documents/GitHub/Mobile_robotter/ros2_ws/src/lidar_gui/src/main.cpp:19:15:[m[K [01;31m[Kerror: [m[K‘[01m[KGUI MappingNode::gui[m[K’ is private within this context
   19 |         node->[01;31m[Kgui[m[K.update(node->_latest_angle, node->_latest_distance, node->_robot_x, node->_robot_y, node->_robot_yaw);
      |               [01;31m[K^~~[m[K
In file included from [01m[K/home/aksel/Documents/GitHub/Mobile_robotter/ros2_ws/src/lidar_gui/src/main.cpp:5[m[K:
[01m[K/home/aksel/Documents/GitHub/Mobile_robotter/ros2_ws/src/lidar_gui/include/lidarnode.h:18:9:[m[K [01;36m[Knote: [m[Kdeclared private here
   18 |     GUI [01;36m[Kgui[m[K;
      |         [01;36m[K^~~[m[K
[01m[K/home/aksel/Documents/GitHub/Mobile_robotter/ros2_ws/src/lidar_gui/src/main.cpp:19:19:[m[K [01;31m[Kerror: [m[K‘[01m[Kbool GUI::update[m[K’ is private within this context
   19 |         node->gui.[01;31m[Kupdate[m[K(node->_latest_angle, node->_latest_distance, node->_robot_x, node->_robot_y, node->_robot_yaw);
      |                   [01;31m[K^~~~~~[m[K
In file included from [01m[K/home/aksel/Documents/GitHub/Mobile_robotter/ros2_ws/src/lidar_gui/include/lidarnode.h:8[m[K,
                 from [01m[K/home/aksel/Documents/GitHub/Mobile_robotter/ros2_ws/src/lidar_gui/src/main.cpp:5[m[K:
[01m[K/home/aksel/Documents/GitHub/Mobile_robotter/ros2_ws/src/lidar_gui/include/GUIWindow.h:32:10:[m[K [01;36m[Knote: [m[Kdeclared private here
   32 |     bool [01;36m[Kupdate[m[K = false;
      |          [01;36m[K^~~~~~[m[K
[01m[K/home/aksel/Documents/GitHub/Mobile_robotter/ros2_ws/src/lidar_gui/src/main.cpp:19:32:[m[K [01;31m[Kerror: [m[K‘[01m[Kfloat MappingNode::_latest_angle[m[K’ is private within this context
   19 |         node->gui.update(node->[01;31m[K_latest_angle[m[K, node->_latest_distance, node->_robot_x, node->_robot_y, node->_robot_yaw);
      |                                [01;31m[K^~~~~~~~~~~~~[m[K
In file included from [01m[K/home/aksel/Documents/GitHub/Mobile_robotter/ros2_ws/src/lidar_gui/src/main.cpp:5[m[K:
[01m[K/home/aksel/Documents/GitHub/Mobile_robotter/ros2_ws/src/lidar_gui/include/lidarnode.h:25:12:[m[K [01;36m[Knote: [m[Kdeclared private here
   25 |      float [01;36m[K_latest_angle[m[K = 0.0;
      |            [01;36m[K^~~~~~~~~~~~~[m[K
[01m[K/home/aksel/Documents/GitHub/Mobile_robotter/ros2_ws/src/lidar_gui/src/main.cpp:19:53:[m[K [01;31m[Kerror: [m[K‘[01m[Kfloat MappingNode::_latest_distance[m[K’ is private within this context
   19 |         node->gui.update(node->_latest_angle, node->[01;31m[K_latest_distance[m[K, node->_robot_x, node->_robot_y, node->_robot_yaw);
      |                                                     [01;31m[K^~~~~~~~~~~~~~~~[m[K
In file included from [01m[K/home/aksel/Documents/GitHub/Mobile_robotter/ros2_ws/src/lidar_gui/src/main.cpp:5[m[K:
[01m[K/home/aksel/Documents/GitHub/Mobile_robotter/ros2_ws/src/lidar_gui/include/lidarnode.h:26:11:[m[K [01;36m[Knote: [m[Kdeclared private here
   26 |     float [01;36m[K_latest_distance[m[K = 0.0;
      |           [01;36m[K^~~~~~~~~~~~~~~~[m[K
[01m[K/home/aksel/Documents/GitHub/Mobile_robotter/ros2_ws/src/lidar_gui/src/main.cpp:19:77:[m[K [01;31m[Kerror: [m[K‘[01m[Kdouble MappingNode::_robot_x[m[K’ is private within this context
   19 |         node->gui.update(node->_latest_angle, node->_latest_distance, node->[01;31m[K_robot_x[m[K, node->_robot_y, node->_robot_yaw);
      |                                                                             [01;31m[K^~~~~~~~[m[K
In file included from [01m[K/home/aksel/Documents/GitHub/Mobile_robotter/ros2_ws/src/lidar_gui/src/main.cpp:5[m[K:
[01m[K/home/aksel/Documents/GitHub/Mobile_robotter/ros2_ws/src/lidar_gui/include/lidarnode.h:16:12:[m[K [01;36m[Knote: [m[Kdeclared private here
   16 |     double [01;36m[K_robot_x[m[K = 0.0, _robot_y = 0.0, _robot_yaw = 0.0;
      |            [01;36m[K^~~~~~~~[m[K
[01m[K/home/aksel/Documents/GitHub/Mobile_robotter/ros2_ws/src/lidar_gui/src/main.cpp:19:93:[m[K [01;31m[Kerror: [m[K‘[01m[Kdouble MappingNode::_robot_y[m[K’ is private within this context
   19 |         node->gui.update(node->_latest_angle, node->_latest_distance, node->_robot_x, node->[01;31m[K_robot_y[m[K, node->_robot_yaw);
      |                                                                                             [01;31m[K^~~~~~~~[m[K
In file included from [01m[K/home/aksel/Documents/GitHub/Mobile_robotter/ros2_ws/src/lidar_gui/src/main.cpp:5[m[K:
[01m[K/home/aksel/Documents/GitHub/Mobile_robotter/ros2_ws/src/lidar_gui/include/lidarnode.h:16:28:[m[K [01;36m[Knote: [m[Kdeclared private here
   16 |     double _robot_x = 0.0, [01;36m[K_robot_y[m[K = 0.0, _robot_yaw = 0.0;
      |                            [01;36m[K^~~~~~~~[m[K
[01m[K/home/aksel/Documents/GitHub/Mobile_robotter/ros2_ws/src/lidar_gui/src/main.cpp:19:109:[m[K [01;31m[Kerror: [m[K‘[01m[Kdouble MappingNode::_robot_yaw[m[K’ is private within this context
   19 |         node->gui.update(node->_latest_angle, node->_latest_distance, node->_robot_x, node->_robot_y, node->[01;31m[K_robot_yaw[m[K);
      |                                                                                                             [01;31m[K^~~~~~~~~~[m[K
In file included from [01m[K/home/aksel/Documents/GitHub/Mobile_robotter/ros2_ws/src/lidar_gui/src/main.cpp:5[m[K:
[01m[K/home/aksel/Documents/GitHub/Mobile_robotter/ros2_ws/src/lidar_gui/include/lidarnode.h:16:44:[m[K [01;36m[Knote: [m[Kdeclared private here
   16 |     double _robot_x = 0.0, _robot_y = 0.0, [01;36m[K_robot_yaw[m[K = 0.0;
      |                                            [01;36m[K^~~~~~~~~~[m[K
[01m[K/home/aksel/Documents/GitHub/Mobile_robotter/ros2_ws/src/lidar_gui/src/main.cpp:19:25:[m[K [01;31m[Kerror: [m[Kexpression cannot be used as a function
   19 |         [01;31m[Knode->gui.update(node->_latest_angle, node->_latest_distance, node->_robot_x, node->_robot_y, node->_robot_yaw)[m[K;
      |         [01;31m[K~~~~~~~~~~~~~~~~^~~~~~~~~~~~~~~~~~~~~~~~~~~~~~~~~~~~~~~~~~~~~~~~~~~~~~~~~~~~~~~~~~~~~~~~~~~~~~~~~~~~~~~~~~~~~~~[m[K
gmake[2]: *** [CMakeFiles/lidar_gui.dir/build.make:76: CMakeFiles/lidar_gui.dir/src/main.cpp.o] Error 1
gmake[2]: *** [CMakeFiles/lidar_gui.dir/build.make:90: CMakeFiles/lidar_gui.dir/src/lidarnode.cpp.o] Error 1
gmake[1]: *** [CMakeFiles/Makefile2:137: CMakeFiles/lidar_gui.dir/all] Error 2
gmake: *** [Makefile:146: all] Error 2
