[0.023s] Invoking command in '/home/aksel/Documents/GitHub/Mobile_robotter/ros2_ws/build/controller_input': CMAKE_PREFIX_PATH=${CMAKE_PREFIX_PATH}:/home/aksel/turtlebot3_ws/install/turtlebot3_teleop:/home/aksel/turtlebot3_ws/install/turtlebot3_example:/opt/ros/humble /usr/bin/cmake --build /home/aksel/Documents/GitHub/Mobile_robotter/ros2_ws/build/controller_input -- -j16 -l16
[0.066s] [35m[1mConsolidate compiler generated dependencies of target controller_input[0m
[0.086s] [ 66%] [32mBuilding CXX object CMakeFiles/controller_input.dir/src/controllerinput.cpp.o[0m
[0.086s] [ 66%] [32mBuilding CXX object CMakeFiles/controller_input.dir/src/main.cpp.o[0m
[10.995s] [100%] [32m[1mLinking CXX executable controller_input[0m
[11.728s] [100%] Built target controller_input
[11.741s] Invoked command in '/home/aksel/Documents/GitHub/Mobile_robotter/ros2_ws/build/controller_input' returned '0': CMAKE_PREFIX_PATH=${CMAKE_PREFIX_PATH}:/home/aksel/turtlebot3_ws/install/turtlebot3_teleop:/home/aksel/turtlebot3_ws/install/turtlebot3_example:/opt/ros/humble /usr/bin/cmake --build /home/aksel/Documents/GitHub/Mobile_robotter/ros2_ws/build/controller_input -- -j16 -l16
[11.743s] Invoking command in '/home/aksel/Documents/GitHub/Mobile_robotter/ros2_ws/build/controller_input': CMAKE_PREFIX_PATH=${CMAKE_PREFIX_PATH}:/home/aksel/turtlebot3_ws/install/turtlebot3_teleop:/home/aksel/turtlebot3_ws/install/turtlebot3_example:/opt/ros/humble /usr/bin/cmake --install /home/aksel/Documents/GitHub/Mobile_robotter/ros2_ws/build/controller_input
[11.749s] -- Install configuration: ""
[11.749s] -- Installing: /home/aksel/Documents/GitHub/Mobile_robotter/ros2_ws/install/controller_input/lib/controller_input/controller_input
[11.756s] -- Set runtime path of "/home/aksel/Documents/GitHub/Mobile_robotter/ros2_ws/install/controller_input/lib/controller_input/controller_input" to ""
[11.756s] -- Up-to-date: /home/aksel/Documents/GitHub/Mobile_robotter/ros2_ws/install/controller_input/share/controller_input//launch
[11.756s] -- Up-to-date: /home/aksel/Documents/GitHub/Mobile_robotter/ros2_ws/install/controller_input/share/controller_input//launch/controller_launch.py
[11.756s] -- Up-to-date: /home/aksel/Documents/GitHub/Mobile_robotter/ros2_ws/install/controller_input/share/ament_index/resource_index/package_run_dependencies/controller_input
[11.756s] -- Up-to-date: /home/aksel/Documents/GitHub/Mobile_robotter/ros2_ws/install/controller_input/share/ament_index/resource_index/parent_prefix_path/controller_input
[11.756s] -- Up-to-date: /home/aksel/Documents/GitHub/Mobile_robotter/ros2_ws/install/controller_input/share/controller_input/environment/ament_prefix_path.sh
[11.756s] -- Up-to-date: /home/aksel/Documents/GitHub/Mobile_robotter/ros2_ws/install/controller_input/share/controller_input/environment/ament_prefix_path.dsv
[11.756s] -- Up-to-date: /home/aksel/Documents/GitHub/Mobile_robotter/ros2_ws/install/controller_input/share/controller_input/environment/path.sh
[11.756s] -- Up-to-date: /home/aksel/Documents/GitHub/Mobile_robotter/ros2_ws/install/controller_input/share/controller_input/environment/path.dsv
[11.756s] -- Up-to-date: /home/aksel/Documents/GitHub/Mobile_robotter/ros2_ws/install/controller_input/share/controller_input/local_setup.bash
[11.756s] -- Up-to-date: /home/aksel/Documents/GitHub/Mobile_robotter/ros2_ws/install/controller_input/share/controller_input/local_setup.sh
[11.756s] -- Up-to-date: /home/aksel/Documents/GitHub/Mobile_robotter/ros2_ws/install/controller_input/share/controller_input/local_setup.zsh
[11.757s] -- Up-to-date: /home/aksel/Documents/GitHub/Mobile_robotter/ros2_ws/install/controller_input/share/controller_input/local_setup.dsv
[11.757s] -- Installing: /home/aksel/Documents/GitHub/Mobile_robotter/ros2_ws/install/controller_input/share/controller_input/package.dsv
[11.757s] -- Up-to-date: /home/aksel/Documents/GitHub/Mobile_robotter/ros2_ws/install/controller_input/share/ament_index/resource_index/packages/controller_input
[11.757s] -- Up-to-date: /home/aksel/Documents/GitHub/Mobile_robotter/ros2_ws/install/controller_input/share/controller_input/cmake/controller_inputConfig.cmake
[11.757s] -- Up-to-date: /home/aksel/Documents/GitHub/Mobile_robotter/ros2_ws/install/controller_input/share/controller_input/cmake/controller_inputConfig-version.cmake
[11.757s] -- Up-to-date: /home/aksel/Documents/GitHub/Mobile_robotter/ros2_ws/install/controller_input/share/controller_input/package.xml
[11.758s] Invoked command in '/home/aksel/Documents/GitHub/Mobile_robotter/ros2_ws/build/controller_input' returned '0': CMAKE_PREFIX_PATH=${CMAKE_PREFIX_PATH}:/home/aksel/turtlebot3_ws/install/turtlebot3_teleop:/home/aksel/turtlebot3_ws/install/turtlebot3_example:/opt/ros/humble /usr/bin/cmake --install /home/aksel/Documents/GitHub/Mobile_robotter/ros2_ws/build/controller_input
