[0.803s] DEBUG:colcon:Command line arguments: ['/usr/bin/colcon', 'build']
[0.803s] DEBUG:colcon:Parsed command line arguments: Namespace(log_base=None, log_level=None, verb_name='build', build_base='build', install_base='install', merge_install=False, symlink_install=False, test_result_base=None, continue_on_error=False, executor='parallel', parallel_workers=16, event_handlers=None, ignore_user_meta=False, metas=['./colcon.meta'], base_paths=['.'], packages_ignore=None, packages_ignore_regex=None, paths=None, packages_up_to=None, packages_up_to_regex=None, packages_above=None, packages_above_and_dependencies=None, packages_above_depth=None, packages_select_by_dep=None, packages_skip_by_dep=None, packages_skip_up_to=None, packages_select_build_failed=False, packages_skip_build_finished=False, packages_select_test_failures=False, packages_skip_test_passed=False, packages_select=None, packages_skip=None, packages_select_regex=None, packages_skip_regex=None, packages_start=None, packages_end=None, allow_overriding=[], cmake_args=None, cmake_target=None, cmake_target_skip_unavailable=False, cmake_clean_cache=False, cmake_clean_first=False, cmake_force_configure=False, ament_cmake_args=None, catkin_cmake_args=None, catkin_skip_building_tests=False, verb_parser=<colcon_defaults.argument_parser.defaults.DefaultArgumentsDecorator object at 0x75620be042b0>, verb_extension=<colcon_core.verb.build.BuildVerb object at 0x75620bdcfc70>, main=<bound method BuildVerb.main of <colcon_core.verb.build.BuildVerb object at 0x75620bdcfc70>>)
[0.939s] Level 1:colcon.colcon_core.package_discovery:discover_packages(colcon_meta) check parameters
[0.939s] Level 1:colcon.colcon_core.package_discovery:discover_packages(recursive) check parameters
[0.939s] Level 1:colcon.colcon_core.package_discovery:discover_packages(ignore) check parameters
[0.939s] Level 1:colcon.colcon_core.package_discovery:discover_packages(path) check parameters
[0.939s] Level 1:colcon.colcon_core.package_discovery:discover_packages(colcon_meta) discover
[0.939s] Level 1:colcon.colcon_core.package_discovery:discover_packages(recursive) discover
[0.939s] INFO:colcon.colcon_core.package_discovery:Crawling recursively for packages in '/home/aksel/Documents/GitHub/Mobile_robotter/ros2_ws'
[0.939s] Level 1:colcon.colcon_core.package_identification:_identify(.) by extensions ['ignore', 'ignore_ament_install']
[0.939s] Level 1:colcon.colcon_core.package_identification:_identify(.) by extension 'ignore'
[0.939s] Level 1:colcon.colcon_core.package_identification:_identify(.) by extension 'ignore_ament_install'
[0.939s] Level 1:colcon.colcon_core.package_identification:_identify(.) by extensions ['colcon_pkg']
[0.939s] Level 1:colcon.colcon_core.package_identification:_identify(.) by extension 'colcon_pkg'
[0.939s] Level 1:colcon.colcon_core.package_identification:_identify(.) by extensions ['colcon_meta']
[0.939s] Level 1:colcon.colcon_core.package_identification:_identify(.) by extension 'colcon_meta'
[0.940s] Level 1:colcon.colcon_core.package_identification:_identify(.) by extensions ['ros']
[0.940s] Level 1:colcon.colcon_core.package_identification:_identify(.) by extension 'ros'
[0.949s] Level 1:colcon.colcon_core.package_identification:_identify(.) by extensions ['cmake', 'python']
[0.949s] Level 1:colcon.colcon_core.package_identification:_identify(.) by extension 'cmake'
[0.949s] Level 1:colcon.colcon_core.package_identification:_identify(.) by extension 'python'
[0.949s] Level 1:colcon.colcon_core.package_identification:_identify(.) by extensions ['python_setup_py']
[0.949s] Level 1:colcon.colcon_core.package_identification:_identify(.) by extension 'python_setup_py'
[0.949s] Level 1:colcon.colcon_core.package_identification:_identify(build) by extensions ['ignore', 'ignore_ament_install']
[0.949s] Level 1:colcon.colcon_core.package_identification:_identify(build) by extension 'ignore'
[0.949s] Level 1:colcon.colcon_core.package_identification:_identify(build) ignored
[0.949s] Level 1:colcon.colcon_core.package_identification:_identify(install) by extensions ['ignore', 'ignore_ament_install']
[0.949s] Level 1:colcon.colcon_core.package_identification:_identify(install) by extension 'ignore'
[0.949s] Level 1:colcon.colcon_core.package_identification:_identify(install) ignored
[0.950s] Level 1:colcon.colcon_core.package_identification:_identify(log) by extensions ['ignore', 'ignore_ament_install']
[0.950s] Level 1:colcon.colcon_core.package_identification:_identify(log) by extension 'ignore'
[0.950s] Level 1:colcon.colcon_core.package_identification:_identify(log) ignored
[0.950s] Level 1:colcon.colcon_core.package_identification:_identify(src) by extensions ['ignore', 'ignore_ament_install']
[0.950s] Level 1:colcon.colcon_core.package_identification:_identify(src) by extension 'ignore'
[0.950s] Level 1:colcon.colcon_core.package_identification:_identify(src) by extension 'ignore_ament_install'
[0.950s] Level 1:colcon.colcon_core.package_identification:_identify(src) by extensions ['colcon_pkg']
[0.950s] Level 1:colcon.colcon_core.package_identification:_identify(src) by extension 'colcon_pkg'
[0.950s] Level 1:colcon.colcon_core.package_identification:_identify(src) by extensions ['colcon_meta']
[0.950s] Level 1:colcon.colcon_core.package_identification:_identify(src) by extension 'colcon_meta'
[0.950s] Level 1:colcon.colcon_core.package_identification:_identify(src) by extensions ['ros']
[0.950s] Level 1:colcon.colcon_core.package_identification:_identify(src) by extension 'ros'
[0.950s] Level 1:colcon.colcon_core.package_identification:_identify(src) by extensions ['cmake', 'python']
[0.950s] Level 1:colcon.colcon_core.package_identification:_identify(src) by extension 'cmake'
[0.950s] Level 1:colcon.colcon_core.package_identification:_identify(src) by extension 'python'
[0.950s] Level 1:colcon.colcon_core.package_identification:_identify(src) by extensions ['python_setup_py']
[0.950s] Level 1:colcon.colcon_core.package_identification:_identify(src) by extension 'python_setup_py'
[0.950s] Level 1:colcon.colcon_core.package_identification:_identify(src/controller_input) by extensions ['ignore', 'ignore_ament_install']
[0.951s] Level 1:colcon.colcon_core.package_identification:_identify(src/controller_input) by extension 'ignore'
[0.951s] Level 1:colcon.colcon_core.package_identification:_identify(src/controller_input) by extension 'ignore_ament_install'
[0.951s] Level 1:colcon.colcon_core.package_identification:_identify(src/controller_input) by extensions ['colcon_pkg']
[0.951s] Level 1:colcon.colcon_core.package_identification:_identify(src/controller_input) by extension 'colcon_pkg'
[0.951s] Level 1:colcon.colcon_core.package_identification:_identify(src/controller_input) by extensions ['colcon_meta']
[0.951s] Level 1:colcon.colcon_core.package_identification:_identify(src/controller_input) by extension 'colcon_meta'
[0.951s] Level 1:colcon.colcon_core.package_identification:_identify(src/controller_input) by extensions ['ros']
[0.951s] Level 1:colcon.colcon_core.package_identification:_identify(src/controller_input) by extension 'ros'
[0.953s] DEBUG:colcon.colcon_core.package_identification:Package 'src/controller_input' with type 'ros.ament_cmake' and name 'controller_input'
[0.953s] Level 1:colcon.colcon_core.package_identification:_identify(src/dtmf_to_cmd_vel) by extensions ['ignore', 'ignore_ament_install']
[0.953s] Level 1:colcon.colcon_core.package_identification:_identify(src/dtmf_to_cmd_vel) by extension 'ignore'
[0.953s] Level 1:colcon.colcon_core.package_identification:_identify(src/dtmf_to_cmd_vel) by extension 'ignore_ament_install'
[0.953s] Level 1:colcon.colcon_core.package_identification:_identify(src/dtmf_to_cmd_vel) by extensions ['colcon_pkg']
[0.953s] Level 1:colcon.colcon_core.package_identification:_identify(src/dtmf_to_cmd_vel) by extension 'colcon_pkg'
[0.953s] Level 1:colcon.colcon_core.package_identification:_identify(src/dtmf_to_cmd_vel) by extensions ['colcon_meta']
[0.953s] Level 1:colcon.colcon_core.package_identification:_identify(src/dtmf_to_cmd_vel) by extension 'colcon_meta'
[0.953s] Level 1:colcon.colcon_core.package_identification:_identify(src/dtmf_to_cmd_vel) by extensions ['ros']
[0.953s] Level 1:colcon.colcon_core.package_identification:_identify(src/dtmf_to_cmd_vel) by extension 'ros'
[0.954s] DEBUG:colcon.colcon_core.package_identification:Package 'src/dtmf_to_cmd_vel' with type 'ros.ament_cmake' and name 'dtmf_to_cmd_vel'
[0.954s] Level 1:colcon.colcon_core.package_identification:_identify(src/lidar_data) by extensions ['ignore', 'ignore_ament_install']
[0.954s] Level 1:colcon.colcon_core.package_identification:_identify(src/lidar_data) by extension 'ignore'
[0.954s] Level 1:colcon.colcon_core.package_identification:_identify(src/lidar_data) by extension 'ignore_ament_install'
[0.954s] Level 1:colcon.colcon_core.package_identification:_identify(src/lidar_data) by extensions ['colcon_pkg']
[0.954s] Level 1:colcon.colcon_core.package_identification:_identify(src/lidar_data) by extension 'colcon_pkg'
[0.954s] Level 1:colcon.colcon_core.package_identification:_identify(src/lidar_data) by extensions ['colcon_meta']
[0.954s] Level 1:colcon.colcon_core.package_identification:_identify(src/lidar_data) by extension 'colcon_meta'
[0.954s] Level 1:colcon.colcon_core.package_identification:_identify(src/lidar_data) by extensions ['ros']
[0.954s] Level 1:colcon.colcon_core.package_identification:_identify(src/lidar_data) by extension 'ros'
[0.955s] DEBUG:colcon.colcon_core.package_identification:Package 'src/lidar_data' with type 'ros.ament_cmake' and name 'lidar_data'
[0.955s] Level 1:colcon.colcon_core.package_identification:_identify(src/lidar_gui) by extensions ['ignore', 'ignore_ament_install']
[0.955s] Level 1:colcon.colcon_core.package_identification:_identify(src/lidar_gui) by extension 'ignore'
[0.955s] Level 1:colcon.colcon_core.package_identification:_identify(src/lidar_gui) by extension 'ignore_ament_install'
[0.955s] Level 1:colcon.colcon_core.package_identification:_identify(src/lidar_gui) by extensions ['colcon_pkg']
[0.955s] Level 1:colcon.colcon_core.package_identification:_identify(src/lidar_gui) by extension 'colcon_pkg'
[0.955s] Level 1:colcon.colcon_core.package_identification:_identify(src/lidar_gui) by extensions ['colcon_meta']
[0.955s] Level 1:colcon.colcon_core.package_identification:_identify(src/lidar_gui) by extension 'colcon_meta'
[0.955s] Level 1:colcon.colcon_core.package_identification:_identify(src/lidar_gui) by extensions ['ros']
[0.955s] Level 1:colcon.colcon_core.package_identification:_identify(src/lidar_gui) by extension 'ros'
[0.956s] DEBUG:colcon.colcon_core.package_identification:Package 'src/lidar_gui' with type 'ros.ament_cmake' and name 'lidar_gui'
[0.956s] Level 1:colcon.colcon_core.package_discovery:discover_packages(recursive) using defaults
[0.956s] Level 1:colcon.colcon_core.package_discovery:discover_packages(ignore) discover
[0.956s] Level 1:colcon.colcon_core.package_discovery:discover_packages(ignore) using defaults
[0.956s] Level 1:colcon.colcon_core.package_discovery:discover_packages(path) discover
[0.956s] Level 1:colcon.colcon_core.package_discovery:discover_packages(path) using defaults
[0.972s] Level 1:colcon.colcon_core.package_discovery:discover_packages(prefix_path) check parameters
[0.972s] Level 1:colcon.colcon_core.package_discovery:discover_packages(prefix_path) discover
[0.974s] DEBUG:colcon.colcon_installed_package_information.package_discovery:Found 4 installed packages in /home/aksel/Documents/GitHub/Mobile_robotter/ros2_ws/install
[0.975s] DEBUG:colcon.colcon_installed_package_information.package_discovery:Found 15 installed packages in /home/aksel/turtlebot3_ws/install
[0.976s] DEBUG:colcon.colcon_installed_package_information.package_discovery:Found 281 installed packages in /opt/ros/humble
[0.990s] Level 1:colcon.colcon_core.package_discovery:discover_packages(prefix_path) using defaults
[1.018s] Level 5:colcon.colcon_core.verb:set package 'controller_input' build argument 'cmake_args' from command line to 'None'
[1.018s] Level 5:colcon.colcon_core.verb:set package 'controller_input' build argument 'cmake_target' from command line to 'None'
[1.018s] Level 5:colcon.colcon_core.verb:set package 'controller_input' build argument 'cmake_target_skip_unavailable' from command line to 'False'
[1.018s] Level 5:colcon.colcon_core.verb:set package 'controller_input' build argument 'cmake_clean_cache' from command line to 'False'
[1.018s] Level 5:colcon.colcon_core.verb:set package 'controller_input' build argument 'cmake_clean_first' from command line to 'False'
[1.018s] Level 5:colcon.colcon_core.verb:set package 'controller_input' build argument 'cmake_force_configure' from command line to 'False'
[1.018s] Level 5:colcon.colcon_core.verb:set package 'controller_input' build argument 'ament_cmake_args' from command line to 'None'
[1.018s] Level 5:colcon.colcon_core.verb:set package 'controller_input' build argument 'catkin_cmake_args' from command line to 'None'
[1.018s] Level 5:colcon.colcon_core.verb:set package 'controller_input' build argument 'catkin_skip_building_tests' from command line to 'False'
[1.018s] DEBUG:colcon.colcon_core.verb:Building package 'controller_input' with the following arguments: {'ament_cmake_args': None, 'build_base': '/home/aksel/Documents/GitHub/Mobile_robotter/ros2_ws/build/controller_input', 'catkin_cmake_args': None, 'catkin_skip_building_tests': False, 'cmake_args': None, 'cmake_clean_cache': False, 'cmake_clean_first': False, 'cmake_force_configure': False, 'cmake_target': None, 'cmake_target_skip_unavailable': False, 'install_base': '/home/aksel/Documents/GitHub/Mobile_robotter/ros2_ws/install/controller_input', 'merge_install': False, 'path': '/home/aksel/Documents/GitHub/Mobile_robotter/ros2_ws/src/controller_input', 'symlink_install': False, 'test_result_base': None}
[1.018s] Level 5:colcon.colcon_core.verb:set package 'dtmf_to_cmd_vel' build argument 'cmake_args' from command line to 'None'
[1.018s] Level 5:colcon.colcon_core.verb:set package 'dtmf_to_cmd_vel' build argument 'cmake_target' from command line to 'None'
[1.018s] Level 5:colcon.colcon_core.verb:set package 'dtmf_to_cmd_vel' build argument 'cmake_target_skip_unavailable' from command line to 'False'
[1.018s] Level 5:colcon.colcon_core.verb:set package 'dtmf_to_cmd_vel' build argument 'cmake_clean_cache' from command line to 'False'
[1.018s] Level 5:colcon.colcon_core.verb:set package 'dtmf_to_cmd_vel' build argument 'cmake_clean_first' from command line to 'False'
[1.018s] Level 5:colcon.colcon_core.verb:set package 'dtmf_to_cmd_vel' build argument 'cmake_force_configure' from command line to 'False'
[1.018s] Level 5:colcon.colcon_core.verb:set package 'dtmf_to_cmd_vel' build argument 'ament_cmake_args' from command line to 'None'
[1.018s] Level 5:colcon.colcon_core.verb:set package 'dtmf_to_cmd_vel' build argument 'catkin_cmake_args' from command line to 'None'
[1.018s] Level 5:colcon.colcon_core.verb:set package 'dtmf_to_cmd_vel' build argument 'catkin_skip_building_tests' from command line to 'False'
[1.018s] DEBUG:colcon.colcon_core.verb:Building package 'dtmf_to_cmd_vel' with the following arguments: {'ament_cmake_args': None, 'build_base': '/home/aksel/Documents/GitHub/Mobile_robotter/ros2_ws/build/dtmf_to_cmd_vel', 'catkin_cmake_args': None, 'catkin_skip_building_tests': False, 'cmake_args': None, 'cmake_clean_cache': False, 'cmake_clean_first': False, 'cmake_force_configure': False, 'cmake_target': None, 'cmake_target_skip_unavailable': False, 'install_base': '/home/aksel/Documents/GitHub/Mobile_robotter/ros2_ws/install/dtmf_to_cmd_vel', 'merge_install': False, 'path': '/home/aksel/Documents/GitHub/Mobile_robotter/ros2_ws/src/dtmf_to_cmd_vel', 'symlink_install': False, 'test_result_base': None}
[1.019s] Level 5:colcon.colcon_core.verb:set package 'lidar_data' build argument 'cmake_args' from command line to 'None'
[1.019s] Level 5:colcon.colcon_core.verb:set package 'lidar_data' build argument 'cmake_target' from command line to 'None'
[1.019s] Level 5:colcon.colcon_core.verb:set package 'lidar_data' build argument 'cmake_target_skip_unavailable' from command line to 'False'
[1.019s] Level 5:colcon.colcon_core.verb:set package 'lidar_data' build argument 'cmake_clean_cache' from command line to 'False'
[1.019s] Level 5:colcon.colcon_core.verb:set package 'lidar_data' build argument 'cmake_clean_first' from command line to 'False'
[1.019s] Level 5:colcon.colcon_core.verb:set package 'lidar_data' build argument 'cmake_force_configure' from command line to 'False'
[1.019s] Level 5:colcon.colcon_core.verb:set package 'lidar_data' build argument 'ament_cmake_args' from command line to 'None'
[1.019s] Level 5:colcon.colcon_core.verb:set package 'lidar_data' build argument 'catkin_cmake_args' from command line to 'None'
[1.019s] Level 5:colcon.colcon_core.verb:set package 'lidar_data' build argument 'catkin_skip_building_tests' from command line to 'False'
[1.019s] DEBUG:colcon.colcon_core.verb:Building package 'lidar_data' with the following arguments: {'ament_cmake_args': None, 'build_base': '/home/aksel/Documents/GitHub/Mobile_robotter/ros2_ws/build/lidar_data', 'catkin_cmake_args': None, 'catkin_skip_building_tests': False, 'cmake_args': None, 'cmake_clean_cache': False, 'cmake_clean_first': False, 'cmake_force_configure': False, 'cmake_target': None, 'cmake_target_skip_unavailable': False, 'install_base': '/home/aksel/Documents/GitHub/Mobile_robotter/ros2_ws/install/lidar_data', 'merge_install': False, 'path': '/home/aksel/Documents/GitHub/Mobile_robotter/ros2_ws/src/lidar_data', 'symlink_install': False, 'test_result_base': None}
[1.019s] Level 5:colcon.colcon_core.verb:set package 'lidar_gui' build argument 'cmake_args' from command line to 'None'
[1.019s] Level 5:colcon.colcon_core.verb:set package 'lidar_gui' build argument 'cmake_target' from command line to 'None'
[1.019s] Level 5:colcon.colcon_core.verb:set package 'lidar_gui' build argument 'cmake_target_skip_unavailable' from command line to 'False'
[1.019s] Level 5:colcon.colcon_core.verb:set package 'lidar_gui' build argument 'cmake_clean_cache' from command line to 'False'
[1.019s] Level 5:colcon.colcon_core.verb:set package 'lidar_gui' build argument 'cmake_clean_first' from command line to 'False'
[1.019s] Level 5:colcon.colcon_core.verb:set package 'lidar_gui' build argument 'cmake_force_configure' from command line to 'False'
[1.019s] Level 5:colcon.colcon_core.verb:set package 'lidar_gui' build argument 'ament_cmake_args' from command line to 'None'
[1.019s] Level 5:colcon.colcon_core.verb:set package 'lidar_gui' build argument 'catkin_cmake_args' from command line to 'None'
[1.019s] Level 5:colcon.colcon_core.verb:set package 'lidar_gui' build argument 'catkin_skip_building_tests' from command line to 'False'
[1.019s] DEBUG:colcon.colcon_core.verb:Building package 'lidar_gui' with the following arguments: {'ament_cmake_args': None, 'build_base': '/home/aksel/Documents/GitHub/Mobile_robotter/ros2_ws/build/lidar_gui', 'catkin_cmake_args': None, 'catkin_skip_building_tests': False, 'cmake_args': None, 'cmake_clean_cache': False, 'cmake_clean_first': False, 'cmake_force_configure': False, 'cmake_target': None, 'cmake_target_skip_unavailable': False, 'install_base': '/home/aksel/Documents/GitHub/Mobile_robotter/ros2_ws/install/lidar_gui', 'merge_install': False, 'path': '/home/aksel/Documents/GitHub/Mobile_robotter/ros2_ws/src/lidar_gui', 'symlink_install': False, 'test_result_base': None}
[1.019s] INFO:colcon.colcon_core.executor:Executing jobs using 'parallel' executor
[1.020s] DEBUG:colcon.colcon_parallel_executor.executor.parallel:run_until_complete
[1.021s] INFO:colcon.colcon_ros.task.ament_cmake.build:Building ROS package in '/home/aksel/Documents/GitHub/Mobile_robotter/ros2_ws/src/controller_input' with build type 'ament_cmake'
[1.021s] INFO:colcon.colcon_cmake.task.cmake.build:Building CMake package in '/home/aksel/Documents/GitHub/Mobile_robotter/ros2_ws/src/controller_input'
[1.022s] INFO:colcon.colcon_core.plugin_system:Skipping extension 'colcon_core.shell.bat': Not used on non-Windows systems
[1.023s] INFO:colcon.colcon_core.shell:Skip shell extension 'powershell' for command environment: Not usable outside of PowerShell
[1.023s] DEBUG:colcon.colcon_core.shell:Skip shell extension 'dsv' for command environment
[1.027s] INFO:colcon.colcon_ros.task.ament_cmake.build:Building ROS package in '/home/aksel/Documents/GitHub/Mobile_robotter/ros2_ws/src/dtmf_to_cmd_vel' with build type 'ament_cmake'
[1.027s] INFO:colcon.colcon_cmake.task.cmake.build:Building CMake package in '/home/aksel/Documents/GitHub/Mobile_robotter/ros2_ws/src/dtmf_to_cmd_vel'
[1.027s] INFO:colcon.colcon_core.shell:Skip shell extension 'powershell' for command environment: Not usable outside of PowerShell
[1.027s] DEBUG:colcon.colcon_core.shell:Skip shell extension 'dsv' for command environment
[1.031s] INFO:colcon.colcon_ros.task.ament_cmake.build:Building ROS package in '/home/aksel/Documents/GitHub/Mobile_robotter/ros2_ws/src/lidar_data' with build type 'ament_cmake'
[1.031s] INFO:colcon.colcon_cmake.task.cmake.build:Building CMake package in '/home/aksel/Documents/GitHub/Mobile_robotter/ros2_ws/src/lidar_data'
[1.031s] INFO:colcon.colcon_core.shell:Skip shell extension 'powershell' for command environment: Not usable outside of PowerShell
[1.031s] DEBUG:colcon.colcon_core.shell:Skip shell extension 'dsv' for command environment
[1.034s] INFO:colcon.colcon_ros.task.ament_cmake.build:Building ROS package in '/home/aksel/Documents/GitHub/Mobile_robotter/ros2_ws/src/lidar_gui' with build type 'ament_cmake'
[1.035s] INFO:colcon.colcon_cmake.task.cmake.build:Building CMake package in '/home/aksel/Documents/GitHub/Mobile_robotter/ros2_ws/src/lidar_gui'
[1.035s] INFO:colcon.colcon_core.shell:Skip shell extension 'powershell' for command environment: Not usable outside of PowerShell
[1.035s] DEBUG:colcon.colcon_core.shell:Skip shell extension 'dsv' for command environment
[1.043s] DEBUG:colcon.colcon_core.event_handler.log_command:Invoking command in '/home/aksel/Documents/GitHub/Mobile_robotter/ros2_ws/build/controller_input': CMAKE_PREFIX_PATH=${CMAKE_PREFIX_PATH}:/home/aksel/turtlebot3_ws/install/turtlebot3_teleop:/home/aksel/turtlebot3_ws/install/turtlebot3_example:/opt/ros/humble /usr/bin/cmake --build /home/aksel/Documents/GitHub/Mobile_robotter/ros2_ws/build/controller_input -- -j16 -l16
[1.052s] DEBUG:colcon.colcon_core.event_handler.log_command:Invoking command in '/home/aksel/Documents/GitHub/Mobile_robotter/ros2_ws/build/dtmf_to_cmd_vel': CMAKE_PREFIX_PATH=${CMAKE_PREFIX_PATH}:/home/aksel/turtlebot3_ws/install/turtlebot3_teleop:/home/aksel/turtlebot3_ws/install/turtlebot3_example:/opt/ros/humble /usr/bin/cmake --build /home/aksel/Documents/GitHub/Mobile_robotter/ros2_ws/build/dtmf_to_cmd_vel -- -j16 -l16
[1.068s] DEBUG:colcon.colcon_core.event_handler.log_command:Invoking command in '/home/aksel/Documents/GitHub/Mobile_robotter/ros2_ws/build/lidar_data': CMAKE_PREFIX_PATH=${CMAKE_PREFIX_PATH}:/home/aksel/turtlebot3_ws/install/turtlebot3_teleop:/home/aksel/turtlebot3_ws/install/turtlebot3_example:/opt/ros/humble /usr/bin/cmake --build /home/aksel/Documents/GitHub/Mobile_robotter/ros2_ws/build/lidar_data -- -j16 -l16
[1.073s] DEBUG:colcon.colcon_core.event_handler.log_command:Invoking command in '/home/aksel/Documents/GitHub/Mobile_robotter/ros2_ws/build/lidar_gui': CMAKE_PREFIX_PATH=${CMAKE_PREFIX_PATH}:/home/aksel/turtlebot3_ws/install/turtlebot3_teleop:/home/aksel/turtlebot3_ws/install/turtlebot3_example:/opt/ros/humble /usr/bin/cmake --build /home/aksel/Documents/GitHub/Mobile_robotter/ros2_ws/build/lidar_gui -- -j16 -l16
[1.119s] DEBUG:colcon.colcon_core.event_handler.log_command:Invoked command in '/home/aksel/Documents/GitHub/Mobile_robotter/ros2_ws/build/dtmf_to_cmd_vel' returned '0': CMAKE_PREFIX_PATH=${CMAKE_PREFIX_PATH}:/home/aksel/turtlebot3_ws/install/turtlebot3_teleop:/home/aksel/turtlebot3_ws/install/turtlebot3_example:/opt/ros/humble /usr/bin/cmake --build /home/aksel/Documents/GitHub/Mobile_robotter/ros2_ws/build/dtmf_to_cmd_vel -- -j16 -l16
[1.121s] DEBUG:colcon.colcon_core.event_handler.log_command:Invoked command in '/home/aksel/Documents/GitHub/Mobile_robotter/ros2_ws/build/controller_input' returned '0': CMAKE_PREFIX_PATH=${CMAKE_PREFIX_PATH}:/home/aksel/turtlebot3_ws/install/turtlebot3_teleop:/home/aksel/turtlebot3_ws/install/turtlebot3_example:/opt/ros/humble /usr/bin/cmake --build /home/aksel/Documents/GitHub/Mobile_robotter/ros2_ws/build/controller_input -- -j16 -l16
[1.134s] DEBUG:colcon.colcon_core.event_handler.log_command:Invoked command in '/home/aksel/Documents/GitHub/Mobile_robotter/ros2_ws/build/lidar_data' returned '0': CMAKE_PREFIX_PATH=${CMAKE_PREFIX_PATH}:/home/aksel/turtlebot3_ws/install/turtlebot3_teleop:/home/aksel/turtlebot3_ws/install/turtlebot3_example:/opt/ros/humble /usr/bin/cmake --build /home/aksel/Documents/GitHub/Mobile_robotter/ros2_ws/build/lidar_data -- -j16 -l16
[1.158s] DEBUG:colcon.colcon_core.event_handler.log_command:Invoking command in '/home/aksel/Documents/GitHub/Mobile_robotter/ros2_ws/build/controller_input': CMAKE_PREFIX_PATH=${CMAKE_PREFIX_PATH}:/home/aksel/turtlebot3_ws/install/turtlebot3_teleop:/home/aksel/turtlebot3_ws/install/turtlebot3_example:/opt/ros/humble /usr/bin/cmake --install /home/aksel/Documents/GitHub/Mobile_robotter/ros2_ws/build/controller_input
[1.159s] DEBUG:colcon.colcon_core.event_handler.log_command:Invoking command in '/home/aksel/Documents/GitHub/Mobile_robotter/ros2_ws/build/dtmf_to_cmd_vel': CMAKE_PREFIX_PATH=${CMAKE_PREFIX_PATH}:/home/aksel/turtlebot3_ws/install/turtlebot3_teleop:/home/aksel/turtlebot3_ws/install/turtlebot3_example:/opt/ros/humble /usr/bin/cmake --install /home/aksel/Documents/GitHub/Mobile_robotter/ros2_ws/build/dtmf_to_cmd_vel
[1.168s] Level 1:colcon.colcon_core.environment:create_environment_scripts_only(controller_input)
[1.169s] DEBUG:colcon.colcon_core.event_handler.log_command:Invoking command in '/home/aksel/Documents/GitHub/Mobile_robotter/ros2_ws/build/lidar_data': CMAKE_PREFIX_PATH=${CMAKE_PREFIX_PATH}:/home/aksel/turtlebot3_ws/install/turtlebot3_teleop:/home/aksel/turtlebot3_ws/install/turtlebot3_example:/opt/ros/humble /usr/bin/cmake --install /home/aksel/Documents/GitHub/Mobile_robotter/ros2_ws/build/lidar_data
[1.171s] DEBUG:colcon.colcon_core.event_handler.log_command:Invoked command in '/home/aksel/Documents/GitHub/Mobile_robotter/ros2_ws/build/controller_input' returned '0': CMAKE_PREFIX_PATH=${CMAKE_PREFIX_PATH}:/home/aksel/turtlebot3_ws/install/turtlebot3_teleop:/home/aksel/turtlebot3_ws/install/turtlebot3_example:/opt/ros/humble /usr/bin/cmake --install /home/aksel/Documents/GitHub/Mobile_robotter/ros2_ws/build/controller_input
[1.172s] Level 1:colcon.colcon_core.environment:checking '/home/aksel/Documents/GitHub/Mobile_robotter/ros2_ws/install/controller_input' for CMake module files
[1.173s] Level 1:colcon.colcon_core.environment:checking '/home/aksel/Documents/GitHub/Mobile_robotter/ros2_ws/install/controller_input' for CMake config files
[1.173s] Level 1:colcon.colcon_core.shell:create_environment_hook('controller_input', 'cmake_prefix_path')
[1.173s] INFO:colcon.colcon_core.shell:Creating environment hook '/home/aksel/Documents/GitHub/Mobile_robotter/ros2_ws/install/controller_input/share/controller_input/hook/cmake_prefix_path.ps1'
[1.174s] INFO:colcon.colcon_core.shell:Creating environment descriptor '/home/aksel/Documents/GitHub/Mobile_robotter/ros2_ws/install/controller_input/share/controller_input/hook/cmake_prefix_path.dsv'
[1.176s] INFO:colcon.colcon_core.shell:Creating environment hook '/home/aksel/Documents/GitHub/Mobile_robotter/ros2_ws/install/controller_input/share/controller_input/hook/cmake_prefix_path.sh'
[1.177s] Level 1:colcon.colcon_core.environment:checking '/home/aksel/Documents/GitHub/Mobile_robotter/ros2_ws/install/controller_input/lib'
[1.177s] Level 1:colcon.colcon_core.environment:checking '/home/aksel/Documents/GitHub/Mobile_robotter/ros2_ws/install/controller_input/bin'
[1.177s] Level 1:colcon.colcon_core.environment:checking '/home/aksel/Documents/GitHub/Mobile_robotter/ros2_ws/install/controller_input/lib/pkgconfig/controller_input.pc'
[1.177s] Level 1:colcon.colcon_core.environment:checking '/home/aksel/Documents/GitHub/Mobile_robotter/ros2_ws/install/controller_input/lib/python3.10/site-packages'
[1.177s] Level 1:colcon.colcon_core.environment:checking '/home/aksel/Documents/GitHub/Mobile_robotter/ros2_ws/install/controller_input/bin'
[1.177s] INFO:colcon.colcon_core.shell:Creating package script '/home/aksel/Documents/GitHub/Mobile_robotter/ros2_ws/install/controller_input/share/controller_input/package.ps1'
[1.178s] INFO:colcon.colcon_core.shell:Creating package descriptor '/home/aksel/Documents/GitHub/Mobile_robotter/ros2_ws/install/controller_input/share/controller_input/package.dsv'
[1.179s] INFO:colcon.colcon_core.shell:Creating package script '/home/aksel/Documents/GitHub/Mobile_robotter/ros2_ws/install/controller_input/share/controller_input/package.sh'
[1.179s] INFO:colcon.colcon_core.shell:Creating package script '/home/aksel/Documents/GitHub/Mobile_robotter/ros2_ws/install/controller_input/share/controller_input/package.bash'
[1.180s] INFO:colcon.colcon_core.shell:Creating package script '/home/aksel/Documents/GitHub/Mobile_robotter/ros2_ws/install/controller_input/share/controller_input/package.zsh'
[1.180s] Level 1:colcon.colcon_core.environment:create_file_with_runtime_dependencies(/home/aksel/Documents/GitHub/Mobile_robotter/ros2_ws/install/controller_input/share/colcon-core/packages/controller_input)
[1.182s] Level 1:colcon.colcon_core.environment:create_environment_scripts_only(dtmf_to_cmd_vel)
[1.182s] Level 1:colcon.colcon_core.environment:checking '/home/aksel/Documents/GitHub/Mobile_robotter/ros2_ws/install/dtmf_to_cmd_vel' for CMake module files
[1.182s] DEBUG:colcon.colcon_core.event_handler.log_command:Invoked command in '/home/aksel/Documents/GitHub/Mobile_robotter/ros2_ws/build/dtmf_to_cmd_vel' returned '0': CMAKE_PREFIX_PATH=${CMAKE_PREFIX_PATH}:/home/aksel/turtlebot3_ws/install/turtlebot3_teleop:/home/aksel/turtlebot3_ws/install/turtlebot3_example:/opt/ros/humble /usr/bin/cmake --install /home/aksel/Documents/GitHub/Mobile_robotter/ros2_ws/build/dtmf_to_cmd_vel
[1.183s] Level 1:colcon.colcon_core.environment:checking '/home/aksel/Documents/GitHub/Mobile_robotter/ros2_ws/install/dtmf_to_cmd_vel' for CMake config files
[1.183s] Level 1:colcon.colcon_core.shell:create_environment_hook('dtmf_to_cmd_vel', 'cmake_prefix_path')
[1.183s] INFO:colcon.colcon_core.shell:Creating environment hook '/home/aksel/Documents/GitHub/Mobile_robotter/ros2_ws/install/dtmf_to_cmd_vel/share/dtmf_to_cmd_vel/hook/cmake_prefix_path.ps1'
[1.183s] INFO:colcon.colcon_core.shell:Creating environment descriptor '/home/aksel/Documents/GitHub/Mobile_robotter/ros2_ws/install/dtmf_to_cmd_vel/share/dtmf_to_cmd_vel/hook/cmake_prefix_path.dsv'
[1.184s] INFO:colcon.colcon_core.shell:Creating environment hook '/home/aksel/Documents/GitHub/Mobile_robotter/ros2_ws/install/dtmf_to_cmd_vel/share/dtmf_to_cmd_vel/hook/cmake_prefix_path.sh'
[1.184s] Level 1:colcon.colcon_core.environment:checking '/home/aksel/Documents/GitHub/Mobile_robotter/ros2_ws/install/dtmf_to_cmd_vel/lib'
[1.184s] Level 1:colcon.colcon_core.environment:checking '/home/aksel/Documents/GitHub/Mobile_robotter/ros2_ws/install/dtmf_to_cmd_vel/bin'
[1.184s] Level 1:colcon.colcon_core.environment:checking '/home/aksel/Documents/GitHub/Mobile_robotter/ros2_ws/install/dtmf_to_cmd_vel/lib/pkgconfig/dtmf_to_cmd_vel.pc'
[1.184s] Level 1:colcon.colcon_core.environment:checking '/home/aksel/Documents/GitHub/Mobile_robotter/ros2_ws/install/dtmf_to_cmd_vel/lib/python3.10/site-packages'
[1.185s] Level 1:colcon.colcon_core.environment:checking '/home/aksel/Documents/GitHub/Mobile_robotter/ros2_ws/install/dtmf_to_cmd_vel/bin'
[1.185s] INFO:colcon.colcon_core.shell:Creating package script '/home/aksel/Documents/GitHub/Mobile_robotter/ros2_ws/install/dtmf_to_cmd_vel/share/dtmf_to_cmd_vel/package.ps1'
[1.185s] INFO:colcon.colcon_core.shell:Creating package descriptor '/home/aksel/Documents/GitHub/Mobile_robotter/ros2_ws/install/dtmf_to_cmd_vel/share/dtmf_to_cmd_vel/package.dsv'
[1.185s] INFO:colcon.colcon_core.shell:Creating package script '/home/aksel/Documents/GitHub/Mobile_robotter/ros2_ws/install/dtmf_to_cmd_vel/share/dtmf_to_cmd_vel/package.sh'
[1.186s] INFO:colcon.colcon_core.shell:Creating package script '/home/aksel/Documents/GitHub/Mobile_robotter/ros2_ws/install/dtmf_to_cmd_vel/share/dtmf_to_cmd_vel/package.bash'
[1.186s] INFO:colcon.colcon_core.shell:Creating package script '/home/aksel/Documents/GitHub/Mobile_robotter/ros2_ws/install/dtmf_to_cmd_vel/share/dtmf_to_cmd_vel/package.zsh'
[1.186s] Level 1:colcon.colcon_core.environment:create_file_with_runtime_dependencies(/home/aksel/Documents/GitHub/Mobile_robotter/ros2_ws/install/dtmf_to_cmd_vel/share/colcon-core/packages/dtmf_to_cmd_vel)
[1.188s] Level 1:colcon.colcon_core.environment:create_environment_scripts_only(lidar_data)
[1.188s] Level 1:colcon.colcon_core.environment:checking '/home/aksel/Documents/GitHub/Mobile_robotter/ros2_ws/install/lidar_data' for CMake module files
[1.188s] DEBUG:colcon.colcon_core.event_handler.log_command:Invoked command in '/home/aksel/Documents/GitHub/Mobile_robotter/ros2_ws/build/lidar_data' returned '0': CMAKE_PREFIX_PATH=${CMAKE_PREFIX_PATH}:/home/aksel/turtlebot3_ws/install/turtlebot3_teleop:/home/aksel/turtlebot3_ws/install/turtlebot3_example:/opt/ros/humble /usr/bin/cmake --install /home/aksel/Documents/GitHub/Mobile_robotter/ros2_ws/build/lidar_data
[1.189s] Level 1:colcon.colcon_core.environment:checking '/home/aksel/Documents/GitHub/Mobile_robotter/ros2_ws/install/lidar_data' for CMake config files
[1.189s] Level 1:colcon.colcon_core.shell:create_environment_hook('lidar_data', 'cmake_prefix_path')
[1.189s] INFO:colcon.colcon_core.shell:Creating environment hook '/home/aksel/Documents/GitHub/Mobile_robotter/ros2_ws/install/lidar_data/share/lidar_data/hook/cmake_prefix_path.ps1'
[1.189s] INFO:colcon.colcon_core.shell:Creating environment descriptor '/home/aksel/Documents/GitHub/Mobile_robotter/ros2_ws/install/lidar_data/share/lidar_data/hook/cmake_prefix_path.dsv'
[1.190s] INFO:colcon.colcon_core.shell:Creating environment hook '/home/aksel/Documents/GitHub/Mobile_robotter/ros2_ws/install/lidar_data/share/lidar_data/hook/cmake_prefix_path.sh'
[1.190s] Level 1:colcon.colcon_core.environment:checking '/home/aksel/Documents/GitHub/Mobile_robotter/ros2_ws/install/lidar_data/lib'
[1.190s] Level 1:colcon.colcon_core.environment:checking '/home/aksel/Documents/GitHub/Mobile_robotter/ros2_ws/install/lidar_data/bin'
[1.190s] Level 1:colcon.colcon_core.environment:checking '/home/aksel/Documents/GitHub/Mobile_robotter/ros2_ws/install/lidar_data/lib/pkgconfig/lidar_data.pc'
[1.190s] Level 1:colcon.colcon_core.environment:checking '/home/aksel/Documents/GitHub/Mobile_robotter/ros2_ws/install/lidar_data/lib/python3.10/site-packages'
[1.190s] Level 1:colcon.colcon_core.environment:checking '/home/aksel/Documents/GitHub/Mobile_robotter/ros2_ws/install/lidar_data/bin'
[1.191s] INFO:colcon.colcon_core.shell:Creating package script '/home/aksel/Documents/GitHub/Mobile_robotter/ros2_ws/install/lidar_data/share/lidar_data/package.ps1'
[1.191s] INFO:colcon.colcon_core.shell:Creating package descriptor '/home/aksel/Documents/GitHub/Mobile_robotter/ros2_ws/install/lidar_data/share/lidar_data/package.dsv'
[1.191s] INFO:colcon.colcon_core.shell:Creating package script '/home/aksel/Documents/GitHub/Mobile_robotter/ros2_ws/install/lidar_data/share/lidar_data/package.sh'
[1.192s] INFO:colcon.colcon_core.shell:Creating package script '/home/aksel/Documents/GitHub/Mobile_robotter/ros2_ws/install/lidar_data/share/lidar_data/package.bash'
[1.192s] INFO:colcon.colcon_core.shell:Creating package script '/home/aksel/Documents/GitHub/Mobile_robotter/ros2_ws/install/lidar_data/share/lidar_data/package.zsh'
[1.192s] Level 1:colcon.colcon_core.environment:create_file_with_runtime_dependencies(/home/aksel/Documents/GitHub/Mobile_robotter/ros2_ws/install/lidar_data/share/colcon-core/packages/lidar_data)
[1.208s] Level 1:colcon.colcon_core.environment:create_environment_scripts_only(controller_input)
[1.208s] Level 1:colcon.colcon_core.environment:checking '/home/aksel/Documents/GitHub/Mobile_robotter/ros2_ws/install/controller_input' for CMake module files
[1.209s] Level 1:colcon.colcon_core.environment:checking '/home/aksel/Documents/GitHub/Mobile_robotter/ros2_ws/install/controller_input' for CMake config files
[1.209s] Level 1:colcon.colcon_core.shell:create_environment_hook('controller_input', 'cmake_prefix_path')
[1.209s] INFO:colcon.colcon_core.shell:Creating environment hook '/home/aksel/Documents/GitHub/Mobile_robotter/ros2_ws/install/controller_input/share/controller_input/hook/cmake_prefix_path.ps1'
[1.210s] INFO:colcon.colcon_core.shell:Creating environment descriptor '/home/aksel/Documents/GitHub/Mobile_robotter/ros2_ws/install/controller_input/share/controller_input/hook/cmake_prefix_path.dsv'
[1.210s] INFO:colcon.colcon_core.shell:Creating environment hook '/home/aksel/Documents/GitHub/Mobile_robotter/ros2_ws/install/controller_input/share/controller_input/hook/cmake_prefix_path.sh'
[1.210s] Level 1:colcon.colcon_core.environment:checking '/home/aksel/Documents/GitHub/Mobile_robotter/ros2_ws/install/controller_input/lib'
[1.211s] Level 1:colcon.colcon_core.environment:checking '/home/aksel/Documents/GitHub/Mobile_robotter/ros2_ws/install/controller_input/bin'
[1.211s] Level 1:colcon.colcon_core.environment:checking '/home/aksel/Documents/GitHub/Mobile_robotter/ros2_ws/install/controller_input/lib/pkgconfig/controller_input.pc'
[1.211s] Level 1:colcon.colcon_core.environment:checking '/home/aksel/Documents/GitHub/Mobile_robotter/ros2_ws/install/controller_input/lib/python3.10/site-packages'
[1.211s] Level 1:colcon.colcon_core.environment:checking '/home/aksel/Documents/GitHub/Mobile_robotter/ros2_ws/install/controller_input/bin'
[1.211s] INFO:colcon.colcon_core.shell:Creating package script '/home/aksel/Documents/GitHub/Mobile_robotter/ros2_ws/install/controller_input/share/controller_input/package.ps1'
[1.212s] INFO:colcon.colcon_core.shell:Creating package descriptor '/home/aksel/Documents/GitHub/Mobile_robotter/ros2_ws/install/controller_input/share/controller_input/package.dsv'
[1.212s] INFO:colcon.colcon_core.shell:Creating package script '/home/aksel/Documents/GitHub/Mobile_robotter/ros2_ws/install/controller_input/share/controller_input/package.sh'
[1.212s] INFO:colcon.colcon_core.shell:Creating package script '/home/aksel/Documents/GitHub/Mobile_robotter/ros2_ws/install/controller_input/share/controller_input/package.bash'
[1.213s] INFO:colcon.colcon_core.shell:Creating package script '/home/aksel/Documents/GitHub/Mobile_robotter/ros2_ws/install/controller_input/share/controller_input/package.zsh'
[1.213s] Level 1:colcon.colcon_core.environment:create_file_with_runtime_dependencies(/home/aksel/Documents/GitHub/Mobile_robotter/ros2_ws/install/controller_input/share/colcon-core/packages/controller_input)
[1.216s] Level 1:colcon.colcon_core.environment:create_environment_scripts_only(dtmf_to_cmd_vel)
[1.217s] Level 1:colcon.colcon_core.environment:checking '/home/aksel/Documents/GitHub/Mobile_robotter/ros2_ws/install/dtmf_to_cmd_vel' for CMake module files
[1.217s] Level 1:colcon.colcon_core.environment:checking '/home/aksel/Documents/GitHub/Mobile_robotter/ros2_ws/install/dtmf_to_cmd_vel' for CMake config files
[1.217s] Level 1:colcon.colcon_core.shell:create_environment_hook('dtmf_to_cmd_vel', 'cmake_prefix_path')
[1.217s] INFO:colcon.colcon_core.shell:Creating environment hook '/home/aksel/Documents/GitHub/Mobile_robotter/ros2_ws/install/dtmf_to_cmd_vel/share/dtmf_to_cmd_vel/hook/cmake_prefix_path.ps1'
[1.218s] INFO:colcon.colcon_core.shell:Creating environment descriptor '/home/aksel/Documents/GitHub/Mobile_robotter/ros2_ws/install/dtmf_to_cmd_vel/share/dtmf_to_cmd_vel/hook/cmake_prefix_path.dsv'
[1.218s] INFO:colcon.colcon_core.shell:Creating environment hook '/home/aksel/Documents/GitHub/Mobile_robotter/ros2_ws/install/dtmf_to_cmd_vel/share/dtmf_to_cmd_vel/hook/cmake_prefix_path.sh'
[1.218s] Level 1:colcon.colcon_core.environment:checking '/home/aksel/Documents/GitHub/Mobile_robotter/ros2_ws/install/dtmf_to_cmd_vel/lib'
[1.218s] Level 1:colcon.colcon_core.environment:checking '/home/aksel/Documents/GitHub/Mobile_robotter/ros2_ws/install/dtmf_to_cmd_vel/bin'
[1.218s] Level 1:colcon.colcon_core.environment:checking '/home/aksel/Documents/GitHub/Mobile_robotter/ros2_ws/install/dtmf_to_cmd_vel/lib/pkgconfig/dtmf_to_cmd_vel.pc'
[1.219s] Level 1:colcon.colcon_core.environment:checking '/home/aksel/Documents/GitHub/Mobile_robotter/ros2_ws/install/dtmf_to_cmd_vel/lib/python3.10/site-packages'
[1.219s] Level 1:colcon.colcon_core.environment:checking '/home/aksel/Documents/GitHub/Mobile_robotter/ros2_ws/install/dtmf_to_cmd_vel/bin'
[1.219s] INFO:colcon.colcon_core.shell:Creating package script '/home/aksel/Documents/GitHub/Mobile_robotter/ros2_ws/install/dtmf_to_cmd_vel/share/dtmf_to_cmd_vel/package.ps1'
[1.219s] INFO:colcon.colcon_core.shell:Creating package descriptor '/home/aksel/Documents/GitHub/Mobile_robotter/ros2_ws/install/dtmf_to_cmd_vel/share/dtmf_to_cmd_vel/package.dsv'
[1.220s] INFO:colcon.colcon_core.shell:Creating package script '/home/aksel/Documents/GitHub/Mobile_robotter/ros2_ws/install/dtmf_to_cmd_vel/share/dtmf_to_cmd_vel/package.sh'
[1.220s] INFO:colcon.colcon_core.shell:Creating package script '/home/aksel/Documents/GitHub/Mobile_robotter/ros2_ws/install/dtmf_to_cmd_vel/share/dtmf_to_cmd_vel/package.bash'
[1.220s] INFO:colcon.colcon_core.shell:Creating package script '/home/aksel/Documents/GitHub/Mobile_robotter/ros2_ws/install/dtmf_to_cmd_vel/share/dtmf_to_cmd_vel/package.zsh'
[1.221s] Level 1:colcon.colcon_core.environment:create_file_with_runtime_dependencies(/home/aksel/Documents/GitHub/Mobile_robotter/ros2_ws/install/dtmf_to_cmd_vel/share/colcon-core/packages/dtmf_to_cmd_vel)
[1.222s] Level 1:colcon.colcon_core.environment:create_environment_scripts_only(lidar_data)
[1.222s] Level 1:colcon.colcon_core.environment:checking '/home/aksel/Documents/GitHub/Mobile_robotter/ros2_ws/install/lidar_data' for CMake module files
[1.222s] Level 1:colcon.colcon_core.environment:checking '/home/aksel/Documents/GitHub/Mobile_robotter/ros2_ws/install/lidar_data' for CMake config files
[1.222s] Level 1:colcon.colcon_core.shell:create_environment_hook('lidar_data', 'cmake_prefix_path')
[1.222s] INFO:colcon.colcon_core.shell:Creating environment hook '/home/aksel/Documents/GitHub/Mobile_robotter/ros2_ws/install/lidar_data/share/lidar_data/hook/cmake_prefix_path.ps1'
[1.223s] INFO:colcon.colcon_core.shell:Creating environment descriptor '/home/aksel/Documents/GitHub/Mobile_robotter/ros2_ws/install/lidar_data/share/lidar_data/hook/cmake_prefix_path.dsv'
[1.223s] INFO:colcon.colcon_core.shell:Creating environment hook '/home/aksel/Documents/GitHub/Mobile_robotter/ros2_ws/install/lidar_data/share/lidar_data/hook/cmake_prefix_path.sh'
[1.223s] Level 1:colcon.colcon_core.environment:checking '/home/aksel/Documents/GitHub/Mobile_robotter/ros2_ws/install/lidar_data/lib'
[1.223s] Level 1:colcon.colcon_core.environment:checking '/home/aksel/Documents/GitHub/Mobile_robotter/ros2_ws/install/lidar_data/bin'
[1.224s] Level 1:colcon.colcon_core.environment:checking '/home/aksel/Documents/GitHub/Mobile_robotter/ros2_ws/install/lidar_data/lib/pkgconfig/lidar_data.pc'
[1.224s] Level 1:colcon.colcon_core.environment:checking '/home/aksel/Documents/GitHub/Mobile_robotter/ros2_ws/install/lidar_data/lib/python3.10/site-packages'
[1.224s] Level 1:colcon.colcon_core.environment:checking '/home/aksel/Documents/GitHub/Mobile_robotter/ros2_ws/install/lidar_data/bin'
[1.224s] INFO:colcon.colcon_core.shell:Creating package script '/home/aksel/Documents/GitHub/Mobile_robotter/ros2_ws/install/lidar_data/share/lidar_data/package.ps1'
[1.224s] INFO:colcon.colcon_core.shell:Creating package descriptor '/home/aksel/Documents/GitHub/Mobile_robotter/ros2_ws/install/lidar_data/share/lidar_data/package.dsv'
[1.225s] INFO:colcon.colcon_core.shell:Creating package script '/home/aksel/Documents/GitHub/Mobile_robotter/ros2_ws/install/lidar_data/share/lidar_data/package.sh'
[1.225s] INFO:colcon.colcon_core.shell:Creating package script '/home/aksel/Documents/GitHub/Mobile_robotter/ros2_ws/install/lidar_data/share/lidar_data/package.bash'
[1.225s] INFO:colcon.colcon_core.shell:Creating package script '/home/aksel/Documents/GitHub/Mobile_robotter/ros2_ws/install/lidar_data/share/lidar_data/package.zsh'
[1.226s] Level 1:colcon.colcon_core.environment:create_file_with_runtime_dependencies(/home/aksel/Documents/GitHub/Mobile_robotter/ros2_ws/install/lidar_data/share/colcon-core/packages/lidar_data)
[2.169s] DEBUG:colcon.colcon_core.event_handler.log_command:Invoked command in '/home/aksel/Documents/GitHub/Mobile_robotter/ros2_ws/build/lidar_gui' returned '0': CMAKE_PREFIX_PATH=${CMAKE_PREFIX_PATH}:/home/aksel/turtlebot3_ws/install/turtlebot3_teleop:/home/aksel/turtlebot3_ws/install/turtlebot3_example:/opt/ros/humble /usr/bin/cmake --build /home/aksel/Documents/GitHub/Mobile_robotter/ros2_ws/build/lidar_gui -- -j16 -l16
[2.266s] DEBUG:colcon.colcon_core.event_handler.log_command:Invoking command in '/home/aksel/Documents/GitHub/Mobile_robotter/ros2_ws/build/lidar_gui': CMAKE_PREFIX_PATH=${CMAKE_PREFIX_PATH}:/home/aksel/turtlebot3_ws/install/turtlebot3_teleop:/home/aksel/turtlebot3_ws/install/turtlebot3_example:/opt/ros/humble /usr/bin/cmake --install /home/aksel/Documents/GitHub/Mobile_robotter/ros2_ws/build/lidar_gui
[2.280s] Level 1:colcon.colcon_core.environment:create_environment_scripts_only(lidar_gui)
[2.280s] Level 1:colcon.colcon_core.environment:checking '/home/aksel/Documents/GitHub/Mobile_robotter/ros2_ws/install/lidar_gui' for CMake module files
[2.281s] DEBUG:colcon.colcon_core.event_handler.log_command:Invoked command in '/home/aksel/Documents/GitHub/Mobile_robotter/ros2_ws/build/lidar_gui' returned '0': CMAKE_PREFIX_PATH=${CMAKE_PREFIX_PATH}:/home/aksel/turtlebot3_ws/install/turtlebot3_teleop:/home/aksel/turtlebot3_ws/install/turtlebot3_example:/opt/ros/humble /usr/bin/cmake --install /home/aksel/Documents/GitHub/Mobile_robotter/ros2_ws/build/lidar_gui
[2.281s] Level 1:colcon.colcon_core.environment:checking '/home/aksel/Documents/GitHub/Mobile_robotter/ros2_ws/install/lidar_gui' for CMake config files
[2.281s] Level 1:colcon.colcon_core.shell:create_environment_hook('lidar_gui', 'cmake_prefix_path')
[2.281s] INFO:colcon.colcon_core.shell:Creating environment hook '/home/aksel/Documents/GitHub/Mobile_robotter/ros2_ws/install/lidar_gui/share/lidar_gui/hook/cmake_prefix_path.ps1'
[2.282s] INFO:colcon.colcon_core.shell:Creating environment descriptor '/home/aksel/Documents/GitHub/Mobile_robotter/ros2_ws/install/lidar_gui/share/lidar_gui/hook/cmake_prefix_path.dsv'
[2.282s] INFO:colcon.colcon_core.shell:Creating environment hook '/home/aksel/Documents/GitHub/Mobile_robotter/ros2_ws/install/lidar_gui/share/lidar_gui/hook/cmake_prefix_path.sh'
[2.282s] Level 1:colcon.colcon_core.environment:checking '/home/aksel/Documents/GitHub/Mobile_robotter/ros2_ws/install/lidar_gui/lib'
[2.282s] Level 1:colcon.colcon_core.environment:checking '/home/aksel/Documents/GitHub/Mobile_robotter/ros2_ws/install/lidar_gui/bin'
[2.282s] Level 1:colcon.colcon_core.environment:checking '/home/aksel/Documents/GitHub/Mobile_robotter/ros2_ws/install/lidar_gui/lib/pkgconfig/lidar_gui.pc'
[2.283s] Level 1:colcon.colcon_core.environment:checking '/home/aksel/Documents/GitHub/Mobile_robotter/ros2_ws/install/lidar_gui/lib/python3.10/site-packages'
[2.283s] Level 1:colcon.colcon_core.environment:checking '/home/aksel/Documents/GitHub/Mobile_robotter/ros2_ws/install/lidar_gui/bin'
[2.283s] INFO:colcon.colcon_core.shell:Creating package script '/home/aksel/Documents/GitHub/Mobile_robotter/ros2_ws/install/lidar_gui/share/lidar_gui/package.ps1'
[2.283s] INFO:colcon.colcon_core.shell:Creating package descriptor '/home/aksel/Documents/GitHub/Mobile_robotter/ros2_ws/install/lidar_gui/share/lidar_gui/package.dsv'
[2.284s] INFO:colcon.colcon_core.shell:Creating package script '/home/aksel/Documents/GitHub/Mobile_robotter/ros2_ws/install/lidar_gui/share/lidar_gui/package.sh'
[2.284s] INFO:colcon.colcon_core.shell:Creating package script '/home/aksel/Documents/GitHub/Mobile_robotter/ros2_ws/install/lidar_gui/share/lidar_gui/package.bash'
[2.284s] INFO:colcon.colcon_core.shell:Creating package script '/home/aksel/Documents/GitHub/Mobile_robotter/ros2_ws/install/lidar_gui/share/lidar_gui/package.zsh'
[2.284s] Level 1:colcon.colcon_core.environment:create_file_with_runtime_dependencies(/home/aksel/Documents/GitHub/Mobile_robotter/ros2_ws/install/lidar_gui/share/colcon-core/packages/lidar_gui)
[2.464s] Level 1:colcon.colcon_core.environment:create_environment_scripts_only(lidar_gui)
[2.466s] Level 1:colcon.colcon_core.environment:checking '/home/aksel/Documents/GitHub/Mobile_robotter/ros2_ws/install/lidar_gui' for CMake module files
[2.467s] Level 1:colcon.colcon_core.environment:checking '/home/aksel/Documents/GitHub/Mobile_robotter/ros2_ws/install/lidar_gui' for CMake config files
[2.470s] Level 1:colcon.colcon_core.shell:create_environment_hook('lidar_gui', 'cmake_prefix_path')
[2.472s] INFO:colcon.colcon_core.shell:Creating environment hook '/home/aksel/Documents/GitHub/Mobile_robotter/ros2_ws/install/lidar_gui/share/lidar_gui/hook/cmake_prefix_path.ps1'
[2.475s] INFO:colcon.colcon_core.shell:Creating environment descriptor '/home/aksel/Documents/GitHub/Mobile_robotter/ros2_ws/install/lidar_gui/share/lidar_gui/hook/cmake_prefix_path.dsv'
[2.475s] INFO:colcon.colcon_core.shell:Creating environment hook '/home/aksel/Documents/GitHub/Mobile_robotter/ros2_ws/install/lidar_gui/share/lidar_gui/hook/cmake_prefix_path.sh'
[2.479s] Level 1:colcon.colcon_core.environment:checking '/home/aksel/Documents/GitHub/Mobile_robotter/ros2_ws/install/lidar_gui/lib'
[2.480s] Level 1:colcon.colcon_core.environment:checking '/home/aksel/Documents/GitHub/Mobile_robotter/ros2_ws/install/lidar_gui/bin'
[2.481s] Level 1:colcon.colcon_core.environment:checking '/home/aksel/Documents/GitHub/Mobile_robotter/ros2_ws/install/lidar_gui/lib/pkgconfig/lidar_gui.pc'
[2.482s] Level 1:colcon.colcon_core.environment:checking '/home/aksel/Documents/GitHub/Mobile_robotter/ros2_ws/install/lidar_gui/lib/python3.10/site-packages'
[2.482s] Level 1:colcon.colcon_core.environment:checking '/home/aksel/Documents/GitHub/Mobile_robotter/ros2_ws/install/lidar_gui/bin'
[2.482s] INFO:colcon.colcon_core.shell:Creating package script '/home/aksel/Documents/GitHub/Mobile_robotter/ros2_ws/install/lidar_gui/share/lidar_gui/package.ps1'
[2.487s] INFO:colcon.colcon_core.shell:Creating package descriptor '/home/aksel/Documents/GitHub/Mobile_robotter/ros2_ws/install/lidar_gui/share/lidar_gui/package.dsv'
[2.489s] INFO:colcon.colcon_core.shell:Creating package script '/home/aksel/Documents/GitHub/Mobile_robotter/ros2_ws/install/lidar_gui/share/lidar_gui/package.sh'
[2.490s] INFO:colcon.colcon_core.shell:Creating package script '/home/aksel/Documents/GitHub/Mobile_robotter/ros2_ws/install/lidar_gui/share/lidar_gui/package.bash'
[2.495s] INFO:colcon.colcon_core.shell:Creating package script '/home/aksel/Documents/GitHub/Mobile_robotter/ros2_ws/install/lidar_gui/share/lidar_gui/package.zsh'
[2.496s] Level 1:colcon.colcon_core.environment:create_file_with_runtime_dependencies(/home/aksel/Documents/GitHub/Mobile_robotter/ros2_ws/install/lidar_gui/share/colcon-core/packages/lidar_gui)
[2.497s] DEBUG:colcon.colcon_parallel_executor.executor.parallel:closing loop
[2.500s] DEBUG:colcon.colcon_parallel_executor.executor.parallel:loop closed
[2.501s] DEBUG:colcon.colcon_parallel_executor.executor.parallel:run_until_complete finished with '0'
[2.501s] DEBUG:colcon.colcon_core.event_reactor:joining thread
[2.537s] INFO:colcon.colcon_core.plugin_system:Skipping extension 'colcon_notification.desktop_notification.terminal_notifier': Not used on non-Darwin systems
[2.538s] INFO:colcon.colcon_core.plugin_system:Skipping extension 'colcon_notification.desktop_notification.win32': Not used on non-Windows systems
[2.539s] INFO:colcon.colcon_notification.desktop_notification:Sending desktop notification using 'notify2'
[2.600s] DEBUG:colcon.colcon_core.event_reactor:joined thread
[2.601s] INFO:colcon.colcon_core.shell:Creating prefix script '/home/aksel/Documents/GitHub/Mobile_robotter/ros2_ws/install/local_setup.ps1'
[2.607s] INFO:colcon.colcon_core.shell:Creating prefix util module '/home/aksel/Documents/GitHub/Mobile_robotter/ros2_ws/install/_local_setup_util_ps1.py'
[2.615s] INFO:colcon.colcon_core.shell:Creating prefix chain script '/home/aksel/Documents/GitHub/Mobile_robotter/ros2_ws/install/setup.ps1'
[2.629s] INFO:colcon.colcon_core.shell:Creating prefix script '/home/aksel/Documents/GitHub/Mobile_robotter/ros2_ws/install/local_setup.sh'
[2.630s] INFO:colcon.colcon_core.shell:Creating prefix util module '/home/aksel/Documents/GitHub/Mobile_robotter/ros2_ws/install/_local_setup_util_sh.py'
[2.635s] INFO:colcon.colcon_core.shell:Creating prefix chain script '/home/aksel/Documents/GitHub/Mobile_robotter/ros2_ws/install/setup.sh'
[2.644s] INFO:colcon.colcon_core.shell:Creating prefix script '/home/aksel/Documents/GitHub/Mobile_robotter/ros2_ws/install/local_setup.bash'
[2.647s] INFO:colcon.colcon_core.shell:Creating prefix chain script '/home/aksel/Documents/GitHub/Mobile_robotter/ros2_ws/install/setup.bash'
[2.659s] INFO:colcon.colcon_core.shell:Creating prefix script '/home/aksel/Documents/GitHub/Mobile_robotter/ros2_ws/install/local_setup.zsh'
[2.659s] INFO:colcon.colcon_core.shell:Creating prefix chain script '/home/aksel/Documents/GitHub/Mobile_robotter/ros2_ws/install/setup.zsh'
