[0.189s] Invoking command in '/home/aksel/Documents/GitHub/Mobile_robotter/ros2_ws/build/controller_input': CMAKE_PREFIX_PATH=${CMAKE_PREFIX_PATH}:/home/aksel/turtlebot3_ws/install/turtlebot3_teleop:/home/aksel/turtlebot3_ws/install/turtlebot3_example:/opt/ros/humble /usr/bin/cmake --build /home/aksel/Documents/GitHub/Mobile_robotter/ros2_ws/build/controller_input -- -j16 -l16
[0.580s] [100%] Built target controller_input
[0.653s] Invoked command in '/home/aksel/Documents/GitHub/Mobile_robotter/ros2_ws/build/controller_input' returned '0': CMAKE_PREFIX_PATH=${CMAKE_PREFIX_PATH}:/home/aksel/turtlebot3_ws/install/turtlebot3_teleop:/home/aksel/turtlebot3_ws/install/turtlebot3_example:/opt/ros/humble /usr/bin/cmake --build /home/aksel/Documents/GitHub/Mobile_robotter/ros2_ws/build/controller_input -- -j16 -l16
[0.917s] Invoking command in '/home/aksel/Documents/GitHub/Mobile_robotter/ros2_ws/build/controller_input': CMAKE_PREFIX_PATH=${CMAKE_PREFIX_PATH}:/home/aksel/turtlebot3_ws/install/turtlebot3_teleop:/home/aksel/turtlebot3_ws/install/turtlebot3_example:/opt/ros/humble /usr/bin/cmake --install /home/aksel/Documents/GitHub/Mobile_robotter/ros2_ws/build/controller_input
[0.962s] -- Install configuration: ""
[0.964s] -- Up-to-date: /home/aksel/Documents/GitHub/Mobile_robotter/ros2_ws/install/controller_input/lib/controller_input/controller_input
[0.966s] -- Up-to-date: /home/aksel/Documents/GitHub/Mobile_robotter/ros2_ws/install/controller_input/share/controller_input//launch
[0.967s] -- Up-to-date: /home/aksel/Documents/GitHub/Mobile_robotter/ros2_ws/install/controller_input/share/controller_input//launch/controller_launch.py
[0.967s] -- Up-to-date: /home/aksel/Documents/GitHub/Mobile_robotter/ros2_ws/install/controller_input/share/ament_index/resource_index/package_run_dependencies/controller_input
[0.967s] -- Up-to-date: /home/aksel/Documents/GitHub/Mobile_robotter/ros2_ws/install/controller_input/share/ament_index/resource_index/parent_prefix_path/controller_input
[0.968s] -- Up-to-date: /home/aksel/Documents/GitHub/Mobile_robotter/ros2_ws/install/controller_input/share/controller_input/environment/ament_prefix_path.sh
[0.969s] -- Up-to-date: /home/aksel/Documents/GitHub/Mobile_robotter/ros2_ws/install/controller_input/share/controller_input/environment/ament_prefix_path.dsv
[0.970s] -- Up-to-date: /home/aksel/Documents/GitHub/Mobile_robotter/ros2_ws/install/controller_input/share/controller_input/environment/path.sh
[0.972s] -- Up-to-date: /home/aksel/Documents/GitHub/Mobile_robotter/ros2_ws/install/controller_input/share/controller_input/environment/path.dsv
[0.973s] -- Up-to-date: /home/aksel/Documents/GitHub/Mobile_robotter/ros2_ws/install/controller_input/share/controller_input/local_setup.bash
[0.974s] -- Up-to-date: /home/aksel/Documents/GitHub/Mobile_robotter/ros2_ws/install/controller_input/share/controller_input/local_setup.sh
[0.974s] -- Up-to-date: /home/aksel/Documents/GitHub/Mobile_robotter/ros2_ws/install/controller_input/share/controller_input/local_setup.zsh
[0.974s] -- Up-to-date: /home/aksel/Documents/GitHub/Mobile_robotter/ros2_ws/install/controller_input/share/controller_input/local_setup.dsv
[0.974s] -- Installing: /home/aksel/Documents/GitHub/Mobile_robotter/ros2_ws/install/controller_input/share/controller_input/package.dsv
[0.974s] -- Up-to-date: /home/aksel/Documents/GitHub/Mobile_robotter/ros2_ws/install/controller_input/share/ament_index/resource_index/packages/controller_input
[0.975s] -- Up-to-date: /home/aksel/Documents/GitHub/Mobile_robotter/ros2_ws/install/controller_input/share/controller_input/cmake/controller_inputConfig.cmake
[0.975s] -- Up-to-date: /home/aksel/Documents/GitHub/Mobile_robotter/ros2_ws/install/controller_input/share/controller_input/cmake/controller_inputConfig-version.cmake
[0.976s] -- Up-to-date: /home/aksel/Documents/GitHub/Mobile_robotter/ros2_ws/install/controller_input/share/controller_input/package.xml
[1.009s] Invoked command in '/home/aksel/Documents/GitHub/Mobile_robotter/ros2_ws/build/controller_input' returned '0': CMAKE_PREFIX_PATH=${CMAKE_PREFIX_PATH}:/home/aksel/turtlebot3_ws/install/turtlebot3_teleop:/home/aksel/turtlebot3_ws/install/turtlebot3_example:/opt/ros/humble /usr/bin/cmake --install /home/aksel/Documents/GitHub/Mobile_robotter/ros2_ws/build/controller_input
