[35m[1mConsolidate compiler generated dependencies of target lidar_reading[0m
[ 42%] [32mBuilding CXX object CMakeFiles/lidar_reading.dir/src/lidarData.cpp.o[0m
[ 42%] [32mBuilding CXX object CMakeFiles/lidar_reading.dir/src/functions.cpp.o[0m
[ 42%] [32mBuilding CXX object CMakeFiles/lidar_reading.dir/src/main.cpp.o[0m
[01m[K/home/aksel/Documents/GitHub/Mobile_robotter/ros2_ws/src/lidar_reading/src/functions.cpp:[m[K In function ‘[01m[Kint getScrnWidth()[m[K’:
[01m[K/home/aksel/Documents/GitHub/Mobile_robotter/ros2_ws/src/lidar_reading/src/functions.cpp:4:18:[m[K [01;31m[Kerror: [m[K‘[01m[KqApp[m[K’ was not declared in this scope
    4 |     QSize size = [01;31m[KqApp[m[K->screens()[0]->size();
      |                  [01;31m[K^~~~[m[K
[01m[K/home/aksel/Documents/GitHub/Mobile_robotter/ros2_ws/src/lidar_reading/src/functions.cpp:[m[K In function ‘[01m[Kint getScrnHeight()[m[K’:
[01m[K/home/aksel/Documents/GitHub/Mobile_robotter/ros2_ws/src/lidar_reading/src/functions.cpp:9:18:[m[K [01;31m[Kerror: [m[K‘[01m[KqApp[m[K’ was not declared in this scope
    9 |     QSize size = [01;31m[KqApp[m[K->screens()[0]->size();
      |                  [01;31m[K^~~~[m[K
[01m[K/home/aksel/Documents/GitHub/Mobile_robotter/ros2_ws/src/lidar_reading/src/functions.cpp:[m[K In function ‘[01m[KQSize getScrnSize()[m[K’:
[01m[K/home/aksel/Documents/GitHub/Mobile_robotter/ros2_ws/src/lidar_reading/src/functions.cpp:14:18:[m[K [01;31m[Kerror: [m[K‘[01m[KqApp[m[K’ was not declared in this scope
   14 |     QSize size = [01;31m[KqApp[m[K->screens()[0]->size();
      |                  [01;31m[K^~~~[m[K
gmake[2]: *** [CMakeFiles/lidar_reading.dir/build.make:132: CMakeFiles/lidar_reading.dir/src/functions.cpp.o] Error 1
gmake[2]: *** Waiting for unfinished jobs....
In file included from [01m[K/home/aksel/Documents/GitHub/Mobile_robotter/ros2_ws/src/lidar_reading/src/lidarData.cpp:1[m[K:
[01m[K/home/aksel/Documents/GitHub/Mobile_robotter/ros2_ws/src/lidar_reading/src/lidarData.h:11:28:[m[K [01;31m[Kerror: [m[K‘[01m[Krclcpp[m[K’ has not been declared
   11 | class MappingNode : public [01;31m[Krclcpp[m[K::Node {
      |                            [01;31m[K^~~~~~[m[K
[01m[K/home/aksel/Documents/GitHub/Mobile_robotter/ros2_ws/src/lidar_reading/src/lidarData.h:11:36:[m[K [01;31m[Kerror: [m[Kexpected ‘[01m[K{[m[K’ before ‘[01m[KNode[m[K’
   11 | class MappingNode : public rclcpp::[01;31m[KNode[m[K {
      |                                    [01;31m[K^~~~[m[K
[01m[K/home/aksel/Documents/GitHub/Mobile_robotter/ros2_ws/src/lidar_reading/src/lidarData.h:12:1:[m[K [01;31m[Kerror: [m[Kexpected primary-expression before ‘[01m[Kprivate[m[K’
   12 | [01;31m[Kprivate[m[K:
      | [01;31m[K^~~~~~~[m[K
[01m[K/home/aksel/Documents/GitHub/Mobile_robotter/ros2_ws/src/lidar_reading/src/lidarData.h:12:1:[m[K [01;31m[Kerror: [m[Kexpected ‘[01m[K}[m[K’ before ‘[01m[Kprivate[m[K’
[01m[K/home/aksel/Documents/GitHub/Mobile_robotter/ros2_ws/src/lidar_reading/src/lidarData.h:11:41:[m[K [01;36m[Knote: [m[Kto match this ‘[01m[K{[m[K’
   11 | class MappingNode : public rclcpp::Node [01;36m[K{[m[K
      |                                         [01;36m[K^[m[K
[01m[K/home/aksel/Documents/GitHub/Mobile_robotter/ros2_ws/src/lidar_reading/src/lidarData.h:17:1:[m[K [01;31m[Kerror: [m[Kexpected unqualified-id before ‘[01m[Kpublic[m[K’
   17 | [01;31m[Kpublic[m[K:
      | [01;31m[K^~~~~~[m[K
[01m[K/home/aksel/Documents/GitHub/Mobile_robotter/ros2_ws/src/lidar_reading/src/lidarData.h:24:57:[m[K [01;31m[Kerror: [m[K‘[01m[Ksensor_msgs[m[K’ does not name a type
   24 |     std::vector<std::vector<double>> scanCallback(const [01;31m[Ksensor_msgs[m[K::msg::LaserScan::SharedPtr msg);
      |                                                         [01;31m[K^~~~~~~~~~~[m[K
[01m[K/home/aksel/Documents/GitHub/Mobile_robotter/ros2_ws/src/lidar_reading/src/lidarData.h:24:73:[m[K [01;31m[Kerror: [m[Kexpected unqualified-id before ‘[01m[K::[m[K’ token
   24 |     std::vector<std::vector<double>> scanCallback(const sensor_msgs::msg[01;31m[K::[m[KLaserScan::SharedPtr msg);
      |                                                                         [01;31m[K^~[m[K
[01m[K/home/aksel/Documents/GitHub/Mobile_robotter/ros2_ws/src/lidar_reading/src/lidarData.h:24:73:[m[K [01;31m[Kerror: [m[Kexpected ‘[01m[K)[m[K’ before ‘[01m[K::[m[K’ token
   24 |     std::vector<std::vector<double>> scanCallback[34m[K([m[Kconst sensor_msgs::msg[01;31m[K:[m[K[32m[K:[m[KLaserScan::SharedPtr msg);
      |                                                  [34m[K~[m[K                      [01;31m[K^[m[K[32m[K~[m[K
      |                                                                         [32m[K)[m[K
[01m[K/home/aksel/Documents/GitHub/Mobile_robotter/ros2_ws/src/lidar_reading/src/lidarData.h:24:73:[m[K [01;31m[Kerror: [m[Kexpected initializer before ‘[01m[K::[m[K’ token
   24 |     std::vector<std::vector<double>> scanCallback(const sensor_msgs::msg[01;31m[K::[m[KLaserScan::SharedPtr msg);
      |                                                                         [01;31m[K^~[m[K
[01m[K/home/aksel/Documents/GitHub/Mobile_robotter/ros2_ws/src/lidar_reading/src/lidarData.h:25:1:[m[K [01;31m[Kerror: [m[Kexpected declaration before ‘[01m[K}[m[K’ token
   25 | [01;31m[K}[m[K
      | [01;31m[K^[m[K
[01m[K/home/aksel/Documents/GitHub/Mobile_robotter/ros2_ws/src/lidar_reading/src/lidarData.cpp:3:1:[m[K [01;31m[Kerror: [m[KISO C++ forbids declaration of ‘[01m[KMappingNode[m[K’ with no type [[01;31m[K]8;;https://gcc.gnu.org/onlinedocs/gcc/Warning-Options.html#index-fpermissive-fpermissive]8;;[m[K]
    3 | [01;31m[KMappingNode[m[K() : Node("mapping_node") {
      | [01;31m[K^~~~~~~~~~~[m[K
[01m[K/home/aksel/Documents/GitHub/Mobile_robotter/ros2_ws/src/lidar_reading/src/lidarData.cpp:[m[K In function ‘[01m[Kint MappingNode()[m[K’:
[01m[K/home/aksel/Documents/GitHub/Mobile_robotter/ros2_ws/src/lidar_reading/src/lidarData.cpp:3:17:[m[K [01;31m[Kerror: [m[Konly constructors take member initializers
    3 | MappingNode() : [01;31m[KNode[m[K("mapping_node") {
      |                 [01;31m[K^~~~[m[K
[01m[K/home/aksel/Documents/GitHub/Mobile_robotter/ros2_ws/src/lidar_reading/src/lidarData.cpp:5:5:[m[K [01;31m[Kerror: [m[K‘[01m[Krclcpp[m[K’ has not been declared
    5 |     [01;31m[Krclcpp[m[K::QoS qos{rclcpp::SensorDataQoS()};
      |     [01;31m[K^~~~~~[m[K
[01m[K/home/aksel/Documents/GitHub/Mobile_robotter/ros2_ws/src/lidar_reading/src/lidarData.cpp:8:5:[m[K [01;31m[Kerror: [m[K‘[01m[K_lidar_subscription[m[K’ was not declared in this scope
    8 |     [01;31m[K_lidar_subscription[m[K = this->create_subscription<sensor_msgs::msg::LaserScan>(
      |     [01;31m[K^~~~~~~~~~~~~~~~~~~[m[K
[01m[K/home/aksel/Documents/GitHub/Mobile_robotter/ros2_ws/src/lidar_reading/src/lidarData.cpp:8:27:[m[K [01;31m[Kerror: [m[Kinvalid use of ‘[01m[Kthis[m[K’ in non-member function
    8 |     _lidar_subscription = [01;31m[Kthis[m[K->create_subscription<sensor_msgs::msg::LaserScan>(
      |                           [01;31m[K^~~~[m[K
[01m[K/home/aksel/Documents/GitHub/Mobile_robotter/ros2_ws/src/lidar_reading/src/lidarData.cpp:8:53:[m[K [01;31m[Kerror: [m[K‘[01m[Ksensor_msgs[m[K’ has not been declared
    8 |     _lidar_subscription = this->create_subscription<[01;31m[Ksensor_msgs[m[K::msg::LaserScan>(
      |                                                     [01;31m[K^~~~~~~~~~~[m[K
[01m[K/home/aksel/Documents/GitHub/Mobile_robotter/ros2_ws/src/lidar_reading/src/lidarData.cpp:9:18:[m[K [01;31m[Kerror: [m[K‘[01m[Kqos[m[K’ was not declared in this scope; did you mean ‘[01m[KqCos[m[K’?
    9 |         "/scan", [01;31m[Kqos[m[K, std::bind(&MappingNode::scanCallback, this, std::placeholders::_1));
      |                  [01;31m[K^~~[m[K
      |                  [32m[KqCos[m[K
[01m[K/home/aksel/Documents/GitHub/Mobile_robotter/ros2_ws/src/lidar_reading/src/lidarData.cpp:9:47:[m[K [01;31m[Kerror: [m[Kincomplete type ‘[01m[KMappingNode[m[K’ used in nested name specifier
    9 |         "/scan", qos, std::bind(&MappingNode::[01;31m[KscanCallback[m[K, this, std::placeholders::_1));
      |                                               [01;31m[K^~~~~~~~~~~~[m[K
[01m[K/home/aksel/Documents/GitHub/Mobile_robotter/ros2_ws/src/lidar_reading/src/lidarData.cpp:9:61:[m[K [01;31m[Kerror: [m[Kinvalid use of ‘[01m[Kthis[m[K’ in non-member function
    9 |         "/scan", qos, std::bind(&MappingNode::scanCallback, [01;31m[Kthis[m[K, std::placeholders::_1));
      |                                                             [01;31m[K^~~~[m[K
[01m[K/home/aksel/Documents/GitHub/Mobile_robotter/ros2_ws/src/lidar_reading/src/lidarData.cpp:12:22:[m[K [01;31m[Kerror: [m[K‘[01m[Kargc[m[K’ was not declared in this scope
   12 |     QApplication app([01;31m[Kargc[m[K, argv);
      |                      [01;31m[K^~~~[m[K
[01m[K/home/aksel/Documents/GitHub/Mobile_robotter/ros2_ws/src/lidar_reading/src/lidarData.cpp:12:28:[m[K [01;31m[Kerror: [m[K‘[01m[Kargv[m[K’ was not declared in this scope
   12 |     QApplication app(argc, [01;31m[Kargv[m[K);
      |                            [01;31m[K^~~~[m[K
[01m[K/home/aksel/Documents/GitHub/Mobile_robotter/ros2_ws/src/lidar_reading/src/lidarData.cpp:28:1:[m[K [01;35m[Kwarning: [m[Kno return statement in function returning non-void [[01;35m[K]8;;https://gcc.gnu.org/onlinedocs/gcc/Warning-Options.html#index-Wreturn-type-Wreturn-type]8;;[m[K]
   28 | [01;35m[K}[m[K
      | [01;35m[K^[m[K
[01m[K/home/aksel/Documents/GitHub/Mobile_robotter/ros2_ws/src/lidar_reading/src/lidarData.cpp:[m[K At global scope:
[01m[K/home/aksel/Documents/GitHub/Mobile_robotter/ros2_ws/src/lidar_reading/src/lidarData.cpp:44:53:[m[K [01;31m[Kerror: [m[K‘[01m[Ksensor_msgs[m[K’ does not name a type
   44 | std::vector<std::vector<double>> scanCallback(const [01;31m[Ksensor_msgs[m[K::msg::LaserScan::SharedPtr msg) {
      |                                                     [01;31m[K^~~~~~~~~~~[m[K
[01m[K/home/aksel/Documents/GitHub/Mobile_robotter/ros2_ws/src/lidar_reading/src/lidarData.cpp:44:69:[m[K [01;31m[Kerror: [m[Kexpected unqualified-id before ‘[01m[K::[m[K’ token
   44 | std::vector<std::vector<double>> scanCallback(const sensor_msgs::msg[01;31m[K::[m[KLaserScan::SharedPtr msg) {
      |                                                                     [01;31m[K^~[m[K
[01m[K/home/aksel/Documents/GitHub/Mobile_robotter/ros2_ws/src/lidar_reading/src/lidarData.cpp:44:69:[m[K [01;31m[Kerror: [m[Kexpected ‘[01m[K)[m[K’ before ‘[01m[K::[m[K’ token
   44 | std::vector<std::vector<double>> scanCallback[34m[K([m[Kconst sensor_msgs::msg[01;31m[K:[m[K[32m[K:[m[KLaserScan::SharedPtr msg) {
      |                                              [34m[K~[m[K                      [01;31m[K^[m[K[32m[K~[m[K
      |                                                                     [32m[K)[m[K
[01m[K/home/aksel/Documents/GitHub/Mobile_robotter/ros2_ws/src/lidar_reading/src/lidarData.cpp:44:69:[m[K [01;31m[Kerror: [m[Kexpected initializer before ‘[01m[K::[m[K’ token
   44 | std::vector<std::vector<double>> scanCallback(const sensor_msgs::msg[01;31m[K::[m[KLaserScan::SharedPtr msg) {
      |                                                                     [01;31m[K^~[m[K
In file included from [01m[K/home/aksel/Documents/GitHub/Mobile_robotter/ros2_ws/src/lidar_reading/src/main.cpp:2[m[K:
[01m[K/home/aksel/Documents/GitHub/Mobile_robotter/ros2_ws/src/lidar_reading/src/lidarData.h:11:28:[m[K [01;31m[Kerror: [m[K‘[01m[Krclcpp[m[K’ has not been declared
   11 | class MappingNode : public [01;31m[Krclcpp[m[K::Node {
      |                            [01;31m[K^~~~~~[m[K
[01m[K/home/aksel/Documents/GitHub/Mobile_robotter/ros2_ws/src/lidar_reading/src/lidarData.h:11:36:[m[K [01;31m[Kerror: [m[Kexpected ‘[01m[K{[m[K’ before ‘[01m[KNode[m[K’
   11 | class MappingNode : public rclcpp::[01;31m[KNode[m[K {
      |                                    [01;31m[K^~~~[m[K
[01m[K/home/aksel/Documents/GitHub/Mobile_robotter/ros2_ws/src/lidar_reading/src/lidarData.h:12:1:[m[K [01;31m[Kerror: [m[Kexpected primary-expression before ‘[01m[Kprivate[m[K’
   12 | [01;31m[Kprivate[m[K:
      | [01;31m[K^~~~~~~[m[K
[01m[K/home/aksel/Documents/GitHub/Mobile_robotter/ros2_ws/src/lidar_reading/src/lidarData.h:12:1:[m[K [01;31m[Kerror: [m[Kexpected ‘[01m[K}[m[K’ before ‘[01m[Kprivate[m[K’
[01m[K/home/aksel/Documents/GitHub/Mobile_robotter/ros2_ws/src/lidar_reading/src/lidarData.h:11:41:[m[K [01;36m[Knote: [m[Kto match this ‘[01m[K{[m[K’
   11 | class MappingNode : public rclcpp::Node [01;36m[K{[m[K
      |                                         [01;36m[K^[m[K
[01m[K/home/aksel/Documents/GitHub/Mobile_robotter/ros2_ws/src/lidar_reading/src/lidarData.h:17:1:[m[K [01;31m[Kerror: [m[Kexpected unqualified-id before ‘[01m[Kpublic[m[K’
   17 | [01;31m[Kpublic[m[K:
      | [01;31m[K^~~~~~[m[K
[01m[K/home/aksel/Documents/GitHub/Mobile_robotter/ros2_ws/src/lidar_reading/src/lidarData.h:24:57:[m[K [01;31m[Kerror: [m[K‘[01m[Ksensor_msgs[m[K’ does not name a type
   24 |     std::vector<std::vector<double>> scanCallback(const [01;31m[Ksensor_msgs[m[K::msg::LaserScan::SharedPtr msg);
      |                                                         [01;31m[K^~~~~~~~~~~[m[K
[01m[K/home/aksel/Documents/GitHub/Mobile_robotter/ros2_ws/src/lidar_reading/src/lidarData.h:24:73:[m[K [01;31m[Kerror: [m[Kexpected unqualified-id before ‘[01m[K::[m[K’ token
   24 |     std::vector<std::vector<double>> scanCallback(const sensor_msgs::msg[01;31m[K::[m[KLaserScan::SharedPtr msg);
      |                                                                         [01;31m[K^~[m[K
[01m[K/home/aksel/Documents/GitHub/Mobile_robotter/ros2_ws/src/lidar_reading/src/lidarData.h:24:73:[m[K [01;31m[Kerror: [m[Kexpected ‘[01m[K)[m[K’ before ‘[01m[K::[m[K’ token
   24 |     std::vector<std::vector<double>> scanCallback[34m[K([m[Kconst sensor_msgs::msg[01;31m[K:[m[K[32m[K:[m[KLaserScan::SharedPtr msg);
      |                                                  [34m[K~[m[K                      [01;31m[K^[m[K[32m[K~[m[K
      |                                                                         [32m[K)[m[K
[01m[K/home/aksel/Documents/GitHub/Mobile_robotter/ros2_ws/src/lidar_reading/src/lidarData.h:24:73:[m[K [01;31m[Kerror: [m[Kexpected initializer before ‘[01m[K::[m[K’ token
   24 |     std::vector<std::vector<double>> scanCallback(const sensor_msgs::msg[01;31m[K::[m[KLaserScan::SharedPtr msg);
      |                                                                         [01;31m[K^~[m[K
[01m[K/home/aksel/Documents/GitHub/Mobile_robotter/ros2_ws/src/lidar_reading/src/lidarData.h:25:1:[m[K [01;31m[Kerror: [m[Kexpected declaration before ‘[01m[K}[m[K’ token
   25 | [01;31m[K}[m[K
      | [01;31m[K^[m[K
gmake[2]: *** [CMakeFiles/lidar_reading.dir/build.make:146: CMakeFiles/lidar_reading.dir/src/lidarData.cpp.o] Error 1
[01m[K/home/aksel/Documents/GitHub/Mobile_robotter/ros2_ws/src/lidar_reading/src/main.cpp:[m[K In function ‘[01m[Kint main(int, char**)[m[K’:
[01m[K/home/aksel/Documents/GitHub/Mobile_robotter/ros2_ws/src/lidar_reading/src/main.cpp:18:17:[m[K [01;31m[Kerror: [m[Kno matching function for call to ‘[01m[Kspin(std::shared_ptr<MappingNode>)[m[K’
   18 |     [01;31m[Krclcpp::spin(std::make_shared<MappingNode>())[m[K;
      |     [01;31m[K~~~~~~~~~~~~^~~~~~~~~~~~~~~~~~~~~~~~~~~~~~~~~[m[K
In file included from [01m[K/opt/ros/humble/include/rclcpp/rclcpp/rclcpp.hpp:155[m[K,
                 from [01m[K/home/aksel/Documents/GitHub/Mobile_robotter/ros2_ws/src/lidar_reading/src/main.cpp:8[m[K:
[01m[K/opt/ros/humble/include/rclcpp/rclcpp/executors.hpp:45:1:[m[K [01;36m[Knote: [m[Kcandidate: ‘[01m[Kvoid rclcpp::spin(rclcpp::node_interfaces::NodeBaseInterface::SharedPtr)[m[K’
   45 | [01;36m[Kspin[m[K(rclcpp::node_interfaces::NodeBaseInterface::SharedPtr node_ptr);
      | [01;36m[K^~~~[m[K
[01m[K/opt/ros/humble/include/rclcpp/rclcpp/executors.hpp:45:60:[m[K [01;36m[Knote: [m[K  no known conversion for argument 1 from ‘[01m[Kshared_ptr<[01;32m[KMappingNode[m[K>[m[K’ to ‘[01m[Kshared_ptr<[01;32m[Krclcpp::node_interfaces::NodeBaseInterface[m[K>[m[K’
   45 | spin([01;36m[Krclcpp::node_interfaces::NodeBaseInterface::SharedPtr node_ptr[m[K);
      |      [01;36m[K~~~~~~~~~~~~~~~~~~~~~~~~~~~~~~~~~~~~~~~~~~~~~~~~~~~~~~^~~~~~~~[m[K
[01m[K/opt/ros/humble/include/rclcpp/rclcpp/executors.hpp:49:1:[m[K [01;36m[Knote: [m[Kcandidate: ‘[01m[Kvoid rclcpp::spin(rclcpp::Node::SharedPtr)[m[K’
   49 | [01;36m[Kspin[m[K(rclcpp::Node::SharedPtr node_ptr);
      | [01;36m[K^~~~[m[K
[01m[K/opt/ros/humble/include/rclcpp/rclcpp/executors.hpp:49:30:[m[K [01;36m[Knote: [m[K  no known conversion for argument 1 from ‘[01m[Kshared_ptr<[01;32m[KMappingNode[m[K>[m[K’ to ‘[01m[Kshared_ptr<[01;32m[Krclcpp::Node[m[K>[m[K’
   49 | spin([01;36m[Krclcpp::Node::SharedPtr node_ptr[m[K);
      |      [01;36m[K~~~~~~~~~~~~~~~~~~~~~~~~^~~~~~~~[m[K
In file included from [01m[K/usr/include/c++/11/unordered_map:42[m[K,
                 from [01m[K/usr/include/c++/11/functional:61[m[K,
                 from [01m[K/usr/include/c++/11/pstl/glue_algorithm_defs.h:13[m[K,
                 from [01m[K/usr/include/c++/11/algorithm:74[m[K,
                 from [01m[K/usr/include/x86_64-linux-gnu/qt6/QtCore/qglobal.h:137[m[K,
                 from [01m[K/usr/include/x86_64-linux-gnu/qt6/QtGui/qtguiglobal.h:43[m[K,
                 from [01m[K/usr/include/x86_64-linux-gnu/qt6/QtWidgets/qtwidgetsglobal.h:43[m[K,
                 from [01m[K/usr/include/x86_64-linux-gnu/qt6/QtWidgets/qwidget.h:43[m[K,
                 from [01m[K/usr/include/x86_64-linux-gnu/qt6/QtWidgets/QWidget:1[m[K,
                 from [01m[K/home/aksel/Documents/GitHub/Mobile_robotter/ros2_ws/src/lidar_reading/src/widgetClass.h:4[m[K,
                 from [01m[K/home/aksel/Documents/GitHub/Mobile_robotter/ros2_ws/src/lidar_reading/src/windowClass.h:4[m[K,
                 from [01m[K/home/aksel/Documents/GitHub/Mobile_robotter/ros2_ws/src/lidar_reading/src/main.cpp:1[m[K:
/usr/include/c++/11/ext/aligned_buffer.h: In instantiation of ‘[01m[Kstruct __gnu_cxx::__aligned_buffer<MappingNode>[m[K’:
[01m[K/usr/include/c++/11/bits/shared_ptr_base.h:506:35:[m[K   required from ‘[01m[Kclass std::_Sp_counted_ptr_inplace<MappingNode, std::allocator<MappingNode>, __gnu_cxx::_S_atomic>::_Impl[m[K’
[01m[K/usr/include/c++/11/bits/shared_ptr_base.h:567:13:[m[K   required from ‘[01m[Kclass std::_Sp_counted_ptr_inplace<MappingNode, std::allocator<MappingNode>, __gnu_cxx::_S_atomic>[m[K’
[01m[K/usr/include/c++/11/bits/shared_ptr_base.h:647:43:[m[K   required from ‘[01m[Kstd::__shared_count<_Lp>::__shared_count(_Tp*&, std::_Sp_alloc_shared_tag<_Alloc>, _Args&& ...) [with _Tp = MappingNode; _Alloc = std::allocator<MappingNode>; _Args = {}; __gnu_cxx::_Lock_policy _Lp = __gnu_cxx::_S_atomic][m[K’
[01m[K/usr/include/c++/11/bits/shared_ptr_base.h:1342:14:[m[K   required from ‘[01m[Kstd::__shared_ptr<_Tp, _Lp>::__shared_ptr(std::_Sp_alloc_shared_tag<_Tp>, _Args&& ...) [with _Alloc = std::allocator<MappingNode>; _Args = {}; _Tp = MappingNode; __gnu_cxx::_Lock_policy _Lp = __gnu_cxx::_S_atomic][m[K’
[01m[K/usr/include/c++/11/bits/shared_ptr.h:409:59:[m[K   required from ‘[01m[Kstd::shared_ptr<_Tp>::shared_ptr(std::_Sp_alloc_shared_tag<_Tp>, _Args&& ...) [with _Alloc = std::allocator<MappingNode>; _Args = {}; _Tp = MappingNode][m[K’
[01m[K/usr/include/c++/11/bits/shared_ptr.h:862:14:[m[K   required from ‘[01m[Kstd::shared_ptr<_Tp> std::allocate_shared(const _Alloc&, _Args&& ...) [with _Tp = MappingNode; _Alloc = std::allocator<MappingNode>; _Args = {}][m[K’
[01m[K/usr/include/c++/11/bits/shared_ptr.h:878:39:[m[K   required from ‘[01m[Kstd::shared_ptr<_Tp> std::make_shared(_Args&& ...) [with _Tp = MappingNode; _Args = {}][m[K’
[01m[K/home/aksel/Documents/GitHub/Mobile_robotter/ros2_ws/src/lidar_reading/src/main.cpp:18:47:[m[K   required from here
[01m[K/usr/include/c++/11/ext/aligned_buffer.h:91:28:[m[K [01;31m[Kerror: [m[Kinvalid application of ‘[01m[Ksizeof[m[K’ to incomplete type ‘[01m[KMappingNode[m[K’
   91 |     : std::aligned_storage<[01;31m[Ksizeof(_Tp)[m[K, __alignof__(_Tp)>
      |                            [01;31m[K^~~~~~~~~~~[m[K
[01m[K/usr/include/c++/11/ext/aligned_buffer.h:91:28:[m[K [01;31m[Kerror: [m[Kinvalid application of ‘[01m[Ksizeof[m[K’ to incomplete type ‘[01m[KMappingNode[m[K’
gmake[2]: *** [CMakeFiles/lidar_reading.dir/build.make:76: CMakeFiles/lidar_reading.dir/src/main.cpp.o] Error 1
gmake[1]: *** [CMakeFiles/Makefile2:137: CMakeFiles/lidar_reading.dir/all] Error 2
gmake: *** [Makefile:146: all] Error 2
