-- Found ament_cmake: 1.3.10 (/opt/ros/humble/share/ament_cmake/cmake)
-- Override CMake install command with custom implementation using symlinks instead of copying resources
-- Found rclcpp: 16.0.10 (/opt/ros/humble/share/rclcpp/cmake)
-- Found rosidl_generator_c: 3.1.5 (/opt/ros/humble/share/rosidl_generator_c/cmake)
-- Found rosidl_adapter: 3.1.5 (/opt/ros/humble/share/rosidl_adapter/cmake)
-- Found rosidl_generator_cpp: 3.1.5 (/opt/ros/humble/share/rosidl_generator_cpp/cmake)
-- Using all available rosidl_typesupport_c: rosidl_typesupport_fastrtps_c;rosidl_typesupport_introspection_c
-- Using all available rosidl_typesupport_cpp: rosidl_typesupport_fastrtps_cpp;rosidl_typesupport_introspection_cpp
-- Found rmw_implementation_cmake: 6.1.2 (/opt/ros/humble/share/rmw_implementation_cmake/cmake)
-- Found rmw_fastrtps_cpp: 6.2.7 (/opt/ros/humble/share/rmw_fastrtps_cpp/cmake)
-- Using RMW implementation 'rmw_fastrtps_cpp' as default
-- Found geometry_msgs: 4.2.4 (/opt/ros/humble/share/geometry_msgs/cmake)
-- Found sensor_msgs: 4.2.4 (/opt/ros/humble/share/sensor_msgs/cmake)
-- Found rclcpp_components: 16.0.10 (/opt/ros/humble/share/rclcpp_components/cmake)
-- Configuring done
-- Generating done
-- Build files have been written to: /home/aksel/Documents/GitHub/Mobile_robotter/ros2_ws/build/lidar_data
[35m[1mConsolidate compiler generated dependencies of target lidar_data[0m
[ 50%] [32mBuilding CXX object CMakeFiles/lidar_data.dir/src/main.cpp.o[0m
[100%] [32m[1mLinking CXX executable lidar_data[0m
[100%] Built target lidar_data
-- Install configuration: ""
-- Execute custom install script
-- Symlinking: /home/aksel/Documents/GitHub/Mobile_robotter/ros2_ws/install/lidar_data/lib/lidar_data/lidar_data
-- Symlinking: /home/aksel/Documents/GitHub/Mobile_robotter/ros2_ws/install/lidar_data/share/ament_index/resource_index/package_run_dependencies/lidar_data
-- Symlinking: /home/aksel/Documents/GitHub/Mobile_robotter/ros2_ws/install/lidar_data/share/ament_index/resource_index/parent_prefix_path/lidar_data
-- Symlinking: /home/aksel/Documents/GitHub/Mobile_robotter/ros2_ws/install/lidar_data/share/lidar_data/environment/ament_prefix_path.sh
-- Symlinking: /home/aksel/Documents/GitHub/Mobile_robotter/ros2_ws/install/lidar_data/share/lidar_data/environment/ament_prefix_path.dsv
-- Symlinking: /home/aksel/Documents/GitHub/Mobile_robotter/ros2_ws/install/lidar_data/share/lidar_data/environment/path.sh
-- Symlinking: /home/aksel/Documents/GitHub/Mobile_robotter/ros2_ws/install/lidar_data/share/lidar_data/environment/path.dsv
-- Symlinking: /home/aksel/Documents/GitHub/Mobile_robotter/ros2_ws/install/lidar_data/share/lidar_data/local_setup.bash
-- Symlinking: /home/aksel/Documents/GitHub/Mobile_robotter/ros2_ws/install/lidar_data/share/lidar_data/local_setup.sh
-- Symlinking: /home/aksel/Documents/GitHub/Mobile_robotter/ros2_ws/install/lidar_data/share/lidar_data/local_setup.zsh
-- Symlinking: /home/aksel/Documents/GitHub/Mobile_robotter/ros2_ws/install/lidar_data/share/lidar_data/local_setup.dsv
-- Symlinking: /home/aksel/Documents/GitHub/Mobile_robotter/ros2_ws/install/lidar_data/share/lidar_data/package.dsv
-- Symlinking: /home/aksel/Documents/GitHub/Mobile_robotter/ros2_ws/install/lidar_data/share/ament_index/resource_index/packages/lidar_data
-- Symlinking: /home/aksel/Documents/GitHub/Mobile_robotter/ros2_ws/install/lidar_data/share/lidar_data/cmake/lidar_dataConfig.cmake
-- Symlinking: /home/aksel/Documents/GitHub/Mobile_robotter/ros2_ws/install/lidar_data/share/lidar_data/cmake/lidar_dataConfig-version.cmake
-- Symlinking: /home/aksel/Documents/GitHub/Mobile_robotter/ros2_ws/install/lidar_data/share/lidar_data/package.xml
