[0.008s] Invoking command in '/home/aksel/Documents/GitHub/Mobile_robotter/ros2_ws/build/dtmf_to_cmd_vel': CMAKE_PREFIX_PATH=${CMAKE_PREFIX_PATH}:/opt/ros/humble /usr/bin/cmake --build /home/aksel/Documents/GitHub/Mobile_robotter/ros2_ws/build/dtmf_to_cmd_vel -- -j16 -l16
[0.043s] [35m[1mConsolidate compiler generated dependencies of target dtmf_to_cmd_vel[0m
[0.059s] [ 25%] [32mBuilding CXX object CMakeFiles/dtmf_to_cmd_vel.dir/src/audio.cpp.o[0m
[2.298s] [ 50%] [32m[1mLinking CXX executable dtmf_to_cmd_vel[0m
[2.463s] [100%] Built target dtmf_to_cmd_vel
[2.476s] Invoked command in '/home/aksel/Documents/GitHub/Mobile_robotter/ros2_ws/build/dtmf_to_cmd_vel' returned '0': CMAKE_PREFIX_PATH=${CMAKE_PREFIX_PATH}:/opt/ros/humble /usr/bin/cmake --build /home/aksel/Documents/GitHub/Mobile_robotter/ros2_ws/build/dtmf_to_cmd_vel -- -j16 -l16
[2.504s] Invoking command in '/home/aksel/Documents/GitHub/Mobile_robotter/ros2_ws/build/dtmf_to_cmd_vel': CMAKE_PREFIX_PATH=${CMAKE_PREFIX_PATH}:/opt/ros/humble /usr/bin/cmake --install /home/aksel/Documents/GitHub/Mobile_robotter/ros2_ws/build/dtmf_to_cmd_vel
[2.510s] -- Install configuration: ""
[2.511s] -- Execute custom install script
[2.511s] -- Up-to-date symlink: /home/aksel/Documents/GitHub/Mobile_robotter/ros2_ws/install/dtmf_to_cmd_vel/lib/dtmf_to_cmd_vel/dtmf_to_cmd_vel
[2.511s] -- Up-to-date symlink: /home/aksel/Documents/GitHub/Mobile_robotter/ros2_ws/install/dtmf_to_cmd_vel/share/ament_index/resource_index/package_run_dependencies/dtmf_to_cmd_vel
[2.511s] -- Up-to-date symlink: /home/aksel/Documents/GitHub/Mobile_robotter/ros2_ws/install/dtmf_to_cmd_vel/share/ament_index/resource_index/parent_prefix_path/dtmf_to_cmd_vel
[2.511s] -- Up-to-date symlink: /home/aksel/Documents/GitHub/Mobile_robotter/ros2_ws/install/dtmf_to_cmd_vel/share/dtmf_to_cmd_vel/environment/ament_prefix_path.sh
[2.511s] -- Up-to-date symlink: /home/aksel/Documents/GitHub/Mobile_robotter/ros2_ws/install/dtmf_to_cmd_vel/share/dtmf_to_cmd_vel/environment/ament_prefix_path.dsv
[2.512s] -- Up-to-date symlink: /home/aksel/Documents/GitHub/Mobile_robotter/ros2_ws/install/dtmf_to_cmd_vel/share/dtmf_to_cmd_vel/environment/path.sh
[2.512s] -- Up-to-date symlink: /home/aksel/Documents/GitHub/Mobile_robotter/ros2_ws/install/dtmf_to_cmd_vel/share/dtmf_to_cmd_vel/environment/path.dsv
[2.512s] -- Up-to-date symlink: /home/aksel/Documents/GitHub/Mobile_robotter/ros2_ws/install/dtmf_to_cmd_vel/share/dtmf_to_cmd_vel/local_setup.bash
[2.512s] -- Up-to-date symlink: /home/aksel/Documents/GitHub/Mobile_robotter/ros2_ws/install/dtmf_to_cmd_vel/share/dtmf_to_cmd_vel/local_setup.sh
[2.512s] -- Up-to-date symlink: /home/aksel/Documents/GitHub/Mobile_robotter/ros2_ws/install/dtmf_to_cmd_vel/share/dtmf_to_cmd_vel/local_setup.zsh
[2.512s] -- Up-to-date symlink: /home/aksel/Documents/GitHub/Mobile_robotter/ros2_ws/install/dtmf_to_cmd_vel/share/dtmf_to_cmd_vel/local_setup.dsv
[2.512s] -- Symlinking: /home/aksel/Documents/GitHub/Mobile_robotter/ros2_ws/install/dtmf_to_cmd_vel/share/dtmf_to_cmd_vel/package.dsv
[2.520s] -- Up-to-date symlink: /home/aksel/Documents/GitHub/Mobile_robotter/ros2_ws/install/dtmf_to_cmd_vel/share/ament_index/resource_index/packages/dtmf_to_cmd_vel
[2.520s] -- Up-to-date symlink: /home/aksel/Documents/GitHub/Mobile_robotter/ros2_ws/install/dtmf_to_cmd_vel/share/dtmf_to_cmd_vel/cmake/dtmf_to_cmd_velConfig.cmake
[2.521s] -- Up-to-date symlink: /home/aksel/Documents/GitHub/Mobile_robotter/ros2_ws/install/dtmf_to_cmd_vel/share/dtmf_to_cmd_vel/cmake/dtmf_to_cmd_velConfig-version.cmake
[2.521s] -- Up-to-date symlink: /home/aksel/Documents/GitHub/Mobile_robotter/ros2_ws/install/dtmf_to_cmd_vel/share/dtmf_to_cmd_vel/package.xml
[2.522s] Invoked command in '/home/aksel/Documents/GitHub/Mobile_robotter/ros2_ws/build/dtmf_to_cmd_vel' returned '0': CMAKE_PREFIX_PATH=${CMAKE_PREFIX_PATH}:/opt/ros/humble /usr/bin/cmake --install /home/aksel/Documents/GitHub/Mobile_robotter/ros2_ws/build/dtmf_to_cmd_vel
