[31mCMake Error at CMakeLists.txt:26 (add_executable):
  add_executable cannot create target "lidar_reading" because another target
  with the same name already exists.  The existing target is an executable
  created in source directory
  "/home/aksel/Documents/GitHub/Mobile_robotter/ros2_ws/src/lidar_reading".
  See documentation for policy CMP0002 for more details.

[0m
[31mCMake Error at /opt/ros/humble/share/ament_cmake_target_dependencies/cmake/ament_target_dependencies.cmake:145 (target_link_libraries):
  The keyword signature for target_link_libraries has already been used with
  the target "lidar_reading".  All uses of target_link_libraries with a
  target must be either all-keyword or all-plain.

  The uses of the keyword signature are here:

   * /usr/lib/x86_64-linux-gnu/cmake/Qt6Core/Qt6CoreMacros.cmake:524 (target_link_libraries)
   * CMakeLists.txt:33 (target_link_libraries)

Call Stack (most recent call first):
  CMakeLists.txt:40 (ament_target_dependencies)

[0m
[31mCMake Error at CMakeLists.txt:50 (install):
  install TARGETS given target "MobileRobotterMapping" which does not exist.

[0m
[31mCMake Error at /opt/ros/humble/share/ament_cmake_core/cmake/core/ament_package_xml.cmake:53 (message):
  ament_package_xml() package name 'lidar_reading' in '/package.xml' does not
  match current PROJECT_NAME 'MobileRobotterMapping'.  You must call
  project() with the same package name before.
Call Stack (most recent call first):
  /opt/ros/humble/share/ament_cmake_core/cmake/core/ament_package.cmake:63 (ament_package_xml)
  CMakeLists.txt:65 (ament_package)

[0m
