[0.037s] Invoking command in '/home/aksel/Documents/GitHub/Mobile_robotter/ros2_ws/build/lidar_gui': CMAKE_PREFIX_PATH=${CMAKE_PREFIX_PATH}:/home/aksel/turtlebot3_ws/install/turtlebot3_teleop:/home/aksel/turtlebot3_ws/install/turtlebot3_example:/opt/ros/humble /usr/bin/cmake --build /home/aksel/Documents/GitHub/Mobile_robotter/ros2_ws/build/lidar_gui -- -j16 -l16
[0.073s] [35m[1mConsolidate compiler generated dependencies of target lidar_gui[0m
[0.091s] [ 20%] [32mBuilding CXX object CMakeFiles/lidar_gui.dir/src/GUIWindow.cpp.o[0m
[0.411s] [01m[K/home/aksel/Documents/GitHub/Mobile_robotter/ros2_ws/src/lidar_gui/src/GUIWindow.cpp:[m[K In member function ‘[01m[Kvoid GUI::lidarReading(float, float, float)[m[K’:
[0.411s] [01m[K/home/aksel/Documents/GitHub/Mobile_robotter/ros2_ws/src/lidar_gui/src/GUIWindow.cpp:91:33:[m[K [01;31m[Kerror: [m[Kcannot convert ‘[01m[Kstd::vector<Wall>::iterator[m[K’ to ‘[01m[Kint[m[K’ in initialization
[0.411s]    91 |     for (int i = [01;31m[KwallFrags.begin()[m[K; i != wallFrags.end(); i++) {
[0.411s]       |                  [01;31m[K~~~~~~~~~~~~~~~^~[m[K
[0.412s]       |                                 [01;31m[K|[m[K
[0.412s]       |                                 [01;31m[Kstd::vector<Wall>::iterator[m[K
[0.412s] [01m[K/home/aksel/Documents/GitHub/Mobile_robotter/ros2_ws/src/lidar_gui/src/GUIWindow.cpp:91:39:[m[K [01;31m[Kerror: [m[Kno match for ‘[01m[Koperator!=[m[K’ (operand types are ‘[01m[Kint[m[K’ and ‘[01m[Kstd::vector<Wall>::iterator[m[K’)
[0.412s]    91 |     for (int i = wallFrags.begin(); [32m[Ki[m[K [01;31m[K!=[m[K [34m[KwallFrags.end()[m[K; i++) {
[0.412s]       |                                     [32m[K~[m[K [01;31m[K^~[m[K [34m[K~~~~~~~~~~~~~~~[m[K
[0.412s]       |                                     [32m[K|[m[K                 [34m[K|[m[K
[0.412s]       |                                     [32m[Kint[m[K               [34m[Kstd::vector<Wall>::iterator[m[K
[0.412s] In file included from [01m[K/usr/include/c++/11/bits/stl_algobase.h:64[m[K,
[0.412s]                  from [01m[K/usr/include/c++/11/vector:60[m[K,
[0.412s]                  from [01m[K/home/aksel/Documents/GitHub/Mobile_robotter/ros2_ws/src/lidar_gui/include/GUIWindow.h:5[m[K,
[0.412s]                  from [01m[K/home/aksel/Documents/GitHub/Mobile_robotter/ros2_ws/src/lidar_gui/src/GUIWindow.cpp:1[m[K:
[0.412s] [01m[K/usr/include/c++/11/bits/stl_pair.h:496:5:[m[K [01;36m[Knote: [m[Kcandidate: ‘[01m[Ktemplate<class _T1, class _T2> constexpr bool std::operator!=(const std::pair<_T1, _T2>&, const std::pair<_T1, _T2>&)[m[K’
[0.412s]   496 |     [01;36m[Koperator[m[K!=(const pair<_T1, _T2>& __x, const pair<_T1, _T2>& __y)
[0.412s]       |     [01;36m[K^~~~~~~~[m[K
[0.412s] [01m[K/usr/include/c++/11/bits/stl_pair.h:496:5:[m[K [01;36m[Knote: [m[K  template argument deduction/substitution failed:
[0.412s] [01m[K/home/aksel/Documents/GitHub/Mobile_robotter/ros2_ws/src/lidar_gui/src/GUIWindow.cpp:91:56:[m[K [01;36m[Knote: [m[K  mismatched types ‘[01m[Kconst std::pair<_T1, _T2>[m[K’ and ‘[01m[Kint[m[K’
[0.412s]    91 |     for (int i = wallFrags.begin(); i != wallFrags.end([01;36m[K)[m[K; i++) {
[0.412s]       |                                                        [01;36m[K^[m[K
[0.412s] In file included from [01m[K/usr/include/c++/11/bits/stl_algobase.h:67[m[K,
[0.413s]                  from [01m[K/usr/include/c++/11/vector:60[m[K,
[0.413s]                  from [01m[K/home/aksel/Documents/GitHub/Mobile_robotter/ros2_ws/src/lidar_gui/include/GUIWindow.h:5[m[K,
[0.413s]                  from [01m[K/home/aksel/Documents/GitHub/Mobile_robotter/ros2_ws/src/lidar_gui/src/GUIWindow.cpp:1[m[K:
[0.413s] [01m[K/usr/include/c++/11/bits/stl_iterator.h:432:5:[m[K [01;36m[Knote: [m[Kcandidate: ‘[01m[Ktemplate<class _Iterator> constexpr bool std::operator!=(const std::reverse_iterator<_Iterator>&, const std::reverse_iterator<_Iterator>&)[m[K’
[0.413s]   432 |     [01;36m[Koperator[m[K!=(const reverse_iterator<_Iterator>& __x,
[0.413s]       |     [01;36m[K^~~~~~~~[m[K
[0.413s] [01m[K/usr/include/c++/11/bits/stl_iterator.h:432:5:[m[K [01;36m[Knote: [m[K  template argument deduction/substitution failed:
[0.413s] [01m[K/home/aksel/Documents/GitHub/Mobile_robotter/ros2_ws/src/lidar_gui/src/GUIWindow.cpp:91:56:[m[K [01;36m[Knote: [m[K  mismatched types ‘[01m[Kconst std::reverse_iterator<_Iterator>[m[K’ and ‘[01m[Kint[m[K’
[0.413s]    91 |     for (int i = wallFrags.begin(); i != wallFrags.end([01;36m[K)[m[K; i++) {
[0.413s]       |                                                        [01;36m[K^[m[K
[0.413s] In file included from [01m[K/usr/include/c++/11/bits/stl_algobase.h:67[m[K,
[0.413s]                  from [01m[K/usr/include/c++/11/vector:60[m[K,
[0.413s]                  from [01m[K/home/aksel/Documents/GitHub/Mobile_robotter/ros2_ws/src/lidar_gui/include/GUIWindow.h:5[m[K,
[0.413s]                  from [01m[K/home/aksel/Documents/GitHub/Mobile_robotter/ros2_ws/src/lidar_gui/src/GUIWindow.cpp:1[m[K:
[0.413s] [01m[K/usr/include/c++/11/bits/stl_iterator.h:471:5:[m[K [01;36m[Knote: [m[Kcandidate: ‘[01m[Ktemplate<class _IteratorL, class _IteratorR> constexpr bool std::operator!=(const std::reverse_iterator<_Iterator>&, const std::reverse_iterator<_IteratorR>&)[m[K’
[0.413s]   471 |     [01;36m[Koperator[m[K!=(const reverse_iterator<_IteratorL>& __x,
[0.413s]       |     [01;36m[K^~~~~~~~[m[K
[0.413s] [01m[K/usr/include/c++/11/bits/stl_iterator.h:471:5:[m[K [01;36m[Knote: [m[K  template argument deduction/substitution failed:
[0.413s] [01m[K/home/aksel/Documents/GitHub/Mobile_robotter/ros2_ws/src/lidar_gui/src/GUIWindow.cpp:91:56:[m[K [01;36m[Knote: [m[K  mismatched types ‘[01m[Kconst std::reverse_iterator<_Iterator>[m[K’ and ‘[01m[Kint[m[K’
[0.413s]    91 |     for (int i = wallFrags.begin(); i != wallFrags.end([01;36m[K)[m[K; i++) {
[0.413s]       |                                                        [01;36m[K^[m[K
[0.413s] In file included from [01m[K/usr/include/c++/11/bits/stl_algobase.h:67[m[K,
[0.413s]                  from [01m[K/usr/include/c++/11/vector:60[m[K,
[0.414s]                  from [01m[K/home/aksel/Documents/GitHub/Mobile_robotter/ros2_ws/src/lidar_gui/include/GUIWindow.h:5[m[K,
[0.414s]                  from [01m[K/home/aksel/Documents/GitHub/Mobile_robotter/ros2_ws/src/lidar_gui/src/GUIWindow.cpp:1[m[K:
[0.414s] [01m[K/usr/include/c++/11/bits/stl_iterator.h:1602:5:[m[K [01;36m[Knote: [m[Kcandidate: ‘[01m[Ktemplate<class _IteratorL, class _IteratorR> constexpr bool std::operator!=(const std::move_iterator<_IteratorL>&, const std::move_iterator<_IteratorR>&)[m[K’
[0.414s]  1602 |     [01;36m[Koperator[m[K!=(const move_iterator<_IteratorL>& __x,
[0.414s]       |     [01;36m[K^~~~~~~~[m[K
[0.414s] [01m[K/usr/include/c++/11/bits/stl_iterator.h:1602:5:[m[K [01;36m[Knote: [m[K  template argument deduction/substitution failed:
[0.414s] [01m[K/home/aksel/Documents/GitHub/Mobile_robotter/ros2_ws/src/lidar_gui/src/GUIWindow.cpp:91:56:[m[K [01;36m[Knote: [m[K  mismatched types ‘[01m[Kconst std::move_iterator<_IteratorL>[m[K’ and ‘[01m[Kint[m[K’
[0.414s]    91 |     for (int i = wallFrags.begin(); i != wallFrags.end([01;36m[K)[m[K; i++) {
[0.414s]       |                                                        [01;36m[K^[m[K
[0.414s] In file included from [01m[K/usr/include/c++/11/bits/stl_algobase.h:67[m[K,
[0.414s]                  from [01m[K/usr/include/c++/11/vector:60[m[K,
[0.414s]                  from [01m[K/home/aksel/Documents/GitHub/Mobile_robotter/ros2_ws/src/lidar_gui/include/GUIWindow.h:5[m[K,
[0.414s]                  from [01m[K/home/aksel/Documents/GitHub/Mobile_robotter/ros2_ws/src/lidar_gui/src/GUIWindow.cpp:1[m[K:
[0.414s] [01m[K/usr/include/c++/11/bits/stl_iterator.h:1661:5:[m[K [01;36m[Knote: [m[Kcandidate: ‘[01m[Ktemplate<class _Iterator> constexpr bool std::operator!=(const std::move_iterator<_IteratorL>&, const std::move_iterator<_IteratorL>&)[m[K’
[0.414s]  1661 |     [01;36m[Koperator[m[K!=(const move_iterator<_Iterator>& __x,
[0.414s]       |     [01;36m[K^~~~~~~~[m[K
[0.414s] [01m[K/usr/include/c++/11/bits/stl_iterator.h:1661:5:[m[K [01;36m[Knote: [m[K  template argument deduction/substitution failed:
[0.414s] [01m[K/home/aksel/Documents/GitHub/Mobile_robotter/ros2_ws/src/lidar_gui/src/GUIWindow.cpp:91:56:[m[K [01;36m[Knote: [m[K  mismatched types ‘[01m[Kconst std::move_iterator<_IteratorL>[m[K’ and ‘[01m[Kint[m[K’
[0.414s]    91 |     for (int i = wallFrags.begin(); i != wallFrags.end([01;36m[K)[m[K; i++) {
[0.414s]       |                                                        [01;36m[K^[m[K
[0.414s] In file included from [01m[K/usr/include/c++/11/vector:64[m[K,
[0.414s]                  from [01m[K/home/aksel/Documents/GitHub/Mobile_robotter/ros2_ws/src/lidar_gui/include/GUIWindow.h:5[m[K,
[0.414s]                  from [01m[K/home/aksel/Documents/GitHub/Mobile_robotter/ros2_ws/src/lidar_gui/src/GUIWindow.cpp:1[m[K:
[0.414s] [01m[K/usr/include/c++/11/bits/allocator.h:225:5:[m[K [01;36m[Knote: [m[Kcandidate: ‘[01m[Ktemplate<class _T1, class _T2> bool std::operator!=(const std::allocator<_Tp1>&, const std::allocator<_T2>&)[m[K’
[0.415s]   225 |     [01;36m[Koperator[m[K!=(const allocator<_T1>&, const allocator<_T2>&)
[0.415s]       |     [01;36m[K^~~~~~~~[m[K
[0.415s] [01m[K/usr/include/c++/11/bits/allocator.h:225:5:[m[K [01;36m[Knote: [m[K  template argument deduction/substitution failed:
[0.415s] [01m[K/home/aksel/Documents/GitHub/Mobile_robotter/ros2_ws/src/lidar_gui/src/GUIWindow.cpp:91:56:[m[K [01;36m[Knote: [m[K  mismatched types ‘[01m[Kconst std::allocator<_Tp1>[m[K’ and ‘[01m[Kint[m[K’
[0.415s]    91 |     for (int i = wallFrags.begin(); i != wallFrags.end([01;36m[K)[m[K; i++) {
[0.415s]       |                                                        [01;36m[K^[m[K
[0.415s] In file included from [01m[K/usr/include/c++/11/vector:67[m[K,
[0.415s]                  from [01m[K/home/aksel/Documents/GitHub/Mobile_robotter/ros2_ws/src/lidar_gui/include/GUIWindow.h:5[m[K,
[0.415s]                  from [01m[K/home/aksel/Documents/GitHub/Mobile_robotter/ros2_ws/src/lidar_gui/src/GUIWindow.cpp:1[m[K:
[0.415s] [01m[K/usr/include/c++/11/bits/stl_vector.h:1937:5:[m[K [01;36m[Knote: [m[Kcandidate: ‘[01m[Ktemplate<class _Tp, class _Alloc> bool std::operator!=(const std::vector<_Tp, _Alloc>&, const std::vector<_Tp, _Alloc>&)[m[K’
[0.415s]  1937 |     [01;36m[Koperator[m[K!=(const vector<_Tp, _Alloc>& __x, const vector<_Tp, _Alloc>& __y)
[0.415s]       |     [01;36m[K^~~~~~~~[m[K
[0.415s] [01m[K/usr/include/c++/11/bits/stl_vector.h:1937:5:[m[K [01;36m[Knote: [m[K  template argument deduction/substitution failed:
[0.415s] [01m[K/home/aksel/Documents/GitHub/Mobile_robotter/ros2_ws/src/lidar_gui/src/GUIWindow.cpp:91:56:[m[K [01;36m[Knote: [m[K  mismatched types ‘[01m[Kconst std::vector<_Tp, _Alloc>[m[K’ and ‘[01m[Kint[m[K’
[0.415s]    91 |     for (int i = wallFrags.begin(); i != wallFrags.end([01;36m[K)[m[K; i++) {
[0.415s]       |                                                        [01;36m[K^[m[K
[0.415s] In file included from [01m[K/usr/include/c++/11/tuple:39[m[K,
[0.415s]                  from [01m[K/usr/include/c++/11/mutex:38[m[K,
[0.415s]                  from [01m[K/home/aksel/Documents/GitHub/Mobile_robotter/ros2_ws/src/lidar_gui/include/GUIWindow.h:8[m[K,
[0.415s]                  from [01m[K/home/aksel/Documents/GitHub/Mobile_robotter/ros2_ws/src/lidar_gui/src/GUIWindow.cpp:1[m[K:
[0.415s] [01m[K/usr/include/c++/11/array:305:5:[m[K [01;36m[Knote: [m[Kcandidate: ‘[01m[Ktemplate<class _Tp, long unsigned int _Nm> bool std::operator!=(const std::array<_Tp, _Nm>&, const std::array<_Tp, _Nm>&)[m[K’
[0.415s]   305 |     [01;36m[Koperator[m[K!=(const array<_Tp, _Nm>& __one, const array<_Tp, _Nm>& __two)
[0.415s]       |     [01;36m[K^~~~~~~~[m[K
[0.415s] [01m[K/usr/include/c++/11/array:305:5:[m[K [01;36m[Knote: [m[K  template argument deduction/substitution failed:
[0.415s] [01m[K/home/aksel/Documents/GitHub/Mobile_robotter/ros2_ws/src/lidar_gui/src/GUIWindow.cpp:91:56:[m[K [01;36m[Knote: [m[K  mismatched types ‘[01m[Kconst std::array<_Tp, _Nm>[m[K’ and ‘[01m[Kint[m[K’
[0.416s]    91 |     for (int i = wallFrags.begin(); i != wallFrags.end([01;36m[K)[m[K; i++) {
[0.416s]       |                                                        [01;36m[K^[m[K
[0.416s] In file included from [01m[K/usr/include/c++/11/mutex:38[m[K,
[0.416s]                  from [01m[K/home/aksel/Documents/GitHub/Mobile_robotter/ros2_ws/src/lidar_gui/include/GUIWindow.h:8[m[K,
[0.416s]                  from [01m[K/home/aksel/Documents/GitHub/Mobile_robotter/ros2_ws/src/lidar_gui/src/GUIWindow.cpp:1[m[K:
[0.416s] [01m[K/usr/include/c++/11/tuple:1579:5:[m[K [01;36m[Knote: [m[Kcandidate: ‘[01m[Ktemplate<class ... _TElements, class ... _UElements> constexpr bool std::operator!=(const std::tuple<_Tps ...>&, const std::tuple<_UTypes ...>&)[m[K’
[0.416s]  1579 |     [01;36m[Koperator[m[K!=(const tuple<_TElements...>& __t,
[0.416s]       |     [01;36m[K^~~~~~~~[m[K
[0.416s] [01m[K/usr/include/c++/11/tuple:1579:5:[m[K [01;36m[Knote: [m[K  template argument deduction/substitution failed:
[0.416s] [01m[K/home/aksel/Documents/GitHub/Mobile_robotter/ros2_ws/src/lidar_gui/src/GUIWindow.cpp:91:56:[m[K [01;36m[Knote: [m[K  mismatched types ‘[01m[Kconst std::tuple<_Tps ...>[m[K’ and ‘[01m[Kint[m[K’
[0.416s]    91 |     for (int i = wallFrags.begin(); i != wallFrags.end([01;36m[K)[m[K; i++) {
[0.416s]       |                                                        [01;36m[K^[m[K
[0.416s] In file included from [01m[K/usr/include/c++/11/iosfwd:40[m[K,
[0.416s]                  from [01m[K/usr/include/c++/11/system_error:40[m[K,
[0.416s]                  from [01m[K/usr/include/c++/11/mutex:42[m[K,
[0.416s]                  from [01m[K/home/aksel/Documents/GitHub/Mobile_robotter/ros2_ws/src/lidar_gui/include/GUIWindow.h:8[m[K,
[0.416s]                  from [01m[K/home/aksel/Documents/GitHub/Mobile_robotter/ros2_ws/src/lidar_gui/src/GUIWindow.cpp:1[m[K:
[0.416s] [01m[K/usr/include/c++/11/bits/postypes.h:227:5:[m[K [01;36m[Knote: [m[Kcandidate: ‘[01m[Ktemplate<class _StateT> bool std::operator!=(const std::fpos<_StateT>&, const std::fpos<_StateT>&)[m[K’
[0.416s]   227 |     [01;36m[Koperator[m[K!=(const fpos<_StateT>& __lhs, const fpos<_StateT>& __rhs)
[0.416s]       |     [01;36m[K^~~~~~~~[m[K
[0.416s] [01m[K/usr/include/c++/11/bits/postypes.h:227:5:[m[K [01;36m[Knote: [m[K  template argument deduction/substitution failed:
[0.416s] [01m[K/home/aksel/Documents/GitHub/Mobile_robotter/ros2_ws/src/lidar_gui/src/GUIWindow.cpp:91:56:[m[K [01;36m[Knote: [m[K  mismatched types ‘[01m[Kconst std::fpos<_StateT>[m[K’ and ‘[01m[Kint[m[K’
[0.416s]    91 |     for (int i = wallFrags.begin(); i != wallFrags.end([01;36m[K)[m[K; i++) {
[0.416s]       |                                                        [01;36m[K^[m[K
[0.417s] In file included from [01m[K/usr/include/c++/11/bits/basic_string.h:48[m[K,
[0.417s]                  from [01m[K/usr/include/c++/11/string:55[m[K,
[0.417s]                  from [01m[K/usr/include/c++/11/stdexcept:39[m[K,
[0.417s]                  from [01m[K/usr/include/c++/11/system_error:41[m[K,
[0.417s]                  from [01m[K/usr/include/c++/11/mutex:42[m[K,
[0.417s]                  from [01m[K/home/aksel/Documents/GitHub/Mobile_robotter/ros2_ws/src/lidar_gui/include/GUIWindow.h:8[m[K,
[0.417s]                  from [01m[K/home/aksel/Documents/GitHub/Mobile_robotter/ros2_ws/src/lidar_gui/src/GUIWindow.cpp:1[m[K:
[0.417s] [01m[K/usr/include/c++/11/string_view:570:5:[m[K [01;36m[Knote: [m[Kcandidate: ‘[01m[Ktemplate<class _CharT, class _Traits> constexpr bool std::operator!=(std::basic_string_view<_CharT, _Traits>, std::basic_string_view<_CharT, _Traits>)[m[K’
[0.417s]   570 |     [01;36m[Koperator[m[K!=(basic_string_view<_CharT, _Traits> __x,
[0.417s]       |     [01;36m[K^~~~~~~~[m[K
[0.417s] [01m[K/usr/include/c++/11/string_view:570:5:[m[K [01;36m[Knote: [m[K  template argument deduction/substitution failed:
[0.417s] [01m[K/home/aksel/Documents/GitHub/Mobile_robotter/ros2_ws/src/lidar_gui/src/GUIWindow.cpp:91:56:[m[K [01;36m[Knote: [m[K  mismatched types ‘[01m[Kstd::basic_string_view<_CharT, _Traits>[m[K’ and ‘[01m[Kint[m[K’
[0.417s]    91 |     for (int i = wallFrags.begin(); i != wallFrags.end([01;36m[K)[m[K; i++) {
[0.417s]       |                                                        [01;36m[K^[m[K
[0.417s] In file included from [01m[K/usr/include/c++/11/bits/basic_string.h:48[m[K,
[0.417s]                  from [01m[K/usr/include/c++/11/string:55[m[K,
[0.417s]                  from [01m[K/usr/include/c++/11/stdexcept:39[m[K,
[0.417s]                  from [01m[K/usr/include/c++/11/system_error:41[m[K,
[0.417s]                  from [01m[K/usr/include/c++/11/mutex:42[m[K,
[0.417s]                  from [01m[K/home/aksel/Documents/GitHub/Mobile_robotter/ros2_ws/src/lidar_gui/include/GUIWindow.h:8[m[K,
[0.417s]                  from [01m[K/home/aksel/Documents/GitHub/Mobile_robotter/ros2_ws/src/lidar_gui/src/GUIWindow.cpp:1[m[K:
[0.417s] [01m[K/usr/include/c++/11/string_view:576:5:[m[K [01;36m[Knote: [m[Kcandidate: ‘[01m[Ktemplate<class _CharT, class _Traits> constexpr bool std::operator!=(std::basic_string_view<_CharT, _Traits>, std::__type_identity_t<std::basic_string_view<_CharT, _Traits> >)[m[K’
[0.417s]   576 |     [01;36m[Koperator[m[K!=(basic_string_view<_CharT, _Traits> __x,
[0.417s]       |     [01;36m[K^~~~~~~~[m[K
[0.418s] [01m[K/usr/include/c++/11/string_view:576:5:[m[K [01;36m[Knote: [m[K  template argument deduction/substitution failed:
[0.418s] [01m[K/home/aksel/Documents/GitHub/Mobile_robotter/ros2_ws/src/lidar_gui/src/GUIWindow.cpp:91:56:[m[K [01;36m[Knote: [m[K  mismatched types ‘[01m[Kstd::basic_string_view<_CharT, _Traits>[m[K’ and ‘[01m[Kint[m[K’
[0.418s]    91 |     for (int i = wallFrags.begin(); i != wallFrags.end([01;36m[K)[m[K; i++) {
[0.418s]       |                                                        [01;36m[K^[m[K
[0.418s] In file included from [01m[K/usr/include/c++/11/bits/basic_string.h:48[m[K,
[0.418s]                  from [01m[K/usr/include/c++/11/string:55[m[K,
[0.418s]                  from [01m[K/usr/include/c++/11/stdexcept:39[m[K,
[0.418s]                  from [01m[K/usr/include/c++/11/system_error:41[m[K,
[0.418s]                  from [01m[K/usr/include/c++/11/mutex:42[m[K,
[0.418s]                  from [01m[K/home/aksel/Documents/GitHub/Mobile_robotter/ros2_ws/src/lidar_gui/include/GUIWindow.h:8[m[K,
[0.418s]                  from [01m[K/home/aksel/Documents/GitHub/Mobile_robotter/ros2_ws/src/lidar_gui/src/GUIWindow.cpp:1[m[K:
[0.418s] [01m[K/usr/include/c++/11/string_view:583:5:[m[K [01;36m[Knote: [m[Kcandidate: ‘[01m[Ktemplate<class _CharT, class _Traits> constexpr bool std::operator!=(std::__type_identity_t<std::basic_string_view<_CharT, _Traits> >, std::basic_string_view<_CharT, _Traits>)[m[K’
[0.418s]   583 |     [01;36m[Koperator[m[K!=(__type_identity_t<basic_string_view<_CharT, _Traits>> __x,
[0.418s]       |     [01;36m[K^~~~~~~~[m[K
[0.418s] [01m[K/usr/include/c++/11/string_view:583:5:[m[K [01;36m[Knote: [m[K  template argument deduction/substitution failed:
[0.418s] [01m[K/home/aksel/Documents/GitHub/Mobile_robotter/ros2_ws/src/lidar_gui/src/GUIWindow.cpp:91:56:[m[K [01;36m[Knote: [m[K  ‘[01m[K__gnu_cxx::__normal_iterator<Wall*, std::vector<Wall> >[m[K’ is not derived from ‘[01m[Kstd::basic_string_view<_CharT, _Traits>[m[K’
[0.418s]    91 |     for (int i = wallFrags.begin(); i != wallFrags.end([01;36m[K)[m[K; i++) {
[0.418s]       |                                                        [01;36m[K^[m[K
[0.418s] In file included from [01m[K/usr/include/c++/11/string:55[m[K,
[0.418s]                  from [01m[K/usr/include/c++/11/stdexcept:39[m[K,
[0.418s]                  from [01m[K/usr/include/c++/11/system_error:41[m[K,
[0.418s]                  from [01m[K/usr/include/c++/11/mutex:42[m[K,
[0.418s]                  from [01m[K/home/aksel/Documents/GitHub/Mobile_robotter/ros2_ws/src/lidar_gui/include/GUIWindow.h:8[m[K,
[0.418s]                  from [01m[K/home/aksel/Documents/GitHub/Mobile_robotter/ros2_ws/src/lidar_gui/src/GUIWindow.cpp:1[m[K:
[0.418s] [01m[K/usr/include/c++/11/bits/basic_string.h:6302:5:[m[K [01;36m[Knote: [m[Kcandidate: ‘[01m[Ktemplate<class _CharT, class _Traits, class _Alloc> bool std::operator!=(const std::__cxx11::basic_string<_CharT, _Traits, _Allocator>&, const std::__cxx11::basic_string<_CharT, _Traits, _Allocator>&)[m[K’
[0.418s]  6302 |     [01;36m[Koperator[m[K!=(const basic_string<_CharT, _Traits, _Alloc>& __lhs,
[0.419s]       |     [01;36m[K^~~~~~~~[m[K
[0.419s] [01m[K/usr/include/c++/11/bits/basic_string.h:6302:5:[m[K [01;36m[Knote: [m[K  template argument deduction/substitution failed:
[0.419s] [01m[K/home/aksel/Documents/GitHub/Mobile_robotter/ros2_ws/src/lidar_gui/src/GUIWindow.cpp:91:56:[m[K [01;36m[Knote: [m[K  mismatched types ‘[01m[Kconst std::__cxx11::basic_string<_CharT, _Traits, _Allocator>[m[K’ and ‘[01m[Kint[m[K’
[0.419s]    91 |     for (int i = wallFrags.begin(); i != wallFrags.end([01;36m[K)[m[K; i++) {
[0.419s]       |                                                        [01;36m[K^[m[K
[0.419s] In file included from [01m[K/usr/include/c++/11/string:55[m[K,
[0.419s]                  from [01m[K/usr/include/c++/11/stdexcept:39[m[K,
[0.419s]                  from [01m[K/usr/include/c++/11/system_error:41[m[K,
[0.419s]                  from [01m[K/usr/include/c++/11/mutex:42[m[K,
[0.419s]                  from [01m[K/home/aksel/Documents/GitHub/Mobile_robotter/ros2_ws/src/lidar_gui/include/GUIWindow.h:8[m[K,
[0.419s]                  from [01m[K/home/aksel/Documents/GitHub/Mobile_robotter/ros2_ws/src/lidar_gui/src/GUIWindow.cpp:1[m[K:
[0.419s] [01m[K/usr/include/c++/11/bits/basic_string.h:6315:5:[m[K [01;36m[Knote: [m[Kcandidate: ‘[01m[Ktemplate<class _CharT, class _Traits, class _Alloc> bool std::operator!=(const _CharT*, const std::__cxx11::basic_string<_CharT, _Traits, _Allocator>&)[m[K’
[0.419s]  6315 |     [01;36m[Koperator[m[K!=(const _CharT* __lhs,
[0.419s]       |     [01;36m[K^~~~~~~~[m[K
[0.419s] [01m[K/usr/include/c++/11/bits/basic_string.h:6315:5:[m[K [01;36m[Knote: [m[K  template argument deduction/substitution failed:
[0.419s] [01m[K/home/aksel/Documents/GitHub/Mobile_robotter/ros2_ws/src/lidar_gui/src/GUIWindow.cpp:91:56:[m[K [01;36m[Knote: [m[K  mismatched types ‘[01m[Kconst _CharT*[m[K’ and ‘[01m[Kint[m[K’
[0.419s]    91 |     for (int i = wallFrags.begin(); i != wallFrags.end([01;36m[K)[m[K; i++) {
[0.419s]       |                                                        [01;36m[K^[m[K
[0.419s] In file included from [01m[K/usr/include/c++/11/string:55[m[K,
[0.419s]                  from [01m[K/usr/include/c++/11/stdexcept:39[m[K,
[0.419s]                  from [01m[K/usr/include/c++/11/system_error:41[m[K,
[0.419s]                  from [01m[K/usr/include/c++/11/mutex:42[m[K,
[0.419s]                  from [01m[K/home/aksel/Documents/GitHub/Mobile_robotter/ros2_ws/src/lidar_gui/include/GUIWindow.h:8[m[K,
[0.419s]                  from [01m[K/home/aksel/Documents/GitHub/Mobile_robotter/ros2_ws/src/lidar_gui/src/GUIWindow.cpp:1[m[K:
[0.419s] [01m[K/usr/include/c++/11/bits/basic_string.h:6327:5:[m[K [01;36m[Knote: [m[Kcandidate: ‘[01m[Ktemplate<class _CharT, class _Traits, class _Alloc> bool std::operator!=(const std::__cxx11::basic_string<_CharT, _Traits, _Allocator>&, const _CharT*)[m[K’
[0.419s]  6327 |     [01;36m[Koperator[m[K!=(const basic_string<_CharT, _Traits, _Alloc>& __lhs,
[0.420s]       |     [01;36m[K^~~~~~~~[m[K
[0.420s] [01m[K/usr/include/c++/11/bits/basic_string.h:6327:5:[m[K [01;36m[Knote: [m[K  template argument deduction/substitution failed:
[0.420s] [01m[K/home/aksel/Documents/GitHub/Mobile_robotter/ros2_ws/src/lidar_gui/src/GUIWindow.cpp:91:56:[m[K [01;36m[Knote: [m[K  mismatched types ‘[01m[Kconst std::__cxx11::basic_string<_CharT, _Traits, _Allocator>[m[K’ and ‘[01m[Kint[m[K’
[0.420s]    91 |     for (int i = wallFrags.begin(); i != wallFrags.end([01;36m[K)[m[K; i++) {
[0.420s]       |                                                        [01;36m[K^[m[K
[0.420s] In file included from [01m[K/usr/include/c++/11/bits/locale_facets.h:48[m[K,
[0.420s]                  from [01m[K/usr/include/c++/11/bits/basic_ios.h:37[m[K,
[0.420s]                  from [01m[K/usr/include/c++/11/ios:44[m[K,
[0.420s]                  from [01m[K/usr/include/c++/11/ostream:38[m[K,
[0.420s]                  from [01m[K/usr/include/c++/11/iostream:39[m[K,
[0.420s]                  from [01m[K/home/aksel/Documents/GitHub/Mobile_robotter/ros2_ws/src/lidar_gui/src/GUIWindow.cpp:2[m[K:
[0.420s] [01m[K/usr/include/c++/11/bits/streambuf_iterator.h:232:5:[m[K [01;36m[Knote: [m[Kcandidate: ‘[01m[Ktemplate<class _CharT, class _Traits> bool std::operator!=(const std::istreambuf_iterator<_CharT, _Traits>&, const std::istreambuf_iterator<_CharT, _Traits>&)[m[K’
[0.420s]   232 |     [01;36m[Koperator[m[K!=(const istreambuf_iterator<_CharT, _Traits>& __a,
[0.420s]       |     [01;36m[K^~~~~~~~[m[K
[0.420s] [01m[K/usr/include/c++/11/bits/streambuf_iterator.h:232:5:[m[K [01;36m[Knote: [m[K  template argument deduction/substitution failed:
[0.420s] [01m[K/home/aksel/Documents/GitHub/Mobile_robotter/ros2_ws/src/lidar_gui/src/GUIWindow.cpp:91:56:[m[K [01;36m[Knote: [m[K  mismatched types ‘[01m[Kconst std::istreambuf_iterator<_CharT, _Traits>[m[K’ and ‘[01m[Kint[m[K’
[0.420s]    91 |     for (int i = wallFrags.begin(); i != wallFrags.end([01;36m[K)[m[K; i++) {
[0.420s]       |                                                        [01;36m[K^[m[K
[0.420s] In file included from [01m[K/usr/include/x86_64-linux-gnu/c++/11/bits/c++allocator.h:33[m[K,
[0.420s]                  from [01m[K/usr/include/c++/11/bits/allocator.h:46[m[K,
[0.420s]                  from [01m[K/usr/include/c++/11/vector:64[m[K,
[0.420s]                  from [01m[K/home/aksel/Documents/GitHub/Mobile_robotter/ros2_ws/src/lidar_gui/include/GUIWindow.h:5[m[K,
[0.420s]                  from [01m[K/home/aksel/Documents/GitHub/Mobile_robotter/ros2_ws/src/lidar_gui/src/GUIWindow.cpp:1[m[K:
[0.420s] [01m[K/usr/include/c++/11/ext/new_allocator.h:190:9:[m[K [01;36m[Knote: [m[Kcandidate: ‘[01m[Ktemplate<class _Up> bool __gnu_cxx::operator!=(const __gnu_cxx::new_allocator<Wall>&, const __gnu_cxx::new_allocator<_Tp>&)[m[K’
[0.420s]   190 |         [01;36m[Koperator[m[K!=(const new_allocator&, const new_allocator<_Up>&)
[0.420s]       |         [01;36m[K^~~~~~~~[m[K
[0.421s] [01m[K/usr/include/c++/11/ext/new_allocator.h:190:9:[m[K [01;36m[Knote: [m[K  template argument deduction/substitution failed:
[0.421s] [01m[K/home/aksel/Documents/GitHub/Mobile_robotter/ros2_ws/src/lidar_gui/src/GUIWindow.cpp:91:56:[m[K [01;36m[Knote: [m[K  ‘[01m[Kstd::vector<Wall>::iterator[m[K’ is not derived from ‘[01m[Kconst __gnu_cxx::new_allocator<_Tp>[m[K’
[0.421s]    91 |     for (int i = wallFrags.begin(); i != wallFrags.end([01;36m[K)[m[K; i++) {
[0.421s]       |                                                        [01;36m[K^[m[K
[0.421s] In file included from [01m[K/usr/include/c++/11/bits/stl_algobase.h:67[m[K,
[0.421s]                  from [01m[K/usr/include/c++/11/vector:60[m[K,
[0.421s]                  from [01m[K/home/aksel/Documents/GitHub/Mobile_robotter/ros2_ws/src/lidar_gui/include/GUIWindow.h:5[m[K,
[0.421s]                  from [01m[K/home/aksel/Documents/GitHub/Mobile_robotter/ros2_ws/src/lidar_gui/src/GUIWindow.cpp:1[m[K:
[0.421s] [01m[K/usr/include/c++/11/bits/stl_iterator.h:1171:5:[m[K [01;36m[Knote: [m[Kcandidate: ‘[01m[Ktemplate<class _IteratorL, class _IteratorR, class _Container> bool __gnu_cxx::operator!=(const __gnu_cxx::__normal_iterator<_IteratorL, _Container>&, const __gnu_cxx::__normal_iterator<_IteratorR, _Container>&)[m[K’
[0.421s]  1171 |     [01;36m[Koperator[m[K!=(const __normal_iterator<_IteratorL, _Container>& __lhs,
[0.421s]       |     [01;36m[K^~~~~~~~[m[K
[0.421s] [01m[K/usr/include/c++/11/bits/stl_iterator.h:1171:5:[m[K [01;36m[Knote: [m[K  template argument deduction/substitution failed:
[0.421s] [01m[K/home/aksel/Documents/GitHub/Mobile_robotter/ros2_ws/src/lidar_gui/src/GUIWindow.cpp:91:56:[m[K [01;36m[Knote: [m[K  mismatched types ‘[01m[Kconst __gnu_cxx::__normal_iterator<_IteratorL, _Container>[m[K’ and ‘[01m[Kint[m[K’
[0.421s]    91 |     for (int i = wallFrags.begin(); i != wallFrags.end([01;36m[K)[m[K; i++) {
[0.421s]       |                                                        [01;36m[K^[m[K
[0.421s] In file included from [01m[K/usr/include/c++/11/bits/stl_algobase.h:67[m[K,
[0.421s]                  from [01m[K/usr/include/c++/11/vector:60[m[K,
[0.421s]                  from [01m[K/home/aksel/Documents/GitHub/Mobile_robotter/ros2_ws/src/lidar_gui/include/GUIWindow.h:5[m[K,
[0.421s]                  from [01m[K/home/aksel/Documents/GitHub/Mobile_robotter/ros2_ws/src/lidar_gui/src/GUIWindow.cpp:1[m[K:
[0.421s] [01m[K/usr/include/c++/11/bits/stl_iterator.h:1179:5:[m[K [01;36m[Knote: [m[Kcandidate: ‘[01m[Ktemplate<class _Iterator, class _Container> bool __gnu_cxx::operator!=(const __gnu_cxx::__normal_iterator<_Iterator, _Container>&, const __gnu_cxx::__normal_iterator<_Iterator, _Container>&)[m[K’
[0.421s]  1179 |     [01;36m[Koperator[m[K!=(const __normal_iterator<_Iterator, _Container>& __lhs,
[0.421s]       |     [01;36m[K^~~~~~~~[m[K
[0.421s] [01m[K/usr/include/c++/11/bits/stl_iterator.h:1179:5:[m[K [01;36m[Knote: [m[K  template argument deduction/substitution failed:
[0.421s] [01m[K/home/aksel/Documents/GitHub/Mobile_robotter/ros2_ws/src/lidar_gui/src/GUIWindow.cpp:91:56:[m[K [01;36m[Knote: [m[K  mismatched types ‘[01m[Kconst __gnu_cxx::__normal_iterator<_Iterator, _Container>[m[K’ and ‘[01m[Kint[m[K’
[0.421s]    91 |     for (int i = wallFrags.begin(); i != wallFrags.end([01;36m[K)[m[K; i++) {
[0.421s]       |                                                        [01;36m[K^[m[K
[0.422s] In file included from [01m[K/usr/include/c++/11/mutex:42[m[K,
[0.422s]                  from [01m[K/home/aksel/Documents/GitHub/Mobile_robotter/ros2_ws/src/lidar_gui/include/GUIWindow.h:8[m[K,
[0.422s]                  from [01m[K/home/aksel/Documents/GitHub/Mobile_robotter/ros2_ws/src/lidar_gui/src/GUIWindow.cpp:1[m[K:
[0.422s] [01m[K/usr/include/c++/11/system_error:416:3:[m[K [01;36m[Knote: [m[Kcandidate: ‘[01m[Kbool std::operator!=(const std::error_code&, const std::error_code&)[m[K’
[0.422s]   416 |   [01;36m[Koperator[m[K!=(const error_code& __lhs, const error_code& __rhs) noexcept
[0.422s]       |   [01;36m[K^~~~~~~~[m[K
[0.422s] [01m[K/usr/include/c++/11/system_error:416:32:[m[K [01;36m[Knote: [m[K  no known conversion for argument 1 from ‘[01m[Kint[m[K’ to ‘[01m[Kconst std::error_code&[m[K’
[0.422s]   416 |   operator!=([01;36m[Kconst error_code& __lhs[m[K, const error_code& __rhs) noexcept
[0.422s]       |              [01;36m[K~~~~~~~~~~~~~~~~~~^~~~~[m[K
[0.422s] [01m[K/usr/include/c++/11/system_error:421:3:[m[K [01;36m[Knote: [m[Kcandidate: ‘[01m[Kbool std::operator!=(const std::error_code&, const std::error_condition&)[m[K’
[0.422s]   421 |   [01;36m[Koperator[m[K!=(const error_code& __lhs, const error_condition& __rhs) noexcept
[0.422s]       |   [01;36m[K^~~~~~~~[m[K
[0.422s] [01m[K/usr/include/c++/11/system_error:421:32:[m[K [01;36m[Knote: [m[K  no known conversion for argument 1 from ‘[01m[Kint[m[K’ to ‘[01m[Kconst std::error_code&[m[K’
[0.422s]   421 |   operator!=([01;36m[Kconst error_code& __lhs[m[K, const error_condition& __rhs) noexcept
[0.422s]       |              [01;36m[K~~~~~~~~~~~~~~~~~~^~~~~[m[K
[0.422s] [01m[K/usr/include/c++/11/system_error:426:3:[m[K [01;36m[Knote: [m[Kcandidate: ‘[01m[Kbool std::operator!=(const std::error_condition&, const std::error_code&)[m[K’
[0.422s]   426 |   [01;36m[Koperator[m[K!=(const error_condition& __lhs, const error_code& __rhs) noexcept
[0.422s]       |   [01;36m[K^~~~~~~~[m[K
[0.422s] [01m[K/usr/include/c++/11/system_error:426:37:[m[K [01;36m[Knote: [m[K  no known conversion for argument 1 from ‘[01m[Kint[m[K’ to ‘[01m[Kconst std::error_condition&[m[K’
[0.422s]   426 |   operator!=([01;36m[Kconst error_condition& __lhs[m[K, const error_code& __rhs) noexcept
[0.422s]       |              [01;36m[K~~~~~~~~~~~~~~~~~~~~~~~^~~~~[m[K
[0.422s] [01m[K/usr/include/c++/11/system_error:431:3:[m[K [01;36m[Knote: [m[Kcandidate: ‘[01m[Kbool std::operator!=(const std::error_condition&, const std::error_condition&)[m[K’
[0.422s]   431 |   [01;36m[Koperator[m[K!=(const error_condition& __lhs,
[0.422s]       |   [01;36m[K^~~~~~~~[m[K
[0.423s] [01m[K/usr/include/c++/11/system_error:431:37:[m[K [01;36m[Knote: [m[K  no known conversion for argument 1 from ‘[01m[Kint[m[K’ to ‘[01m[Kconst std::error_condition&[m[K’
[0.423s]   431 |   operator!=([01;36m[Kconst error_condition& __lhs[m[K,
[0.423s]       |              [01;36m[K~~~~~~~~~~~~~~~~~~~~~~~^~~~~[m[K
[0.423s] In file included from [01m[K/usr/include/c++/11/vector:64[m[K,
[0.423s]                  from [01m[K/home/aksel/Documents/GitHub/Mobile_robotter/ros2_ws/src/lidar_gui/include/GUIWindow.h:5[m[K,
[0.423s]                  from [01m[K/home/aksel/Documents/GitHub/Mobile_robotter/ros2_ws/src/lidar_gui/src/GUIWindow.cpp:1[m[K:
[0.423s] [01m[K/usr/include/c++/11/bits/allocator.h:209:7:[m[K [01;36m[Knote: [m[Kcandidate: ‘[01m[Kbool std::operator!=(const std::allocator<Wall>&, const std::allocator<Wall>&)[m[K’
[0.423s]   209 |       [01;36m[Koperator[m[K!=(const allocator&, const allocator&) _GLIBCXX_NOTHROW
[0.423s]       |       [01;36m[K^~~~~~~~[m[K
[0.423s] [01m[K/usr/include/c++/11/bits/allocator.h:209:18:[m[K [01;36m[Knote: [m[K  no known conversion for argument 1 from ‘[01m[Kint[m[K’ to ‘[01m[Kconst std::allocator<Wall>&[m[K’
[0.423s]   209 |       operator!=([01;36m[Kconst allocator&[m[K, const allocator&) _GLIBCXX_NOTHROW
[0.423s]       |                  [01;36m[K^~~~~~~~~~~~~~~~[m[K
[0.423s] [01m[K/home/aksel/Documents/GitHub/Mobile_robotter/ros2_ws/src/lidar_gui/src/GUIWindow.cpp:93:33:[m[K [01;31m[Kerror: [m[K‘[01m[Kit[m[K’ was not declared in this scope; did you mean ‘[01m[Kint[m[K’?
[0.423s]    93 |             i = wallFrags.erase([01;31m[Kit[m[K);  // Remove the wall and move to the next element
[0.423s]       |                                 [01;31m[K^~[m[K
[0.423s]       |                                 [32m[Kint[m[K
[0.485s] gmake[2]: *** [CMakeFiles/lidar_gui.dir/build.make:118: CMakeFiles/lidar_gui.dir/src/GUIWindow.cpp.o] Error 1
[0.486s] gmake[1]: *** [CMakeFiles/Makefile2:137: CMakeFiles/lidar_gui.dir/all] Error 2
[0.486s] gmake: *** [Makefile:146: all] Error 2
[0.503s] Invoked command in '/home/aksel/Documents/GitHub/Mobile_robotter/ros2_ws/build/lidar_gui' returned '2': CMAKE_PREFIX_PATH=${CMAKE_PREFIX_PATH}:/home/aksel/turtlebot3_ws/install/turtlebot3_teleop:/home/aksel/turtlebot3_ws/install/turtlebot3_example:/opt/ros/humble /usr/bin/cmake --build /home/aksel/Documents/GitHub/Mobile_robotter/ros2_ws/build/lidar_gui -- -j16 -l16
