[01m[K/home/aksel/Documents/GitHub/Mobile_robotter/ros2_ws/src/dtmf_to_cmd_vel/src/dtmf_to_cmd_vel_node.cpp:[m[K In constructor ‘[01m[KDtmfToCmdVelNode::DtmfToCmdVelNode()[m[K’:
[01m[K/home/aksel/Documents/GitHub/Mobile_robotter/ros2_ws/src/dtmf_to_cmd_vel/src/dtmf_to_cmd_vel_node.cpp:7:22:[m[K [01;31m[Kerror: [m[Kcould not convert ‘[01m[K((DtmfToCmdVelNode*)this)->DtmfToCmdVelNode::_audio.std::unique_ptr<Audio>::operator->()->Audio::Init()[m[K’ from ‘[01m[Kvoid[m[K’ to ‘[01m[Kbool[m[K’
    7 |     if (![01;31m[K_audio->Init()[m[K) {  // Use -> to call Init method
      |          [01;31m[K~~~~~~~~~~~~^~[m[K
      |                      [01;31m[K|[m[K
      |                      [01;31m[Kvoid[m[K
[01m[K/home/aksel/Documents/GitHub/Mobile_robotter/ros2_ws/src/dtmf_to_cmd_vel/src/dtmf_to_cmd_vel_node.cpp:7:22:[m[K [01;31m[Kerror: [m[Kin argument to unary !
[01m[K/home/aksel/Documents/GitHub/Mobile_robotter/ros2_ws/src/dtmf_to_cmd_vel/src/dtmf_to_cmd_vel_node.cpp:[m[K At global scope:
[01m[K/home/aksel/Documents/GitHub/Mobile_robotter/ros2_ws/src/dtmf_to_cmd_vel/src/dtmf_to_cmd_vel_node.cpp:16:37:[m[K [01;31m[Kerror: [m[Kdefinition of implicitly-declared ‘[01m[Kvirtual DtmfToCmdVelNode::~DtmfToCmdVelNode()[m[K’
   16 | DtmfToCmdVelNode::~DtmfToCmdVelNode([01;31m[K)[m[K {
      |                                     [01;31m[K^[m[K
In file included from [01m[K/home/aksel/Documents/GitHub/Mobile_robotter/ros2_ws/src/dtmf_to_cmd_vel/src/main.cpp:2[m[K:
[01m[K/home/aksel/Documents/GitHub/Mobile_robotter/ros2_ws/src/dtmf_to_cmd_vel/include/audio.h:37:28:[m[K [01;35m[Kwarning: [m[K‘[01m[KspectroData[m[K’ defined but not used [[01;35m[K]8;;https://gcc.gnu.org/onlinedocs/gcc/Warning-Options.html#index-Wunused-variable-Wunused-variable]8;;[m[K]
   37 | static streamCallbackData* [01;35m[KspectroData[m[K;
      |                            [01;35m[K^~~~~~~~~~~[m[K
In file included from [01m[K/home/aksel/Documents/GitHub/Mobile_robotter/ros2_ws/src/dtmf_to_cmd_vel/src/dtmf_to_cmd_vel_node.cpp:2[m[K:
[01m[K/home/aksel/Documents/GitHub/Mobile_robotter/ros2_ws/src/dtmf_to_cmd_vel/include/audio.h:37:28:[m[K [01;35m[Kwarning: [m[K‘[01m[KspectroData[m[K’ defined but not used [[01;35m[K]8;;https://gcc.gnu.org/onlinedocs/gcc/Warning-Options.html#index-Wunused-variable-Wunused-variable]8;;[m[K]
   37 | static streamCallbackData* [01;35m[KspectroData[m[K;
      |                            [01;35m[K^~~~~~~~~~~[m[K
gmake[2]: *** [CMakeFiles/dtmf_to_cmd_vel.dir/build.make:104: CMakeFiles/dtmf_to_cmd_vel.dir/src/dtmf_to_cmd_vel_node.cpp.o] Error 1
gmake[1]: *** [CMakeFiles/Makefile2:137: CMakeFiles/dtmf_to_cmd_vel.dir/all] Error 2
gmake: *** [Makefile:146: all] Error 2
