[0.023s] Invoking command in '/home/aksel/Documents/GitHub/Mobile_robotter/ros2_ws/build/controller_input': CMAKE_PREFIX_PATH=${CMAKE_PREFIX_PATH}:/home/aksel/turtlebot3_ws/install/turtlebot3_teleop:/home/aksel/turtlebot3_ws/install/turtlebot3_example:/opt/ros/humble /usr/bin/cmake --build /home/aksel/Documents/GitHub/Mobile_robotter/ros2_ws/build/controller_input -- -j16 -l16
[0.062s] [35m[1mConsolidate compiler generated dependencies of target controller_input[0m
[0.079s] [ 33%] [32mBuilding CXX object CMakeFiles/controller_input.dir/src/controllerinput.cpp.o[0m
[2.331s] [01m[K/home/aksel/Documents/GitHub/Mobile_robotter/ros2_ws/src/controller_input/src/controllerinput.cpp:185:6:[m[K [01;31m[Kerror: [m[Kno declaration matches ‘[01m[Kvoid controllerInput::playTone(double, double, bool)[m[K’
[2.332s]   185 | void [01;31m[KcontrollerInput[m[K::playTone(double freq1, double freq2, bool lastTone){
[2.332s]       |      [01;31m[K^~~~~~~~~~~~~~~[m[K
[2.332s] In file included from [01m[K/home/aksel/Documents/GitHub/Mobile_robotter/ros2_ws/src/controller_input/src/controllerinput.cpp:1[m[K:
[2.332s] [01m[K/home/aksel/Documents/GitHub/Mobile_robotter/ros2_ws/src/controller_input/include/controllerinput.h:84:10:[m[K [01;36m[Knote: [m[Kcandidate is: ‘[01m[Kvoid controllerInput::playTone(double, double)[m[K’
[2.332s]    84 |     void [01;36m[KplayTone[m[K(double freq1, double freq2);
[2.332s]       |          [01;36m[K^~~~~~~~[m[K
[2.332s] In file included from [01m[K/home/aksel/Documents/GitHub/Mobile_robotter/ros2_ws/src/controller_input/src/controllerinput.cpp:1[m[K:
[2.332s] [01m[K/home/aksel/Documents/GitHub/Mobile_robotter/ros2_ws/src/controller_input/include/controllerinput.h:20:7:[m[K [01;36m[Knote: [m[K‘[01m[Kclass controllerInput[m[K’ defined here
[2.332s]    20 | class [01;36m[KcontrollerInput[m[K : public rclcpp::Node
[2.332s]       |       [01;36m[K^~~~~~~~~~~~~~~[m[K
[2.332s] [01m[K/home/aksel/Documents/GitHub/Mobile_robotter/ros2_ws/src/controller_input/src/controllerinput.cpp:217:6:[m[K [01;31m[Kerror: [m[Kno declaration matches ‘[01m[Kvoid controllerInput::playDTMFSequence(uint8_t, uint8_t)[m[K’
[2.332s]   217 | void [01;31m[KcontrollerInput[m[K::playDTMFSequence(uint8_t linear_value, uint8_t angular_value) {
[2.332s]       |      [01;31m[K^~~~~~~~~~~~~~~[m[K
[2.332s] In file included from [01m[K/home/aksel/Documents/GitHub/Mobile_robotter/ros2_ws/src/controller_input/src/controllerinput.cpp:1[m[K:
[2.332s] [01m[K/home/aksel/Documents/GitHub/Mobile_robotter/ros2_ws/src/controller_input/include/controllerinput.h:90:10:[m[K [01;36m[Knote: [m[Kcandidate is: ‘[01m[Kvoid controllerInput::playDTMFSequence(uint8_t, uint8_t, bool)[m[K’
[2.332s]    90 |     void [01;36m[KplayDTMFSequence[m[K(uint8_t linear_value, uint8_t angular_value, bool lastTone = false);
[2.333s]       |          [01;36m[K^~~~~~~~~~~~~~~~[m[K
[2.333s] In file included from [01m[K/home/aksel/Documents/GitHub/Mobile_robotter/ros2_ws/src/controller_input/src/controllerinput.cpp:1[m[K:
[2.333s] [01m[K/home/aksel/Documents/GitHub/Mobile_robotter/ros2_ws/src/controller_input/include/controllerinput.h:20:7:[m[K [01;36m[Knote: [m[K‘[01m[Kclass controllerInput[m[K’ defined here
[2.333s]    20 | class [01;36m[KcontrollerInput[m[K : public rclcpp::Node
[2.333s]       |       [01;36m[K^~~~~~~~~~~~~~~[m[K
[6.063s] gmake[2]: *** [CMakeFiles/controller_input.dir/build.make:90: CMakeFiles/controller_input.dir/src/controllerinput.cpp.o] Error 1
[6.063s] gmake[1]: *** [CMakeFiles/Makefile2:137: CMakeFiles/controller_input.dir/all] Error 2
[6.063s] gmake: *** [Makefile:146: all] Error 2
[6.067s] Invoked command in '/home/aksel/Documents/GitHub/Mobile_robotter/ros2_ws/build/controller_input' returned '2': CMAKE_PREFIX_PATH=${CMAKE_PREFIX_PATH}:/home/aksel/turtlebot3_ws/install/turtlebot3_teleop:/home/aksel/turtlebot3_ws/install/turtlebot3_example:/opt/ros/humble /usr/bin/cmake --build /home/aksel/Documents/GitHub/Mobile_robotter/ros2_ws/build/controller_input -- -j16 -l16
