-- Found ament_cmake: 1.3.10 (/opt/ros/humble/share/ament_cmake/cmake)
-- Found rclcpp: 16.0.10 (/opt/ros/humble/share/rclcpp/cmake)
-- Found rosidl_generator_c: 3.1.5 (/opt/ros/humble/share/rosidl_generator_c/cmake)
-- Found rosidl_adapter: 3.1.5 (/opt/ros/humble/share/rosidl_adapter/cmake)
-- Found rosidl_generator_cpp: 3.1.5 (/opt/ros/humble/share/rosidl_generator_cpp/cmake)
-- Using all available rosidl_typesupport_c: rosidl_typesupport_fastrtps_c;rosidl_typesupport_introspection_c
-- Using all available rosidl_typesupport_cpp: rosidl_typesupport_fastrtps_cpp;rosidl_typesupport_introspection_cpp
-- Found rmw_implementation_cmake: 6.1.2 (/opt/ros/humble/share/rmw_implementation_cmake/cmake)
-- Found rmw_fastrtps_cpp: 6.2.7 (/opt/ros/humble/share/rmw_fastrtps_cpp/cmake)
-- Using RMW implementation 'rmw_fastrtps_cpp' as default
-- Found geometry_msgs: 4.2.4 (/opt/ros/humble/share/geometry_msgs/cmake)
-- Found sensor_msgs: 4.2.4 (/opt/ros/humble/share/sensor_msgs/cmake)
-- Found rclcpp_components: 16.0.10 (/opt/ros/humble/share/rclcpp_components/cmake)
-- Found nav_msgs: 4.2.4 (/opt/ros/humble/share/nav_msgs/cmake)
-- Configuring done
-- Generating done
-- Build files have been written to: /home/aksel/Documents/GitHub/Mobile_robotter/ros2_ws/build/lidar_data
Consolidate compiler generated dependencies of target lidar_data
[ 66%] Building CXX object CMakeFiles/lidar_data.dir/src/main.cpp.o
[ 66%] Building CXX object CMakeFiles/lidar_data.dir/src/lidarnode.cpp.o
/home/aksel/Documents/GitHub/Mobile_robotter/ros2_ws/src/lidar_data/src/lidarnode.cpp: In member function ‘void MappingNode::sendMapDataToGUI(std::vector<double, std::allocator<double> >&, std::vector<double, std::allocator<double> >&, double, double, double)’:
/home/aksel/Documents/GitHub/Mobile_robotter/ros2_ws/src/lidar_data/src/lidarnode.cpp:81:43: warning: unused parameter ‘robot_x’ [-Wunused-parameter]
   81 |                                    double robot_x, double robot_y, double robot_yaw) {
      |                                    ~~~~~~~^~~~~~~
/home/aksel/Documents/GitHub/Mobile_robotter/ros2_ws/src/lidar_data/src/lidarnode.cpp:81:59: warning: unused parameter ‘robot_y’ [-Wunused-parameter]
   81 |                                    double robot_x, double robot_y, double robot_yaw) {
      |                                                    ~~~~~~~^~~~~~~
/home/aksel/Documents/GitHub/Mobile_robotter/ros2_ws/src/lidar_data/src/lidarnode.cpp:81:75: warning: unused parameter ‘robot_yaw’ [-Wunused-parameter]
   81 |                                    double robot_x, double robot_y, double robot_yaw) {
      |                                                                    ~~~~~~~^~~~~~~~~
[100%] Linking CXX executable lidar_data
/usr/bin/ld: /snap/core20/current/lib/x86_64-linux-gnu/libpthread.so.0: undefined reference to `_dl_make_stack_executable@GLIBC_PRIVATE'
/usr/bin/ld: /snap/core20/current/lib/x86_64-linux-gnu/libpthread.so.0: undefined reference to `__libc_dlclose@GLIBC_PRIVATE'
/usr/bin/ld: /snap/core20/current/lib/x86_64-linux-gnu/libpthread.so.0: undefined reference to `__libc_dlopen_mode@GLIBC_PRIVATE'
/usr/bin/ld: /snap/core20/current/lib/x86_64-linux-gnu/libpthread.so.0: undefined reference to `__libc_siglongjmp@GLIBC_PRIVATE'
/usr/bin/ld: /snap/core20/current/lib/x86_64-linux-gnu/libpthread.so.0: undefined reference to `__libc_longjmp@GLIBC_PRIVATE'
/usr/bin/ld: /snap/core20/current/lib/x86_64-linux-gnu/libpthread.so.0: undefined reference to `__libc_allocate_rtsig_private@GLIBC_PRIVATE'
/usr/bin/ld: /snap/core20/current/lib/x86_64-linux-gnu/libpthread.so.0: undefined reference to `__libc_thread_freeres@GLIBC_PRIVATE'
/usr/bin/ld: /snap/core20/current/lib/x86_64-linux-gnu/libdl.so.2: undefined reference to `_dl_addr@GLIBC_PRIVATE'
/usr/bin/ld: /snap/core20/current/lib/x86_64-linux-gnu/libpthread.so.0: undefined reference to `__libc_pthread_init@GLIBC_PRIVATE'
/usr/bin/ld: /snap/core20/current/lib/x86_64-linux-gnu/libpthread.so.0: undefined reference to `__libc_current_sigrtmin_private@GLIBC_PRIVATE'
/usr/bin/ld: /snap/core20/current/lib/x86_64-linux-gnu/libdl.so.2: undefined reference to `_dl_sym@GLIBC_PRIVATE'
/usr/bin/ld: /snap/core20/current/lib/x86_64-linux-gnu/libpthread.so.0: undefined reference to `__libc_dlsym@GLIBC_PRIVATE'
/usr/bin/ld: /snap/core20/current/lib/x86_64-linux-gnu/libpthread.so.0: undefined reference to `__libc_current_sigrtmax_private@GLIBC_PRIVATE'
/usr/bin/ld: /snap/core20/current/lib/x86_64-linux-gnu/libdl.so.2: undefined reference to `_dl_vsym@GLIBC_PRIVATE'
collect2: error: ld returned 1 exit status
gmake[2]: *** [CMakeFiles/lidar_data.dir/build.make:216: lidar_data] Error 1
gmake[1]: *** [CMakeFiles/Makefile2:137: CMakeFiles/lidar_data.dir/all] Error 2
gmake: *** [Makefile:146: all] Error 2
