[0.022s] Invoking command in '/home/aksel/Documents/GitHub/Mobile_robotter/ros2_ws/build/lidar_gui': CMAKE_PREFIX_PATH=${CMAKE_PREFIX_PATH}:/home/aksel/turtlebot3_ws/install/turtlebot3_teleop:/home/aksel/turtlebot3_ws/install/turtlebot3_example:/opt/ros/humble /usr/bin/cmake --build /home/aksel/Documents/GitHub/Mobile_robotter/ros2_ws/build/lidar_gui -- -j16 -l16
[0.044s] -- Found ament_cmake: 1.3.10 (/opt/ros/humble/share/ament_cmake/cmake)
[0.156s] -- Found rclcpp: 16.0.10 (/opt/ros/humble/share/rclcpp/cmake)
[0.193s] -- Found rosidl_generator_c: 3.1.5 (/opt/ros/humble/share/rosidl_generator_c/cmake)
[0.194s] -- Found rosidl_adapter: 3.1.5 (/opt/ros/humble/share/rosidl_adapter/cmake)
[0.199s] -- Found rosidl_generator_cpp: 3.1.5 (/opt/ros/humble/share/rosidl_generator_cpp/cmake)
[0.206s] -- Using all available rosidl_typesupport_c: rosidl_typesupport_fastrtps_c;rosidl_typesupport_introspection_c
[0.217s] -- Using all available rosidl_typesupport_cpp: rosidl_typesupport_fastrtps_cpp;rosidl_typesupport_introspection_cpp
[0.241s] -- Found rmw_implementation_cmake: 6.1.2 (/opt/ros/humble/share/rmw_implementation_cmake/cmake)
[0.243s] -- Found rmw_fastrtps_cpp: 6.2.7 (/opt/ros/humble/share/rmw_fastrtps_cpp/cmake)
[0.356s] -- Using RMW implementation 'rmw_fastrtps_cpp' as default
[0.391s] -- Found geometry_msgs: 4.2.4 (/opt/ros/humble/share/geometry_msgs/cmake)
[0.399s] -- Found sensor_msgs: 4.2.4 (/opt/ros/humble/share/sensor_msgs/cmake)
[0.411s] -- Found rclcpp_components: 16.0.10 (/opt/ros/humble/share/rclcpp_components/cmake)
[0.424s] -- Found nav_msgs: 4.2.4 (/opt/ros/humble/share/nav_msgs/cmake)
[0.448s] [31mCMake Error at CMakeLists.txt:21 (find_package):
[0.448s]   By not providing "Findgmapping.cmake" in CMAKE_MODULE_PATH this project has
[0.448s]   asked CMake to find a package configuration file provided by "gmapping",
[0.448s]   but CMake did not find one.
[0.448s] 
[0.448s]   Could not find a package configuration file provided by "gmapping" with any
[0.448s]   of the following names:
[0.448s] 
[0.448s]     gmappingConfig.cmake
[0.448s]     gmapping-config.cmake
[0.448s] 
[0.448s]   Add the installation prefix of "gmapping" to CMAKE_PREFIX_PATH or set
[0.448s]   "gmapping_DIR" to a directory containing one of the above files.  If
[0.448s]   "gmapping" provides a separate development package or SDK, be sure it has
[0.449s]   been installed.
[0.449s] 
[0.449s] [0m
[0.449s] -- Configuring incomplete, errors occurred!
[0.449s] See also "/home/aksel/Documents/GitHub/Mobile_robotter/ros2_ws/build/lidar_gui/CMakeFiles/CMakeOutput.log".
[0.458s] gmake: *** [Makefile:348: cmake_check_build_system] Error 1
