-- Found ament_cmake: 1.3.10 (/opt/ros/humble/share/ament_cmake/cmake)
-- Found rclcpp: 16.0.10 (/opt/ros/humble/share/rclcpp/cmake)
-- Found rosidl_generator_c: 3.1.5 (/opt/ros/humble/share/rosidl_generator_c/cmake)
-- Found rosidl_adapter: 3.1.5 (/opt/ros/humble/share/rosidl_adapter/cmake)
-- Found rosidl_generator_cpp: 3.1.5 (/opt/ros/humble/share/rosidl_generator_cpp/cmake)
-- Using all available rosidl_typesupport_c: rosidl_typesupport_fastrtps_c;rosidl_typesupport_introspection_c
-- Using all available rosidl_typesupport_cpp: rosidl_typesupport_fastrtps_cpp;rosidl_typesupport_introspection_cpp
-- Found rmw_implementation_cmake: 6.1.2 (/opt/ros/humble/share/rmw_implementation_cmake/cmake)
-- Found rmw_fastrtps_cpp: 6.2.7 (/opt/ros/humble/share/rmw_fastrtps_cpp/cmake)
-- Using RMW implementation 'rmw_fastrtps_cpp' as default
-- Found geometry_msgs: 4.2.4 (/opt/ros/humble/share/geometry_msgs/cmake)
-- Found sensor_msgs: 4.2.4 (/opt/ros/humble/share/sensor_msgs/cmake)
-- Found rclcpp_components: 16.0.10 (/opt/ros/humble/share/rclcpp_components/cmake)
-- Found nav_msgs: 4.2.4 (/opt/ros/humble/share/nav_msgs/cmake)
-- Configuring done
-- Generating done
-- Build files have been written to: /home/aksel/Documents/GitHub/Mobile_robotter/ros2_ws/build/lidar_gui
Consolidate compiler generated dependencies of target lidar_gui
[ 40%] Building CXX object CMakeFiles/lidar_gui.dir/src/GUIWindow.cpp.o
[ 40%] Building CXX object CMakeFiles/lidar_gui.dir/src/main.cpp.o
[ 60%] Building CXX object CMakeFiles/lidar_gui.dir/src/lidarnode.cpp.o
[ 80%] Building CXX object CMakeFiles/lidar_gui.dir/src/dataTypes.cpp.o
[100%] Linking CXX executable lidar_gui
/usr/bin/ld: /snap/core20/current/lib/x86_64-linux-gnu/libpthread.so.0: undefined reference to `__libc_dlopen_mode@GLIBC_PRIVATE'
/usr/bin/ld: /snap/core20/current/lib/x86_64-linux-gnu/libpthread.so.0: undefined reference to `__libc_current_sigrtmin_private@GLIBC_PRIVATE'
/usr/bin/ld: /snap/core20/current/lib/x86_64-linux-gnu/libpthread.so.0: undefined reference to `__libc_dlclose@GLIBC_PRIVATE'
/usr/bin/ld: /snap/core20/current/lib/x86_64-linux-gnu/libpthread.so.0: undefined reference to `__libc_siglongjmp@GLIBC_PRIVATE'
/usr/bin/ld: /snap/core20/current/lib/x86_64-linux-gnu/libpthread.so.0: undefined reference to `__libc_longjmp@GLIBC_PRIVATE'
/usr/bin/ld: /snap/core20/current/lib/x86_64-linux-gnu/libpthread.so.0: undefined reference to `__libc_allocate_rtsig_private@GLIBC_PRIVATE'
/usr/bin/ld: /snap/core20/current/lib/x86_64-linux-gnu/libpthread.so.0: undefined reference to `__libc_thread_freeres@GLIBC_PRIVATE'
/usr/bin/ld: /snap/core20/current/lib/x86_64-linux-gnu/libpthread.so.0: undefined reference to `__libc_dlsym@GLIBC_PRIVATE'
/usr/bin/ld: /snap/core20/current/lib/x86_64-linux-gnu/libpthread.so.0: undefined reference to `__libc_current_sigrtmax_private@GLIBC_PRIVATE'
/usr/bin/ld: /snap/core20/current/lib/x86_64-linux-gnu/libpthread.so.0: undefined reference to `__libc_pthread_init@GLIBC_PRIVATE'
/usr/bin/ld: /snap/core20/current/lib/x86_64-linux-gnu/libpthread.so.0: undefined reference to `_dl_make_stack_executable@GLIBC_PRIVATE'
collect2: error: ld returned 1 exit status
gmake[2]: *** [CMakeFiles/lidar_gui.dir/build.make:249: lidar_gui] Error 1
gmake[1]: *** [CMakeFiles/Makefile2:137: CMakeFiles/lidar_gui.dir/all] Error 2
gmake: *** [Makefile:146: all] Error 2
