[0.033s] Invoking command in '/home/aksel/Documents/GitHub/Mobile_robotter/ros2_ws/build/lidar_gui': CMAKE_PREFIX_PATH=${CMAKE_PREFIX_PATH}:/home/aksel/turtlebot3_ws/install/turtlebot3_teleop:/home/aksel/turtlebot3_ws/install/turtlebot3_example:/opt/ros/humble /usr/bin/cmake /home/aksel/Documents/GitHub/Mobile_robotter/ros2_ws/src/lidar_gui -G CodeBlocks - Unix Makefiles -DCMAKE_BUILD_TYPE=Debug -DCMAKE_INSTALL_PREFIX=/home/aksel/Documents/GitHub/Mobile_robotter/ros2_ws/install/lidar_gui
[0.043s] -- Found ament_cmake: 1.3.10 (/opt/ros/humble/share/ament_cmake/cmake)
[0.154s] -- Found rclcpp: 16.0.10 (/opt/ros/humble/share/rclcpp/cmake)
[0.177s] -- Found rosidl_generator_c: 3.1.5 (/opt/ros/humble/share/rosidl_generator_c/cmake)
[0.179s] -- Found rosidl_adapter: 3.1.5 (/opt/ros/humble/share/rosidl_adapter/cmake)
[0.183s] -- Found rosidl_generator_cpp: 3.1.5 (/opt/ros/humble/share/rosidl_generator_cpp/cmake)
[0.190s] -- Using all available rosidl_typesupport_c: rosidl_typesupport_fastrtps_c;rosidl_typesupport_introspection_c
[0.199s] -- Using all available rosidl_typesupport_cpp: rosidl_typesupport_fastrtps_cpp;rosidl_typesupport_introspection_cpp
[0.223s] -- Found rmw_implementation_cmake: 6.1.2 (/opt/ros/humble/share/rmw_implementation_cmake/cmake)
[0.224s] -- Found rmw_fastrtps_cpp: 6.2.7 (/opt/ros/humble/share/rmw_fastrtps_cpp/cmake)
[0.334s] -- Using RMW implementation 'rmw_fastrtps_cpp' as default
[0.369s] -- Found geometry_msgs: 4.2.4 (/opt/ros/humble/share/geometry_msgs/cmake)
[0.377s] -- Found sensor_msgs: 4.2.4 (/opt/ros/humble/share/sensor_msgs/cmake)
[0.389s] -- Found rclcpp_components: 16.0.10 (/opt/ros/humble/share/rclcpp_components/cmake)
[0.402s] -- Found nav_msgs: 4.2.4 (/opt/ros/humble/share/nav_msgs/cmake)
[0.562s] -- Configuring done
[0.581s] -- Generating done
[0.586s] -- Build files have been written to: /home/aksel/Documents/GitHub/Mobile_robotter/ros2_ws/build/lidar_gui
[0.596s] Invoked command in '/home/aksel/Documents/GitHub/Mobile_robotter/ros2_ws/build/lidar_gui' returned '0': CMAKE_PREFIX_PATH=${CMAKE_PREFIX_PATH}:/home/aksel/turtlebot3_ws/install/turtlebot3_teleop:/home/aksel/turtlebot3_ws/install/turtlebot3_example:/opt/ros/humble /usr/bin/cmake /home/aksel/Documents/GitHub/Mobile_robotter/ros2_ws/src/lidar_gui -G CodeBlocks - Unix Makefiles -DCMAKE_BUILD_TYPE=Debug -DCMAKE_INSTALL_PREFIX=/home/aksel/Documents/GitHub/Mobile_robotter/ros2_ws/install/lidar_gui
[0.597s] Invoking command in '/home/aksel/Documents/GitHub/Mobile_robotter/ros2_ws/build/lidar_gui': CMAKE_PREFIX_PATH=${CMAKE_PREFIX_PATH}:/home/aksel/turtlebot3_ws/install/turtlebot3_teleop:/home/aksel/turtlebot3_ws/install/turtlebot3_example:/opt/ros/humble /usr/bin/cmake --build /home/aksel/Documents/GitHub/Mobile_robotter/ros2_ws/build/lidar_gui -- -j16 -l16
[0.645s] Consolidate compiler generated dependencies of target lidar_gui
[0.662s] [ 40%] Building CXX object CMakeFiles/lidar_gui.dir/src/GUIWindow.cpp.o
[0.663s] [ 40%] Building CXX object CMakeFiles/lidar_gui.dir/src/main.cpp.o
[0.663s] [ 60%] Building CXX object CMakeFiles/lidar_gui.dir/src/lidarnode.cpp.o
[0.663s] [ 80%] Building CXX object CMakeFiles/lidar_gui.dir/src/dataTypes.cpp.o
[13.770s] [100%] Linking CXX executable lidar_gui
[14.326s] /usr/bin/ld: /snap/core20/current/lib/x86_64-linux-gnu/libpthread.so.0: undefined reference to `__libc_dlopen_mode@GLIBC_PRIVATE'
[14.326s] /usr/bin/ld: /snap/core20/current/lib/x86_64-linux-gnu/libpthread.so.0: undefined reference to `__libc_current_sigrtmin_private@GLIBC_PRIVATE'
[14.327s] /usr/bin/ld: /snap/core20/current/lib/x86_64-linux-gnu/libpthread.so.0: undefined reference to `__libc_dlclose@GLIBC_PRIVATE'
[14.328s] /usr/bin/ld: /snap/core20/current/lib/x86_64-linux-gnu/libpthread.so.0: undefined reference to `__libc_siglongjmp@GLIBC_PRIVATE'
[14.329s] /usr/bin/ld: /snap/core20/current/lib/x86_64-linux-gnu/libpthread.so.0: undefined reference to `__libc_longjmp@GLIBC_PRIVATE'
[14.331s] /usr/bin/ld: /snap/core20/current/lib/x86_64-linux-gnu/libpthread.so.0: undefined reference to `__libc_allocate_rtsig_private@GLIBC_PRIVATE'
[14.332s] /usr/bin/ld: /snap/core20/current/lib/x86_64-linux-gnu/libpthread.so.0: undefined reference to `__libc_thread_freeres@GLIBC_PRIVATE'
[14.333s] /usr/bin/ld: /snap/core20/current/lib/x86_64-linux-gnu/libpthread.so.0: undefined reference to `__libc_dlsym@GLIBC_PRIVATE'
[14.336s] /usr/bin/ld: /snap/core20/current/lib/x86_64-linux-gnu/libpthread.so.0: undefined reference to `__libc_current_sigrtmax_private@GLIBC_PRIVATE'
[14.339s] /usr/bin/ld: /snap/core20/current/lib/x86_64-linux-gnu/libpthread.so.0: undefined reference to `__libc_pthread_init@GLIBC_PRIVATE'
[14.341s] /usr/bin/ld: /snap/core20/current/lib/x86_64-linux-gnu/libpthread.so.0: undefined reference to `_dl_make_stack_executable@GLIBC_PRIVATE'
[14.365s] collect2: error: ld returned 1 exit status
[14.366s] gmake[2]: *** [CMakeFiles/lidar_gui.dir/build.make:249: lidar_gui] Error 1
[14.367s] gmake[1]: *** [CMakeFiles/Makefile2:137: CMakeFiles/lidar_gui.dir/all] Error 2
[14.367s] gmake: *** [Makefile:146: all] Error 2
