[0.022s] Invoking command in '/home/aksel/Documents/GitHub/Mobile_robotter/ros2_ws/build/gmapping': /usr/bin/cmake /home/aksel/Documents/GitHub/Mobile_robotter/ros2_ws/src/slam_gmapping/gmapping -DCATKIN_INSTALL_INTO_PREFIX_ROOT=0 -DCMAKE_INSTALL_PREFIX=/home/aksel/Documents/GitHub/Mobile_robotter/ros2_ws/install/gmapping
[0.033s] [0mCMake Deprecation Warning at CMakeLists.txt:1 (cmake_minimum_required):
[0.033s]   Compatibility with CMake < 2.8.12 will be removed from a future version of
[0.033s]   CMake.
[0.033s] 
[0.033s]   Update the VERSION argument <min> value or use a ...<max> suffix to tell
[0.033s]   CMake that the project does not need compatibility with older versions.
[0.033s] 
[0.034s] [0m
[0.094s] -- The C compiler identification is GNU 11.4.0
[0.156s] -- The CXX compiler identification is GNU 11.4.0
[0.165s] -- Detecting C compiler ABI info
[0.238s] -- Detecting C compiler ABI info - done
[0.244s] -- Check for working C compiler: /usr/bin/cc - skipped
[0.244s] -- Detecting C compile features
[0.245s] -- Detecting C compile features - done
[0.247s] -- Detecting CXX compiler ABI info
[0.328s] -- Detecting CXX compiler ABI info - done
[0.334s] -- Check for working CXX compiler: /usr/bin/c++ - skipped
[0.334s] -- Detecting CXX compile features
[0.334s] -- Detecting CXX compile features - done
[0.347s] [31mCMake Error at CMakeLists.txt:4 (find_package):
[0.347s]   By not providing "Findcatkin.cmake" in CMAKE_MODULE_PATH this project has
[0.347s]   asked CMake to find a package configuration file provided by "catkin", but
[0.347s]   CMake did not find one.
[0.347s] 
[0.347s]   Could not find a package configuration file provided by "catkin" with any
[0.347s]   of the following names:
[0.347s] 
[0.347s]     catkinConfig.cmake
[0.347s]     catkin-config.cmake
[0.348s] 
[0.348s]   Add the installation prefix of "catkin" to CMAKE_PREFIX_PATH or set
[0.348s]   "catkin_DIR" to a directory containing one of the above files.  If "catkin"
[0.348s]   provides a separate development package or SDK, be sure it has been
[0.348s]   installed.
[0.348s] 
[0.348s] [0m
[0.348s] -- Configuring incomplete, errors occurred!
[0.348s] See also "/home/aksel/Documents/GitHub/Mobile_robotter/ros2_ws/build/gmapping/CMakeFiles/CMakeOutput.log".
[0.351s] Invoked command in '/home/aksel/Documents/GitHub/Mobile_robotter/ros2_ws/build/gmapping' returned '1': /usr/bin/cmake /home/aksel/Documents/GitHub/Mobile_robotter/ros2_ws/src/slam_gmapping/gmapping -DCATKIN_INSTALL_INTO_PREFIX_ROOT=0 -DCMAKE_INSTALL_PREFIX=/home/aksel/Documents/GitHub/Mobile_robotter/ros2_ws/install/gmapping
