[0.013s] Invoking command in '/home/aksel/Documents/GitHub/Mobile_robotter/ros2_ws/build/lidar_data': CMAKE_PREFIX_PATH=${CMAKE_PREFIX_PATH}:/home/aksel/turtlebot3_ws/install/turtlebot3_teleop:/home/aksel/turtlebot3_ws/install/turtlebot3_example:/opt/ros/humble /usr/bin/cmake --build /home/aksel/Documents/GitHub/Mobile_robotter/ros2_ws/build/lidar_data -- -j16 -l16
[0.045s] [35m[1mConsolidate compiler generated dependencies of target lidar_data[0m
[0.060s] [ 50%] [32mBuilding CXX object CMakeFiles/lidar_data.dir/src/main.cpp.o[0m
[7.887s] [100%] [32m[1mLinking CXX executable lidar_data[0m
[8.290s] [100%] Built target lidar_data
[8.304s] Invoked command in '/home/aksel/Documents/GitHub/Mobile_robotter/ros2_ws/build/lidar_data' returned '0': CMAKE_PREFIX_PATH=${CMAKE_PREFIX_PATH}:/home/aksel/turtlebot3_ws/install/turtlebot3_teleop:/home/aksel/turtlebot3_ws/install/turtlebot3_example:/opt/ros/humble /usr/bin/cmake --build /home/aksel/Documents/GitHub/Mobile_robotter/ros2_ws/build/lidar_data -- -j16 -l16
[8.328s] Invoking command in '/home/aksel/Documents/GitHub/Mobile_robotter/ros2_ws/build/lidar_data': CMAKE_PREFIX_PATH=${CMAKE_PREFIX_PATH}:/home/aksel/turtlebot3_ws/install/turtlebot3_teleop:/home/aksel/turtlebot3_ws/install/turtlebot3_example:/opt/ros/humble /usr/bin/cmake --install /home/aksel/Documents/GitHub/Mobile_robotter/ros2_ws/build/lidar_data
[8.335s] -- Install configuration: ""
[8.335s] -- Execute custom install script
[8.335s] -- Up-to-date symlink: /home/aksel/Documents/GitHub/Mobile_robotter/ros2_ws/install/lidar_data/lib/lidar_data/lidar_data
[8.336s] -- Up-to-date symlink: /home/aksel/Documents/GitHub/Mobile_robotter/ros2_ws/install/lidar_data/share/ament_index/resource_index/package_run_dependencies/lidar_data
[8.336s] -- Up-to-date symlink: /home/aksel/Documents/GitHub/Mobile_robotter/ros2_ws/install/lidar_data/share/ament_index/resource_index/parent_prefix_path/lidar_data
[8.337s] -- Up-to-date symlink: /home/aksel/Documents/GitHub/Mobile_robotter/ros2_ws/install/lidar_data/share/lidar_data/environment/ament_prefix_path.sh
[8.337s] -- Up-to-date symlink: /home/aksel/Documents/GitHub/Mobile_robotter/ros2_ws/install/lidar_data/share/lidar_data/environment/ament_prefix_path.dsv
[8.337s] -- Up-to-date symlink: /home/aksel/Documents/GitHub/Mobile_robotter/ros2_ws/install/lidar_data/share/lidar_data/environment/path.sh
[8.337s] -- Up-to-date symlink: /home/aksel/Documents/GitHub/Mobile_robotter/ros2_ws/install/lidar_data/share/lidar_data/environment/path.dsv
[8.337s] -- Up-to-date symlink: /home/aksel/Documents/GitHub/Mobile_robotter/ros2_ws/install/lidar_data/share/lidar_data/local_setup.bash
[8.338s] -- Up-to-date symlink: /home/aksel/Documents/GitHub/Mobile_robotter/ros2_ws/install/lidar_data/share/lidar_data/local_setup.sh
[8.338s] -- Up-to-date symlink: /home/aksel/Documents/GitHub/Mobile_robotter/ros2_ws/install/lidar_data/share/lidar_data/local_setup.zsh
[8.338s] -- Up-to-date symlink: /home/aksel/Documents/GitHub/Mobile_robotter/ros2_ws/install/lidar_data/share/lidar_data/local_setup.dsv
[8.338s] -- Symlinking: /home/aksel/Documents/GitHub/Mobile_robotter/ros2_ws/install/lidar_data/share/lidar_data/package.dsv
[8.346s] -- Up-to-date symlink: /home/aksel/Documents/GitHub/Mobile_robotter/ros2_ws/install/lidar_data/share/ament_index/resource_index/packages/lidar_data
[8.346s] -- Up-to-date symlink: /home/aksel/Documents/GitHub/Mobile_robotter/ros2_ws/install/lidar_data/share/lidar_data/cmake/lidar_dataConfig.cmake
[8.346s] -- Up-to-date symlink: /home/aksel/Documents/GitHub/Mobile_robotter/ros2_ws/install/lidar_data/share/lidar_data/cmake/lidar_dataConfig-version.cmake
[8.347s] -- Up-to-date symlink: /home/aksel/Documents/GitHub/Mobile_robotter/ros2_ws/install/lidar_data/share/lidar_data/package.xml
[8.348s] Invoked command in '/home/aksel/Documents/GitHub/Mobile_robotter/ros2_ws/build/lidar_data' returned '0': CMAKE_PREFIX_PATH=${CMAKE_PREFIX_PATH}:/home/aksel/turtlebot3_ws/install/turtlebot3_teleop:/home/aksel/turtlebot3_ws/install/turtlebot3_example:/opt/ros/humble /usr/bin/cmake --install /home/aksel/Documents/GitHub/Mobile_robotter/ros2_ws/build/lidar_data
