  main.cpp
C:\Users\jona3\OneDrive\Skrivebord\Øvelsessæt til c++ eksamen\Sidste eksmen\FFS\FFS\main.cpp(19,19): warning C4267: 'initializing': conversion from 'size_t' to 'int', possible loss of data
C:\Users\jona3\OneDrive\Skrivebord\Øvelsessæt til c++ eksamen\Sidste eksmen\FFS\FFS\main.cpp(28,15): warning C4267: 'initializing': conversion from 'size_t' to 'int', possible loss of data
C:\Users\jona3\OneDrive\Skrivebord\Øvelsessæt til c++ eksamen\Sidste eksmen\FFS\FFS\main.cpp(29,19): warning C4244: 'initializing': conversion from 'double' to 'int', possible loss of data
C:\Users\jona3\OneDrive\Skrivebord\Øvelsessæt til c++ eksamen\Sidste eksmen\FFS\FFS\main.cpp(98,27): warning C4244: 'initializing': conversion from '_Ty' to 'int', possible loss of data
C:\Users\jona3\OneDrive\Skrivebord\Øvelsessæt til c++ eksamen\Sidste eksmen\FFS\FFS\main.cpp(98,27): warning C4244:         with
C:\Users\jona3\OneDrive\Skrivebord\Øvelsessæt til c++ eksamen\Sidste eksmen\FFS\FFS\main.cpp(98,27): warning C4244:         [
C:\Users\jona3\OneDrive\Skrivebord\Øvelsessæt til c++ eksamen\Sidste eksmen\FFS\FFS\main.cpp(98,27): warning C4244:             _Ty=double
C:\Users\jona3\OneDrive\Skrivebord\Øvelsessæt til c++ eksamen\Sidste eksmen\FFS\FFS\main.cpp(98,27): warning C4244:         ]
C:\Users\jona3\OneDrive\Skrivebord\Øvelsessæt til c++ eksamen\Sidste eksmen\FFS\FFS\FFT.h(24,32): warning C4018: '<': signed/unsigned mismatch
  (compiling source file 'main.cpp')
  C:\Users\jona3\OneDrive\Skrivebord\Øvelsessæt til c++ eksamen\Sidste eksmen\FFS\FFS\FFT.h(24,32):
  the template instantiation context (the oldest one first) is
  	C:\Users\jona3\OneDrive\Skrivebord\Øvelsessæt til c++ eksamen\Sidste eksmen\FFS\FFS\main.cpp(39,9):
  	see reference to function template instantiation 'void fft<std::_Vector_iterator<std::_Vector_val<std::_Simple_types<_Ty>>>>(Iter_T,Iter_T,int)' being compiled
          with
          [
              _Ty=std::complex<double>,
              Iter_T=std::_Vector_iterator<std::_Vector_val<std::_Simple_types<std::complex<double>>>>
          ]
  
  FFS.vcxproj -> C:\Users\jona3\OneDrive\Skrivebord\Øvelsessæt til c++ eksamen\Sidste eksmen\FFS\x64\Debug\FFS.exe
