[0.015s] Invoking command in '/home/aksel/Documents/GitHub/Mobile_robotter/ros2_ws/build/lidar_gui': CMAKE_PREFIX_PATH=${CMAKE_PREFIX_PATH}:/home/aksel/turtlebot3_ws/install/turtlebot3_teleop:/home/aksel/turtlebot3_ws/install/turtlebot3_example:/opt/ros/humble /bin/cmake /home/aksel/Documents/GitHub/Mobile_robotter/ros2_ws/src/lidar_gui -DCMAKE_INSTALL_PREFIX=/home/aksel/Documents/GitHub/Mobile_robotter/ros2_ws/install/lidar_gui
[0.023s] -- Found ament_cmake: 1.3.10 (/opt/ros/humble/share/ament_cmake/cmake)
[0.117s] -- Found rclcpp: 16.0.10 (/opt/ros/humble/share/rclcpp/cmake)
[0.140s] -- Found rosidl_generator_c: 3.1.5 (/opt/ros/humble/share/rosidl_generator_c/cmake)
[0.142s] -- Found rosidl_adapter: 3.1.5 (/opt/ros/humble/share/rosidl_adapter/cmake)
[0.146s] -- Found rosidl_generator_cpp: 3.1.5 (/opt/ros/humble/share/rosidl_generator_cpp/cmake)
[0.153s] -- Using all available rosidl_typesupport_c: rosidl_typesupport_fastrtps_c;rosidl_typesupport_introspection_c
[0.163s] -- Using all available rosidl_typesupport_cpp: rosidl_typesupport_fastrtps_cpp;rosidl_typesupport_introspection_cpp
[0.185s] -- Found rmw_implementation_cmake: 6.1.2 (/opt/ros/humble/share/rmw_implementation_cmake/cmake)
[0.186s] -- Found rmw_fastrtps_cpp: 6.2.7 (/opt/ros/humble/share/rmw_fastrtps_cpp/cmake)
[0.283s] -- Using RMW implementation 'rmw_fastrtps_cpp' as default
[0.316s] -- Found geometry_msgs: 4.2.4 (/opt/ros/humble/share/geometry_msgs/cmake)
[0.324s] -- Found sensor_msgs: 4.2.4 (/opt/ros/humble/share/sensor_msgs/cmake)
[0.336s] -- Found rclcpp_components: 16.0.10 (/opt/ros/humble/share/rclcpp_components/cmake)
[0.348s] -- Found nav_msgs: 4.2.4 (/opt/ros/humble/share/nav_msgs/cmake)
[0.436s] -- Configuring done
[0.445s] -- Generating done
[0.446s] -- Build files have been written to: /home/aksel/Documents/GitHub/Mobile_robotter/ros2_ws/build/lidar_gui
[0.454s] Invoked command in '/home/aksel/Documents/GitHub/Mobile_robotter/ros2_ws/build/lidar_gui' returned '0': CMAKE_PREFIX_PATH=${CMAKE_PREFIX_PATH}:/home/aksel/turtlebot3_ws/install/turtlebot3_teleop:/home/aksel/turtlebot3_ws/install/turtlebot3_example:/opt/ros/humble /bin/cmake /home/aksel/Documents/GitHub/Mobile_robotter/ros2_ws/src/lidar_gui -DCMAKE_INSTALL_PREFIX=/home/aksel/Documents/GitHub/Mobile_robotter/ros2_ws/install/lidar_gui
[0.456s] Invoking command in '/home/aksel/Documents/GitHub/Mobile_robotter/ros2_ws/build/lidar_gui': CMAKE_PREFIX_PATH=${CMAKE_PREFIX_PATH}:/home/aksel/turtlebot3_ws/install/turtlebot3_teleop:/home/aksel/turtlebot3_ws/install/turtlebot3_example:/opt/ros/humble /bin/cmake --build /home/aksel/Documents/GitHub/Mobile_robotter/ros2_ws/build/lidar_gui -- -j16 -l16
[0.501s] [ 75%] [32mBuilding CXX object CMakeFiles/lidar_gui.dir/src/GUIWindow.cpp.o[0m
[0.501s] [ 75%] [32mBuilding CXX object CMakeFiles/lidar_gui.dir/src/lidarnode.cpp.o[0m
[0.501s] [ 75%] [32mBuilding CXX object CMakeFiles/lidar_gui.dir/src/main.cpp.o[0m
[0.562s] In file included from [01m[K/home/aksel/Documents/GitHub/Mobile_robotter/ros2_ws/src/lidar_gui/src/GUIWindow.cpp:1[m[K:
[0.562s] [01m[K/home/aksel/Documents/GitHub/Mobile_robotter/ros2_ws/src/lidar_gui/include/GUIWindow.h:10:10:[m[K [01;31m[Kfatal error: [m[KdataTypes.h: No such file or directory
[0.562s]    10 | #include [01;31m[K"dataTypes.h"[m[K
[0.562s]       |          [01;31m[K^~~~~~~~~~~~~[m[K
[0.563s] compilation terminated.
[0.564s] gmake[2]: *** [CMakeFiles/lidar_gui.dir/build.make:104: CMakeFiles/lidar_gui.dir/src/GUIWindow.cpp.o] Error 1
[0.564s] gmake[2]: *** Waiting for unfinished jobs....
[0.699s] In file included from [01m[K/home/aksel/Documents/GitHub/Mobile_robotter/ros2_ws/src/lidar_gui/src/lidarnode.cpp:1[m[K:
[0.699s] [01m[K/home/aksel/Documents/GitHub/Mobile_robotter/ros2_ws/src/lidar_gui/include/lidarnode.h:7:10:[m[K [01;31m[Kfatal error: [m[KQtSql/QSqlDatabase: No such file or directory
[0.699s]     7 | #include [01;31m[K<QtSql/QSqlDatabase>[m[K
[0.699s]       |          [01;31m[K^~~~~~~~~~~~~~~~~~~~[m[K
[0.699s] compilation terminated.
[0.699s] In file included from [01m[K/home/aksel/Documents/GitHub/Mobile_robotter/ros2_ws/src/lidar_gui/src/main.cpp:5[m[K:
[0.699s] [01m[K/home/aksel/Documents/GitHub/Mobile_robotter/ros2_ws/src/lidar_gui/include/lidarnode.h:7:10:[m[K [01;31m[Kfatal error: [m[KQtSql/QSqlDatabase: No such file or directory
[0.699s]     7 | #include [01;31m[K<QtSql/QSqlDatabase>[m[K
[0.699s]       |          [01;31m[K^~~~~~~~~~~~~~~~~~~~[m[K
[0.699s] compilation terminated.
[0.711s] gmake[2]: *** [CMakeFiles/lidar_gui.dir/build.make:76: CMakeFiles/lidar_gui.dir/src/main.cpp.o] Error 1
[0.711s] gmake[2]: *** [CMakeFiles/lidar_gui.dir/build.make:90: CMakeFiles/lidar_gui.dir/src/lidarnode.cpp.o] Error 1
[0.712s] gmake[1]: *** [CMakeFiles/Makefile2:137: CMakeFiles/lidar_gui.dir/all] Error 2
[0.712s] gmake: *** [Makefile:146: all] Error 2
[0.714s] Invoked command in '/home/aksel/Documents/GitHub/Mobile_robotter/ros2_ws/build/lidar_gui' returned '2': CMAKE_PREFIX_PATH=${CMAKE_PREFIX_PATH}:/home/aksel/turtlebot3_ws/install/turtlebot3_teleop:/home/aksel/turtlebot3_ws/install/turtlebot3_example:/opt/ros/humble /bin/cmake --build /home/aksel/Documents/GitHub/Mobile_robotter/ros2_ws/build/lidar_gui -- -j16 -l16
