[35m[1mConsolidate compiler generated dependencies of target dtmf_to_cmd_vel[0m
[100%] Built target dtmf_to_cmd_vel
-- Install configuration: ""
-- Installing: /home/aksel/Documents/GitHub/Mobile_robotter/ros2_ws/install/dtmf_to_cmd_vel/lib/dtmf_to_cmd_vel/dtmf_to_cmd_vel
-- Set runtime path of "/home/aksel/Documents/GitHub/Mobile_robotter/ros2_ws/install/dtmf_to_cmd_vel/lib/dtmf_to_cmd_vel/dtmf_to_cmd_vel" to ""
-- Up-to-date: /home/aksel/Documents/GitHub/Mobile_robotter/ros2_ws/install/dtmf_to_cmd_vel/share/dtmf_to_cmd_vel//launch
-- Installing: /home/aksel/Documents/GitHub/Mobile_robotter/ros2_ws/install/dtmf_to_cmd_vel/share/ament_index/resource_index/package_run_dependencies/dtmf_to_cmd_vel
-- Installing: /home/aksel/Documents/GitHub/Mobile_robotter/ros2_ws/install/dtmf_to_cmd_vel/share/ament_index/resource_index/parent_prefix_path/dtmf_to_cmd_vel
-- Installing: /home/aksel/Documents/GitHub/Mobile_robotter/ros2_ws/install/dtmf_to_cmd_vel/share/dtmf_to_cmd_vel/environment/ament_prefix_path.sh
-- Installing: /home/aksel/Documents/GitHub/Mobile_robotter/ros2_ws/install/dtmf_to_cmd_vel/share/dtmf_to_cmd_vel/environment/ament_prefix_path.dsv
-- Installing: /home/aksel/Documents/GitHub/Mobile_robotter/ros2_ws/install/dtmf_to_cmd_vel/share/dtmf_to_cmd_vel/environment/path.sh
-- Installing: /home/aksel/Documents/GitHub/Mobile_robotter/ros2_ws/install/dtmf_to_cmd_vel/share/dtmf_to_cmd_vel/environment/path.dsv
-- Installing: /home/aksel/Documents/GitHub/Mobile_robotter/ros2_ws/install/dtmf_to_cmd_vel/share/dtmf_to_cmd_vel/local_setup.bash
-- Installing: /home/aksel/Documents/GitHub/Mobile_robotter/ros2_ws/install/dtmf_to_cmd_vel/share/dtmf_to_cmd_vel/local_setup.sh
-- Installing: /home/aksel/Documents/GitHub/Mobile_robotter/ros2_ws/install/dtmf_to_cmd_vel/share/dtmf_to_cmd_vel/local_setup.zsh
-- Installing: /home/aksel/Documents/GitHub/Mobile_robotter/ros2_ws/install/dtmf_to_cmd_vel/share/dtmf_to_cmd_vel/local_setup.dsv
-- Installing: /home/aksel/Documents/GitHub/Mobile_robotter/ros2_ws/install/dtmf_to_cmd_vel/share/dtmf_to_cmd_vel/package.dsv
-- Installing: /home/aksel/Documents/GitHub/Mobile_robotter/ros2_ws/install/dtmf_to_cmd_vel/share/ament_index/resource_index/packages/dtmf_to_cmd_vel
-- Installing: /home/aksel/Documents/GitHub/Mobile_robotter/ros2_ws/install/dtmf_to_cmd_vel/share/dtmf_to_cmd_vel/cmake/dtmf_to_cmd_velConfig.cmake
-- Installing: /home/aksel/Documents/GitHub/Mobile_robotter/ros2_ws/install/dtmf_to_cmd_vel/share/dtmf_to_cmd_vel/cmake/dtmf_to_cmd_velConfig-version.cmake
-- Installing: /home/aksel/Documents/GitHub/Mobile_robotter/ros2_ws/install/dtmf_to_cmd_vel/share/dtmf_to_cmd_vel/package.xml
