[ 50%] [32mBuilding CXX object CMakeFiles/lidar_gui.dir/src/lidarnode.cpp.o[0m
[ 50%] [32mBuilding CXX object CMakeFiles/lidar_gui.dir/src/main.cpp.o[0m
[ 75%] [32mBuilding CXX object CMakeFiles/lidar_gui.dir/src/GUIWindow.cpp.o[0m
In file included from [01m[K/home/aksel/Documents/GitHub/Mobile_robotter/ros2_ws/src/lidar_gui/include/lidarnode.h:8[m[K,
                 from [01m[K/home/aksel/Documents/GitHub/Mobile_robotter/ros2_ws/src/lidar_gui/src/lidarnode.cpp:1[m[K:
[01m[K/home/aksel/Documents/GitHub/Mobile_robotter/ros2_ws/src/lidar_gui/include/GUIWindow.h:9:10:[m[K [01;31m[Kfatal error: [m[KdataTypes.h: No such file or directory
    9 | #include [01;31m[K"dataTypes.h"[m[K
      |          [01;31m[K^~~~~~~~~~~~~[m[K
compilation terminated.
In file included from [01m[K/home/aksel/Documents/GitHub/Mobile_robotter/ros2_ws/src/lidar_gui/include/lidarnode.h:8[m[K,
                 from [01m[K/home/aksel/Documents/GitHub/Mobile_robotter/ros2_ws/src/lidar_gui/src/main.cpp:5[m[K:
[01m[K/home/aksel/Documents/GitHub/Mobile_robotter/ros2_ws/src/lidar_gui/include/GUIWindow.h:9:10:[m[K [01;31m[Kfatal error: [m[KdataTypes.h: No such file or directory
    9 | #include [01;31m[K"dataTypes.h"[m[K
      |          [01;31m[K^~~~~~~~~~~~~[m[K
compilation terminated.
gmake[2]: *** [CMakeFiles/lidar_gui.dir/build.make:90: CMakeFiles/lidar_gui.dir/src/lidarnode.cpp.o] Error 1
gmake[2]: *** Waiting for unfinished jobs....
gmake[2]: *** [CMakeFiles/lidar_gui.dir/build.make:76: CMakeFiles/lidar_gui.dir/src/main.cpp.o] Error 1
[01m[K/home/aksel/Documents/GitHub/Mobile_robotter/ros2_ws/src/lidar_gui/src/GUIWindow.cpp:4:1:[m[K [01;31m[Kerror: [m[K‘[01m[KGUI[m[K’ does not name a type
    4 | [01;31m[KGUI[m[K::GUI(){
      | [01;31m[K^~~[m[K
[01m[K/home/aksel/Documents/GitHub/Mobile_robotter/ros2_ws/src/lidar_gui/src/GUIWindow.cpp:55:6:[m[K [01;31m[Kerror: [m[K‘[01m[KGUI[m[K’ has not been declared
   55 | bool [01;31m[KGUI[m[K::spaceFree(int x_, int y_){
      |      [01;31m[K^~~[m[K
[01m[K/home/aksel/Documents/GitHub/Mobile_robotter/ros2_ws/src/lidar_gui/src/GUIWindow.cpp:[m[K In function ‘[01m[Kbool spaceFree(int, int)[m[K’:
[01m[K/home/aksel/Documents/GitHub/Mobile_robotter/ros2_ws/src/lidar_gui/src/GUIWindow.cpp:56:24:[m[K [01;31m[Kerror: [m[K‘[01m[KwallFrags[m[K’ was not declared in this scope
   56 |     for(int i = 0; i < [01;31m[KwallFrags[m[K.size(); i++){
      |                        [01;31m[K^~~~~~~~~[m[K
[01m[K/home/aksel/Documents/GitHub/Mobile_robotter/ros2_ws/src/lidar_gui/src/GUIWindow.cpp:[m[K At global scope:
[01m[K/home/aksel/Documents/GitHub/Mobile_robotter/ros2_ws/src/lidar_gui/src/GUIWindow.cpp:69:6:[m[K [01;31m[Kerror: [m[K‘[01m[KGUI[m[K’ has not been declared
   69 | void [01;31m[KGUI[m[K::lidarReading(float angle, float len){
      |      [01;31m[K^~~[m[K
[01m[K/home/aksel/Documents/GitHub/Mobile_robotter/ros2_ws/src/lidar_gui/src/GUIWindow.cpp:[m[K In function ‘[01m[Kvoid lidarReading(float, float)[m[K’:
[01m[K/home/aksel/Documents/GitHub/Mobile_robotter/ros2_ws/src/lidar_gui/src/GUIWindow.cpp:77:24:[m[K [01;31m[Kerror: [m[K‘[01m[KwallFrags[m[K’ was not declared in this scope
   77 |     for(int i = 0; i < [01;31m[KwallFrags[m[K.size(); i++){
      |                        [01;31m[K^~~~~~~~~[m[K
[01m[K/home/aksel/Documents/GitHub/Mobile_robotter/ros2_ws/src/lidar_gui/src/GUIWindow.cpp:84:34:[m[K [01;31m[Kerror: [m[K‘[01m[Krobot[m[K’ was not declared in this scope
   84 |         if(wallFrags[i].contains([01;31m[Krobot[m[K.x + x_com, robot.y + y_com) && (wallFrags[i].getType() != Wall::typeWall)){ //Does a square exist on the recorded coords?
      |                                  [01;31m[K^~~~~[m[K
[01m[K/home/aksel/Documents/GitHub/Mobile_robotter/ros2_ws/src/lidar_gui/src/GUIWindow.cpp:84:98:[m[K [01;31m[Kerror: [m[K‘[01m[KWall[m[K’ has not been declared
   84 |         if(wallFrags[i].contains(robot.x + x_com, robot.y + y_com) && (wallFrags[i].getType() != [01;31m[KWall[m[K::typeWall)){ //Does a square exist on the recorded coords?
      |                                                                                                  [01;31m[K^~~~[m[K
[01m[K/home/aksel/Documents/GitHub/Mobile_robotter/ros2_ws/src/lidar_gui/src/GUIWindow.cpp:89:34:[m[K [01;31m[Kerror: [m[K‘[01m[KWall[m[K’ has not been declared
   89 |             wallFrags[i].setType([01;31m[KWall[m[K::typeWall);
      |                                  [01;31m[K^~~~[m[K
[01m[K/home/aksel/Documents/GitHub/Mobile_robotter/ros2_ws/src/lidar_gui/src/GUIWindow.cpp:96:38:[m[K [01;31m[Kerror: [m[K‘[01m[KPoint[m[K’ was not declared in this scope
   96 |             wallFrags.push_back(Wall([01;31m[KPoint[m[K(robot.x + x_com, robot.y + y_com), wallSize, Wall::typeWall)); //
      |                                      [01;31m[K^~~~~[m[K
[01m[K/home/aksel/Documents/GitHub/Mobile_robotter/ros2_ws/src/lidar_gui/src/GUIWindow.cpp:96:79:[m[K [01;31m[Kerror: [m[K‘[01m[KwallSize[m[K’ was not declared in this scope
   96 |             wallFrags.push_back(Wall(Point(robot.x + x_com, robot.y + y_com), [01;31m[KwallSize[m[K, Wall::typeWall)); //
      |                                                                               [01;31m[K^~~~~~~~[m[K
[01m[K/home/aksel/Documents/GitHub/Mobile_robotter/ros2_ws/src/lidar_gui/src/GUIWindow.cpp:96:89:[m[K [01;31m[Kerror: [m[K‘[01m[KWall[m[K’ has not been declared
   96 |             wallFrags.push_back(Wall(Point(robot.x + x_com, robot.y + y_com), wallSize, [01;31m[KWall[m[K::typeWall)); //
      |                                                                                         [01;31m[K^~~~[m[K
[01m[K/home/aksel/Documents/GitHub/Mobile_robotter/ros2_ws/src/lidar_gui/src/GUIWindow.cpp:96:33:[m[K [01;31m[Kerror: [m[K‘[01m[KWall[m[K’ was not declared in this scope
   96 |             wallFrags.push_back([01;31m[KWall[m[K(Point(robot.x + x_com, robot.y + y_com), wallSize, Wall::typeWall)); //
      |                                 [01;31m[K^~~~[m[K
[01m[K/home/aksel/Documents/GitHub/Mobile_robotter/ros2_ws/src/lidar_gui/src/GUIWindow.cpp:104:22:[m[K [01;31m[Kerror: [m[K‘[01m[Krobot[m[K’ was not declared in this scope
  104 |         if(spaceFree([01;31m[Krobot[m[K.x + (x_com/len)*i, robot.y + (y_com/len)*i)){
      |                      [01;31m[K^~~~~[m[K
[01m[K/home/aksel/Documents/GitHub/Mobile_robotter/ros2_ws/src/lidar_gui/src/GUIWindow.cpp:105:13:[m[K [01;31m[Kerror: [m[K‘[01m[KwallFrags[m[K’ was not declared in this scope
  105 |             [01;31m[KwallFrags[m[K.push_back(Wall(Point(robot.x + (x_com/len)*i, robot.y + (y_com/len)*i), emptySize, Wall::typeEmpty));
      |             [01;31m[K^~~~~~~~~[m[K
[01m[K/home/aksel/Documents/GitHub/Mobile_robotter/ros2_ws/src/lidar_gui/src/GUIWindow.cpp:105:38:[m[K [01;31m[Kerror: [m[K‘[01m[KPoint[m[K’ was not declared in this scope
  105 |             wallFrags.push_back(Wall([01;31m[KPoint[m[K(robot.x + (x_com/len)*i, robot.y + (y_com/len)*i), emptySize, Wall::typeEmpty));
      |                                      [01;31m[K^~~~~[m[K
[01m[K/home/aksel/Documents/GitHub/Mobile_robotter/ros2_ws/src/lidar_gui/src/GUIWindow.cpp:105:95:[m[K [01;31m[Kerror: [m[K‘[01m[KemptySize[m[K’ was not declared in this scope
  105 |             wallFrags.push_back(Wall(Point(robot.x + (x_com/len)*i, robot.y + (y_com/len)*i), [01;31m[KemptySize[m[K, Wall::typeEmpty));
      |                                                                                               [01;31m[K^~~~~~~~~[m[K
[01m[K/home/aksel/Documents/GitHub/Mobile_robotter/ros2_ws/src/lidar_gui/src/GUIWindow.cpp:105:106:[m[K [01;31m[Kerror: [m[K‘[01m[KWall[m[K’ has not been declared
  105 |             wallFrags.push_back(Wall(Point(robot.x + (x_com/len)*i, robot.y + (y_com/len)*i), emptySize, [01;31m[KWall[m[K::typeEmpty));
      |                                                                                                          [01;31m[K^~~~[m[K
[01m[K/home/aksel/Documents/GitHub/Mobile_robotter/ros2_ws/src/lidar_gui/src/GUIWindow.cpp:105:33:[m[K [01;31m[Kerror: [m[K‘[01m[KWall[m[K’ was not declared in this scope
  105 |             wallFrags.push_back([01;31m[KWall[m[K(Point(robot.x + (x_com/len)*i, robot.y + (y_com/len)*i), emptySize, Wall::typeEmpty));
      |                                 [01;31m[K^~~~[m[K
[01m[K/home/aksel/Documents/GitHub/Mobile_robotter/ros2_ws/src/lidar_gui/src/GUIWindow.cpp:[m[K At global scope:
[01m[K/home/aksel/Documents/GitHub/Mobile_robotter/ros2_ws/src/lidar_gui/src/GUIWindow.cpp:114:6:[m[K [01;31m[Kerror: [m[K‘[01m[KGUI[m[K’ has not been declared
  114 | void [01;31m[KGUI[m[K::movementRobot(float angle, float intensity){
      |      [01;31m[K^~~[m[K
[01m[K/home/aksel/Documents/GitHub/Mobile_robotter/ros2_ws/src/lidar_gui/src/GUIWindow.cpp:[m[K In function ‘[01m[Kvoid movementRobot(float, float)[m[K’:
[01m[K/home/aksel/Documents/GitHub/Mobile_robotter/ros2_ws/src/lidar_gui/src/GUIWindow.cpp:123:5:[m[K [01;31m[Kerror: [m[K‘[01m[Krobot[m[K’ was not declared in this scope
  123 |     [01;31m[Krobot[m[K.x = robot.x + x_com;
      |     [01;31m[K^~~~~[m[K
[01m[K/home/aksel/Documents/GitHub/Mobile_robotter/ros2_ws/src/lidar_gui/src/GUIWindow.cpp:126:19:[m[K [01;31m[Kerror: [m[K‘[01m[Kdisplay[m[K’ was not declared in this scope
  126 |     XPutBackEvent([01;31m[Kdisplay[m[K, &event);
      |                   [01;31m[K^~~~~~~[m[K
[01m[K/home/aksel/Documents/GitHub/Mobile_robotter/ros2_ws/src/lidar_gui/src/GUIWindow.cpp:126:29:[m[K [01;31m[Kerror: [m[K‘[01m[Kevent[m[K’ was not declared in this scope
  126 |     XPutBackEvent(display, &[01;31m[Kevent[m[K);
      |                             [01;31m[K^~~~~[m[K
[01m[K/home/aksel/Documents/GitHub/Mobile_robotter/ros2_ws/src/lidar_gui/src/GUIWindow.cpp:126:5:[m[K [01;31m[Kerror: [m[K‘[01m[KXPutBackEvent[m[K’ was not declared in this scope
  126 |     [01;31m[KXPutBackEvent[m[K(display, &event);
      |     [01;31m[K^~~~~~~~~~~~~[m[K
[01m[K/home/aksel/Documents/GitHub/Mobile_robotter/ros2_ws/src/lidar_gui/src/GUIWindow.cpp:[m[K At global scope:
[01m[K/home/aksel/Documents/GitHub/Mobile_robotter/ros2_ws/src/lidar_gui/src/GUIWindow.cpp:129:6:[m[K [01;31m[Kerror: [m[K‘[01m[KGUI[m[K’ has not been declared
  129 | void [01;31m[KGUI[m[K::rescale(){
      |      [01;31m[K^~~[m[K
[01m[K/home/aksel/Documents/GitHub/Mobile_robotter/ros2_ws/src/lidar_gui/src/GUIWindow.cpp:[m[K In function ‘[01m[Kvoid rescale()[m[K’:
[01m[K/home/aksel/Documents/GitHub/Mobile_robotter/ros2_ws/src/lidar_gui/src/GUIWindow.cpp:131:8:[m[K [01;31m[Kerror: [m[K‘[01m[Krobot[m[K’ was not declared in this scope
  131 |     if([01;31m[Krobot[m[K.x < (XDisplayWidth(display, screen) * 0.1)){
      |        [01;31m[K^~~~~[m[K
[01m[K/home/aksel/Documents/GitHub/Mobile_robotter/ros2_ws/src/lidar_gui/src/GUIWindow.cpp:131:33:[m[K [01;31m[Kerror: [m[K‘[01m[Kdisplay[m[K’ was not declared in this scope
  131 |     if(robot.x < (XDisplayWidth([01;31m[Kdisplay[m[K, screen) * 0.1)){
      |                                 [01;31m[K^~~~~~~[m[K
[01m[K/home/aksel/Documents/GitHub/Mobile_robotter/ros2_ws/src/lidar_gui/src/GUIWindow.cpp:131:42:[m[K [01;31m[Kerror: [m[K‘[01m[Kscreen[m[K’ was not declared in this scope
  131 |     if(robot.x < (XDisplayWidth(display, [01;31m[Kscreen[m[K) * 0.1)){
      |                                          [01;31m[K^~~~~~[m[K
[01m[K/home/aksel/Documents/GitHub/Mobile_robotter/ros2_ws/src/lidar_gui/src/GUIWindow.cpp:131:19:[m[K [01;31m[Kerror: [m[K‘[01m[KXDisplayWidth[m[K’ was not declared in this scope
  131 |     if(robot.x < ([01;31m[KXDisplayWidth[m[K(display, screen) * 0.1)){
      |                   [01;31m[K^~~~~~~~~~~~~[m[K
[01m[K/home/aksel/Documents/GitHub/Mobile_robotter/ros2_ws/src/lidar_gui/src/GUIWindow.cpp:132:28:[m[K [01;31m[Kerror: [m[K‘[01m[KwallFrags[m[K’ was not declared in this scope
  132 |         for(int i = 0; i < [01;31m[KwallFrags[m[K.size(); i++){
      |                            [01;31m[K^~~~~~~~~[m[K
[01m[K/home/aksel/Documents/GitHub/Mobile_robotter/ros2_ws/src/lidar_gui/src/GUIWindow.cpp:139:28:[m[K [01;31m[Kerror: [m[K‘[01m[KwallFrags[m[K’ was not declared in this scope
  139 |         for(int i = 0; i < [01;31m[KwallFrags[m[K.size(); i++){
      |                            [01;31m[K^~~~~~~~~[m[K
[01m[K/home/aksel/Documents/GitHub/Mobile_robotter/ros2_ws/src/lidar_gui/src/GUIWindow.cpp:145:24:[m[K [01;31m[Kerror: [m[K‘[01m[KXDisplayHeight[m[K’ was not declared in this scope
  145 |     else if(robot.y < ([01;31m[KXDisplayHeight[m[K(display, screen) * 0.1)){
      |                        [01;31m[K^~~~~~~~~~~~~~[m[K
[01m[K/home/aksel/Documents/GitHub/Mobile_robotter/ros2_ws/src/lidar_gui/src/GUIWindow.cpp:146:28:[m[K [01;31m[Kerror: [m[K‘[01m[KwallFrags[m[K’ was not declared in this scope
  146 |         for(int i = 0; i < [01;31m[KwallFrags[m[K.size(); i++){
      |                            [01;31m[K^~~~~~~~~[m[K
[01m[K/home/aksel/Documents/GitHub/Mobile_robotter/ros2_ws/src/lidar_gui/src/GUIWindow.cpp:153:28:[m[K [01;31m[Kerror: [m[K‘[01m[KwallFrags[m[K’ was not declared in this scope
  153 |         for(int i = 0; i < [01;31m[KwallFrags[m[K.size(); i++){
      |                            [01;31m[K^~~~~~~~~[m[K
[01m[K/home/aksel/Documents/GitHub/Mobile_robotter/ros2_ws/src/lidar_gui/src/GUIWindow.cpp:[m[K At global scope:
[01m[K/home/aksel/Documents/GitHub/Mobile_robotter/ros2_ws/src/lidar_gui/src/GUIWindow.cpp:161:6:[m[K [01;31m[Kerror: [m[K‘[01m[KGUI[m[K’ has not been declared
  161 | void [01;31m[KGUI[m[K::paintMap(){
      |      [01;31m[K^~~[m[K
[01m[K/home/aksel/Documents/GitHub/Mobile_robotter/ros2_ws/src/lidar_gui/src/GUIWindow.cpp:[m[K In function ‘[01m[Kvoid paintMap()[m[K’:
[01m[K/home/aksel/Documents/GitHub/Mobile_robotter/ros2_ws/src/lidar_gui/src/GUIWindow.cpp:163:24:[m[K [01;31m[Kerror: [m[K‘[01m[KwallFrags[m[K’ was not declared in this scope
  163 |     for(int i = 0; i < [01;31m[KwallFrags[m[K.size(); i++){
      |                        [01;31m[K^~~~~~~~~[m[K
[01m[K/home/aksel/Documents/GitHub/Mobile_robotter/ros2_ws/src/lidar_gui/src/GUIWindow.cpp:164:24:[m[K [01;31m[Kerror: [m[K‘[01m[Kdisplay[m[K’ was not declared in this scope
  164 |         XFillRectangle([01;31m[Kdisplay[m[K, window, (wallFrags[i].getType() == Wall::typeWall ? gcWall : gcEmpty), wallFrags[i].x - wallFrags[i].size.width/2, wallFrags[i].y - wallFrags[i].size.height/2, wallFrags[i].size.width, wallFrags[i].size.height);
      |                        [01;31m[K^~~~~~~[m[K
[01m[K/home/aksel/Documents/GitHub/Mobile_robotter/ros2_ws/src/lidar_gui/src/GUIWindow.cpp:164:33:[m[K [01;31m[Kerror: [m[K‘[01m[Kwindow[m[K’ was not declared in this scope
  164 |         XFillRectangle(display, [01;31m[Kwindow[m[K, (wallFrags[i].getType() == Wall::typeWall ? gcWall : gcEmpty), wallFrags[i].x - wallFrags[i].size.width/2, wallFrags[i].y - wallFrags[i].size.height/2, wallFrags[i].size.width, wallFrags[i].size.height);
      |                                 [01;31m[K^~~~~~[m[K
[01m[K/home/aksel/Documents/GitHub/Mobile_robotter/ros2_ws/src/lidar_gui/src/GUIWindow.cpp:164:68:[m[K [01;31m[Kerror: [m[K‘[01m[KWall[m[K’ has not been declared
  164 |         XFillRectangle(display, window, (wallFrags[i].getType() == [01;31m[KWall[m[K::typeWall ? gcWall : gcEmpty), wallFrags[i].x - wallFrags[i].size.width/2, wallFrags[i].y - wallFrags[i].size.height/2, wallFrags[i].size.width, wallFrags[i].size.height);
      |                                                                    [01;31m[K^~~~[m[K
[01m[K/home/aksel/Documents/GitHub/Mobile_robotter/ros2_ws/src/lidar_gui/src/GUIWindow.cpp:164:85:[m[K [01;31m[Kerror: [m[K‘[01m[KgcWall[m[K’ was not declared in this scope
  164 |         XFillRectangle(display, window, (wallFrags[i].getType() == Wall::typeWall ? [01;31m[KgcWall[m[K : gcEmpty), wallFrags[i].x - wallFrags[i].size.width/2, wallFrags[i].y - wallFrags[i].size.height/2, wallFrags[i].size.width, wallFrags[i].size.height);
      |                                                                                     [01;31m[K^~~~~~[m[K
[01m[K/home/aksel/Documents/GitHub/Mobile_robotter/ros2_ws/src/lidar_gui/src/GUIWindow.cpp:164:94:[m[K [01;31m[Kerror: [m[K‘[01m[KgcEmpty[m[K’ was not declared in this scope
  164 |         XFillRectangle(display, window, (wallFrags[i].getType() == Wall::typeWall ? gcWall : [01;31m[KgcEmpty[m[K), wallFrags[i].x - wallFrags[i].size.width/2, wallFrags[i].y - wallFrags[i].size.height/2, wallFrags[i].size.width, wallFrags[i].size.height);
      |                                                                                              [01;31m[K^~~~~~~[m[K
[01m[K/home/aksel/Documents/GitHub/Mobile_robotter/ros2_ws/src/lidar_gui/src/GUIWindow.cpp:164:9:[m[K [01;31m[Kerror: [m[K‘[01m[KXFillRectangle[m[K’ was not declared in this scope
  164 |         [01;31m[KXFillRectangle[m[K(display, window, (wallFrags[i].getType() == Wall::typeWall ? gcWall : gcEmpty), wallFrags[i].x - wallFrags[i].size.width/2, wallFrags[i].y - wallFrags[i].size.height/2, wallFrags[i].size.width, wallFrags[i].size.height);
      |         [01;31m[K^~~~~~~~~~~~~~[m[K
[01m[K/home/aksel/Documents/GitHub/Mobile_robotter/ros2_ws/src/lidar_gui/src/GUIWindow.cpp:[m[K At global scope:
[01m[K/home/aksel/Documents/GitHub/Mobile_robotter/ros2_ws/src/lidar_gui/src/GUIWindow.cpp:168:6:[m[K [01;31m[Kerror: [m[K‘[01m[KGUI[m[K’ has not been declared
  168 | void [01;31m[KGUI[m[K::paintRobot(){
      |      [01;31m[K^~~[m[K
[01m[K/home/aksel/Documents/GitHub/Mobile_robotter/ros2_ws/src/lidar_gui/src/GUIWindow.cpp:[m[K In function ‘[01m[Kvoid paintRobot()[m[K’:
[01m[K/home/aksel/Documents/GitHub/Mobile_robotter/ros2_ws/src/lidar_gui/src/GUIWindow.cpp:169:20:[m[K [01;31m[Kerror: [m[K‘[01m[Kdisplay[m[K’ was not declared in this scope
  169 |     XFillRectangle([01;31m[Kdisplay[m[K, window, gcRobot, robot.x - robot.size.width/2, robot.y - robot.size.height/2, robotSize.width, robotSize.height);
      |                    [01;31m[K^~~~~~~[m[K
[01m[K/home/aksel/Documents/GitHub/Mobile_robotter/ros2_ws/src/lidar_gui/src/GUIWindow.cpp:169:29:[m[K [01;31m[Kerror: [m[K‘[01m[Kwindow[m[K’ was not declared in this scope
  169 |     XFillRectangle(display, [01;31m[Kwindow[m[K, gcRobot, robot.x - robot.size.width/2, robot.y - robot.size.height/2, robotSize.width, robotSize.height);
      |                             [01;31m[K^~~~~~[m[K
[01m[K/home/aksel/Documents/GitHub/Mobile_robotter/ros2_ws/src/lidar_gui/src/GUIWindow.cpp:169:37:[m[K [01;31m[Kerror: [m[K‘[01m[KgcRobot[m[K’ was not declared in this scope
  169 |     XFillRectangle(display, window, [01;31m[KgcRobot[m[K, robot.x - robot.size.width/2, robot.y - robot.size.height/2, robotSize.width, robotSize.height);
      |                                     [01;31m[K^~~~~~~[m[K
[01m[K/home/aksel/Documents/GitHub/Mobile_robotter/ros2_ws/src/lidar_gui/src/GUIWindow.cpp:169:46:[m[K [01;31m[Kerror: [m[K‘[01m[Krobot[m[K’ was not declared in this scope
  169 |     XFillRectangle(display, window, gcRobot, [01;31m[Krobot[m[K.x - robot.size.width/2, robot.y - robot.size.height/2, robotSize.width, robotSize.height);
      |                                              [01;31m[K^~~~~[m[K
[01m[K/home/aksel/Documents/GitHub/Mobile_robotter/ros2_ws/src/lidar_gui/src/GUIWindow.cpp:169:107:[m[K [01;31m[Kerror: [m[K‘[01m[KrobotSize[m[K’ was not declared in this scope
  169 |     XFillRectangle(display, window, gcRobot, robot.x - robot.size.width/2, robot.y - robot.size.height/2, [01;31m[KrobotSize[m[K.width, robotSize.height);
      |                                                                                                           [01;31m[K^~~~~~~~~[m[K
[01m[K/home/aksel/Documents/GitHub/Mobile_robotter/ros2_ws/src/lidar_gui/src/GUIWindow.cpp:169:5:[m[K [01;31m[Kerror: [m[K‘[01m[KXFillRectangle[m[K’ was not declared in this scope
  169 |     [01;31m[KXFillRectangle[m[K(display, window, gcRobot, robot.x - robot.size.width/2, robot.y - robot.size.height/2, robotSize.width, robotSize.height);
      |     [01;31m[K^~~~~~~~~~~~~~[m[K
[01m[K/home/aksel/Documents/GitHub/Mobile_robotter/ros2_ws/src/lidar_gui/src/GUIWindow.cpp:[m[K At global scope:
[01m[K/home/aksel/Documents/GitHub/Mobile_robotter/ros2_ws/src/lidar_gui/src/GUIWindow.cpp:172:6:[m[K [01;31m[Kerror: [m[K‘[01m[KGUI[m[K’ has not been declared
  172 | void [01;31m[KGUI[m[K::update(bool& update, float angle, float len){
      |      [01;31m[K^~~[m[K
[01m[K/home/aksel/Documents/GitHub/Mobile_robotter/ros2_ws/src/lidar_gui/src/GUIWindow.cpp:[m[K In function ‘[01m[Kvoid update(bool&, float, float)[m[K’:
[01m[K/home/aksel/Documents/GitHub/Mobile_robotter/ros2_ws/src/lidar_gui/src/GUIWindow.cpp:179:19:[m[K [01;31m[Kerror: [m[K‘[01m[Kdisplay[m[K’ was not declared in this scope
  179 |             XSync([01;31m[Kdisplay[m[K, False);
      |                   [01;31m[K^~~~~~~[m[K
[01m[K/home/aksel/Documents/GitHub/Mobile_robotter/ros2_ws/src/lidar_gui/src/GUIWindow.cpp:179:28:[m[K [01;31m[Kerror: [m[K‘[01m[KFalse[m[K’ was not declared in this scope
  179 |             XSync(display, [01;31m[KFalse[m[K);
      |                            [01;31m[K^~~~~[m[K
[01m[K/home/aksel/Documents/GitHub/Mobile_robotter/ros2_ws/src/lidar_gui/src/GUIWindow.cpp:179:13:[m[K [01;31m[Kerror: [m[K‘[01m[KXSync[m[K’ was not declared in this scope
  179 |             [01;31m[KXSync[m[K(display, False);
      |             [01;31m[K^~~~~[m[K
[01m[K/home/aksel/Documents/GitHub/Mobile_robotter/ros2_ws/src/lidar_gui/src/GUIWindow.cpp:186:13:[m[K [01;31m[Kerror: [m[K‘[01m[Krobot[m[K’ was not declared in this scope
  186 |         if(([01;31m[Krobot[m[K.x < (XDisplayWidth(display, screen) * 0.1)) || (robot.x > (XDisplayWidth(display, screen) * 0.9)) || (robot.y < (XDisplayHeight(display, screen) * 0.1)) || (robot.y > (XDisplayWidth(display, screen) * 0.9))){
      |             [01;31m[K^~~~~[m[K
[01m[K/home/aksel/Documents/GitHub/Mobile_robotter/ros2_ws/src/lidar_gui/src/GUIWindow.cpp:186:38:[m[K [01;31m[Kerror: [m[K‘[01m[Kdisplay[m[K’ was not declared in this scope
  186 |         if((robot.x < (XDisplayWidth([01;31m[Kdisplay[m[K, screen) * 0.1)) || (robot.x > (XDisplayWidth(display, screen) * 0.9)) || (robot.y < (XDisplayHeight(display, screen) * 0.1)) || (robot.y > (XDisplayWidth(display, screen) * 0.9))){
      |                                      [01;31m[K^~~~~~~[m[K
[01m[K/home/aksel/Documents/GitHub/Mobile_robotter/ros2_ws/src/lidar_gui/src/GUIWindow.cpp:186:47:[m[K [01;31m[Kerror: [m[K‘[01m[Kscreen[m[K’ was not declared in this scope
  186 |         if((robot.x < (XDisplayWidth(display, [01;31m[Kscreen[m[K) * 0.1)) || (robot.x > (XDisplayWidth(display, screen) * 0.9)) || (robot.y < (XDisplayHeight(display, screen) * 0.1)) || (robot.y > (XDisplayWidth(display, screen) * 0.9))){
      |                                               [01;31m[K^~~~~~[m[K
[01m[K/home/aksel/Documents/GitHub/Mobile_robotter/ros2_ws/src/lidar_gui/src/GUIWindow.cpp:186:24:[m[K [01;31m[Kerror: [m[K‘[01m[KXDisplayWidth[m[K’ was not declared in this scope
  186 |         if((robot.x < ([01;31m[KXDisplayWidth[m[K(display, screen) * 0.1)) || (robot.x > (XDisplayWidth(display, screen) * 0.9)) || (robot.y < (XDisplayHeight(display, screen) * 0.1)) || (robot.y > (XDisplayWidth(display, screen) * 0.9))){
      |                        [01;31m[K^~~~~~~~~~~~~[m[K
[01m[K/home/aksel/Documents/GitHub/Mobile_robotter/ros2_ws/src/lidar_gui/src/GUIWindow.cpp:186:132:[m[K [01;31m[Kerror: [m[K‘[01m[KXDisplayHeight[m[K’ was not declared in this scope
  186 |         if((robot.x < (XDisplayWidth(display, screen) * 0.1)) || (robot.x > (XDisplayWidth(display, screen) * 0.9)) || (robot.y < ([01;31m[KXDisplayHeight[m[K(display, screen) * 0.1)) || (robot.y > (XDisplayWidth(display, screen) * 0.9))){
      |                                                                                                                                    [01;31m[K^~~~~~~~~~~~~~[m[K
[01m[K/home/aksel/Documents/GitHub/Mobile_robotter/ros2_ws/src/lidar_gui/src/GUIWindow.cpp:194:21:[m[K [01;31m[Kerror: [m[K‘[01m[Kdisplay[m[K’ was not declared in this scope
  194 |         if(XPending([01;31m[Kdisplay[m[K) > 0){
      |                     [01;31m[K^~~~~~~[m[K
[01m[K/home/aksel/Documents/GitHub/Mobile_robotter/ros2_ws/src/lidar_gui/src/GUIWindow.cpp:194:12:[m[K [01;31m[Kerror: [m[K‘[01m[KXPending[m[K’ was not declared in this scope
  194 |         if([01;31m[KXPending[m[K(display) > 0){
      |            [01;31m[K^~~~~~~~[m[K
[01m[K/home/aksel/Documents/GitHub/Mobile_robotter/ros2_ws/src/lidar_gui/src/GUIWindow.cpp:195:34:[m[K [01;31m[Kerror: [m[K‘[01m[Kevent[m[K’ was not declared in this scope
  195 |             XNextEvent(display, &[01;31m[Kevent[m[K);
      |                                  [01;31m[K^~~~~[m[K
[01m[K/home/aksel/Documents/GitHub/Mobile_robotter/ros2_ws/src/lidar_gui/src/GUIWindow.cpp:195:13:[m[K [01;31m[Kerror: [m[K‘[01m[KXNextEvent[m[K’ was not declared in this scope
  195 |             [01;31m[KXNextEvent[m[K(display, &event);
      |             [01;31m[K^~~~~~~~~~[m[K
[01m[K/home/aksel/Documents/GitHub/Mobile_robotter/ros2_ws/src/lidar_gui/src/GUIWindow.cpp:196:30:[m[K [01;31m[Kerror: [m[K‘[01m[KExpose[m[K’ was not declared in this scope
  196 |             if(event.type == [01;31m[KExpose[m[K){
      |                              [01;31m[K^~~~~~[m[K
[01m[K/home/aksel/Documents/GitHub/Mobile_robotter/ros2_ws/src/lidar_gui/src/GUIWindow.cpp:173:9:[m[K [01;35m[Kwarning: [m[Kunused variable ‘[01m[Kmove[m[K’ [[01;35m[K]8;;https://gcc.gnu.org/onlinedocs/gcc/Warning-Options.html#index-Wunused-variable-Wunused-variable]8;;[m[K]
  173 |     int [01;35m[Kmove[m[K = 0;
      |         [01;35m[K^~~~[m[K
[01m[K/home/aksel/Documents/GitHub/Mobile_robotter/ros2_ws/src/lidar_gui/src/GUIWindow.cpp:[m[K At global scope:
[01m[K/home/aksel/Documents/GitHub/Mobile_robotter/ros2_ws/src/lidar_gui/src/GUIWindow.cpp:204:6:[m[K [01;31m[Kerror: [m[K‘[01m[KGUI[m[K’ has not been declared
  204 | void [01;31m[KGUI[m[K::show(){
      |      [01;31m[K^~~[m[K
[01m[K/home/aksel/Documents/GitHub/Mobile_robotter/ros2_ws/src/lidar_gui/src/GUIWindow.cpp:[m[K In function ‘[01m[Kvoid show()[m[K’:
[01m[K/home/aksel/Documents/GitHub/Mobile_robotter/ros2_ws/src/lidar_gui/src/GUIWindow.cpp:205:16:[m[K [01;31m[Kerror: [m[K‘[01m[Kdisplay[m[K’ was not declared in this scope
  205 |     XMapWindow([01;31m[Kdisplay[m[K, window);
      |                [01;31m[K^~~~~~~[m[K
[01m[K/home/aksel/Documents/GitHub/Mobile_robotter/ros2_ws/src/lidar_gui/src/GUIWindow.cpp:205:25:[m[K [01;31m[Kerror: [m[K‘[01m[Kwindow[m[K’ was not declared in this scope
  205 |     XMapWindow(display, [01;31m[Kwindow[m[K);
      |                         [01;31m[K^~~~~~[m[K
[01m[K/home/aksel/Documents/GitHub/Mobile_robotter/ros2_ws/src/lidar_gui/src/GUIWindow.cpp:205:5:[m[K [01;31m[Kerror: [m[K‘[01m[KXMapWindow[m[K’ was not declared in this scope
  205 |     [01;31m[KXMapWindow[m[K(display, window);
      |     [01;31m[K^~~~~~~~~~[m[K
[01m[K/home/aksel/Documents/GitHub/Mobile_robotter/ros2_ws/src/lidar_gui/src/GUIWindow.cpp:206:26:[m[K [01;31m[Kerror: [m[K‘[01m[Kevent[m[K’ was not declared in this scope
  206 |     XNextEvent(display, &[01;31m[Kevent[m[K);
      |                          [01;31m[K^~~~~[m[K
[01m[K/home/aksel/Documents/GitHub/Mobile_robotter/ros2_ws/src/lidar_gui/src/GUIWindow.cpp:206:5:[m[K [01;31m[Kerror: [m[K‘[01m[KXNextEvent[m[K’ was not declared in this scope
  206 |     [01;31m[KXNextEvent[m[K(display, &event);
      |     [01;31m[K^~~~~~~~~~[m[K
gmake[2]: *** [CMakeFiles/lidar_gui.dir/build.make:104: CMakeFiles/lidar_gui.dir/src/GUIWindow.cpp.o] Error 1
gmake[1]: *** [CMakeFiles/Makefile2:137: CMakeFiles/lidar_gui.dir/all] Error 2
gmake: *** [Makefile:146: all] Error 2
