[0.015s] Invoking command in '/home/aksel/Documents/GitHub/Mobile_robotter/ros2_ws/build/lidar_gui': CMAKE_PREFIX_PATH=${CMAKE_PREFIX_PATH}:/home/aksel/turtlebot3_ws/install/turtlebot3_teleop:/home/aksel/turtlebot3_ws/install/turtlebot3_example:/opt/ros/humble /bin/cmake --build /home/aksel/Documents/GitHub/Mobile_robotter/ros2_ws/build/lidar_gui -- -j16 -l16
[0.061s] [ 50%] [32mBuilding CXX object CMakeFiles/lidar_gui.dir/src/lidarnode.cpp.o[0m
[0.061s] [ 50%] [32mBuilding CXX object CMakeFiles/lidar_gui.dir/src/main.cpp.o[0m
[0.061s] [ 75%] [32mBuilding CXX object CMakeFiles/lidar_gui.dir/src/GUIWindow.cpp.o[0m
[0.265s] In file included from [01m[K/home/aksel/Documents/GitHub/Mobile_robotter/ros2_ws/src/lidar_gui/include/lidarnode.h:8[m[K,
[0.266s]                  from [01m[K/home/aksel/Documents/GitHub/Mobile_robotter/ros2_ws/src/lidar_gui/src/lidarnode.cpp:1[m[K:
[0.266s] [01m[K/home/aksel/Documents/GitHub/Mobile_robotter/ros2_ws/src/lidar_gui/include/GUIWindow.h:9:10:[m[K [01;31m[Kfatal error: [m[KdataTypes.h: No such file or directory
[0.266s]     9 | #include [01;31m[K"dataTypes.h"[m[K
[0.266s]       |          [01;31m[K^~~~~~~~~~~~~[m[K
[0.266s] compilation terminated.
[0.268s] In file included from [01m[K/home/aksel/Documents/GitHub/Mobile_robotter/ros2_ws/src/lidar_gui/include/lidarnode.h:8[m[K,
[0.268s]                  from [01m[K/home/aksel/Documents/GitHub/Mobile_robotter/ros2_ws/src/lidar_gui/src/main.cpp:5[m[K:
[0.268s] [01m[K/home/aksel/Documents/GitHub/Mobile_robotter/ros2_ws/src/lidar_gui/include/GUIWindow.h:9:10:[m[K [01;31m[Kfatal error: [m[KdataTypes.h: No such file or directory
[0.268s]     9 | #include [01;31m[K"dataTypes.h"[m[K
[0.268s]       |          [01;31m[K^~~~~~~~~~~~~[m[K
[0.268s] compilation terminated.
[0.269s] gmake[2]: *** [CMakeFiles/lidar_gui.dir/build.make:90: CMakeFiles/lidar_gui.dir/src/lidarnode.cpp.o] Error 1
[0.269s] gmake[2]: *** Waiting for unfinished jobs....
[0.271s] gmake[2]: *** [CMakeFiles/lidar_gui.dir/build.make:76: CMakeFiles/lidar_gui.dir/src/main.cpp.o] Error 1
[0.287s] [01m[K/home/aksel/Documents/GitHub/Mobile_robotter/ros2_ws/src/lidar_gui/src/GUIWindow.cpp:4:1:[m[K [01;31m[Kerror: [m[K‘[01m[KGUI[m[K’ does not name a type
[0.287s]     4 | [01;31m[KGUI[m[K::GUI(){
[0.287s]       | [01;31m[K^~~[m[K
[0.287s] [01m[K/home/aksel/Documents/GitHub/Mobile_robotter/ros2_ws/src/lidar_gui/src/GUIWindow.cpp:55:6:[m[K [01;31m[Kerror: [m[K‘[01m[KGUI[m[K’ has not been declared
[0.287s]    55 | bool [01;31m[KGUI[m[K::spaceFree(int x_, int y_){
[0.287s]       |      [01;31m[K^~~[m[K
[0.288s] [01m[K/home/aksel/Documents/GitHub/Mobile_robotter/ros2_ws/src/lidar_gui/src/GUIWindow.cpp:[m[K In function ‘[01m[Kbool spaceFree(int, int)[m[K’:
[0.288s] [01m[K/home/aksel/Documents/GitHub/Mobile_robotter/ros2_ws/src/lidar_gui/src/GUIWindow.cpp:56:24:[m[K [01;31m[Kerror: [m[K‘[01m[KwallFrags[m[K’ was not declared in this scope
[0.288s]    56 |     for(int i = 0; i < [01;31m[KwallFrags[m[K.size(); i++){
[0.288s]       |                        [01;31m[K^~~~~~~~~[m[K
[0.288s] [01m[K/home/aksel/Documents/GitHub/Mobile_robotter/ros2_ws/src/lidar_gui/src/GUIWindow.cpp:[m[K At global scope:
[0.289s] [01m[K/home/aksel/Documents/GitHub/Mobile_robotter/ros2_ws/src/lidar_gui/src/GUIWindow.cpp:69:6:[m[K [01;31m[Kerror: [m[K‘[01m[KGUI[m[K’ has not been declared
[0.289s]    69 | void [01;31m[KGUI[m[K::lidarReading(float angle, float len){
[0.289s]       |      [01;31m[K^~~[m[K
[0.290s] [01m[K/home/aksel/Documents/GitHub/Mobile_robotter/ros2_ws/src/lidar_gui/src/GUIWindow.cpp:[m[K In function ‘[01m[Kvoid lidarReading(float, float)[m[K’:
[0.290s] [01m[K/home/aksel/Documents/GitHub/Mobile_robotter/ros2_ws/src/lidar_gui/src/GUIWindow.cpp:77:24:[m[K [01;31m[Kerror: [m[K‘[01m[KwallFrags[m[K’ was not declared in this scope
[0.290s]    77 |     for(int i = 0; i < [01;31m[KwallFrags[m[K.size(); i++){
[0.290s]       |                        [01;31m[K^~~~~~~~~[m[K
[0.291s] [01m[K/home/aksel/Documents/GitHub/Mobile_robotter/ros2_ws/src/lidar_gui/src/GUIWindow.cpp:84:34:[m[K [01;31m[Kerror: [m[K‘[01m[Krobot[m[K’ was not declared in this scope
[0.291s]    84 |         if(wallFrags[i].contains([01;31m[Krobot[m[K.x + x_com, robot.y + y_com) && (wallFrags[i].getType() != Wall::typeWall)){ //Does a square exist on the recorded coords?
[0.291s]       |                                  [01;31m[K^~~~~[m[K
[0.292s] [01m[K/home/aksel/Documents/GitHub/Mobile_robotter/ros2_ws/src/lidar_gui/src/GUIWindow.cpp:84:98:[m[K [01;31m[Kerror: [m[K‘[01m[KWall[m[K’ has not been declared
[0.292s]    84 |         if(wallFrags[i].contains(robot.x + x_com, robot.y + y_com) && (wallFrags[i].getType() != [01;31m[KWall[m[K::typeWall)){ //Does a square exist on the recorded coords?
[0.292s]       |                                                                                                  [01;31m[K^~~~[m[K
[0.292s] [01m[K/home/aksel/Documents/GitHub/Mobile_robotter/ros2_ws/src/lidar_gui/src/GUIWindow.cpp:89:34:[m[K [01;31m[Kerror: [m[K‘[01m[KWall[m[K’ has not been declared
[0.292s]    89 |             wallFrags[i].setType([01;31m[KWall[m[K::typeWall);
[0.292s]       |                                  [01;31m[K^~~~[m[K
[0.293s] [01m[K/home/aksel/Documents/GitHub/Mobile_robotter/ros2_ws/src/lidar_gui/src/GUIWindow.cpp:96:38:[m[K [01;31m[Kerror: [m[K‘[01m[KPoint[m[K’ was not declared in this scope
[0.293s]    96 |             wallFrags.push_back(Wall([01;31m[KPoint[m[K(robot.x + x_com, robot.y + y_com), wallSize, Wall::typeWall)); //
[0.293s]       |                                      [01;31m[K^~~~~[m[K
[0.294s] [01m[K/home/aksel/Documents/GitHub/Mobile_robotter/ros2_ws/src/lidar_gui/src/GUIWindow.cpp:96:79:[m[K [01;31m[Kerror: [m[K‘[01m[KwallSize[m[K’ was not declared in this scope
[0.294s]    96 |             wallFrags.push_back(Wall(Point(robot.x + x_com, robot.y + y_com), [01;31m[KwallSize[m[K, Wall::typeWall)); //
[0.294s]       |                                                                               [01;31m[K^~~~~~~~[m[K
[0.294s] [01m[K/home/aksel/Documents/GitHub/Mobile_robotter/ros2_ws/src/lidar_gui/src/GUIWindow.cpp:96:89:[m[K [01;31m[Kerror: [m[K‘[01m[KWall[m[K’ has not been declared
[0.294s]    96 |             wallFrags.push_back(Wall(Point(robot.x + x_com, robot.y + y_com), wallSize, [01;31m[KWall[m[K::typeWall)); //
[0.294s]       |                                                                                         [01;31m[K^~~~[m[K
[0.295s] [01m[K/home/aksel/Documents/GitHub/Mobile_robotter/ros2_ws/src/lidar_gui/src/GUIWindow.cpp:96:33:[m[K [01;31m[Kerror: [m[K‘[01m[KWall[m[K’ was not declared in this scope
[0.295s]    96 |             wallFrags.push_back([01;31m[KWall[m[K(Point(robot.x + x_com, robot.y + y_com), wallSize, Wall::typeWall)); //
[0.295s]       |                                 [01;31m[K^~~~[m[K
[0.296s] [01m[K/home/aksel/Documents/GitHub/Mobile_robotter/ros2_ws/src/lidar_gui/src/GUIWindow.cpp:104:22:[m[K [01;31m[Kerror: [m[K‘[01m[Krobot[m[K’ was not declared in this scope
[0.296s]   104 |         if(spaceFree([01;31m[Krobot[m[K.x + (x_com/len)*i, robot.y + (y_com/len)*i)){
[0.296s]       |                      [01;31m[K^~~~~[m[K
[0.297s] [01m[K/home/aksel/Documents/GitHub/Mobile_robotter/ros2_ws/src/lidar_gui/src/GUIWindow.cpp:105:13:[m[K [01;31m[Kerror: [m[K‘[01m[KwallFrags[m[K’ was not declared in this scope
[0.297s]   105 |             [01;31m[KwallFrags[m[K.push_back(Wall(Point(robot.x + (x_com/len)*i, robot.y + (y_com/len)*i), emptySize, Wall::typeEmpty));
[0.297s]       |             [01;31m[K^~~~~~~~~[m[K
[0.298s] [01m[K/home/aksel/Documents/GitHub/Mobile_robotter/ros2_ws/src/lidar_gui/src/GUIWindow.cpp:105:38:[m[K [01;31m[Kerror: [m[K‘[01m[KPoint[m[K’ was not declared in this scope
[0.298s]   105 |             wallFrags.push_back(Wall([01;31m[KPoint[m[K(robot.x + (x_com/len)*i, robot.y + (y_com/len)*i), emptySize, Wall::typeEmpty));
[0.298s]       |                                      [01;31m[K^~~~~[m[K
[0.299s] [01m[K/home/aksel/Documents/GitHub/Mobile_robotter/ros2_ws/src/lidar_gui/src/GUIWindow.cpp:105:95:[m[K [01;31m[Kerror: [m[K‘[01m[KemptySize[m[K’ was not declared in this scope
[0.299s]   105 |             wallFrags.push_back(Wall(Point(robot.x + (x_com/len)*i, robot.y + (y_com/len)*i), [01;31m[KemptySize[m[K, Wall::typeEmpty));
[0.299s]       |                                                                                               [01;31m[K^~~~~~~~~[m[K
[0.299s] [01m[K/home/aksel/Documents/GitHub/Mobile_robotter/ros2_ws/src/lidar_gui/src/GUIWindow.cpp:105:106:[m[K [01;31m[Kerror: [m[K‘[01m[KWall[m[K’ has not been declared
[0.299s]   105 |             wallFrags.push_back(Wall(Point(robot.x + (x_com/len)*i, robot.y + (y_com/len)*i), emptySize, [01;31m[KWall[m[K::typeEmpty));
[0.299s]       |                                                                                                          [01;31m[K^~~~[m[K
[0.300s] [01m[K/home/aksel/Documents/GitHub/Mobile_robotter/ros2_ws/src/lidar_gui/src/GUIWindow.cpp:105:33:[m[K [01;31m[Kerror: [m[K‘[01m[KWall[m[K’ was not declared in this scope
[0.300s]   105 |             wallFrags.push_back([01;31m[KWall[m[K(Point(robot.x + (x_com/len)*i, robot.y + (y_com/len)*i), emptySize, Wall::typeEmpty));
[0.300s]       |                                 [01;31m[K^~~~[m[K
[0.300s] [01m[K/home/aksel/Documents/GitHub/Mobile_robotter/ros2_ws/src/lidar_gui/src/GUIWindow.cpp:[m[K At global scope:
[0.300s] [01m[K/home/aksel/Documents/GitHub/Mobile_robotter/ros2_ws/src/lidar_gui/src/GUIWindow.cpp:114:6:[m[K [01;31m[Kerror: [m[K‘[01m[KGUI[m[K’ has not been declared
[0.300s]   114 | void [01;31m[KGUI[m[K::movementRobot(float angle, float intensity){
[0.300s]       |      [01;31m[K^~~[m[K
[0.301s] [01m[K/home/aksel/Documents/GitHub/Mobile_robotter/ros2_ws/src/lidar_gui/src/GUIWindow.cpp:[m[K In function ‘[01m[Kvoid movementRobot(float, float)[m[K’:
[0.301s] [01m[K/home/aksel/Documents/GitHub/Mobile_robotter/ros2_ws/src/lidar_gui/src/GUIWindow.cpp:123:5:[m[K [01;31m[Kerror: [m[K‘[01m[Krobot[m[K’ was not declared in this scope
[0.301s]   123 |     [01;31m[Krobot[m[K.x = robot.x + x_com;
[0.301s]       |     [01;31m[K^~~~~[m[K
[0.302s] [01m[K/home/aksel/Documents/GitHub/Mobile_robotter/ros2_ws/src/lidar_gui/src/GUIWindow.cpp:126:19:[m[K [01;31m[Kerror: [m[K‘[01m[Kdisplay[m[K’ was not declared in this scope
[0.302s]   126 |     XPutBackEvent([01;31m[Kdisplay[m[K, &event);
[0.302s]       |                   [01;31m[K^~~~~~~[m[K
[0.303s] [01m[K/home/aksel/Documents/GitHub/Mobile_robotter/ros2_ws/src/lidar_gui/src/GUIWindow.cpp:126:29:[m[K [01;31m[Kerror: [m[K‘[01m[Kevent[m[K’ was not declared in this scope
[0.303s]   126 |     XPutBackEvent(display, &[01;31m[Kevent[m[K);
[0.303s]       |                             [01;31m[K^~~~~[m[K
[0.304s] [01m[K/home/aksel/Documents/GitHub/Mobile_robotter/ros2_ws/src/lidar_gui/src/GUIWindow.cpp:126:5:[m[K [01;31m[Kerror: [m[K‘[01m[KXPutBackEvent[m[K’ was not declared in this scope
[0.304s]   126 |     [01;31m[KXPutBackEvent[m[K(display, &event);
[0.304s]       |     [01;31m[K^~~~~~~~~~~~~[m[K
[0.304s] [01m[K/home/aksel/Documents/GitHub/Mobile_robotter/ros2_ws/src/lidar_gui/src/GUIWindow.cpp:[m[K At global scope:
[0.305s] [01m[K/home/aksel/Documents/GitHub/Mobile_robotter/ros2_ws/src/lidar_gui/src/GUIWindow.cpp:129:6:[m[K [01;31m[Kerror: [m[K‘[01m[KGUI[m[K’ has not been declared
[0.305s]   129 | void [01;31m[KGUI[m[K::rescale(){
[0.305s]       |      [01;31m[K^~~[m[K
[0.305s] [01m[K/home/aksel/Documents/GitHub/Mobile_robotter/ros2_ws/src/lidar_gui/src/GUIWindow.cpp:[m[K In function ‘[01m[Kvoid rescale()[m[K’:
[0.305s] [01m[K/home/aksel/Documents/GitHub/Mobile_robotter/ros2_ws/src/lidar_gui/src/GUIWindow.cpp:131:8:[m[K [01;31m[Kerror: [m[K‘[01m[Krobot[m[K’ was not declared in this scope
[0.305s]   131 |     if([01;31m[Krobot[m[K.x < (XDisplayWidth(display, screen) * 0.1)){
[0.305s]       |        [01;31m[K^~~~~[m[K
[0.306s] [01m[K/home/aksel/Documents/GitHub/Mobile_robotter/ros2_ws/src/lidar_gui/src/GUIWindow.cpp:131:33:[m[K [01;31m[Kerror: [m[K‘[01m[Kdisplay[m[K’ was not declared in this scope
[0.306s]   131 |     if(robot.x < (XDisplayWidth([01;31m[Kdisplay[m[K, screen) * 0.1)){
[0.306s]       |                                 [01;31m[K^~~~~~~[m[K
[0.307s] [01m[K/home/aksel/Documents/GitHub/Mobile_robotter/ros2_ws/src/lidar_gui/src/GUIWindow.cpp:131:42:[m[K [01;31m[Kerror: [m[K‘[01m[Kscreen[m[K’ was not declared in this scope
[0.307s]   131 |     if(robot.x < (XDisplayWidth(display, [01;31m[Kscreen[m[K) * 0.1)){
[0.307s]       |                                          [01;31m[K^~~~~~[m[K
[0.309s] [01m[K/home/aksel/Documents/GitHub/Mobile_robotter/ros2_ws/src/lidar_gui/src/GUIWindow.cpp:131:19:[m[K [01;31m[Kerror: [m[K‘[01m[KXDisplayWidth[m[K’ was not declared in this scope
[0.309s]   131 |     if(robot.x < ([01;31m[KXDisplayWidth[m[K(display, screen) * 0.1)){
[0.309s]       |                   [01;31m[K^~~~~~~~~~~~~[m[K
[0.310s] [01m[K/home/aksel/Documents/GitHub/Mobile_robotter/ros2_ws/src/lidar_gui/src/GUIWindow.cpp:132:28:[m[K [01;31m[Kerror: [m[K‘[01m[KwallFrags[m[K’ was not declared in this scope
[0.310s]   132 |         for(int i = 0; i < [01;31m[KwallFrags[m[K.size(); i++){
[0.310s]       |                            [01;31m[K^~~~~~~~~[m[K
[0.311s] [01m[K/home/aksel/Documents/GitHub/Mobile_robotter/ros2_ws/src/lidar_gui/src/GUIWindow.cpp:139:28:[m[K [01;31m[Kerror: [m[K‘[01m[KwallFrags[m[K’ was not declared in this scope
[0.311s]   139 |         for(int i = 0; i < [01;31m[KwallFrags[m[K.size(); i++){
[0.311s]       |                            [01;31m[K^~~~~~~~~[m[K
[0.312s] [01m[K/home/aksel/Documents/GitHub/Mobile_robotter/ros2_ws/src/lidar_gui/src/GUIWindow.cpp:145:24:[m[K [01;31m[Kerror: [m[K‘[01m[KXDisplayHeight[m[K’ was not declared in this scope
[0.312s]   145 |     else if(robot.y < ([01;31m[KXDisplayHeight[m[K(display, screen) * 0.1)){
[0.312s]       |                        [01;31m[K^~~~~~~~~~~~~~[m[K
[0.313s] [01m[K/home/aksel/Documents/GitHub/Mobile_robotter/ros2_ws/src/lidar_gui/src/GUIWindow.cpp:146:28:[m[K [01;31m[Kerror: [m[K‘[01m[KwallFrags[m[K’ was not declared in this scope
[0.313s]   146 |         for(int i = 0; i < [01;31m[KwallFrags[m[K.size(); i++){
[0.314s]       |                            [01;31m[K^~~~~~~~~[m[K
[0.315s] [01m[K/home/aksel/Documents/GitHub/Mobile_robotter/ros2_ws/src/lidar_gui/src/GUIWindow.cpp:153:28:[m[K [01;31m[Kerror: [m[K‘[01m[KwallFrags[m[K’ was not declared in this scope
[0.315s]   153 |         for(int i = 0; i < [01;31m[KwallFrags[m[K.size(); i++){
[0.315s]       |                            [01;31m[K^~~~~~~~~[m[K
[0.315s] [01m[K/home/aksel/Documents/GitHub/Mobile_robotter/ros2_ws/src/lidar_gui/src/GUIWindow.cpp:[m[K At global scope:
[0.315s] [01m[K/home/aksel/Documents/GitHub/Mobile_robotter/ros2_ws/src/lidar_gui/src/GUIWindow.cpp:161:6:[m[K [01;31m[Kerror: [m[K‘[01m[KGUI[m[K’ has not been declared
[0.315s]   161 | void [01;31m[KGUI[m[K::paintMap(){
[0.315s]       |      [01;31m[K^~~[m[K
[0.316s] [01m[K/home/aksel/Documents/GitHub/Mobile_robotter/ros2_ws/src/lidar_gui/src/GUIWindow.cpp:[m[K In function ‘[01m[Kvoid paintMap()[m[K’:
[0.316s] [01m[K/home/aksel/Documents/GitHub/Mobile_robotter/ros2_ws/src/lidar_gui/src/GUIWindow.cpp:163:24:[m[K [01;31m[Kerror: [m[K‘[01m[KwallFrags[m[K’ was not declared in this scope
[0.316s]   163 |     for(int i = 0; i < [01;31m[KwallFrags[m[K.size(); i++){
[0.316s]       |                        [01;31m[K^~~~~~~~~[m[K
[0.317s] [01m[K/home/aksel/Documents/GitHub/Mobile_robotter/ros2_ws/src/lidar_gui/src/GUIWindow.cpp:164:24:[m[K [01;31m[Kerror: [m[K‘[01m[Kdisplay[m[K’ was not declared in this scope
[0.317s]   164 |         XFillRectangle([01;31m[Kdisplay[m[K, window, (wallFrags[i].getType() == Wall::typeWall ? gcWall : gcEmpty), wallFrags[i].x - wallFrags[i].size.width/2, wallFrags[i].y - wallFrags[i].size.height/2, wallFrags[i].size.width, wallFrags[i].size.height);
[0.317s]       |                        [01;31m[K^~~~~~~[m[K
[0.318s] [01m[K/home/aksel/Documents/GitHub/Mobile_robotter/ros2_ws/src/lidar_gui/src/GUIWindow.cpp:164:33:[m[K [01;31m[Kerror: [m[K‘[01m[Kwindow[m[K’ was not declared in this scope
[0.318s]   164 |         XFillRectangle(display, [01;31m[Kwindow[m[K, (wallFrags[i].getType() == Wall::typeWall ? gcWall : gcEmpty), wallFrags[i].x - wallFrags[i].size.width/2, wallFrags[i].y - wallFrags[i].size.height/2, wallFrags[i].size.width, wallFrags[i].size.height);
[0.318s]       |                                 [01;31m[K^~~~~~[m[K
[0.318s] [01m[K/home/aksel/Documents/GitHub/Mobile_robotter/ros2_ws/src/lidar_gui/src/GUIWindow.cpp:164:68:[m[K [01;31m[Kerror: [m[K‘[01m[KWall[m[K’ has not been declared
[0.318s]   164 |         XFillRectangle(display, window, (wallFrags[i].getType() == [01;31m[KWall[m[K::typeWall ? gcWall : gcEmpty), wallFrags[i].x - wallFrags[i].size.width/2, wallFrags[i].y - wallFrags[i].size.height/2, wallFrags[i].size.width, wallFrags[i].size.height);
[0.318s]       |                                                                    [01;31m[K^~~~[m[K
[0.319s] [01m[K/home/aksel/Documents/GitHub/Mobile_robotter/ros2_ws/src/lidar_gui/src/GUIWindow.cpp:164:85:[m[K [01;31m[Kerror: [m[K‘[01m[KgcWall[m[K’ was not declared in this scope
[0.319s]   164 |         XFillRectangle(display, window, (wallFrags[i].getType() == Wall::typeWall ? [01;31m[KgcWall[m[K : gcEmpty), wallFrags[i].x - wallFrags[i].size.width/2, wallFrags[i].y - wallFrags[i].size.height/2, wallFrags[i].size.width, wallFrags[i].size.height);
[0.319s]       |                                                                                     [01;31m[K^~~~~~[m[K
[0.320s] [01m[K/home/aksel/Documents/GitHub/Mobile_robotter/ros2_ws/src/lidar_gui/src/GUIWindow.cpp:164:94:[m[K [01;31m[Kerror: [m[K‘[01m[KgcEmpty[m[K’ was not declared in this scope
[0.320s]   164 |         XFillRectangle(display, window, (wallFrags[i].getType() == Wall::typeWall ? gcWall : [01;31m[KgcEmpty[m[K), wallFrags[i].x - wallFrags[i].size.width/2, wallFrags[i].y - wallFrags[i].size.height/2, wallFrags[i].size.width, wallFrags[i].size.height);
[0.320s]       |                                                                                              [01;31m[K^~~~~~~[m[K
[0.321s] [01m[K/home/aksel/Documents/GitHub/Mobile_robotter/ros2_ws/src/lidar_gui/src/GUIWindow.cpp:164:9:[m[K [01;31m[Kerror: [m[K‘[01m[KXFillRectangle[m[K’ was not declared in this scope
[0.321s]   164 |         [01;31m[KXFillRectangle[m[K(display, window, (wallFrags[i].getType() == Wall::typeWall ? gcWall : gcEmpty), wallFrags[i].x - wallFrags[i].size.width/2, wallFrags[i].y - wallFrags[i].size.height/2, wallFrags[i].size.width, wallFrags[i].size.height);
[0.321s]       |         [01;31m[K^~~~~~~~~~~~~~[m[K
[0.321s] [01m[K/home/aksel/Documents/GitHub/Mobile_robotter/ros2_ws/src/lidar_gui/src/GUIWindow.cpp:[m[K At global scope:
[0.322s] [01m[K/home/aksel/Documents/GitHub/Mobile_robotter/ros2_ws/src/lidar_gui/src/GUIWindow.cpp:168:6:[m[K [01;31m[Kerror: [m[K‘[01m[KGUI[m[K’ has not been declared
[0.322s]   168 | void [01;31m[KGUI[m[K::paintRobot(){
[0.322s]       |      [01;31m[K^~~[m[K
[0.322s] [01m[K/home/aksel/Documents/GitHub/Mobile_robotter/ros2_ws/src/lidar_gui/src/GUIWindow.cpp:[m[K In function ‘[01m[Kvoid paintRobot()[m[K’:
[0.322s] [01m[K/home/aksel/Documents/GitHub/Mobile_robotter/ros2_ws/src/lidar_gui/src/GUIWindow.cpp:169:20:[m[K [01;31m[Kerror: [m[K‘[01m[Kdisplay[m[K’ was not declared in this scope
[0.322s]   169 |     XFillRectangle([01;31m[Kdisplay[m[K, window, gcRobot, robot.x - robot.size.width/2, robot.y - robot.size.height/2, robotSize.width, robotSize.height);
[0.323s]       |                    [01;31m[K^~~~~~~[m[K
[0.323s] [01m[K/home/aksel/Documents/GitHub/Mobile_robotter/ros2_ws/src/lidar_gui/src/GUIWindow.cpp:169:29:[m[K [01;31m[Kerror: [m[K‘[01m[Kwindow[m[K’ was not declared in this scope
[0.323s]   169 |     XFillRectangle(display, [01;31m[Kwindow[m[K, gcRobot, robot.x - robot.size.width/2, robot.y - robot.size.height/2, robotSize.width, robotSize.height);
[0.323s]       |                             [01;31m[K^~~~~~[m[K
[0.325s] [01m[K/home/aksel/Documents/GitHub/Mobile_robotter/ros2_ws/src/lidar_gui/src/GUIWindow.cpp:169:37:[m[K [01;31m[Kerror: [m[K‘[01m[KgcRobot[m[K’ was not declared in this scope
[0.325s]   169 |     XFillRectangle(display, window, [01;31m[KgcRobot[m[K, robot.x - robot.size.width/2, robot.y - robot.size.height/2, robotSize.width, robotSize.height);
[0.325s]       |                                     [01;31m[K^~~~~~~[m[K
[0.325s] [01m[K/home/aksel/Documents/GitHub/Mobile_robotter/ros2_ws/src/lidar_gui/src/GUIWindow.cpp:169:46:[m[K [01;31m[Kerror: [m[K‘[01m[Krobot[m[K’ was not declared in this scope
[0.326s]   169 |     XFillRectangle(display, window, gcRobot, [01;31m[Krobot[m[K.x - robot.size.width/2, robot.y - robot.size.height/2, robotSize.width, robotSize.height);
[0.326s]       |                                              [01;31m[K^~~~~[m[K
[0.327s] [01m[K/home/aksel/Documents/GitHub/Mobile_robotter/ros2_ws/src/lidar_gui/src/GUIWindow.cpp:169:107:[m[K [01;31m[Kerror: [m[K‘[01m[KrobotSize[m[K’ was not declared in this scope
[0.327s]   169 |     XFillRectangle(display, window, gcRobot, robot.x - robot.size.width/2, robot.y - robot.size.height/2, [01;31m[KrobotSize[m[K.width, robotSize.height);
[0.327s]       |                                                                                                           [01;31m[K^~~~~~~~~[m[K
[0.328s] [01m[K/home/aksel/Documents/GitHub/Mobile_robotter/ros2_ws/src/lidar_gui/src/GUIWindow.cpp:169:5:[m[K [01;31m[Kerror: [m[K‘[01m[KXFillRectangle[m[K’ was not declared in this scope
[0.328s]   169 |     [01;31m[KXFillRectangle[m[K(display, window, gcRobot, robot.x - robot.size.width/2, robot.y - robot.size.height/2, robotSize.width, robotSize.height);
[0.328s]       |     [01;31m[K^~~~~~~~~~~~~~[m[K
[0.328s] [01m[K/home/aksel/Documents/GitHub/Mobile_robotter/ros2_ws/src/lidar_gui/src/GUIWindow.cpp:[m[K At global scope:
[0.328s] [01m[K/home/aksel/Documents/GitHub/Mobile_robotter/ros2_ws/src/lidar_gui/src/GUIWindow.cpp:172:6:[m[K [01;31m[Kerror: [m[K‘[01m[KGUI[m[K’ has not been declared
[0.328s]   172 | void [01;31m[KGUI[m[K::update(bool& update, float angle, float len){
[0.328s]       |      [01;31m[K^~~[m[K
[0.329s] [01m[K/home/aksel/Documents/GitHub/Mobile_robotter/ros2_ws/src/lidar_gui/src/GUIWindow.cpp:[m[K In function ‘[01m[Kvoid update(bool&, float, float)[m[K’:
[0.329s] [01m[K/home/aksel/Documents/GitHub/Mobile_robotter/ros2_ws/src/lidar_gui/src/GUIWindow.cpp:179:19:[m[K [01;31m[Kerror: [m[K‘[01m[Kdisplay[m[K’ was not declared in this scope
[0.329s]   179 |             XSync([01;31m[Kdisplay[m[K, False);
[0.329s]       |                   [01;31m[K^~~~~~~[m[K
[0.330s] [01m[K/home/aksel/Documents/GitHub/Mobile_robotter/ros2_ws/src/lidar_gui/src/GUIWindow.cpp:179:28:[m[K [01;31m[Kerror: [m[K‘[01m[KFalse[m[K’ was not declared in this scope
[0.330s]   179 |             XSync(display, [01;31m[KFalse[m[K);
[0.330s]       |                            [01;31m[K^~~~~[m[K
[0.331s] [01m[K/home/aksel/Documents/GitHub/Mobile_robotter/ros2_ws/src/lidar_gui/src/GUIWindow.cpp:179:13:[m[K [01;31m[Kerror: [m[K‘[01m[KXSync[m[K’ was not declared in this scope
[0.331s]   179 |             [01;31m[KXSync[m[K(display, False);
[0.331s]       |             [01;31m[K^~~~~[m[K
[0.332s] [01m[K/home/aksel/Documents/GitHub/Mobile_robotter/ros2_ws/src/lidar_gui/src/GUIWindow.cpp:186:13:[m[K [01;31m[Kerror: [m[K‘[01m[Krobot[m[K’ was not declared in this scope
[0.332s]   186 |         if(([01;31m[Krobot[m[K.x < (XDisplayWidth(display, screen) * 0.1)) || (robot.x > (XDisplayWidth(display, screen) * 0.9)) || (robot.y < (XDisplayHeight(display, screen) * 0.1)) || (robot.y > (XDisplayWidth(display, screen) * 0.9))){
[0.332s]       |             [01;31m[K^~~~~[m[K
[0.333s] [01m[K/home/aksel/Documents/GitHub/Mobile_robotter/ros2_ws/src/lidar_gui/src/GUIWindow.cpp:186:38:[m[K [01;31m[Kerror: [m[K‘[01m[Kdisplay[m[K’ was not declared in this scope
[0.333s]   186 |         if((robot.x < (XDisplayWidth([01;31m[Kdisplay[m[K, screen) * 0.1)) || (robot.x > (XDisplayWidth(display, screen) * 0.9)) || (robot.y < (XDisplayHeight(display, screen) * 0.1)) || (robot.y > (XDisplayWidth(display, screen) * 0.9))){
[0.333s]       |                                      [01;31m[K^~~~~~~[m[K
[0.334s] [01m[K/home/aksel/Documents/GitHub/Mobile_robotter/ros2_ws/src/lidar_gui/src/GUIWindow.cpp:186:47:[m[K [01;31m[Kerror: [m[K‘[01m[Kscreen[m[K’ was not declared in this scope
[0.334s]   186 |         if((robot.x < (XDisplayWidth(display, [01;31m[Kscreen[m[K) * 0.1)) || (robot.x > (XDisplayWidth(display, screen) * 0.9)) || (robot.y < (XDisplayHeight(display, screen) * 0.1)) || (robot.y > (XDisplayWidth(display, screen) * 0.9))){
[0.334s]       |                                               [01;31m[K^~~~~~[m[K
[0.335s] [01m[K/home/aksel/Documents/GitHub/Mobile_robotter/ros2_ws/src/lidar_gui/src/GUIWindow.cpp:186:24:[m[K [01;31m[Kerror: [m[K‘[01m[KXDisplayWidth[m[K’ was not declared in this scope
[0.335s]   186 |         if((robot.x < ([01;31m[KXDisplayWidth[m[K(display, screen) * 0.1)) || (robot.x > (XDisplayWidth(display, screen) * 0.9)) || (robot.y < (XDisplayHeight(display, screen) * 0.1)) || (robot.y > (XDisplayWidth(display, screen) * 0.9))){
[0.335s]       |                        [01;31m[K^~~~~~~~~~~~~[m[K
[0.337s] [01m[K/home/aksel/Documents/GitHub/Mobile_robotter/ros2_ws/src/lidar_gui/src/GUIWindow.cpp:186:132:[m[K [01;31m[Kerror: [m[K‘[01m[KXDisplayHeight[m[K’ was not declared in this scope
[0.337s]   186 |         if((robot.x < (XDisplayWidth(display, screen) * 0.1)) || (robot.x > (XDisplayWidth(display, screen) * 0.9)) || (robot.y < ([01;31m[KXDisplayHeight[m[K(display, screen) * 0.1)) || (robot.y > (XDisplayWidth(display, screen) * 0.9))){
[0.337s]       |                                                                                                                                    [01;31m[K^~~~~~~~~~~~~~[m[K
[0.338s] [01m[K/home/aksel/Documents/GitHub/Mobile_robotter/ros2_ws/src/lidar_gui/src/GUIWindow.cpp:194:21:[m[K [01;31m[Kerror: [m[K‘[01m[Kdisplay[m[K’ was not declared in this scope
[0.338s]   194 |         if(XPending([01;31m[Kdisplay[m[K) > 0){
[0.338s]       |                     [01;31m[K^~~~~~~[m[K
[0.339s] [01m[K/home/aksel/Documents/GitHub/Mobile_robotter/ros2_ws/src/lidar_gui/src/GUIWindow.cpp:194:12:[m[K [01;31m[Kerror: [m[K‘[01m[KXPending[m[K’ was not declared in this scope
[0.339s]   194 |         if([01;31m[KXPending[m[K(display) > 0){
[0.339s]       |            [01;31m[K^~~~~~~~[m[K
[0.340s] [01m[K/home/aksel/Documents/GitHub/Mobile_robotter/ros2_ws/src/lidar_gui/src/GUIWindow.cpp:195:34:[m[K [01;31m[Kerror: [m[K‘[01m[Kevent[m[K’ was not declared in this scope
[0.340s]   195 |             XNextEvent(display, &[01;31m[Kevent[m[K);
[0.340s]       |                                  [01;31m[K^~~~~[m[K
[0.341s] [01m[K/home/aksel/Documents/GitHub/Mobile_robotter/ros2_ws/src/lidar_gui/src/GUIWindow.cpp:195:13:[m[K [01;31m[Kerror: [m[K‘[01m[KXNextEvent[m[K’ was not declared in this scope
[0.341s]   195 |             [01;31m[KXNextEvent[m[K(display, &event);
[0.341s]       |             [01;31m[K^~~~~~~~~~[m[K
[0.342s] [01m[K/home/aksel/Documents/GitHub/Mobile_robotter/ros2_ws/src/lidar_gui/src/GUIWindow.cpp:196:30:[m[K [01;31m[Kerror: [m[K‘[01m[KExpose[m[K’ was not declared in this scope
[0.342s]   196 |             if(event.type == [01;31m[KExpose[m[K){
[0.342s]       |                              [01;31m[K^~~~~~[m[K
[0.342s] [01m[K/home/aksel/Documents/GitHub/Mobile_robotter/ros2_ws/src/lidar_gui/src/GUIWindow.cpp:173:9:[m[K [01;35m[Kwarning: [m[Kunused variable ‘[01m[Kmove[m[K’ [[01;35m[K]8;;https://gcc.gnu.org/onlinedocs/gcc/Warning-Options.html#index-Wunused-variable-Wunused-variable]8;;[m[K]
[0.342s]   173 |     int [01;35m[Kmove[m[K = 0;
[0.343s]       |         [01;35m[K^~~~[m[K
[0.343s] [01m[K/home/aksel/Documents/GitHub/Mobile_robotter/ros2_ws/src/lidar_gui/src/GUIWindow.cpp:[m[K At global scope:
[0.343s] [01m[K/home/aksel/Documents/GitHub/Mobile_robotter/ros2_ws/src/lidar_gui/src/GUIWindow.cpp:204:6:[m[K [01;31m[Kerror: [m[K‘[01m[KGUI[m[K’ has not been declared
[0.343s]   204 | void [01;31m[KGUI[m[K::show(){
[0.343s]       |      [01;31m[K^~~[m[K
[0.343s] [01m[K/home/aksel/Documents/GitHub/Mobile_robotter/ros2_ws/src/lidar_gui/src/GUIWindow.cpp:[m[K In function ‘[01m[Kvoid show()[m[K’:
[0.343s] [01m[K/home/aksel/Documents/GitHub/Mobile_robotter/ros2_ws/src/lidar_gui/src/GUIWindow.cpp:205:16:[m[K [01;31m[Kerror: [m[K‘[01m[Kdisplay[m[K’ was not declared in this scope
[0.344s]   205 |     XMapWindow([01;31m[Kdisplay[m[K, window);
[0.344s]       |                [01;31m[K^~~~~~~[m[K
[0.344s] [01m[K/home/aksel/Documents/GitHub/Mobile_robotter/ros2_ws/src/lidar_gui/src/GUIWindow.cpp:205:25:[m[K [01;31m[Kerror: [m[K‘[01m[Kwindow[m[K’ was not declared in this scope
[0.344s]   205 |     XMapWindow(display, [01;31m[Kwindow[m[K);
[0.345s]       |                         [01;31m[K^~~~~~[m[K
[0.346s] [01m[K/home/aksel/Documents/GitHub/Mobile_robotter/ros2_ws/src/lidar_gui/src/GUIWindow.cpp:205:5:[m[K [01;31m[Kerror: [m[K‘[01m[KXMapWindow[m[K’ was not declared in this scope
[0.346s]   205 |     [01;31m[KXMapWindow[m[K(display, window);
[0.346s]       |     [01;31m[K^~~~~~~~~~[m[K
[0.347s] [01m[K/home/aksel/Documents/GitHub/Mobile_robotter/ros2_ws/src/lidar_gui/src/GUIWindow.cpp:206:26:[m[K [01;31m[Kerror: [m[K‘[01m[Kevent[m[K’ was not declared in this scope
[0.347s]   206 |     XNextEvent(display, &[01;31m[Kevent[m[K);
[0.347s]       |                          [01;31m[K^~~~~[m[K
[0.348s] [01m[K/home/aksel/Documents/GitHub/Mobile_robotter/ros2_ws/src/lidar_gui/src/GUIWindow.cpp:206:5:[m[K [01;31m[Kerror: [m[K‘[01m[KXNextEvent[m[K’ was not declared in this scope
[0.348s]   206 |     [01;31m[KXNextEvent[m[K(display, &event);
[0.348s]       |     [01;31m[K^~~~~~~~~~[m[K
[0.398s] gmake[2]: *** [CMakeFiles/lidar_gui.dir/build.make:104: CMakeFiles/lidar_gui.dir/src/GUIWindow.cpp.o] Error 1
[0.399s] gmake[1]: *** [CMakeFiles/Makefile2:137: CMakeFiles/lidar_gui.dir/all] Error 2
[0.399s] gmake: *** [Makefile:146: all] Error 2
[0.401s] Invoked command in '/home/aksel/Documents/GitHub/Mobile_robotter/ros2_ws/build/lidar_gui' returned '2': CMAKE_PREFIX_PATH=${CMAKE_PREFIX_PATH}:/home/aksel/turtlebot3_ws/install/turtlebot3_teleop:/home/aksel/turtlebot3_ws/install/turtlebot3_example:/opt/ros/humble /bin/cmake --build /home/aksel/Documents/GitHub/Mobile_robotter/ros2_ws/build/lidar_gui -- -j16 -l16
