[0.024s] Invoking command in '/home/aksel/Documents/GitHub/Mobile_robotter/ros2_ws/build/controller_input': CMAKE_PREFIX_PATH=${CMAKE_PREFIX_PATH}:/home/aksel/turtlebot3_ws/install/turtlebot3_teleop:/home/aksel/turtlebot3_ws/install/turtlebot3_example:/opt/ros/humble /usr/bin/cmake --build /home/aksel/Documents/GitHub/Mobile_robotter/ros2_ws/build/controller_input -- -j16 -l16
[0.062s] [35m[1mConsolidate compiler generated dependencies of target controller_input[0m
[0.080s] [ 33%] [32mBuilding CXX object CMakeFiles/controller_input.dir/src/controllerinput.cpp.o[0m
[2.338s] [01m[K/home/aksel/Documents/GitHub/Mobile_robotter/ros2_ws/src/controller_input/src/controllerinput.cpp:[m[K In member function ‘[01m[Kvoid controllerInput::play_dtmf_if_active()[m[K’:
[2.338s] [01m[K/home/aksel/Documents/GitHub/Mobile_robotter/ros2_ws/src/controller_input/src/controllerinput.cpp:158:21:[m[K [01;31m[Kerror: [m[Kno matching function for call to ‘[01m[KcontrollerInput::playDTMFSequence(uint8_t&, uint8_t&)[m[K’
[2.338s]   158 |     [01;31m[KplayDTMFSequence(_latestLinearValue, _latestAngularValue)[m[K;
[2.338s]       |     [01;31m[K~~~~~~~~~~~~~~~~^~~~~~~~~~~~~~~~~~~~~~~~~~~~~~~~~~~~~~~~~[m[K
[2.338s] In file included from [01m[K/home/aksel/Documents/GitHub/Mobile_robotter/ros2_ws/src/controller_input/src/controllerinput.cpp:1[m[K:
[2.338s] [01m[K/home/aksel/Documents/GitHub/Mobile_robotter/ros2_ws/src/controller_input/include/controllerinput.h:90:10:[m[K [01;36m[Knote: [m[Kcandidate: ‘[01m[Kvoid controllerInput::playDTMFSequence(uint8_t, uint8_t, bool)[m[K’
[2.338s]    90 |     void [01;36m[KplayDTMFSequence[m[K(uint8_t linear_value, uint8_t angular_value, bool lastTone);
[2.338s]       |          [01;36m[K^~~~~~~~~~~~~~~~[m[K
[2.338s] [01m[K/home/aksel/Documents/GitHub/Mobile_robotter/ros2_ws/src/controller_input/include/controllerinput.h:90:10:[m[K [01;36m[Knote: [m[K  candidate expects 3 arguments, 2 provided
[2.339s] [01m[K/home/aksel/Documents/GitHub/Mobile_robotter/ros2_ws/src/controller_input/src/controllerinput.cpp:[m[K At global scope:
[2.339s] [01m[K/home/aksel/Documents/GitHub/Mobile_robotter/ros2_ws/src/controller_input/src/controllerinput.cpp:185:6:[m[K [01;31m[Kerror: [m[Kno declaration matches ‘[01m[Kvoid controllerInput::playTone(double, double, bool)[m[K’
[2.339s]   185 | void [01;31m[KcontrollerInput[m[K::playTone(double freq1, double freq2, bool lastTone = false){
[2.339s]       |      [01;31m[K^~~~~~~~~~~~~~~[m[K
[2.339s] In file included from [01m[K/home/aksel/Documents/GitHub/Mobile_robotter/ros2_ws/src/controller_input/src/controllerinput.cpp:1[m[K:
[2.339s] [01m[K/home/aksel/Documents/GitHub/Mobile_robotter/ros2_ws/src/controller_input/include/controllerinput.h:84:10:[m[K [01;36m[Knote: [m[Kcandidate is: ‘[01m[Kvoid controllerInput::playTone(double, double)[m[K’
[2.339s]    84 |     void [01;36m[KplayTone[m[K(double freq1, double freq2);
[2.339s]       |          [01;36m[K^~~~~~~~[m[K
[2.339s] In file included from [01m[K/home/aksel/Documents/GitHub/Mobile_robotter/ros2_ws/src/controller_input/src/controllerinput.cpp:1[m[K:
[2.339s] [01m[K/home/aksel/Documents/GitHub/Mobile_robotter/ros2_ws/src/controller_input/include/controllerinput.h:20:7:[m[K [01;36m[Knote: [m[K‘[01m[Kclass controllerInput[m[K’ defined here
[2.339s]    20 | class [01;36m[KcontrollerInput[m[K : public rclcpp::Node
[2.339s]       |       [01;36m[K^~~~~~~~~~~~~~~[m[K
[2.339s] [01m[K/home/aksel/Documents/GitHub/Mobile_robotter/ros2_ws/src/controller_input/src/controllerinput.cpp:217:6:[m[K [01;31m[Kerror: [m[Kno declaration matches ‘[01m[Kvoid controllerInput::playDTMFSequence(uint8_t, uint8_t)[m[K’
[2.339s]   217 | void [01;31m[KcontrollerInput[m[K::playDTMFSequence(uint8_t linear_value, uint8_t angular_value) {
[2.339s]       |      [01;31m[K^~~~~~~~~~~~~~~[m[K
[2.339s] In file included from [01m[K/home/aksel/Documents/GitHub/Mobile_robotter/ros2_ws/src/controller_input/src/controllerinput.cpp:1[m[K:
[2.339s] [01m[K/home/aksel/Documents/GitHub/Mobile_robotter/ros2_ws/src/controller_input/include/controllerinput.h:90:10:[m[K [01;36m[Knote: [m[Kcandidate is: ‘[01m[Kvoid controllerInput::playDTMFSequence(uint8_t, uint8_t, bool)[m[K’
[2.339s]    90 |     void [01;36m[KplayDTMFSequence[m[K(uint8_t linear_value, uint8_t angular_value, bool lastTone);
[2.340s]       |          [01;36m[K^~~~~~~~~~~~~~~~[m[K
[2.340s] In file included from [01m[K/home/aksel/Documents/GitHub/Mobile_robotter/ros2_ws/src/controller_input/src/controllerinput.cpp:1[m[K:
[2.340s] [01m[K/home/aksel/Documents/GitHub/Mobile_robotter/ros2_ws/src/controller_input/include/controllerinput.h:20:7:[m[K [01;36m[Knote: [m[K‘[01m[Kclass controllerInput[m[K’ defined here
[2.340s]    20 | class [01;36m[KcontrollerInput[m[K : public rclcpp::Node
[2.340s]       |       [01;36m[K^~~~~~~~~~~~~~~[m[K
[6.044s] gmake[2]: *** [CMakeFiles/controller_input.dir/build.make:90: CMakeFiles/controller_input.dir/src/controllerinput.cpp.o] Error 1
[6.044s] gmake[1]: *** [CMakeFiles/Makefile2:137: CMakeFiles/controller_input.dir/all] Error 2
[6.045s] gmake: *** [Makefile:146: all] Error 2
[6.048s] Invoked command in '/home/aksel/Documents/GitHub/Mobile_robotter/ros2_ws/build/controller_input' returned '2': CMAKE_PREFIX_PATH=${CMAKE_PREFIX_PATH}:/home/aksel/turtlebot3_ws/install/turtlebot3_teleop:/home/aksel/turtlebot3_ws/install/turtlebot3_example:/opt/ros/humble /usr/bin/cmake --build /home/aksel/Documents/GitHub/Mobile_robotter/ros2_ws/build/controller_input -- -j16 -l16
