In file included from [01m[K/home/aksel/Documents/GitHub/Mobile_robotter/ros2_ws/src/lidar_data/src/lidarnode.cpp:1[m[K:
[01m[K/home/aksel/Documents/GitHub/Mobile_robotter/ros2_ws/src/lidar_data/include/lidarnode.h:9:17:[m[K [01;31m[Kerror: [m[K‘[01m[Kmatplotlibcpp[m[K’ is not a namespace-name
    9 | namespace plt = [01;31m[Kmatplotlibcpp[m[K;
      |                 [01;31m[K^~~~~~~~~~~~~[m[K
In file included from [01m[K/home/aksel/Documents/GitHub/Mobile_robotter/ros2_ws/src/lidar_data/src/main.cpp:5[m[K:
[01m[K/home/aksel/Documents/GitHub/Mobile_robotter/ros2_ws/src/lidar_data/include/lidarnode.h:9:17:[m[K [01;31m[Kerror: [m[K‘[01m[Kmatplotlibcpp[m[K’ is not a namespace-name
    9 | namespace plt = [01;31m[Kmatplotlibcpp[m[K;
      |                 [01;31m[K^~~~~~~~~~~~~[m[K
[01m[K/home/aksel/Documents/GitHub/Mobile_robotter/ros2_ws/src/lidar_data/src/lidarnode.cpp:[m[K In constructor ‘[01m[KMappingNode::MappingNode()[m[K’:
[01m[K/home/aksel/Documents/GitHub/Mobile_robotter/ros2_ws/src/lidar_data/src/lidarnode.cpp:14:5:[m[K [01;31m[Kerror: [m[K‘[01m[Kplt[m[K’ has not been declared
   14 |     [01;31m[Kplt[m[K::figure_size(800, 800);
      |     [01;31m[K^~~[m[K
[01m[K/home/aksel/Documents/GitHub/Mobile_robotter/ros2_ws/src/lidar_data/src/lidarnode.cpp:15:5:[m[K [01;31m[Kerror: [m[K‘[01m[Kplt[m[K’ has not been declared
   15 |     [01;31m[Kplt[m[K::title("Robot Mapping Visualization");
      |     [01;31m[K^~~[m[K
[01m[K/home/aksel/Documents/GitHub/Mobile_robotter/ros2_ws/src/lidar_data/src/lidarnode.cpp:[m[K In member function ‘[01m[Kvoid MappingNode::scanCallback(sensor_msgs::msg::LaserScan_<std::allocator<void> >::SharedPtr)[m[K’:
[01m[K/home/aksel/Documents/GitHub/Mobile_robotter/ros2_ws/src/lidar_data/src/lidarnode.cpp:59:5:[m[K [01;31m[Kerror: [m[K‘[01m[Kplt[m[K’ has not been declared
   59 |     [01;31m[Kplt[m[K::clf();
      |     [01;31m[K^~~[m[K
[01m[K/home/aksel/Documents/GitHub/Mobile_robotter/ros2_ws/src/lidar_data/src/lidarnode.cpp:60:5:[m[K [01;31m[Kerror: [m[K‘[01m[Kplt[m[K’ has not been declared
   60 |     [01;31m[Kplt[m[K::scatter(map_x_points, map_y_points, 1, {{"color", "gray"}});
      |     [01;31m[K^~~[m[K
[01m[K/home/aksel/Documents/GitHub/Mobile_robotter/ros2_ws/src/lidar_data/src/lidarnode.cpp:61:5:[m[K [01;31m[Kerror: [m[K‘[01m[Kplt[m[K’ has not been declared
   61 |     [01;31m[Kplt[m[K::scatter(x_points, y_points, 1, {{"color", "blue"}});
      |     [01;31m[K^~~[m[K
[01m[K/home/aksel/Documents/GitHub/Mobile_robotter/ros2_ws/src/lidar_data/src/lidarnode.cpp:64:5:[m[K [01;31m[Kerror: [m[K‘[01m[Kplt[m[K’ has not been declared
   64 |     [01;31m[Kplt[m[K::plot({_robot_x}, {_robot_y}, "ro");
      |     [01;31m[K^~~[m[K
[01m[K/home/aksel/Documents/GitHub/Mobile_robotter/ros2_ws/src/lidar_data/src/lidarnode.cpp:65:5:[m[K [01;31m[Kerror: [m[K‘[01m[Kplt[m[K’ has not been declared
   65 |     [01;31m[Kplt[m[K::xlim(-10, 10);  // Set to a fixed global map view
      |     [01;31m[K^~~[m[K
[01m[K/home/aksel/Documents/GitHub/Mobile_robotter/ros2_ws/src/lidar_data/src/lidarnode.cpp:66:5:[m[K [01;31m[Kerror: [m[K‘[01m[Kplt[m[K’ has not been declared
   66 |     [01;31m[Kplt[m[K::ylim(-10, 10);
      |     [01;31m[K^~~[m[K
[01m[K/home/aksel/Documents/GitHub/Mobile_robotter/ros2_ws/src/lidar_data/src/lidarnode.cpp:67:5:[m[K [01;31m[Kerror: [m[K‘[01m[Kplt[m[K’ has not been declared
   67 |     [01;31m[Kplt[m[K::pause(0.01);
      |     [01;31m[K^~~[m[K
[01m[K/home/aksel/Documents/GitHub/Mobile_robotter/ros2_ws/src/lidar_data/src/main.cpp:12:7:[m[K [01;31m[Kerror: [m[Kredefinition of ‘[01m[Kclass MappingNode[m[K’
   12 | class [01;31m[KMappingNode[m[K : public rclcpp::Node {
      |       [01;31m[K^~~~~~~~~~~[m[K
In file included from [01m[K/home/aksel/Documents/GitHub/Mobile_robotter/ros2_ws/src/lidar_data/src/main.cpp:5[m[K:
[01m[K/home/aksel/Documents/GitHub/Mobile_robotter/ros2_ws/src/lidar_data/include/lidarnode.h:11:7:[m[K [01;36m[Knote: [m[Kprevious definition of ‘[01m[Kclass MappingNode[m[K’
   11 | class [01;36m[KMappingNode[m[K : public rclcpp::Node {
      |       [01;36m[K^~~~~~~~~~~[m[K
gmake[2]: *** [CMakeFiles/lidar_data.dir/build.make:76: CMakeFiles/lidar_data.dir/src/main.cpp.o] Error 1
gmake[2]: *** Waiting for unfinished jobs....
gmake[2]: *** [CMakeFiles/lidar_data.dir/build.make:90: CMakeFiles/lidar_data.dir/src/lidarnode.cpp.o] Error 1
gmake[1]: *** [CMakeFiles/Makefile2:137: CMakeFiles/lidar_data.dir/all] Error 2
gmake: *** [Makefile:146: all] Error 2
